[ 2018-01-29T12:35:03+08:00 ] 106.11.242.104 /
INFO: [ app_init ] --START--
INFO: Run Behavior\BuildLiteBehavior [ RunTime:0.000009s ]
INFO: [ app_init ] --END-- [ RunTime:0.000047s ]
NOTIC: [8] Use of undefined constant DOC_ROOT - assumed 'DOC_ROOT' /phpstudy/www/bigfinance.yomibank.com/Application/Home/Conf/config.php 第 60 行.
NOTIC: [8] Use of undefined constant DOC_ROOT - assumed 'DOC_ROOT' /phpstudy/www/bigfinance.yomibank.com/Application/Home/Conf/config.php 第 61 行.
NOTIC: [8] Use of undefined constant DOC_ROOT - assumed 'DOC_ROOT' /phpstudy/www/bigfinance.yomibank.com/Application/Home/Conf/config.php 第 70 行.
NOTIC: [8] Use of undefined constant DOC_ROOT - assumed 'DOC_ROOT' /phpstudy/www/bigfinance.yomibank.com/Application/Home/Conf/config.php 第 71 行.
NOTIC: [8] Use of undefined constant DOC_ROOT - assumed 'DOC_ROOT' /phpstudy/www/bigfinance.yomibank.com/Application/Home/Conf/config.php 第 78 行.
NOTIC: [8] Use of undefined constant DOC_ROOT - assumed 'DOC_ROOT' /phpstudy/www/bigfinance.yomibank.com/Application/Home/Conf/config.php 第 79 行.
NOTIC: [8] Use of undefined constant DOC_ROOT - assumed 'DOC_ROOT' /phpstudy/www/bigfinance.yomibank.com/Application/Home/Conf/config.php 第 80 行.
NOTIC: [8] Use of undefined constant DOC_ROOT - assumed 'DOC_ROOT' /phpstudy/www/bigfinance.yomibank.com/Application/Home/Conf/config.php 第 84 行.
INFO: [ app_begin ] --START--
INFO: Run Behavior\ReadHtmlCacheBehavior [ RunTime:0.000273s ]
INFO: [ app_begin ] --END-- [ RunTime:0.000308s ]
NOTIC: [2048] Declaration of Home\Controller\IndexController::success() should be compatible with Think\Controller::success($message = '', $jumpUrl = '', $ajax = false) /phpstudy/www/bigfinance.yomibank.com/Application/Home/Controller/IndexController.class.php 第 344 行.
INFO: [ view_parse ] --START--
INFO: [ template_filter ] --START--
INFO: Run Behavior\ContentReplaceBehavior [ RunTime:0.000082s ]
INFO: [ template_filter ] --END-- [ RunTime:0.000118s ]
INFO: Run Behavior\ParseTemplateBehavior [ RunTime:0.008919s ]
INFO: [ view_parse ] --END-- [ RunTime:0.008953s ]
INFO: [ view_filter ] --START--
INFO: Run Behavior\WriteHtmlCacheBehavior [ RunTime:0.000087s ]
INFO: [ view_filter ] --END-- [ RunTime:0.000138s ]
INFO: [ app_end ] --START--
INFO: Run Behavior\ShowPageTraceBehavior [ RunTime:0.000282s ]
INFO: [ app_end ] --END-- [ RunTime:0.000315s ]

[ 2018-01-29T20:11:57+08:00 ] 180.171.4.122 /
INFO: [ app_init ] --START--
INFO: Run Behavior\BuildLiteBehavior [ RunTime:0.000009s ]
INFO: [ app_init ] --END-- [ RunTime:0.000047s ]
NOTIC: [8] Use of undefined constant DOC_ROOT - assumed 'DOC_ROOT' /phpstudy/www/bigfinance.yomibank.com/Application/Home/Conf/config.php 第 60 行.
NOTIC: [8] Use of undefined constant DOC_ROOT - assumed 'DOC_ROOT' /phpstudy/www/bigfinance.yomibank.com/Application/Home/Conf/config.php 第 61 行.
NOTIC: [8] Use of undefined constant DOC_ROOT - assumed 'DOC_ROOT' /phpstudy/www/bigfinance.yomibank.com/Application/Home/Conf/config.php 第 70 行.
NOTIC: [8] Use of undefined constant DOC_ROOT - assumed 'DOC_ROOT' /phpstudy/www/bigfinance.yomibank.com/Application/Home/Conf/config.php 第 71 行.
NOTIC: [8] Use of undefined constant DOC_ROOT - assumed 'DOC_ROOT' /phpstudy/www/bigfinance.yomibank.com/Application/Home/Conf/config.php 第 78 行.
NOTIC: [8] Use of undefined constant DOC_ROOT - assumed 'DOC_ROOT' /phpstudy/www/bigfinance.yomibank.com/Application/Home/Conf/config.php 第 79 行.
NOTIC: [8] Use of undefined constant DOC_ROOT - assumed 'DOC_ROOT' /phpstudy/www/bigfinance.yomibank.com/Application/Home/Conf/config.php 第 80 行.
NOTIC: [8] Use of undefined constant DOC_ROOT - assumed 'DOC_ROOT' /phpstudy/www/bigfinance.yomibank.com/Application/Home/Conf/config.php 第 84 行.
INFO: [ app_begin ] --START--
INFO: Run Behavior\ReadHtmlCacheBehavior [ RunTime:0.000274s ]
INFO: [ app_begin ] --END-- [ RunTime:0.000308s ]
NOTIC: [2048] Declaration of Home\Controller\IndexController::success() should be compatible with Think\Controller::success($message = '', $jumpUrl = '', $ajax = false) /phpstudy/www/bigfinance.yomibank.com/Application/Home/Controller/IndexController.class.php 第 344 行.
INFO: [ view_parse ] --START--
INFO: [ template_filter ] --START--
INFO: Run Behavior\ContentReplaceBehavior [ RunTime:0.000082s ]
INFO: [ template_filter ] --END-- [ RunTime:0.000117s ]
INFO: Run Behavior\ParseTemplateBehavior [ RunTime:0.008864s ]
INFO: [ view_parse ] --END-- [ RunTime:0.008898s ]
INFO: [ view_filter ] --START--
INFO: Run Behavior\WriteHtmlCacheBehavior [ RunTime:0.000088s ]
INFO: [ view_filter ] --END-- [ RunTime:0.000113s ]
INFO: [ app_end ] --START--
INFO: Run Behavior\ShowPageTraceBehavior [ RunTime:0.000278s ]
INFO: [ app_end ] --END-- [ RunTime:0.000310s ]

[ 2018-01-29T20:11:59+08:00 ] 180.171.4.122 /
INFO: [ app_init ] --START--
INFO: Run Behavior\BuildLiteBehavior [ RunTime:0.000010s ]
INFO: [ app_init ] --END-- [ RunTime:0.000086s ]
NOTIC: [8] Use of undefined constant DOC_ROOT - assumed 'DOC_ROOT' /phpstudy/www/bigfinance.yomibank.com/Application/Home/Conf/config.php 第 60 行.
NOTIC: [8] Use of undefined constant DOC_ROOT - assumed 'DOC_ROOT' /phpstudy/www/bigfinance.yomibank.com/Application/Home/Conf/config.php 第 61 行.
NOTIC: [8] Use of undefined constant DOC_ROOT - assumed 'DOC_ROOT' /phpstudy/www/bigfinance.yomibank.com/Application/Home/Conf/config.php 第 70 行.
NOTIC: [8] Use of undefined constant DOC_ROOT - assumed 'DOC_ROOT' /phpstudy/www/bigfinance.yomibank.com/Application/Home/Conf/config.php 第 71 行.
NOTIC: [8] Use of undefined constant DOC_ROOT - assumed 'DOC_ROOT' /phpstudy/www/bigfinance.yomibank.com/Application/Home/Conf/config.php 第 78 行.
NOTIC: [8] Use of undefined constant DOC_ROOT - assumed 'DOC_ROOT' /phpstudy/www/bigfinance.yomibank.com/Application/Home/Conf/config.php 第 79 行.
NOTIC: [8] Use of undefined constant DOC_ROOT - assumed 'DOC_ROOT' /phpstudy/www/bigfinance.yomibank.com/Application/Home/Conf/config.php 第 80 行.
NOTIC: [8] Use of undefined constant DOC_ROOT - assumed 'DOC_ROOT' /phpstudy/www/bigfinance.yomibank.com/Application/Home/Conf/config.php 第 84 行.
INFO: [ app_begin ] --START--
INFO: Run Behavior\ReadHtmlCacheBehavior [ RunTime:0.000365s ]
INFO: [ app_begin ] --END-- [ RunTime:0.000398s ]
NOTIC: [2048] Declaration of Home\Controller\IndexController::success() should be compatible with Think\Controller::success($message = '', $jumpUrl = '', $ajax = false) /phpstudy/www/bigfinance.yomibank.com/Application/Home/Controller/IndexController.class.php 第 344 行.
INFO: [ view_parse ] --START--
INFO: [ template_filter ] --START--
INFO: Run Behavior\ContentReplaceBehavior [ RunTime:0.000100s ]
INFO: [ template_filter ] --END-- [ RunTime:0.000133s ]
INFO: Run Behavior\ParseTemplateBehavior [ RunTime:0.008870s ]
INFO: [ view_parse ] --END-- [ RunTime:0.008900s ]
INFO: [ view_filter ] --START--
INFO: Run Behavior\WriteHtmlCacheBehavior [ RunTime:0.000085s ]
INFO: [ view_filter ] --END-- [ RunTime:0.000109s ]
INFO: [ app_end ] --START--
INFO: Run Behavior\ShowPageTraceBehavior [ RunTime:0.000274s ]
INFO: [ app_end ] --END-- [ RunTime:0.000304s ]

