[ 2018-02-19T04:18:38+08:00 ] 106.11.226.63 /
INFO: [ app_init ] --START--
INFO: Run Behavior\BuildLiteBehavior [ RunTime:0.000010s ]
INFO: [ app_init ] --END-- [ RunTime:0.000051s ]
NOTIC: [8] Use of undefined constant DOC_ROOT - assumed 'DOC_ROOT' /phpstudy/www/bigfinance.yomibank.com/Application/Home/Conf/config.php 第 60 行.
NOTIC: [8] Use of undefined constant DOC_ROOT - assumed 'DOC_ROOT' /phpstudy/www/bigfinance.yomibank.com/Application/Home/Conf/config.php 第 61 行.
NOTIC: [8] Use of undefined constant DOC_ROOT - assumed 'DOC_ROOT' /phpstudy/www/bigfinance.yomibank.com/Application/Home/Conf/config.php 第 70 行.
NOTIC: [8] Use of undefined constant DOC_ROOT - assumed 'DOC_ROOT' /phpstudy/www/bigfinance.yomibank.com/Application/Home/Conf/config.php 第 71 行.
NOTIC: [8] Use of undefined constant DOC_ROOT - assumed 'DOC_ROOT' /phpstudy/www/bigfinance.yomibank.com/Application/Home/Conf/config.php 第 78 行.
NOTIC: [8] Use of undefined constant DOC_ROOT - assumed 'DOC_ROOT' /phpstudy/www/bigfinance.yomibank.com/Application/Home/Conf/config.php 第 79 行.
NOTIC: [8] Use of undefined constant DOC_ROOT - assumed 'DOC_ROOT' /phpstudy/www/bigfinance.yomibank.com/Application/Home/Conf/config.php 第 80 行.
NOTIC: [8] Use of undefined constant DOC_ROOT - assumed 'DOC_ROOT' /phpstudy/www/bigfinance.yomibank.com/Application/Home/Conf/config.php 第 84 行.
INFO: [ app_begin ] --START--
INFO: Run Behavior\ReadHtmlCacheBehavior [ RunTime:0.000402s ]
INFO: [ app_begin ] --END-- [ RunTime:0.000448s ]
NOTIC: [2048] Declaration of Home\Controller\IndexController::success() should be compatible with Think\Controller::success($message = '', $jumpUrl = '', $ajax = false) /phpstudy/www/bigfinance.yomibank.com/Application/Home/Controller/IndexController.class.php 第 345 行.
INFO: [ view_parse ] --START--
INFO: [ template_filter ] --START--
INFO: Run Behavior\ContentReplaceBehavior [ RunTime:0.000107s ]
INFO: [ template_filter ] --END-- [ RunTime:0.000144s ]
INFO: Run Behavior\ParseTemplateBehavior [ RunTime:0.008868s ]
INFO: [ view_parse ] --END-- [ RunTime:0.008903s ]
INFO: [ view_filter ] --START--
INFO: Run Behavior\WriteHtmlCacheBehavior [ RunTime:0.000089s ]
INFO: [ view_filter ] --END-- [ RunTime:0.000116s ]
INFO: [ app_end ] --START--
INFO: Run Behavior\ShowPageTraceBehavior [ RunTime:0.000308s ]
INFO: [ app_end ] --END-- [ RunTime:0.000341s ]

