[ 2018-02-25T07:30:48+08:00 ] 106.11.242.163 /
INFO: [ app_init ] --START--
INFO: Run Behavior\BuildLiteBehavior [ RunTime:0.000010s ]
INFO: [ app_init ] --END-- [ RunTime:0.000052s ]
NOTIC: [8] Use of undefined constant DOC_ROOT - assumed 'DOC_ROOT' /phpstudy/www/bigfinance.yomibank.com/Application/Home/Conf/config.php 第 60 行.
NOTIC: [8] Use of undefined constant DOC_ROOT - assumed 'DOC_ROOT' /phpstudy/www/bigfinance.yomibank.com/Application/Home/Conf/config.php 第 61 行.
NOTIC: [8] Use of undefined constant DOC_ROOT - assumed 'DOC_ROOT' /phpstudy/www/bigfinance.yomibank.com/Application/Home/Conf/config.php 第 70 行.
NOTIC: [8] Use of undefined constant DOC_ROOT - assumed 'DOC_ROOT' /phpstudy/www/bigfinance.yomibank.com/Application/Home/Conf/config.php 第 71 行.
NOTIC: [8] Use of undefined constant DOC_ROOT - assumed 'DOC_ROOT' /phpstudy/www/bigfinance.yomibank.com/Application/Home/Conf/config.php 第 78 行.
NOTIC: [8] Use of undefined constant DOC_ROOT - assumed 'DOC_ROOT' /phpstudy/www/bigfinance.yomibank.com/Application/Home/Conf/config.php 第 79 行.
NOTIC: [8] Use of undefined constant DOC_ROOT - assumed 'DOC_ROOT' /phpstudy/www/bigfinance.yomibank.com/Application/Home/Conf/config.php 第 80 行.
NOTIC: [8] Use of undefined constant DOC_ROOT - assumed 'DOC_ROOT' /phpstudy/www/bigfinance.yomibank.com/Application/Home/Conf/config.php 第 84 行.
INFO: [ app_begin ] --START--
INFO: Run Behavior\ReadHtmlCacheBehavior [ RunTime:0.000301s ]
INFO: [ app_begin ] --END-- [ RunTime:0.000335s ]
NOTIC: [2048] Declaration of Home\Controller\IndexController::success() should be compatible with Think\Controller::success($message = '', $jumpUrl = '', $ajax = false) /phpstudy/www/bigfinance.yomibank.com/Application/Home/Controller/IndexController.class.php 第 345 行.
INFO: [ view_parse ] --START--
INFO: [ template_filter ] --START--
INFO: Run Behavior\ContentReplaceBehavior [ RunTime:0.000083s ]
INFO: [ template_filter ] --END-- [ RunTime:0.000120s ]
INFO: Run Behavior\ParseTemplateBehavior [ RunTime:0.009001s ]
INFO: [ view_parse ] --END-- [ RunTime:0.009036s ]
INFO: [ view_filter ] --START--
INFO: Run Behavior\WriteHtmlCacheBehavior [ RunTime:0.000100s ]
INFO: [ view_filter ] --END-- [ RunTime:0.000127s ]
INFO: [ app_end ] --START--
INFO: Run Behavior\ShowPageTraceBehavior [ RunTime:0.000284s ]
INFO: [ app_end ] --END-- [ RunTime:0.000315s ]

[ 2018-02-25T13:30:22+08:00 ] 112.65.62.193 /Home/Luck/index?channel=D89F3A35931C386956C1A402A8E09941
INFO: [ app_init ] --START--
INFO: Run Behavior\BuildLiteBehavior [ RunTime:0.000009s ]
INFO: [ app_init ] --END-- [ RunTime:0.000050s ]
NOTIC: [8] Use of undefined constant DOC_ROOT - assumed 'DOC_ROOT' /phpstudy/www/bigfinance.yomibank.com/Application/Home/Conf/config.php 第 60 行.
NOTIC: [8] Use of undefined constant DOC_ROOT - assumed 'DOC_ROOT' /phpstudy/www/bigfinance.yomibank.com/Application/Home/Conf/config.php 第 61 行.
NOTIC: [8] Use of undefined constant DOC_ROOT - assumed 'DOC_ROOT' /phpstudy/www/bigfinance.yomibank.com/Application/Home/Conf/config.php 第 70 行.
NOTIC: [8] Use of undefined constant DOC_ROOT - assumed 'DOC_ROOT' /phpstudy/www/bigfinance.yomibank.com/Application/Home/Conf/config.php 第 71 行.
NOTIC: [8] Use of undefined constant DOC_ROOT - assumed 'DOC_ROOT' /phpstudy/www/bigfinance.yomibank.com/Application/Home/Conf/config.php 第 78 行.
NOTIC: [8] Use of undefined constant DOC_ROOT - assumed 'DOC_ROOT' /phpstudy/www/bigfinance.yomibank.com/Application/Home/Conf/config.php 第 79 行.
NOTIC: [8] Use of undefined constant DOC_ROOT - assumed 'DOC_ROOT' /phpstudy/www/bigfinance.yomibank.com/Application/Home/Conf/config.php 第 80 行.
NOTIC: [8] Use of undefined constant DOC_ROOT - assumed 'DOC_ROOT' /phpstudy/www/bigfinance.yomibank.com/Application/Home/Conf/config.php 第 84 行.
INFO: [ app_begin ] --START--
INFO: Run Behavior\ReadHtmlCacheBehavior [ RunTime:0.000283s ]
INFO: [ app_begin ] --END-- [ RunTime:0.000323s ]
INFO: [ view_parse ] --START--
INFO: [ template_filter ] --START--
INFO: Run Behavior\ContentReplaceBehavior [ RunTime:0.000110s ]
INFO: [ template_filter ] --END-- [ RunTime:0.000155s ]
INFO: Run Behavior\ParseTemplateBehavior [ RunTime:0.005940s ]
INFO: [ view_parse ] --END-- [ RunTime:0.005976s ]
INFO: [ view_filter ] --START--
INFO: Run Behavior\WriteHtmlCacheBehavior [ RunTime:0.000090s ]
INFO: [ view_filter ] --END-- [ RunTime:0.000116s ]
INFO: [ app_end ] --START--
INFO: Run Behavior\ShowPageTraceBehavior [ RunTime:0.000297s ]
INFO: [ app_end ] --END-- [ RunTime:0.000330s ]

[ 2018-02-25T13:30:22+08:00 ] 112.65.62.193 /Home/Luck/act
INFO: [ app_init ] --START--
INFO: Run Behavior\BuildLiteBehavior [ RunTime:0.000010s ]
INFO: [ app_init ] --END-- [ RunTime:0.000047s ]
NOTIC: [8] Use of undefined constant DOC_ROOT - assumed 'DOC_ROOT' /phpstudy/www/bigfinance.yomibank.com/Application/Home/Conf/config.php 第 60 行.
NOTIC: [8] Use of undefined constant DOC_ROOT - assumed 'DOC_ROOT' /phpstudy/www/bigfinance.yomibank.com/Application/Home/Conf/config.php 第 61 行.
NOTIC: [8] Use of undefined constant DOC_ROOT - assumed 'DOC_ROOT' /phpstudy/www/bigfinance.yomibank.com/Application/Home/Conf/config.php 第 70 行.
NOTIC: [8] Use of undefined constant DOC_ROOT - assumed 'DOC_ROOT' /phpstudy/www/bigfinance.yomibank.com/Application/Home/Conf/config.php 第 71 行.
NOTIC: [8] Use of undefined constant DOC_ROOT - assumed 'DOC_ROOT' /phpstudy/www/bigfinance.yomibank.com/Application/Home/Conf/config.php 第 78 行.
NOTIC: [8] Use of undefined constant DOC_ROOT - assumed 'DOC_ROOT' /phpstudy/www/bigfinance.yomibank.com/Application/Home/Conf/config.php 第 79 行.
NOTIC: [8] Use of undefined constant DOC_ROOT - assumed 'DOC_ROOT' /phpstudy/www/bigfinance.yomibank.com/Application/Home/Conf/config.php 第 80 行.
NOTIC: [8] Use of undefined constant DOC_ROOT - assumed 'DOC_ROOT' /phpstudy/www/bigfinance.yomibank.com/Application/Home/Conf/config.php 第 84 行.
INFO: [ app_begin ] --START--
INFO: Run Behavior\ReadHtmlCacheBehavior [ RunTime:0.000286s ]
INFO: [ app_begin ] --END-- [ RunTime:0.000320s ]
NOTIC: [2] mkdir(): File exists /phpstudy/www/bigfinance.yomibank.com/Application/Common/Common/function.php 第 374 行.
SQL: SHOW COLUMNS FROM `a_luck_record` [ RunTime:0.0006s ]
SQL: UPDATE `a_luck_record` SET `PUSH`=PUSH+1 WHERE `MD5` = 'D89F3A35931C386956C1A402A8E09941' [ RunTime:0.0050s ]
NOTIC: [2] mkdir(): File exists /phpstudy/www/bigfinance.yomibank.com/Application/Common/Common/function.php 第 374 行.
NOTIC: [2] mkdir(): File exists /phpstudy/www/bigfinance.yomibank.com/Application/Common/Common/function.php 第 374 行.
INFO: [ app_end ] --START--
INFO: Run Behavior\ShowPageTraceBehavior [ RunTime:0.000314s ]
INFO: [ app_end ] --END-- [ RunTime:0.000348s ]

[ 2018-02-25T13:30:28+08:00 ] 112.65.62.193 /Home/Luck/act
INFO: [ app_init ] --START--
INFO: Run Behavior\BuildLiteBehavior [ RunTime:0.000010s ]
INFO: [ app_init ] --END-- [ RunTime:0.000051s ]
NOTIC: [8] Use of undefined constant DOC_ROOT - assumed 'DOC_ROOT' /phpstudy/www/bigfinance.yomibank.com/Application/Home/Conf/config.php 第 60 行.
NOTIC: [8] Use of undefined constant DOC_ROOT - assumed 'DOC_ROOT' /phpstudy/www/bigfinance.yomibank.com/Application/Home/Conf/config.php 第 61 行.
NOTIC: [8] Use of undefined constant DOC_ROOT - assumed 'DOC_ROOT' /phpstudy/www/bigfinance.yomibank.com/Application/Home/Conf/config.php 第 70 行.
NOTIC: [8] Use of undefined constant DOC_ROOT - assumed 'DOC_ROOT' /phpstudy/www/bigfinance.yomibank.com/Application/Home/Conf/config.php 第 71 行.
NOTIC: [8] Use of undefined constant DOC_ROOT - assumed 'DOC_ROOT' /phpstudy/www/bigfinance.yomibank.com/Application/Home/Conf/config.php 第 78 行.
NOTIC: [8] Use of undefined constant DOC_ROOT - assumed 'DOC_ROOT' /phpstudy/www/bigfinance.yomibank.com/Application/Home/Conf/config.php 第 79 行.
NOTIC: [8] Use of undefined constant DOC_ROOT - assumed 'DOC_ROOT' /phpstudy/www/bigfinance.yomibank.com/Application/Home/Conf/config.php 第 80 行.
NOTIC: [8] Use of undefined constant DOC_ROOT - assumed 'DOC_ROOT' /phpstudy/www/bigfinance.yomibank.com/Application/Home/Conf/config.php 第 84 行.
INFO: [ app_begin ] --START--
INFO: Run Behavior\ReadHtmlCacheBehavior [ RunTime:0.000408s ]
INFO: [ app_begin ] --END-- [ RunTime:0.000442s ]
NOTIC: [2] mkdir(): File exists /phpstudy/www/bigfinance.yomibank.com/Application/Common/Common/function.php 第 374 行.
SQL: SHOW COLUMNS FROM `a_luck_record` [ RunTime:0.0006s ]
SQL: SELECT * FROM `a_luck_record` WHERE `MD5` = 'D89F3A35931C386956C1A402A8E09941' LIMIT 1   [ RunTime:0.0002s ]
NOTIC: [2] mkdir(): File exists /phpstudy/www/bigfinance.yomibank.com/Application/Common/Common/function.php 第 374 行.
NOTIC: [2] mkdir(): File exists /phpstudy/www/bigfinance.yomibank.com/Application/Common/Common/function.php 第 374 行.
SQL: SELECT * FROM `a_luck_record`  [ RunTime:0.0002s ]
SQL: SELECT sum(WEIGHT) as WEIGHT1,sum(OFFER) as OFFER1 FROM `a_luck_record`  [ RunTime:0.0001s ]
NOTIC: [2] mkdir(): File exists /phpstudy/www/bigfinance.yomibank.com/Application/Common/Common/function.php 第 374 行.
NOTIC: [2] mkdir(): File exists /phpstudy/www/bigfinance.yomibank.com/Application/Common/Common/function.php 第 374 行.
NOTIC: [2] mkdir(): File exists /phpstudy/www/bigfinance.yomibank.com/Application/Common/Common/function.php 第 374 行.
NOTIC: [2] mkdir(): File exists /phpstudy/www/bigfinance.yomibank.com/Application/Common/Common/function.php 第 374 行.
NOTIC: [2] mkdir(): File exists /phpstudy/www/bigfinance.yomibank.com/Application/Common/Common/function.php 第 374 行.
NOTIC: [2] mkdir(): File exists /phpstudy/www/bigfinance.yomibank.com/Application/Common/Common/function.php 第 374 行.
NOTIC: [2] mkdir(): File exists /phpstudy/www/bigfinance.yomibank.com/Application/Common/Common/function.php 第 374 行.
NOTIC: [2] mkdir(): File exists /phpstudy/www/bigfinance.yomibank.com/Application/Common/Common/function.php 第 374 行.
NOTIC: [2] mkdir(): File exists /phpstudy/www/bigfinance.yomibank.com/Application/Common/Common/function.php 第 374 行.
SQL: SELECT * FROM `a_luck_record` WHERE `ID` = 2 LIMIT 1   [ RunTime:0.0001s ]
SQL: UPDATE `a_luck_record` SET `LUCK_PUSH`=LUCK_PUSH+1 WHERE `ID` = 2 [ RunTime:0.0038s ]
NOTIC: [2] mkdir(): File exists /phpstudy/www/bigfinance.yomibank.com/Application/Common/Common/function.php 第 374 行.
NOTIC: [2] mkdir(): File exists /phpstudy/www/bigfinance.yomibank.com/Application/Common/Common/function.php 第 374 行.
SQL: UPDATE `a_luck_record` SET `CLICK`=CLICK+1 WHERE ( 1=1 ) [ RunTime:0.0031s ]
NOTIC: [2] mkdir(): File exists /phpstudy/www/bigfinance.yomibank.com/Application/Common/Common/function.php 第 374 行.
SQL: SELECT `LINK_CLICK`,`CLICK`,`LUCK_PUSH`,`OFFER` FROM `a_luck_record` WHERE `ID` = 2 LIMIT 1   [ RunTime:0.0001s ]
NOTIC: [2] mkdir(): File exists /phpstudy/www/bigfinance.yomibank.com/Application/Common/Common/function.php 第 374 行.
NOTIC: [2] mkdir(): File exists /phpstudy/www/bigfinance.yomibank.com/Application/Common/Common/function.php 第 374 行.
SQL: UPDATE `a_luck_record` SET `CLICK_RATE`='50' WHERE `ID` = 2 [ RunTime:0.0174s ]
NOTIC: [2] mkdir(): File exists /phpstudy/www/bigfinance.yomibank.com/Application/Common/Common/function.php 第 374 行.
NOTIC: [2] mkdir(): File exists /phpstudy/www/bigfinance.yomibank.com/Application/Common/Common/function.php 第 374 行.
SQL: UPDATE `a_luck_record` SET `TOTAL`='0.01' WHERE `ID` = 2 [ RunTime:0.0031s ]
NOTIC: [2] mkdir(): File exists /phpstudy/www/bigfinance.yomibank.com/Application/Common/Common/function.php 第 374 行.
NOTIC: [2] mkdir(): File exists /phpstudy/www/bigfinance.yomibank.com/Application/Common/Common/function.php 第 374 行.
NOTIC: [2] mkdir(): File exists /phpstudy/www/bigfinance.yomibank.com/Application/Common/Common/function.php 第 374 行.

[ 2018-02-25T13:30:31+08:00 ] 112.65.62.193 /Home/Luck/act
INFO: [ app_init ] --START--
INFO: Run Behavior\BuildLiteBehavior [ RunTime:0.000009s ]
INFO: [ app_init ] --END-- [ RunTime:0.000048s ]
NOTIC: [8] Use of undefined constant DOC_ROOT - assumed 'DOC_ROOT' /phpstudy/www/bigfinance.yomibank.com/Application/Home/Conf/config.php 第 60 行.
NOTIC: [8] Use of undefined constant DOC_ROOT - assumed 'DOC_ROOT' /phpstudy/www/bigfinance.yomibank.com/Application/Home/Conf/config.php 第 61 行.
NOTIC: [8] Use of undefined constant DOC_ROOT - assumed 'DOC_ROOT' /phpstudy/www/bigfinance.yomibank.com/Application/Home/Conf/config.php 第 70 行.
NOTIC: [8] Use of undefined constant DOC_ROOT - assumed 'DOC_ROOT' /phpstudy/www/bigfinance.yomibank.com/Application/Home/Conf/config.php 第 71 行.
NOTIC: [8] Use of undefined constant DOC_ROOT - assumed 'DOC_ROOT' /phpstudy/www/bigfinance.yomibank.com/Application/Home/Conf/config.php 第 78 行.
NOTIC: [8] Use of undefined constant DOC_ROOT - assumed 'DOC_ROOT' /phpstudy/www/bigfinance.yomibank.com/Application/Home/Conf/config.php 第 79 行.
NOTIC: [8] Use of undefined constant DOC_ROOT - assumed 'DOC_ROOT' /phpstudy/www/bigfinance.yomibank.com/Application/Home/Conf/config.php 第 80 行.
NOTIC: [8] Use of undefined constant DOC_ROOT - assumed 'DOC_ROOT' /phpstudy/www/bigfinance.yomibank.com/Application/Home/Conf/config.php 第 84 行.
INFO: [ app_begin ] --START--
INFO: Run Behavior\ReadHtmlCacheBehavior [ RunTime:0.000283s ]
INFO: [ app_begin ] --END-- [ RunTime:0.000317s ]
NOTIC: [2] mkdir(): File exists /phpstudy/www/bigfinance.yomibank.com/Application/Common/Common/function.php 第 374 行.
SQL: SHOW COLUMNS FROM `a_luck_record` [ RunTime:0.0006s ]
SQL: UPDATE `a_luck_record` SET `LINK_CLICK`=LINK_CLICK+1 WHERE `ID` = 2 [ RunTime:0.0047s ]
NOTIC: [2] mkdir(): File exists /phpstudy/www/bigfinance.yomibank.com/Application/Common/Common/function.php 第 374 行.
NOTIC: [2] mkdir(): File exists /phpstudy/www/bigfinance.yomibank.com/Application/Common/Common/function.php 第 374 行.
SQL: SELECT `LINK_CLICK`,`CLICK`,`OFFER` FROM `a_luck_record` WHERE `ID` = 2 LIMIT 1   [ RunTime:0.0001s ]
NOTIC: [2] mkdir(): File exists /phpstudy/www/bigfinance.yomibank.com/Application/Common/Common/function.php 第 374 行.
NOTIC: [2] mkdir(): File exists /phpstudy/www/bigfinance.yomibank.com/Application/Common/Common/function.php 第 374 行.
SQL: UPDATE `a_luck_record` SET `CLICK_RATE`='7.41' WHERE `ID` = 2 [ RunTime:0.0035s ]
NOTIC: [2] mkdir(): File exists /phpstudy/www/bigfinance.yomibank.com/Application/Common/Common/function.php 第 374 行.
NOTIC: [2] mkdir(): File exists /phpstudy/www/bigfinance.yomibank.com/Application/Common/Common/function.php 第 374 行.
SQL: UPDATE `a_luck_record` SET `TOTAL`='0.02' WHERE `ID` = 2 [ RunTime:0.0036s ]
NOTIC: [2] mkdir(): File exists /phpstudy/www/bigfinance.yomibank.com/Application/Common/Common/function.php 第 374 行.
NOTIC: [2] mkdir(): File exists /phpstudy/www/bigfinance.yomibank.com/Application/Common/Common/function.php 第 374 行.
INFO: [ app_end ] --START--
INFO: Run Behavior\ShowPageTraceBehavior [ RunTime:0.000325s ]
INFO: [ app_end ] --END-- [ RunTime:0.000359s ]

[ 2018-02-25T13:30:36+08:00 ] 112.65.62.193 /Home/Luck/index?channel=D89F3A35931C386956C1A402A8E09941
INFO: [ app_init ] --START--
INFO: Run Behavior\BuildLiteBehavior [ RunTime:0.000009s ]
INFO: [ app_init ] --END-- [ RunTime:0.000046s ]
NOTIC: [8] Use of undefined constant DOC_ROOT - assumed 'DOC_ROOT' /phpstudy/www/bigfinance.yomibank.com/Application/Home/Conf/config.php 第 60 行.
NOTIC: [8] Use of undefined constant DOC_ROOT - assumed 'DOC_ROOT' /phpstudy/www/bigfinance.yomibank.com/Application/Home/Conf/config.php 第 61 行.
NOTIC: [8] Use of undefined constant DOC_ROOT - assumed 'DOC_ROOT' /phpstudy/www/bigfinance.yomibank.com/Application/Home/Conf/config.php 第 70 行.
NOTIC: [8] Use of undefined constant DOC_ROOT - assumed 'DOC_ROOT' /phpstudy/www/bigfinance.yomibank.com/Application/Home/Conf/config.php 第 71 行.
NOTIC: [8] Use of undefined constant DOC_ROOT - assumed 'DOC_ROOT' /phpstudy/www/bigfinance.yomibank.com/Application/Home/Conf/config.php 第 78 行.
NOTIC: [8] Use of undefined constant DOC_ROOT - assumed 'DOC_ROOT' /phpstudy/www/bigfinance.yomibank.com/Application/Home/Conf/config.php 第 79 行.
NOTIC: [8] Use of undefined constant DOC_ROOT - assumed 'DOC_ROOT' /phpstudy/www/bigfinance.yomibank.com/Application/Home/Conf/config.php 第 80 行.
NOTIC: [8] Use of undefined constant DOC_ROOT - assumed 'DOC_ROOT' /phpstudy/www/bigfinance.yomibank.com/Application/Home/Conf/config.php 第 84 行.
INFO: [ app_begin ] --START--
INFO: Run Behavior\ReadHtmlCacheBehavior [ RunTime:0.000270s ]
INFO: [ app_begin ] --END-- [ RunTime:0.000304s ]
INFO: [ view_parse ] --START--
INFO: [ template_filter ] --START--
INFO: Run Behavior\ContentReplaceBehavior [ RunTime:0.000092s ]
INFO: [ template_filter ] --END-- [ RunTime:0.000126s ]
INFO: Run Behavior\ParseTemplateBehavior [ RunTime:0.005682s ]
INFO: [ view_parse ] --END-- [ RunTime:0.005723s ]
INFO: [ view_filter ] --START--
INFO: Run Behavior\WriteHtmlCacheBehavior [ RunTime:0.000098s ]
INFO: [ view_filter ] --END-- [ RunTime:0.000124s ]
INFO: [ app_end ] --START--
INFO: Run Behavior\ShowPageTraceBehavior [ RunTime:0.000278s ]
INFO: [ app_end ] --END-- [ RunTime:0.000310s ]

[ 2018-02-25T13:30:36+08:00 ] 112.65.62.193 /Home/Luck/act
INFO: [ app_init ] --START--
INFO: Run Behavior\BuildLiteBehavior [ RunTime:0.000009s ]
INFO: [ app_init ] --END-- [ RunTime:0.000045s ]
NOTIC: [8] Use of undefined constant DOC_ROOT - assumed 'DOC_ROOT' /phpstudy/www/bigfinance.yomibank.com/Application/Home/Conf/config.php 第 60 行.
NOTIC: [8] Use of undefined constant DOC_ROOT - assumed 'DOC_ROOT' /phpstudy/www/bigfinance.yomibank.com/Application/Home/Conf/config.php 第 61 行.
NOTIC: [8] Use of undefined constant DOC_ROOT - assumed 'DOC_ROOT' /phpstudy/www/bigfinance.yomibank.com/Application/Home/Conf/config.php 第 70 行.
NOTIC: [8] Use of undefined constant DOC_ROOT - assumed 'DOC_ROOT' /phpstudy/www/bigfinance.yomibank.com/Application/Home/Conf/config.php 第 71 行.
NOTIC: [8] Use of undefined constant DOC_ROOT - assumed 'DOC_ROOT' /phpstudy/www/bigfinance.yomibank.com/Application/Home/Conf/config.php 第 78 行.
NOTIC: [8] Use of undefined constant DOC_ROOT - assumed 'DOC_ROOT' /phpstudy/www/bigfinance.yomibank.com/Application/Home/Conf/config.php 第 79 行.
NOTIC: [8] Use of undefined constant DOC_ROOT - assumed 'DOC_ROOT' /phpstudy/www/bigfinance.yomibank.com/Application/Home/Conf/config.php 第 80 行.
NOTIC: [8] Use of undefined constant DOC_ROOT - assumed 'DOC_ROOT' /phpstudy/www/bigfinance.yomibank.com/Application/Home/Conf/config.php 第 84 行.
INFO: [ app_begin ] --START--
INFO: Run Behavior\ReadHtmlCacheBehavior [ RunTime:0.000267s ]
INFO: [ app_begin ] --END-- [ RunTime:0.000298s ]
NOTIC: [2] mkdir(): File exists /phpstudy/www/bigfinance.yomibank.com/Application/Common/Common/function.php 第 374 行.
SQL: SHOW COLUMNS FROM `a_luck_record` [ RunTime:0.0006s ]
SQL: UPDATE `a_luck_record` SET `PUSH`=PUSH+1 WHERE `MD5` = 'D89F3A35931C386956C1A402A8E09941' [ RunTime:0.0044s ]
NOTIC: [2] mkdir(): File exists /phpstudy/www/bigfinance.yomibank.com/Application/Common/Common/function.php 第 374 行.
NOTIC: [2] mkdir(): File exists /phpstudy/www/bigfinance.yomibank.com/Application/Common/Common/function.php 第 374 行.
INFO: [ app_end ] --START--
INFO: Run Behavior\ShowPageTraceBehavior [ RunTime:0.000296s ]
INFO: [ app_end ] --END-- [ RunTime:0.000326s ]

[ 2018-02-25T13:30:37+08:00 ] 112.65.62.193 /Home/Luck/act
INFO: [ app_init ] --START--
INFO: Run Behavior\BuildLiteBehavior [ RunTime:0.000008s ]
INFO: [ app_init ] --END-- [ RunTime:0.000046s ]
NOTIC: [8] Use of undefined constant DOC_ROOT - assumed 'DOC_ROOT' /phpstudy/www/bigfinance.yomibank.com/Application/Home/Conf/config.php 第 60 行.
NOTIC: [8] Use of undefined constant DOC_ROOT - assumed 'DOC_ROOT' /phpstudy/www/bigfinance.yomibank.com/Application/Home/Conf/config.php 第 61 行.
NOTIC: [8] Use of undefined constant DOC_ROOT - assumed 'DOC_ROOT' /phpstudy/www/bigfinance.yomibank.com/Application/Home/Conf/config.php 第 70 行.
NOTIC: [8] Use of undefined constant DOC_ROOT - assumed 'DOC_ROOT' /phpstudy/www/bigfinance.yomibank.com/Application/Home/Conf/config.php 第 71 行.
NOTIC: [8] Use of undefined constant DOC_ROOT - assumed 'DOC_ROOT' /phpstudy/www/bigfinance.yomibank.com/Application/Home/Conf/config.php 第 78 行.
NOTIC: [8] Use of undefined constant DOC_ROOT - assumed 'DOC_ROOT' /phpstudy/www/bigfinance.yomibank.com/Application/Home/Conf/config.php 第 79 行.
NOTIC: [8] Use of undefined constant DOC_ROOT - assumed 'DOC_ROOT' /phpstudy/www/bigfinance.yomibank.com/Application/Home/Conf/config.php 第 80 行.
NOTIC: [8] Use of undefined constant DOC_ROOT - assumed 'DOC_ROOT' /phpstudy/www/bigfinance.yomibank.com/Application/Home/Conf/config.php 第 84 行.
INFO: [ app_begin ] --START--
INFO: Run Behavior\ReadHtmlCacheBehavior [ RunTime:0.000269s ]
INFO: [ app_begin ] --END-- [ RunTime:0.000302s ]
NOTIC: [2] mkdir(): File exists /phpstudy/www/bigfinance.yomibank.com/Application/Common/Common/function.php 第 374 行.
SQL: SHOW COLUMNS FROM `a_luck_record` [ RunTime:0.0006s ]
SQL: SELECT * FROM `a_luck_record` WHERE `MD5` = 'D89F3A35931C386956C1A402A8E09941' LIMIT 1   [ RunTime:0.0002s ]
NOTIC: [2] mkdir(): File exists /phpstudy/www/bigfinance.yomibank.com/Application/Common/Common/function.php 第 374 行.
NOTIC: [2] mkdir(): File exists /phpstudy/www/bigfinance.yomibank.com/Application/Common/Common/function.php 第 374 行.
SQL: SELECT * FROM `a_luck_record`  [ RunTime:0.0003s ]
SQL: SELECT sum(WEIGHT) as WEIGHT1,sum(OFFER) as OFFER1 FROM `a_luck_record`  [ RunTime:0.0001s ]
NOTIC: [2] mkdir(): File exists /phpstudy/www/bigfinance.yomibank.com/Application/Common/Common/function.php 第 374 行.
NOTIC: [2] mkdir(): File exists /phpstudy/www/bigfinance.yomibank.com/Application/Common/Common/function.php 第 374 行.
NOTIC: [2] mkdir(): File exists /phpstudy/www/bigfinance.yomibank.com/Application/Common/Common/function.php 第 374 行.
NOTIC: [2] mkdir(): File exists /phpstudy/www/bigfinance.yomibank.com/Application/Common/Common/function.php 第 374 行.
NOTIC: [2] mkdir(): File exists /phpstudy/www/bigfinance.yomibank.com/Application/Common/Common/function.php 第 374 行.
NOTIC: [2] mkdir(): File exists /phpstudy/www/bigfinance.yomibank.com/Application/Common/Common/function.php 第 374 行.
NOTIC: [2] mkdir(): File exists /phpstudy/www/bigfinance.yomibank.com/Application/Common/Common/function.php 第 374 行.
NOTIC: [2] mkdir(): File exists /phpstudy/www/bigfinance.yomibank.com/Application/Common/Common/function.php 第 374 行.
NOTIC: [2] mkdir(): File exists /phpstudy/www/bigfinance.yomibank.com/Application/Common/Common/function.php 第 374 行.
SQL: SELECT * FROM `a_luck_record` WHERE `ID` = 1 LIMIT 1   [ RunTime:0.0002s ]
SQL: UPDATE `a_luck_record` SET `LUCK_PUSH`=LUCK_PUSH+1 WHERE `ID` = 1 [ RunTime:0.0041s ]
NOTIC: [2] mkdir(): File exists /phpstudy/www/bigfinance.yomibank.com/Application/Common/Common/function.php 第 374 行.
NOTIC: [2] mkdir(): File exists /phpstudy/www/bigfinance.yomibank.com/Application/Common/Common/function.php 第 374 行.
SQL: UPDATE `a_luck_record` SET `CLICK`=CLICK+1 WHERE ( 1=1 ) [ RunTime:0.0129s ]
NOTIC: [2] mkdir(): File exists /phpstudy/www/bigfinance.yomibank.com/Application/Common/Common/function.php 第 374 行.
SQL: SELECT `LINK_CLICK`,`CLICK`,`LUCK_PUSH`,`OFFER` FROM `a_luck_record` WHERE `ID` = 1 LIMIT 1   [ RunTime:0.0001s ]
NOTIC: [2] mkdir(): File exists /phpstudy/www/bigfinance.yomibank.com/Application/Common/Common/function.php 第 374 行.
NOTIC: [2] mkdir(): File exists /phpstudy/www/bigfinance.yomibank.com/Application/Common/Common/function.php 第 374 行.
SQL: UPDATE `a_luck_record` SET `CLICK_RATE`='0' WHERE `ID` = 1 [ RunTime:0.0035s ]
NOTIC: [2] mkdir(): File exists /phpstudy/www/bigfinance.yomibank.com/Application/Common/Common/function.php 第 374 行.
NOTIC: [2] mkdir(): File exists /phpstudy/www/bigfinance.yomibank.com/Application/Common/Common/function.php 第 374 行.
SQL: UPDATE `a_luck_record` SET `TOTAL`='0.00' WHERE `ID` = 1 [ RunTime:0.0035s ]
NOTIC: [2] mkdir(): File exists /phpstudy/www/bigfinance.yomibank.com/Application/Common/Common/function.php 第 374 行.
NOTIC: [2] mkdir(): File exists /phpstudy/www/bigfinance.yomibank.com/Application/Common/Common/function.php 第 374 行.
NOTIC: [2] mkdir(): File exists /phpstudy/www/bigfinance.yomibank.com/Application/Common/Common/function.php 第 374 行.

[ 2018-02-25T13:30:43+08:00 ] 112.65.62.193 /Home/Luck/act
INFO: [ app_init ] --START--
INFO: Run Behavior\BuildLiteBehavior [ RunTime:0.000010s ]
INFO: [ app_init ] --END-- [ RunTime:0.000046s ]
NOTIC: [8] Use of undefined constant DOC_ROOT - assumed 'DOC_ROOT' /phpstudy/www/bigfinance.yomibank.com/Application/Home/Conf/config.php 第 60 行.
NOTIC: [8] Use of undefined constant DOC_ROOT - assumed 'DOC_ROOT' /phpstudy/www/bigfinance.yomibank.com/Application/Home/Conf/config.php 第 61 行.
NOTIC: [8] Use of undefined constant DOC_ROOT - assumed 'DOC_ROOT' /phpstudy/www/bigfinance.yomibank.com/Application/Home/Conf/config.php 第 70 行.
NOTIC: [8] Use of undefined constant DOC_ROOT - assumed 'DOC_ROOT' /phpstudy/www/bigfinance.yomibank.com/Application/Home/Conf/config.php 第 71 行.
NOTIC: [8] Use of undefined constant DOC_ROOT - assumed 'DOC_ROOT' /phpstudy/www/bigfinance.yomibank.com/Application/Home/Conf/config.php 第 78 行.
NOTIC: [8] Use of undefined constant DOC_ROOT - assumed 'DOC_ROOT' /phpstudy/www/bigfinance.yomibank.com/Application/Home/Conf/config.php 第 79 行.
NOTIC: [8] Use of undefined constant DOC_ROOT - assumed 'DOC_ROOT' /phpstudy/www/bigfinance.yomibank.com/Application/Home/Conf/config.php 第 80 行.
NOTIC: [8] Use of undefined constant DOC_ROOT - assumed 'DOC_ROOT' /phpstudy/www/bigfinance.yomibank.com/Application/Home/Conf/config.php 第 84 行.
INFO: [ app_begin ] --START--
INFO: Run Behavior\ReadHtmlCacheBehavior [ RunTime:0.000952s ]
INFO: [ app_begin ] --END-- [ RunTime:0.000985s ]
NOTIC: [2] mkdir(): File exists /phpstudy/www/bigfinance.yomibank.com/Application/Common/Common/function.php 第 374 行.
SQL: SHOW COLUMNS FROM `a_luck_record` [ RunTime:0.0006s ]
SQL: SELECT * FROM `a_luck_record` WHERE `MD5` = 'D89F3A35931C386956C1A402A8E09941' LIMIT 1   [ RunTime:0.0002s ]
NOTIC: [2] mkdir(): File exists /phpstudy/www/bigfinance.yomibank.com/Application/Common/Common/function.php 第 374 行.
NOTIC: [2] mkdir(): File exists /phpstudy/www/bigfinance.yomibank.com/Application/Common/Common/function.php 第 374 行.
SQL: SELECT * FROM `a_luck_record`  [ RunTime:0.0002s ]
SQL: SELECT sum(WEIGHT) as WEIGHT1,sum(OFFER) as OFFER1 FROM `a_luck_record`  [ RunTime:0.0001s ]
NOTIC: [2] mkdir(): File exists /phpstudy/www/bigfinance.yomibank.com/Application/Common/Common/function.php 第 374 行.
NOTIC: [2] mkdir(): File exists /phpstudy/www/bigfinance.yomibank.com/Application/Common/Common/function.php 第 374 行.
NOTIC: [2] mkdir(): File exists /phpstudy/www/bigfinance.yomibank.com/Application/Common/Common/function.php 第 374 行.
NOTIC: [2] mkdir(): File exists /phpstudy/www/bigfinance.yomibank.com/Application/Common/Common/function.php 第 374 行.
NOTIC: [2] mkdir(): File exists /phpstudy/www/bigfinance.yomibank.com/Application/Common/Common/function.php 第 374 行.
NOTIC: [2] mkdir(): File exists /phpstudy/www/bigfinance.yomibank.com/Application/Common/Common/function.php 第 374 行.
NOTIC: [2] mkdir(): File exists /phpstudy/www/bigfinance.yomibank.com/Application/Common/Common/function.php 第 374 行.
NOTIC: [2] mkdir(): File exists /phpstudy/www/bigfinance.yomibank.com/Application/Common/Common/function.php 第 374 行.
NOTIC: [2] mkdir(): File exists /phpstudy/www/bigfinance.yomibank.com/Application/Common/Common/function.php 第 374 行.
SQL: SELECT * FROM `a_luck_record` WHERE `ID` = 5 LIMIT 1   [ RunTime:0.0001s ]
SQL: UPDATE `a_luck_record` SET `LUCK_PUSH`=LUCK_PUSH+1 WHERE `ID` = 5 [ RunTime:0.0040s ]
NOTIC: [2] mkdir(): File exists /phpstudy/www/bigfinance.yomibank.com/Application/Common/Common/function.php 第 374 行.
NOTIC: [2] mkdir(): File exists /phpstudy/www/bigfinance.yomibank.com/Application/Common/Common/function.php 第 374 行.
SQL: UPDATE `a_luck_record` SET `CLICK`=CLICK+1 WHERE ( 1=1 ) [ RunTime:0.0037s ]
NOTIC: [2] mkdir(): File exists /phpstudy/www/bigfinance.yomibank.com/Application/Common/Common/function.php 第 374 行.
SQL: SELECT `LINK_CLICK`,`CLICK`,`LUCK_PUSH`,`OFFER` FROM `a_luck_record` WHERE `ID` = 5 LIMIT 1   [ RunTime:0.0001s ]
NOTIC: [2] mkdir(): File exists /phpstudy/www/bigfinance.yomibank.com/Application/Common/Common/function.php 第 374 行.
NOTIC: [2] mkdir(): File exists /phpstudy/www/bigfinance.yomibank.com/Application/Common/Common/function.php 第 374 行.
SQL: UPDATE `a_luck_record` SET `CLICK_RATE`='50' WHERE `ID` = 5 [ RunTime:0.0058s ]
NOTIC: [2] mkdir(): File exists /phpstudy/www/bigfinance.yomibank.com/Application/Common/Common/function.php 第 374 行.
NOTIC: [2] mkdir(): File exists /phpstudy/www/bigfinance.yomibank.com/Application/Common/Common/function.php 第 374 行.
SQL: UPDATE `a_luck_record` SET `TOTAL`='0.02' WHERE `ID` = 5 [ RunTime:0.0036s ]
NOTIC: [2] mkdir(): File exists /phpstudy/www/bigfinance.yomibank.com/Application/Common/Common/function.php 第 374 行.
NOTIC: [2] mkdir(): File exists /phpstudy/www/bigfinance.yomibank.com/Application/Common/Common/function.php 第 374 行.
NOTIC: [2] mkdir(): File exists /phpstudy/www/bigfinance.yomibank.com/Application/Common/Common/function.php 第 374 行.

[ 2018-02-25T13:31:21+08:00 ] 183.192.201.97 /Home/Luck/index?channel=D89F3A35931C386956C1A402A8E09941
INFO: [ app_init ] --START--
INFO: Run Behavior\BuildLiteBehavior [ RunTime:0.000010s ]
INFO: [ app_init ] --END-- [ RunTime:0.000048s ]
NOTIC: [8] Use of undefined constant DOC_ROOT - assumed 'DOC_ROOT' /phpstudy/www/bigfinance.yomibank.com/Application/Home/Conf/config.php 第 60 行.
NOTIC: [8] Use of undefined constant DOC_ROOT - assumed 'DOC_ROOT' /phpstudy/www/bigfinance.yomibank.com/Application/Home/Conf/config.php 第 61 行.
NOTIC: [8] Use of undefined constant DOC_ROOT - assumed 'DOC_ROOT' /phpstudy/www/bigfinance.yomibank.com/Application/Home/Conf/config.php 第 70 行.
NOTIC: [8] Use of undefined constant DOC_ROOT - assumed 'DOC_ROOT' /phpstudy/www/bigfinance.yomibank.com/Application/Home/Conf/config.php 第 71 行.
NOTIC: [8] Use of undefined constant DOC_ROOT - assumed 'DOC_ROOT' /phpstudy/www/bigfinance.yomibank.com/Application/Home/Conf/config.php 第 78 行.
NOTIC: [8] Use of undefined constant DOC_ROOT - assumed 'DOC_ROOT' /phpstudy/www/bigfinance.yomibank.com/Application/Home/Conf/config.php 第 79 行.
NOTIC: [8] Use of undefined constant DOC_ROOT - assumed 'DOC_ROOT' /phpstudy/www/bigfinance.yomibank.com/Application/Home/Conf/config.php 第 80 行.
NOTIC: [8] Use of undefined constant DOC_ROOT - assumed 'DOC_ROOT' /phpstudy/www/bigfinance.yomibank.com/Application/Home/Conf/config.php 第 84 行.
INFO: [ app_begin ] --START--
INFO: Run Behavior\ReadHtmlCacheBehavior [ RunTime:0.000289s ]
INFO: [ app_begin ] --END-- [ RunTime:0.000323s ]
INFO: [ view_parse ] --START--
INFO: [ template_filter ] --START--
INFO: Run Behavior\ContentReplaceBehavior [ RunTime:0.000100s ]
INFO: [ template_filter ] --END-- [ RunTime:0.000136s ]
INFO: Run Behavior\ParseTemplateBehavior [ RunTime:0.005822s ]
INFO: [ view_parse ] --END-- [ RunTime:0.005858s ]
INFO: [ view_filter ] --START--
INFO: Run Behavior\WriteHtmlCacheBehavior [ RunTime:0.000089s ]
INFO: [ view_filter ] --END-- [ RunTime:0.000115s ]
INFO: [ app_end ] --START--
INFO: Run Behavior\ShowPageTraceBehavior [ RunTime:0.000284s ]
INFO: [ app_end ] --END-- [ RunTime:0.000317s ]

[ 2018-02-25T20:06:25+08:00 ] 112.65.62.193 /
INFO: [ app_init ] --START--
INFO: Run Behavior\BuildLiteBehavior [ RunTime:0.000010s ]
INFO: [ app_init ] --END-- [ RunTime:0.000057s ]
NOTIC: [8] Use of undefined constant DOC_ROOT - assumed 'DOC_ROOT' /phpstudy/www/bigfinance.yomibank.com/Application/Home/Conf/config.php 第 60 行.
NOTIC: [8] Use of undefined constant DOC_ROOT - assumed 'DOC_ROOT' /phpstudy/www/bigfinance.yomibank.com/Application/Home/Conf/config.php 第 61 行.
NOTIC: [8] Use of undefined constant DOC_ROOT - assumed 'DOC_ROOT' /phpstudy/www/bigfinance.yomibank.com/Application/Home/Conf/config.php 第 70 行.
NOTIC: [8] Use of undefined constant DOC_ROOT - assumed 'DOC_ROOT' /phpstudy/www/bigfinance.yomibank.com/Application/Home/Conf/config.php 第 71 行.
NOTIC: [8] Use of undefined constant DOC_ROOT - assumed 'DOC_ROOT' /phpstudy/www/bigfinance.yomibank.com/Application/Home/Conf/config.php 第 78 行.
NOTIC: [8] Use of undefined constant DOC_ROOT - assumed 'DOC_ROOT' /phpstudy/www/bigfinance.yomibank.com/Application/Home/Conf/config.php 第 79 行.
NOTIC: [8] Use of undefined constant DOC_ROOT - assumed 'DOC_ROOT' /phpstudy/www/bigfinance.yomibank.com/Application/Home/Conf/config.php 第 80 行.
NOTIC: [8] Use of undefined constant DOC_ROOT - assumed 'DOC_ROOT' /phpstudy/www/bigfinance.yomibank.com/Application/Home/Conf/config.php 第 84 行.
INFO: [ app_begin ] --START--
INFO: Run Behavior\ReadHtmlCacheBehavior [ RunTime:0.000280s ]
INFO: [ app_begin ] --END-- [ RunTime:0.000314s ]
NOTIC: [2048] Declaration of Home\Controller\IndexController::success() should be compatible with Think\Controller::success($message = '', $jumpUrl = '', $ajax = false) /phpstudy/www/bigfinance.yomibank.com/Application/Home/Controller/IndexController.class.php 第 345 行.
INFO: [ view_parse ] --START--
INFO: [ template_filter ] --START--
INFO: Run Behavior\ContentReplaceBehavior [ RunTime:0.000083s ]
INFO: [ template_filter ] --END-- [ RunTime:0.000124s ]
INFO: Run Behavior\ParseTemplateBehavior [ RunTime:0.008548s ]
INFO: [ view_parse ] --END-- [ RunTime:0.008584s ]
INFO: [ view_filter ] --START--
INFO: Run Behavior\WriteHtmlCacheBehavior [ RunTime:0.000099s ]
INFO: [ view_filter ] --END-- [ RunTime:0.000126s ]
INFO: [ app_end ] --START--
INFO: Run Behavior\ShowPageTraceBehavior [ RunTime:0.000290s ]
INFO: [ app_end ] --END-- [ RunTime:0.000323s ]

[ 2018-02-25T20:06:27+08:00 ] 112.65.62.193 /
INFO: [ app_init ] --START--
INFO: Run Behavior\BuildLiteBehavior [ RunTime:0.000010s ]
INFO: [ app_init ] --END-- [ RunTime:0.000047s ]
NOTIC: [8] Use of undefined constant DOC_ROOT - assumed 'DOC_ROOT' /phpstudy/www/bigfinance.yomibank.com/Application/Home/Conf/config.php 第 60 行.
NOTIC: [8] Use of undefined constant DOC_ROOT - assumed 'DOC_ROOT' /phpstudy/www/bigfinance.yomibank.com/Application/Home/Conf/config.php 第 61 行.
NOTIC: [8] Use of undefined constant DOC_ROOT - assumed 'DOC_ROOT' /phpstudy/www/bigfinance.yomibank.com/Application/Home/Conf/config.php 第 70 行.
NOTIC: [8] Use of undefined constant DOC_ROOT - assumed 'DOC_ROOT' /phpstudy/www/bigfinance.yomibank.com/Application/Home/Conf/config.php 第 71 行.
NOTIC: [8] Use of undefined constant DOC_ROOT - assumed 'DOC_ROOT' /phpstudy/www/bigfinance.yomibank.com/Application/Home/Conf/config.php 第 78 行.
NOTIC: [8] Use of undefined constant DOC_ROOT - assumed 'DOC_ROOT' /phpstudy/www/bigfinance.yomibank.com/Application/Home/Conf/config.php 第 79 行.
NOTIC: [8] Use of undefined constant DOC_ROOT - assumed 'DOC_ROOT' /phpstudy/www/bigfinance.yomibank.com/Application/Home/Conf/config.php 第 80 行.
NOTIC: [8] Use of undefined constant DOC_ROOT - assumed 'DOC_ROOT' /phpstudy/www/bigfinance.yomibank.com/Application/Home/Conf/config.php 第 84 行.
INFO: [ app_begin ] --START--
INFO: Run Behavior\ReadHtmlCacheBehavior [ RunTime:0.000270s ]
INFO: [ app_begin ] --END-- [ RunTime:0.000302s ]
NOTIC: [2048] Declaration of Home\Controller\IndexController::success() should be compatible with Think\Controller::success($message = '', $jumpUrl = '', $ajax = false) /phpstudy/www/bigfinance.yomibank.com/Application/Home/Controller/IndexController.class.php 第 345 行.
INFO: [ view_parse ] --START--
INFO: [ template_filter ] --START--
INFO: Run Behavior\ContentReplaceBehavior [ RunTime:0.000094s ]
INFO: [ template_filter ] --END-- [ RunTime:0.000129s ]
INFO: Run Behavior\ParseTemplateBehavior [ RunTime:0.008741s ]
INFO: [ view_parse ] --END-- [ RunTime:0.008773s ]
INFO: [ view_filter ] --START--
INFO: Run Behavior\WriteHtmlCacheBehavior [ RunTime:0.000090s ]
INFO: [ view_filter ] --END-- [ RunTime:0.000114s ]
INFO: [ app_end ] --START--
INFO: Run Behavior\ShowPageTraceBehavior [ RunTime:0.000347s ]
INFO: [ app_end ] --END-- [ RunTime:0.000380s ]

[ 2018-02-25T20:06:29+08:00 ] 112.65.62.193 /Home/Luck/act
INFO: [ app_init ] --START--
INFO: Run Behavior\BuildLiteBehavior [ RunTime:0.000010s ]
INFO: [ app_init ] --END-- [ RunTime:0.000048s ]
NOTIC: [8] Use of undefined constant DOC_ROOT - assumed 'DOC_ROOT' /phpstudy/www/bigfinance.yomibank.com/Application/Home/Conf/config.php 第 60 行.
NOTIC: [8] Use of undefined constant DOC_ROOT - assumed 'DOC_ROOT' /phpstudy/www/bigfinance.yomibank.com/Application/Home/Conf/config.php 第 61 行.
NOTIC: [8] Use of undefined constant DOC_ROOT - assumed 'DOC_ROOT' /phpstudy/www/bigfinance.yomibank.com/Application/Home/Conf/config.php 第 70 行.
NOTIC: [8] Use of undefined constant DOC_ROOT - assumed 'DOC_ROOT' /phpstudy/www/bigfinance.yomibank.com/Application/Home/Conf/config.php 第 71 行.
NOTIC: [8] Use of undefined constant DOC_ROOT - assumed 'DOC_ROOT' /phpstudy/www/bigfinance.yomibank.com/Application/Home/Conf/config.php 第 78 行.
NOTIC: [8] Use of undefined constant DOC_ROOT - assumed 'DOC_ROOT' /phpstudy/www/bigfinance.yomibank.com/Application/Home/Conf/config.php 第 79 行.
NOTIC: [8] Use of undefined constant DOC_ROOT - assumed 'DOC_ROOT' /phpstudy/www/bigfinance.yomibank.com/Application/Home/Conf/config.php 第 80 行.
NOTIC: [8] Use of undefined constant DOC_ROOT - assumed 'DOC_ROOT' /phpstudy/www/bigfinance.yomibank.com/Application/Home/Conf/config.php 第 84 行.
INFO: [ app_begin ] --START--
INFO: Run Behavior\ReadHtmlCacheBehavior [ RunTime:0.000268s ]
INFO: [ app_begin ] --END-- [ RunTime:0.000300s ]
NOTIC: [2] mkdir(): File exists /phpstudy/www/bigfinance.yomibank.com/Application/Common/Common/function.php 第 374 行.
SQL: SHOW COLUMNS FROM `a_luck_record` [ RunTime:0.0006s ]
SQL: UPDATE `a_luck_record` SET `PUSH`=PUSH+1 WHERE `MD5` = 'D89F3A35931C386956C1A402A8E09941' [ RunTime:0.0043s ]
NOTIC: [2] mkdir(): File exists /phpstudy/www/bigfinance.yomibank.com/Application/Common/Common/function.php 第 374 行.
NOTIC: [2] mkdir(): File exists /phpstudy/www/bigfinance.yomibank.com/Application/Common/Common/function.php 第 374 行.
INFO: [ app_end ] --START--
INFO: Run Behavior\ShowPageTraceBehavior [ RunTime:0.000304s ]
INFO: [ app_end ] --END-- [ RunTime:0.000337s ]

[ 2018-02-25T20:28:13+08:00 ] 112.65.62.193 /Home/Luck/index?channel=D89F3A35931C386956C1A402A8E09941
INFO: [ app_init ] --START--
INFO: Run Behavior\BuildLiteBehavior [ RunTime:0.000020s ]
INFO: [ app_init ] --END-- [ RunTime:0.000076s ]
NOTIC: [8] Use of undefined constant DOC_ROOT - assumed 'DOC_ROOT' /phpstudy/www/bigfinance.yomibank.com/Application/Home/Conf/config.php 第 60 行.
NOTIC: [8] Use of undefined constant DOC_ROOT - assumed 'DOC_ROOT' /phpstudy/www/bigfinance.yomibank.com/Application/Home/Conf/config.php 第 61 行.
NOTIC: [8] Use of undefined constant DOC_ROOT - assumed 'DOC_ROOT' /phpstudy/www/bigfinance.yomibank.com/Application/Home/Conf/config.php 第 70 行.
NOTIC: [8] Use of undefined constant DOC_ROOT - assumed 'DOC_ROOT' /phpstudy/www/bigfinance.yomibank.com/Application/Home/Conf/config.php 第 71 行.
NOTIC: [8] Use of undefined constant DOC_ROOT - assumed 'DOC_ROOT' /phpstudy/www/bigfinance.yomibank.com/Application/Home/Conf/config.php 第 78 行.
NOTIC: [8] Use of undefined constant DOC_ROOT - assumed 'DOC_ROOT' /phpstudy/www/bigfinance.yomibank.com/Application/Home/Conf/config.php 第 79 行.
NOTIC: [8] Use of undefined constant DOC_ROOT - assumed 'DOC_ROOT' /phpstudy/www/bigfinance.yomibank.com/Application/Home/Conf/config.php 第 80 行.
NOTIC: [8] Use of undefined constant DOC_ROOT - assumed 'DOC_ROOT' /phpstudy/www/bigfinance.yomibank.com/Application/Home/Conf/config.php 第 84 行.
INFO: [ app_begin ] --START--
INFO: Run Behavior\ReadHtmlCacheBehavior [ RunTime:0.000283s ]
INFO: [ app_begin ] --END-- [ RunTime:0.000322s ]
INFO: [ view_parse ] --START--
INFO: [ template_filter ] --START--
INFO: Run Behavior\ContentReplaceBehavior [ RunTime:0.000108s ]
INFO: [ template_filter ] --END-- [ RunTime:0.000143s ]
INFO: Run Behavior\ParseTemplateBehavior [ RunTime:0.006431s ]
INFO: [ view_parse ] --END-- [ RunTime:0.006465s ]
INFO: [ view_filter ] --START--
INFO: Run Behavior\WriteHtmlCacheBehavior [ RunTime:0.000090s ]
INFO: [ view_filter ] --END-- [ RunTime:0.000116s ]
INFO: [ app_end ] --START--
INFO: Run Behavior\ShowPageTraceBehavior [ RunTime:0.000299s ]
INFO: [ app_end ] --END-- [ RunTime:0.000331s ]

[ 2018-02-25T20:28:17+08:00 ] 112.65.62.193 /Home/Luck/index?channel=D89F3A35931C386956C1A402A8E09941
INFO: [ app_init ] --START--
INFO: Run Behavior\BuildLiteBehavior [ RunTime:0.000010s ]
INFO: [ app_init ] --END-- [ RunTime:0.000049s ]
NOTIC: [8] Use of undefined constant DOC_ROOT - assumed 'DOC_ROOT' /phpstudy/www/bigfinance.yomibank.com/Application/Home/Conf/config.php 第 60 行.
NOTIC: [8] Use of undefined constant DOC_ROOT - assumed 'DOC_ROOT' /phpstudy/www/bigfinance.yomibank.com/Application/Home/Conf/config.php 第 61 行.
NOTIC: [8] Use of undefined constant DOC_ROOT - assumed 'DOC_ROOT' /phpstudy/www/bigfinance.yomibank.com/Application/Home/Conf/config.php 第 70 行.
NOTIC: [8] Use of undefined constant DOC_ROOT - assumed 'DOC_ROOT' /phpstudy/www/bigfinance.yomibank.com/Application/Home/Conf/config.php 第 71 行.
NOTIC: [8] Use of undefined constant DOC_ROOT - assumed 'DOC_ROOT' /phpstudy/www/bigfinance.yomibank.com/Application/Home/Conf/config.php 第 78 行.
NOTIC: [8] Use of undefined constant DOC_ROOT - assumed 'DOC_ROOT' /phpstudy/www/bigfinance.yomibank.com/Application/Home/Conf/config.php 第 79 行.
NOTIC: [8] Use of undefined constant DOC_ROOT - assumed 'DOC_ROOT' /phpstudy/www/bigfinance.yomibank.com/Application/Home/Conf/config.php 第 80 行.
NOTIC: [8] Use of undefined constant DOC_ROOT - assumed 'DOC_ROOT' /phpstudy/www/bigfinance.yomibank.com/Application/Home/Conf/config.php 第 84 行.
INFO: [ app_begin ] --START--
INFO: Run Behavior\ReadHtmlCacheBehavior [ RunTime:0.000338s ]
INFO: [ app_begin ] --END-- [ RunTime:0.000377s ]
INFO: [ view_parse ] --START--
INFO: [ template_filter ] --START--
INFO: Run Behavior\ContentReplaceBehavior [ RunTime:0.000116s ]
INFO: [ template_filter ] --END-- [ RunTime:0.000157s ]
INFO: Run Behavior\ParseTemplateBehavior [ RunTime:0.005901s ]
INFO: [ view_parse ] --END-- [ RunTime:0.005935s ]
INFO: [ view_filter ] --START--
INFO: Run Behavior\WriteHtmlCacheBehavior [ RunTime:0.000083s ]
INFO: [ view_filter ] --END-- [ RunTime:0.000108s ]
INFO: [ app_end ] --START--
INFO: Run Behavior\ShowPageTraceBehavior [ RunTime:0.000292s ]
INFO: [ app_end ] --END-- [ RunTime:0.000324s ]

[ 2018-02-25T20:28:17+08:00 ] 112.65.62.193 /Home/Luck/act
INFO: [ app_init ] --START--
INFO: Run Behavior\BuildLiteBehavior [ RunTime:0.000009s ]
INFO: [ app_init ] --END-- [ RunTime:0.000054s ]
NOTIC: [8] Use of undefined constant DOC_ROOT - assumed 'DOC_ROOT' /phpstudy/www/bigfinance.yomibank.com/Application/Home/Conf/config.php 第 60 行.
NOTIC: [8] Use of undefined constant DOC_ROOT - assumed 'DOC_ROOT' /phpstudy/www/bigfinance.yomibank.com/Application/Home/Conf/config.php 第 61 行.
NOTIC: [8] Use of undefined constant DOC_ROOT - assumed 'DOC_ROOT' /phpstudy/www/bigfinance.yomibank.com/Application/Home/Conf/config.php 第 70 行.
NOTIC: [8] Use of undefined constant DOC_ROOT - assumed 'DOC_ROOT' /phpstudy/www/bigfinance.yomibank.com/Application/Home/Conf/config.php 第 71 行.
NOTIC: [8] Use of undefined constant DOC_ROOT - assumed 'DOC_ROOT' /phpstudy/www/bigfinance.yomibank.com/Application/Home/Conf/config.php 第 78 行.
NOTIC: [8] Use of undefined constant DOC_ROOT - assumed 'DOC_ROOT' /phpstudy/www/bigfinance.yomibank.com/Application/Home/Conf/config.php 第 79 行.
NOTIC: [8] Use of undefined constant DOC_ROOT - assumed 'DOC_ROOT' /phpstudy/www/bigfinance.yomibank.com/Application/Home/Conf/config.php 第 80 行.
NOTIC: [8] Use of undefined constant DOC_ROOT - assumed 'DOC_ROOT' /phpstudy/www/bigfinance.yomibank.com/Application/Home/Conf/config.php 第 84 行.
INFO: [ app_begin ] --START--
INFO: Run Behavior\ReadHtmlCacheBehavior [ RunTime:0.000300s ]
INFO: [ app_begin ] --END-- [ RunTime:0.000338s ]
NOTIC: [2] mkdir(): File exists /phpstudy/www/bigfinance.yomibank.com/Application/Common/Common/function.php 第 374 行.
SQL: SHOW COLUMNS FROM `a_luck_record` [ RunTime:0.0006s ]
SQL: UPDATE `a_luck_record` SET `PUSH`=PUSH+1 WHERE `MD5` = 'D89F3A35931C386956C1A402A8E09941' [ RunTime:0.0040s ]
NOTIC: [2] mkdir(): File exists /phpstudy/www/bigfinance.yomibank.com/Application/Common/Common/function.php 第 374 行.
NOTIC: [2] mkdir(): File exists /phpstudy/www/bigfinance.yomibank.com/Application/Common/Common/function.php 第 374 行.
INFO: [ app_end ] --START--
INFO: Run Behavior\ShowPageTraceBehavior [ RunTime:0.000311s ]
INFO: [ app_end ] --END-- [ RunTime:0.000343s ]

[ 2018-02-25T20:28:17+08:00 ] 112.65.62.193 /Home/Luck/index?channel=D89F3A35931C386956C1A402A8E09941
INFO: [ app_init ] --START--
INFO: Run Behavior\BuildLiteBehavior [ RunTime:0.000009s ]
INFO: [ app_init ] --END-- [ RunTime:0.000047s ]
NOTIC: [8] Use of undefined constant DOC_ROOT - assumed 'DOC_ROOT' /phpstudy/www/bigfinance.yomibank.com/Application/Home/Conf/config.php 第 60 行.
NOTIC: [8] Use of undefined constant DOC_ROOT - assumed 'DOC_ROOT' /phpstudy/www/bigfinance.yomibank.com/Application/Home/Conf/config.php 第 61 行.
NOTIC: [8] Use of undefined constant DOC_ROOT - assumed 'DOC_ROOT' /phpstudy/www/bigfinance.yomibank.com/Application/Home/Conf/config.php 第 70 行.
NOTIC: [8] Use of undefined constant DOC_ROOT - assumed 'DOC_ROOT' /phpstudy/www/bigfinance.yomibank.com/Application/Home/Conf/config.php 第 71 行.
NOTIC: [8] Use of undefined constant DOC_ROOT - assumed 'DOC_ROOT' /phpstudy/www/bigfinance.yomibank.com/Application/Home/Conf/config.php 第 78 行.
NOTIC: [8] Use of undefined constant DOC_ROOT - assumed 'DOC_ROOT' /phpstudy/www/bigfinance.yomibank.com/Application/Home/Conf/config.php 第 79 行.
NOTIC: [8] Use of undefined constant DOC_ROOT - assumed 'DOC_ROOT' /phpstudy/www/bigfinance.yomibank.com/Application/Home/Conf/config.php 第 80 行.
NOTIC: [8] Use of undefined constant DOC_ROOT - assumed 'DOC_ROOT' /phpstudy/www/bigfinance.yomibank.com/Application/Home/Conf/config.php 第 84 行.
INFO: [ app_begin ] --START--
INFO: Run Behavior\ReadHtmlCacheBehavior [ RunTime:0.000272s ]
INFO: [ app_begin ] --END-- [ RunTime:0.000305s ]
INFO: [ view_parse ] --START--
INFO: [ template_filter ] --START--
INFO: Run Behavior\ContentReplaceBehavior [ RunTime:0.000104s ]
INFO: [ template_filter ] --END-- [ RunTime:0.000140s ]
INFO: Run Behavior\ParseTemplateBehavior [ RunTime:0.005937s ]
INFO: [ view_parse ] --END-- [ RunTime:0.005977s ]
INFO: [ view_filter ] --START--
INFO: Run Behavior\WriteHtmlCacheBehavior [ RunTime:0.000085s ]
INFO: [ view_filter ] --END-- [ RunTime:0.000115s ]
INFO: [ app_end ] --START--
INFO: Run Behavior\ShowPageTraceBehavior [ RunTime:0.000368s ]
INFO: [ app_end ] --END-- [ RunTime:0.000414s ]

[ 2018-02-25T20:28:18+08:00 ] 112.65.62.193 /Home/Luck/act
INFO: [ app_init ] --START--
INFO: Run Behavior\BuildLiteBehavior [ RunTime:0.000010s ]
INFO: [ app_init ] --END-- [ RunTime:0.000051s ]
NOTIC: [8] Use of undefined constant DOC_ROOT - assumed 'DOC_ROOT' /phpstudy/www/bigfinance.yomibank.com/Application/Home/Conf/config.php 第 60 行.
NOTIC: [8] Use of undefined constant DOC_ROOT - assumed 'DOC_ROOT' /phpstudy/www/bigfinance.yomibank.com/Application/Home/Conf/config.php 第 61 行.
NOTIC: [8] Use of undefined constant DOC_ROOT - assumed 'DOC_ROOT' /phpstudy/www/bigfinance.yomibank.com/Application/Home/Conf/config.php 第 70 行.
NOTIC: [8] Use of undefined constant DOC_ROOT - assumed 'DOC_ROOT' /phpstudy/www/bigfinance.yomibank.com/Application/Home/Conf/config.php 第 71 行.
NOTIC: [8] Use of undefined constant DOC_ROOT - assumed 'DOC_ROOT' /phpstudy/www/bigfinance.yomibank.com/Application/Home/Conf/config.php 第 78 行.
NOTIC: [8] Use of undefined constant DOC_ROOT - assumed 'DOC_ROOT' /phpstudy/www/bigfinance.yomibank.com/Application/Home/Conf/config.php 第 79 行.
NOTIC: [8] Use of undefined constant DOC_ROOT - assumed 'DOC_ROOT' /phpstudy/www/bigfinance.yomibank.com/Application/Home/Conf/config.php 第 80 行.
NOTIC: [8] Use of undefined constant DOC_ROOT - assumed 'DOC_ROOT' /phpstudy/www/bigfinance.yomibank.com/Application/Home/Conf/config.php 第 84 行.
INFO: [ app_begin ] --START--
INFO: Run Behavior\ReadHtmlCacheBehavior [ RunTime:0.000297s ]
INFO: [ app_begin ] --END-- [ RunTime:0.000329s ]
NOTIC: [2] mkdir(): File exists /phpstudy/www/bigfinance.yomibank.com/Application/Common/Common/function.php 第 374 行.
SQL: SHOW COLUMNS FROM `a_luck_record` [ RunTime:0.0006s ]
SQL: UPDATE `a_luck_record` SET `PUSH`=PUSH+1 WHERE `MD5` = 'D89F3A35931C386956C1A402A8E09941' [ RunTime:0.0187s ]
NOTIC: [2] mkdir(): File exists /phpstudy/www/bigfinance.yomibank.com/Application/Common/Common/function.php 第 374 行.
NOTIC: [2] mkdir(): File exists /phpstudy/www/bigfinance.yomibank.com/Application/Common/Common/function.php 第 374 行.
INFO: [ app_end ] --START--
INFO: Run Behavior\ShowPageTraceBehavior [ RunTime:0.000349s ]
INFO: [ app_end ] --END-- [ RunTime:0.000381s ]

[ 2018-02-25T20:28:19+08:00 ] 112.65.62.193 /Home/Luck/act
INFO: [ app_init ] --START--
INFO: Run Behavior\BuildLiteBehavior [ RunTime:0.000009s ]
INFO: [ app_init ] --END-- [ RunTime:0.000048s ]
NOTIC: [8] Use of undefined constant DOC_ROOT - assumed 'DOC_ROOT' /phpstudy/www/bigfinance.yomibank.com/Application/Home/Conf/config.php 第 60 行.
NOTIC: [8] Use of undefined constant DOC_ROOT - assumed 'DOC_ROOT' /phpstudy/www/bigfinance.yomibank.com/Application/Home/Conf/config.php 第 61 行.
NOTIC: [8] Use of undefined constant DOC_ROOT - assumed 'DOC_ROOT' /phpstudy/www/bigfinance.yomibank.com/Application/Home/Conf/config.php 第 70 行.
NOTIC: [8] Use of undefined constant DOC_ROOT - assumed 'DOC_ROOT' /phpstudy/www/bigfinance.yomibank.com/Application/Home/Conf/config.php 第 71 行.
NOTIC: [8] Use of undefined constant DOC_ROOT - assumed 'DOC_ROOT' /phpstudy/www/bigfinance.yomibank.com/Application/Home/Conf/config.php 第 78 行.
NOTIC: [8] Use of undefined constant DOC_ROOT - assumed 'DOC_ROOT' /phpstudy/www/bigfinance.yomibank.com/Application/Home/Conf/config.php 第 79 行.
NOTIC: [8] Use of undefined constant DOC_ROOT - assumed 'DOC_ROOT' /phpstudy/www/bigfinance.yomibank.com/Application/Home/Conf/config.php 第 80 行.
NOTIC: [8] Use of undefined constant DOC_ROOT - assumed 'DOC_ROOT' /phpstudy/www/bigfinance.yomibank.com/Application/Home/Conf/config.php 第 84 行.
INFO: [ app_begin ] --START--
INFO: Run Behavior\ReadHtmlCacheBehavior [ RunTime:0.000271s ]
INFO: [ app_begin ] --END-- [ RunTime:0.000312s ]
NOTIC: [2] mkdir(): File exists /phpstudy/www/bigfinance.yomibank.com/Application/Common/Common/function.php 第 374 行.
SQL: SHOW COLUMNS FROM `a_luck_record` [ RunTime:0.0006s ]
SQL: SELECT * FROM `a_luck_record` WHERE `MD5` = 'D89F3A35931C386956C1A402A8E09941' LIMIT 1   [ RunTime:0.0003s ]
NOTIC: [2] mkdir(): File exists /phpstudy/www/bigfinance.yomibank.com/Application/Common/Common/function.php 第 374 行.
NOTIC: [2] mkdir(): File exists /phpstudy/www/bigfinance.yomibank.com/Application/Common/Common/function.php 第 374 行.
SQL: SELECT * FROM `a_luck_record`  [ RunTime:0.0002s ]
SQL: SELECT sum(WEIGHT) as WEIGHT1,sum(OFFER) as OFFER1 FROM `a_luck_record`  [ RunTime:0.0001s ]
NOTIC: [2] mkdir(): File exists /phpstudy/www/bigfinance.yomibank.com/Application/Common/Common/function.php 第 374 行.
NOTIC: [2] mkdir(): File exists /phpstudy/www/bigfinance.yomibank.com/Application/Common/Common/function.php 第 374 行.
NOTIC: [2] mkdir(): File exists /phpstudy/www/bigfinance.yomibank.com/Application/Common/Common/function.php 第 374 行.
NOTIC: [2] mkdir(): File exists /phpstudy/www/bigfinance.yomibank.com/Application/Common/Common/function.php 第 374 行.
NOTIC: [2] mkdir(): File exists /phpstudy/www/bigfinance.yomibank.com/Application/Common/Common/function.php 第 374 行.
NOTIC: [2] mkdir(): File exists /phpstudy/www/bigfinance.yomibank.com/Application/Common/Common/function.php 第 374 行.
NOTIC: [2] mkdir(): File exists /phpstudy/www/bigfinance.yomibank.com/Application/Common/Common/function.php 第 374 行.
NOTIC: [2] mkdir(): File exists /phpstudy/www/bigfinance.yomibank.com/Application/Common/Common/function.php 第 374 行.
NOTIC: [2] mkdir(): File exists /phpstudy/www/bigfinance.yomibank.com/Application/Common/Common/function.php 第 374 行.
SQL: SELECT * FROM `a_luck_record` WHERE `ID` = 6 LIMIT 1   [ RunTime:0.0001s ]
SQL: UPDATE `a_luck_record` SET `LUCK_PUSH`=LUCK_PUSH+1 WHERE `ID` = 6 [ RunTime:0.0042s ]
NOTIC: [2] mkdir(): File exists /phpstudy/www/bigfinance.yomibank.com/Application/Common/Common/function.php 第 374 行.
NOTIC: [2] mkdir(): File exists /phpstudy/www/bigfinance.yomibank.com/Application/Common/Common/function.php 第 374 行.
SQL: UPDATE `a_luck_record` SET `CLICK`=CLICK+1 WHERE ( 1=1 ) [ RunTime:0.0034s ]
NOTIC: [2] mkdir(): File exists /phpstudy/www/bigfinance.yomibank.com/Application/Common/Common/function.php 第 374 行.
SQL: SELECT `LINK_CLICK`,`CLICK`,`LUCK_PUSH`,`OFFER` FROM `a_luck_record` WHERE `ID` = 6 LIMIT 1   [ RunTime:0.0001s ]
NOTIC: [2] mkdir(): File exists /phpstudy/www/bigfinance.yomibank.com/Application/Common/Common/function.php 第 374 行.
NOTIC: [2] mkdir(): File exists /phpstudy/www/bigfinance.yomibank.com/Application/Common/Common/function.php 第 374 行.
SQL: UPDATE `a_luck_record` SET `CLICK_RATE`='25' WHERE `ID` = 6 [ RunTime:0.0036s ]
NOTIC: [2] mkdir(): File exists /phpstudy/www/bigfinance.yomibank.com/Application/Common/Common/function.php 第 374 行.
NOTIC: [2] mkdir(): File exists /phpstudy/www/bigfinance.yomibank.com/Application/Common/Common/function.php 第 374 行.
SQL: UPDATE `a_luck_record` SET `TOTAL`='0.01' WHERE `ID` = 6 [ RunTime:0.0036s ]
NOTIC: [2] mkdir(): File exists /phpstudy/www/bigfinance.yomibank.com/Application/Common/Common/function.php 第 374 行.
NOTIC: [2] mkdir(): File exists /phpstudy/www/bigfinance.yomibank.com/Application/Common/Common/function.php 第 374 行.
NOTIC: [2] mkdir(): File exists /phpstudy/www/bigfinance.yomibank.com/Application/Common/Common/function.php 第 374 行.

[ 2018-02-25T20:28:23+08:00 ] 112.65.62.193 /Home/Luck/act
INFO: [ app_init ] --START--
INFO: Run Behavior\BuildLiteBehavior [ RunTime:0.000010s ]
INFO: [ app_init ] --END-- [ RunTime:0.000047s ]
NOTIC: [8] Use of undefined constant DOC_ROOT - assumed 'DOC_ROOT' /phpstudy/www/bigfinance.yomibank.com/Application/Home/Conf/config.php 第 60 行.
NOTIC: [8] Use of undefined constant DOC_ROOT - assumed 'DOC_ROOT' /phpstudy/www/bigfinance.yomibank.com/Application/Home/Conf/config.php 第 61 行.
NOTIC: [8] Use of undefined constant DOC_ROOT - assumed 'DOC_ROOT' /phpstudy/www/bigfinance.yomibank.com/Application/Home/Conf/config.php 第 70 行.
NOTIC: [8] Use of undefined constant DOC_ROOT - assumed 'DOC_ROOT' /phpstudy/www/bigfinance.yomibank.com/Application/Home/Conf/config.php 第 71 行.
NOTIC: [8] Use of undefined constant DOC_ROOT - assumed 'DOC_ROOT' /phpstudy/www/bigfinance.yomibank.com/Application/Home/Conf/config.php 第 78 行.
NOTIC: [8] Use of undefined constant DOC_ROOT - assumed 'DOC_ROOT' /phpstudy/www/bigfinance.yomibank.com/Application/Home/Conf/config.php 第 79 行.
NOTIC: [8] Use of undefined constant DOC_ROOT - assumed 'DOC_ROOT' /phpstudy/www/bigfinance.yomibank.com/Application/Home/Conf/config.php 第 80 行.
NOTIC: [8] Use of undefined constant DOC_ROOT - assumed 'DOC_ROOT' /phpstudy/www/bigfinance.yomibank.com/Application/Home/Conf/config.php 第 84 行.
INFO: [ app_begin ] --START--
INFO: Run Behavior\ReadHtmlCacheBehavior [ RunTime:0.000294s ]
INFO: [ app_begin ] --END-- [ RunTime:0.000327s ]
NOTIC: [2] mkdir(): File exists /phpstudy/www/bigfinance.yomibank.com/Application/Common/Common/function.php 第 374 行.
SQL: SHOW COLUMNS FROM `a_luck_record` [ RunTime:0.0006s ]
SQL: SELECT * FROM `a_luck_record` WHERE `MD5` = 'D89F3A35931C386956C1A402A8E09941' LIMIT 1   [ RunTime:0.0002s ]
NOTIC: [2] mkdir(): File exists /phpstudy/www/bigfinance.yomibank.com/Application/Common/Common/function.php 第 374 行.
NOTIC: [2] mkdir(): File exists /phpstudy/www/bigfinance.yomibank.com/Application/Common/Common/function.php 第 374 行.
SQL: SELECT * FROM `a_luck_record`  [ RunTime:0.0002s ]
SQL: SELECT sum(WEIGHT) as WEIGHT1,sum(OFFER) as OFFER1 FROM `a_luck_record`  [ RunTime:0.0001s ]
NOTIC: [2] mkdir(): File exists /phpstudy/www/bigfinance.yomibank.com/Application/Common/Common/function.php 第 374 行.
NOTIC: [2] mkdir(): File exists /phpstudy/www/bigfinance.yomibank.com/Application/Common/Common/function.php 第 374 行.
NOTIC: [2] mkdir(): File exists /phpstudy/www/bigfinance.yomibank.com/Application/Common/Common/function.php 第 374 行.
NOTIC: [2] mkdir(): File exists /phpstudy/www/bigfinance.yomibank.com/Application/Common/Common/function.php 第 374 行.
NOTIC: [2] mkdir(): File exists /phpstudy/www/bigfinance.yomibank.com/Application/Common/Common/function.php 第 374 行.
NOTIC: [2] mkdir(): File exists /phpstudy/www/bigfinance.yomibank.com/Application/Common/Common/function.php 第 374 行.
NOTIC: [2] mkdir(): File exists /phpstudy/www/bigfinance.yomibank.com/Application/Common/Common/function.php 第 374 行.
NOTIC: [2] mkdir(): File exists /phpstudy/www/bigfinance.yomibank.com/Application/Common/Common/function.php 第 374 行.
NOTIC: [2] mkdir(): File exists /phpstudy/www/bigfinance.yomibank.com/Application/Common/Common/function.php 第 374 行.
SQL: SELECT * FROM `a_luck_record` WHERE `ID` = 1 LIMIT 1   [ RunTime:0.0001s ]
SQL: UPDATE `a_luck_record` SET `LUCK_PUSH`=LUCK_PUSH+1 WHERE `ID` = 1 [ RunTime:0.0048s ]
NOTIC: [2] mkdir(): File exists /phpstudy/www/bigfinance.yomibank.com/Application/Common/Common/function.php 第 374 行.
NOTIC: [2] mkdir(): File exists /phpstudy/www/bigfinance.yomibank.com/Application/Common/Common/function.php 第 374 行.
SQL: UPDATE `a_luck_record` SET `CLICK`=CLICK+1 WHERE ( 1=1 ) [ RunTime:0.0033s ]
NOTIC: [2] mkdir(): File exists /phpstudy/www/bigfinance.yomibank.com/Application/Common/Common/function.php 第 374 行.
SQL: SELECT `LINK_CLICK`,`CLICK`,`LUCK_PUSH`,`OFFER` FROM `a_luck_record` WHERE `ID` = 1 LIMIT 1   [ RunTime:0.0001s ]
NOTIC: [2] mkdir(): File exists /phpstudy/www/bigfinance.yomibank.com/Application/Common/Common/function.php 第 374 行.
NOTIC: [2] mkdir(): File exists /phpstudy/www/bigfinance.yomibank.com/Application/Common/Common/function.php 第 374 行.
SQL: UPDATE `a_luck_record` SET `CLICK_RATE`='0' WHERE `ID` = 1 [ RunTime:0.0034s ]
NOTIC: [2] mkdir(): File exists /phpstudy/www/bigfinance.yomibank.com/Application/Common/Common/function.php 第 374 行.
NOTIC: [2] mkdir(): File exists /phpstudy/www/bigfinance.yomibank.com/Application/Common/Common/function.php 第 374 行.
SQL: UPDATE `a_luck_record` SET `TOTAL`='0.00' WHERE `ID` = 1 [ RunTime:0.0035s ]
NOTIC: [2] mkdir(): File exists /phpstudy/www/bigfinance.yomibank.com/Application/Common/Common/function.php 第 374 行.
NOTIC: [2] mkdir(): File exists /phpstudy/www/bigfinance.yomibank.com/Application/Common/Common/function.php 第 374 行.
NOTIC: [2] mkdir(): File exists /phpstudy/www/bigfinance.yomibank.com/Application/Common/Common/function.php 第 374 行.

[ 2018-02-25T20:28:28+08:00 ] 112.65.62.193 /Home/Luck/act
INFO: [ app_init ] --START--
INFO: Run Behavior\BuildLiteBehavior [ RunTime:0.000009s ]
INFO: [ app_init ] --END-- [ RunTime:0.000048s ]
NOTIC: [8] Use of undefined constant DOC_ROOT - assumed 'DOC_ROOT' /phpstudy/www/bigfinance.yomibank.com/Application/Home/Conf/config.php 第 60 行.
NOTIC: [8] Use of undefined constant DOC_ROOT - assumed 'DOC_ROOT' /phpstudy/www/bigfinance.yomibank.com/Application/Home/Conf/config.php 第 61 行.
NOTIC: [8] Use of undefined constant DOC_ROOT - assumed 'DOC_ROOT' /phpstudy/www/bigfinance.yomibank.com/Application/Home/Conf/config.php 第 70 行.
NOTIC: [8] Use of undefined constant DOC_ROOT - assumed 'DOC_ROOT' /phpstudy/www/bigfinance.yomibank.com/Application/Home/Conf/config.php 第 71 行.
NOTIC: [8] Use of undefined constant DOC_ROOT - assumed 'DOC_ROOT' /phpstudy/www/bigfinance.yomibank.com/Application/Home/Conf/config.php 第 78 行.
NOTIC: [8] Use of undefined constant DOC_ROOT - assumed 'DOC_ROOT' /phpstudy/www/bigfinance.yomibank.com/Application/Home/Conf/config.php 第 79 行.
NOTIC: [8] Use of undefined constant DOC_ROOT - assumed 'DOC_ROOT' /phpstudy/www/bigfinance.yomibank.com/Application/Home/Conf/config.php 第 80 行.
NOTIC: [8] Use of undefined constant DOC_ROOT - assumed 'DOC_ROOT' /phpstudy/www/bigfinance.yomibank.com/Application/Home/Conf/config.php 第 84 行.
INFO: [ app_begin ] --START--
INFO: Run Behavior\ReadHtmlCacheBehavior [ RunTime:0.000279s ]
INFO: [ app_begin ] --END-- [ RunTime:0.000311s ]
NOTIC: [2] mkdir(): File exists /phpstudy/www/bigfinance.yomibank.com/Application/Common/Common/function.php 第 374 行.
SQL: SHOW COLUMNS FROM `a_luck_record` [ RunTime:0.0006s ]
SQL: UPDATE `a_luck_record` SET `LINK_CLICK`=LINK_CLICK+1 WHERE `ID` = 6 [ RunTime:0.0053s ]
NOTIC: [2] mkdir(): File exists /phpstudy/www/bigfinance.yomibank.com/Application/Common/Common/function.php 第 374 行.
NOTIC: [2] mkdir(): File exists /phpstudy/www/bigfinance.yomibank.com/Application/Common/Common/function.php 第 374 行.
SQL: SELECT `LINK_CLICK`,`CLICK`,`OFFER` FROM `a_luck_record` WHERE `ID` = 6 LIMIT 1   [ RunTime:0.0001s ]
NOTIC: [2] mkdir(): File exists /phpstudy/www/bigfinance.yomibank.com/Application/Common/Common/function.php 第 374 行.
NOTIC: [2] mkdir(): File exists /phpstudy/www/bigfinance.yomibank.com/Application/Common/Common/function.php 第 374 行.
SQL: UPDATE `a_luck_record` SET `CLICK_RATE`='6.45' WHERE `ID` = 6 [ RunTime:0.0041s ]
NOTIC: [2] mkdir(): File exists /phpstudy/www/bigfinance.yomibank.com/Application/Common/Common/function.php 第 374 行.
NOTIC: [2] mkdir(): File exists /phpstudy/www/bigfinance.yomibank.com/Application/Common/Common/function.php 第 374 行.
SQL: UPDATE `a_luck_record` SET `TOTAL`='0.02' WHERE `ID` = 6 [ RunTime:0.0035s ]
NOTIC: [2] mkdir(): File exists /phpstudy/www/bigfinance.yomibank.com/Application/Common/Common/function.php 第 374 行.
NOTIC: [2] mkdir(): File exists /phpstudy/www/bigfinance.yomibank.com/Application/Common/Common/function.php 第 374 行.
INFO: [ app_end ] --START--
INFO: Run Behavior\ShowPageTraceBehavior [ RunTime:0.000291s ]
INFO: [ app_end ] --END-- [ RunTime:0.000320s ]

[ 2018-02-25T21:39:47+08:00 ] 112.65.62.193 /Home/Luck/act
INFO: [ app_init ] --START--
INFO: Run Behavior\BuildLiteBehavior [ RunTime:0.000012s ]
INFO: [ app_init ] --END-- [ RunTime:0.000068s ]
NOTIC: [8] Use of undefined constant DOC_ROOT - assumed 'DOC_ROOT' /phpstudy/www/bigfinance.yomibank.com/Application/Home/Conf/config.php 第 60 行.
NOTIC: [8] Use of undefined constant DOC_ROOT - assumed 'DOC_ROOT' /phpstudy/www/bigfinance.yomibank.com/Application/Home/Conf/config.php 第 61 行.
NOTIC: [8] Use of undefined constant DOC_ROOT - assumed 'DOC_ROOT' /phpstudy/www/bigfinance.yomibank.com/Application/Home/Conf/config.php 第 70 行.
NOTIC: [8] Use of undefined constant DOC_ROOT - assumed 'DOC_ROOT' /phpstudy/www/bigfinance.yomibank.com/Application/Home/Conf/config.php 第 71 行.
NOTIC: [8] Use of undefined constant DOC_ROOT - assumed 'DOC_ROOT' /phpstudy/www/bigfinance.yomibank.com/Application/Home/Conf/config.php 第 78 行.
NOTIC: [8] Use of undefined constant DOC_ROOT - assumed 'DOC_ROOT' /phpstudy/www/bigfinance.yomibank.com/Application/Home/Conf/config.php 第 79 行.
NOTIC: [8] Use of undefined constant DOC_ROOT - assumed 'DOC_ROOT' /phpstudy/www/bigfinance.yomibank.com/Application/Home/Conf/config.php 第 80 行.
NOTIC: [8] Use of undefined constant DOC_ROOT - assumed 'DOC_ROOT' /phpstudy/www/bigfinance.yomibank.com/Application/Home/Conf/config.php 第 84 行.
INFO: [ app_begin ] --START--
INFO: Run Behavior\ReadHtmlCacheBehavior [ RunTime:0.000290s ]
INFO: [ app_begin ] --END-- [ RunTime:0.000339s ]
NOTIC: [2] mkdir(): File exists /phpstudy/www/bigfinance.yomibank.com/Application/Common/Common/function.php 第 374 行.
SQL: SHOW COLUMNS FROM `a_luck_record` [ RunTime:0.0006s ]
SQL: UPDATE `a_luck_record` SET `PUSH`=PUSH+1 WHERE `MD5` = 'D89F3A35931C386956C1A402A8E09941' [ RunTime:0.0237s ]
NOTIC: [2] mkdir(): File exists /phpstudy/www/bigfinance.yomibank.com/Application/Common/Common/function.php 第 374 行.
NOTIC: [2] mkdir(): File exists /phpstudy/www/bigfinance.yomibank.com/Application/Common/Common/function.php 第 374 行.
INFO: [ app_end ] --START--
INFO: Run Behavior\ShowPageTraceBehavior [ RunTime:0.000374s ]
INFO: [ app_end ] --END-- [ RunTime:0.000408s ]

[ 2018-02-25T21:44:10+08:00 ] 112.65.62.193 /Home/Luck/act
INFO: [ app_init ] --START--
INFO: Run Behavior\BuildLiteBehavior [ RunTime:0.000010s ]
INFO: [ app_init ] --END-- [ RunTime:0.000046s ]
NOTIC: [8] Use of undefined constant DOC_ROOT - assumed 'DOC_ROOT' /phpstudy/www/bigfinance.yomibank.com/Application/Home/Conf/config.php 第 60 行.
NOTIC: [8] Use of undefined constant DOC_ROOT - assumed 'DOC_ROOT' /phpstudy/www/bigfinance.yomibank.com/Application/Home/Conf/config.php 第 61 行.
NOTIC: [8] Use of undefined constant DOC_ROOT - assumed 'DOC_ROOT' /phpstudy/www/bigfinance.yomibank.com/Application/Home/Conf/config.php 第 70 行.
NOTIC: [8] Use of undefined constant DOC_ROOT - assumed 'DOC_ROOT' /phpstudy/www/bigfinance.yomibank.com/Application/Home/Conf/config.php 第 71 行.
NOTIC: [8] Use of undefined constant DOC_ROOT - assumed 'DOC_ROOT' /phpstudy/www/bigfinance.yomibank.com/Application/Home/Conf/config.php 第 78 行.
NOTIC: [8] Use of undefined constant DOC_ROOT - assumed 'DOC_ROOT' /phpstudy/www/bigfinance.yomibank.com/Application/Home/Conf/config.php 第 79 行.
NOTIC: [8] Use of undefined constant DOC_ROOT - assumed 'DOC_ROOT' /phpstudy/www/bigfinance.yomibank.com/Application/Home/Conf/config.php 第 80 行.
NOTIC: [8] Use of undefined constant DOC_ROOT - assumed 'DOC_ROOT' /phpstudy/www/bigfinance.yomibank.com/Application/Home/Conf/config.php 第 84 行.
INFO: [ app_begin ] --START--
INFO: Run Behavior\ReadHtmlCacheBehavior [ RunTime:0.000269s ]
INFO: [ app_begin ] --END-- [ RunTime:0.000308s ]
NOTIC: [2] mkdir(): File exists /phpstudy/www/bigfinance.yomibank.com/Application/Common/Common/function.php 第 374 行.
SQL: SHOW COLUMNS FROM `a_luck_record` [ RunTime:0.0006s ]
SQL: UPDATE `a_luck_record` SET `PUSH`=PUSH+1 WHERE `MD5` = 'D89F3A35931C386956C1A402A8E09941' [ RunTime:0.0039s ]
NOTIC: [2] mkdir(): File exists /phpstudy/www/bigfinance.yomibank.com/Application/Common/Common/function.php 第 374 行.
NOTIC: [2] mkdir(): File exists /phpstudy/www/bigfinance.yomibank.com/Application/Common/Common/function.php 第 374 行.
INFO: [ app_end ] --START--
INFO: Run Behavior\ShowPageTraceBehavior [ RunTime:0.000327s ]
INFO: [ app_end ] --END-- [ RunTime:0.000359s ]

[ 2018-02-25T21:44:11+08:00 ] 112.65.62.193 /
INFO: [ app_init ] --START--
INFO: Run Behavior\BuildLiteBehavior [ RunTime:0.000010s ]
INFO: [ app_init ] --END-- [ RunTime:0.000047s ]
NOTIC: [8] Use of undefined constant DOC_ROOT - assumed 'DOC_ROOT' /phpstudy/www/bigfinance.yomibank.com/Application/Home/Conf/config.php 第 60 行.
NOTIC: [8] Use of undefined constant DOC_ROOT - assumed 'DOC_ROOT' /phpstudy/www/bigfinance.yomibank.com/Application/Home/Conf/config.php 第 61 行.
NOTIC: [8] Use of undefined constant DOC_ROOT - assumed 'DOC_ROOT' /phpstudy/www/bigfinance.yomibank.com/Application/Home/Conf/config.php 第 70 行.
NOTIC: [8] Use of undefined constant DOC_ROOT - assumed 'DOC_ROOT' /phpstudy/www/bigfinance.yomibank.com/Application/Home/Conf/config.php 第 71 行.
NOTIC: [8] Use of undefined constant DOC_ROOT - assumed 'DOC_ROOT' /phpstudy/www/bigfinance.yomibank.com/Application/Home/Conf/config.php 第 78 行.
NOTIC: [8] Use of undefined constant DOC_ROOT - assumed 'DOC_ROOT' /phpstudy/www/bigfinance.yomibank.com/Application/Home/Conf/config.php 第 79 行.
NOTIC: [8] Use of undefined constant DOC_ROOT - assumed 'DOC_ROOT' /phpstudy/www/bigfinance.yomibank.com/Application/Home/Conf/config.php 第 80 行.
NOTIC: [8] Use of undefined constant DOC_ROOT - assumed 'DOC_ROOT' /phpstudy/www/bigfinance.yomibank.com/Application/Home/Conf/config.php 第 84 行.
INFO: [ app_begin ] --START--
INFO: Run Behavior\ReadHtmlCacheBehavior [ RunTime:0.000283s ]
INFO: [ app_begin ] --END-- [ RunTime:0.000317s ]
NOTIC: [2048] Declaration of Home\Controller\IndexController::success() should be compatible with Think\Controller::success($message = '', $jumpUrl = '', $ajax = false) /phpstudy/www/bigfinance.yomibank.com/Application/Home/Controller/IndexController.class.php 第 345 行.
INFO: [ view_parse ] --START--
INFO: [ template_filter ] --START--
INFO: Run Behavior\ContentReplaceBehavior [ RunTime:0.000081s ]
INFO: [ template_filter ] --END-- [ RunTime:0.000116s ]
INFO: Run Behavior\ParseTemplateBehavior [ RunTime:0.008833s ]
INFO: [ view_parse ] --END-- [ RunTime:0.008867s ]
INFO: [ view_filter ] --START--
INFO: Run Behavior\WriteHtmlCacheBehavior [ RunTime:0.000097s ]
INFO: [ view_filter ] --END-- [ RunTime:0.000123s ]
INFO: [ app_end ] --START--
INFO: Run Behavior\ShowPageTraceBehavior [ RunTime:0.000282s ]
INFO: [ app_end ] --END-- [ RunTime:0.000316s ]

[ 2018-02-25T21:44:13+08:00 ] 112.65.62.193 /
INFO: [ app_init ] --START--
INFO: Run Behavior\BuildLiteBehavior [ RunTime:0.000009s ]
INFO: [ app_init ] --END-- [ RunTime:0.000048s ]
NOTIC: [8] Use of undefined constant DOC_ROOT - assumed 'DOC_ROOT' /phpstudy/www/bigfinance.yomibank.com/Application/Home/Conf/config.php 第 60 行.
NOTIC: [8] Use of undefined constant DOC_ROOT - assumed 'DOC_ROOT' /phpstudy/www/bigfinance.yomibank.com/Application/Home/Conf/config.php 第 61 行.
NOTIC: [8] Use of undefined constant DOC_ROOT - assumed 'DOC_ROOT' /phpstudy/www/bigfinance.yomibank.com/Application/Home/Conf/config.php 第 70 行.
NOTIC: [8] Use of undefined constant DOC_ROOT - assumed 'DOC_ROOT' /phpstudy/www/bigfinance.yomibank.com/Application/Home/Conf/config.php 第 71 行.
NOTIC: [8] Use of undefined constant DOC_ROOT - assumed 'DOC_ROOT' /phpstudy/www/bigfinance.yomibank.com/Application/Home/Conf/config.php 第 78 行.
NOTIC: [8] Use of undefined constant DOC_ROOT - assumed 'DOC_ROOT' /phpstudy/www/bigfinance.yomibank.com/Application/Home/Conf/config.php 第 79 行.
NOTIC: [8] Use of undefined constant DOC_ROOT - assumed 'DOC_ROOT' /phpstudy/www/bigfinance.yomibank.com/Application/Home/Conf/config.php 第 80 行.
NOTIC: [8] Use of undefined constant DOC_ROOT - assumed 'DOC_ROOT' /phpstudy/www/bigfinance.yomibank.com/Application/Home/Conf/config.php 第 84 行.
INFO: [ app_begin ] --START--
INFO: Run Behavior\ReadHtmlCacheBehavior [ RunTime:0.000273s ]
INFO: [ app_begin ] --END-- [ RunTime:0.000313s ]
NOTIC: [2048] Declaration of Home\Controller\IndexController::success() should be compatible with Think\Controller::success($message = '', $jumpUrl = '', $ajax = false) /phpstudy/www/bigfinance.yomibank.com/Application/Home/Controller/IndexController.class.php 第 345 行.
INFO: [ view_parse ] --START--
INFO: [ template_filter ] --START--
INFO: Run Behavior\ContentReplaceBehavior [ RunTime:0.000086s ]
INFO: [ template_filter ] --END-- [ RunTime:0.000120s ]
INFO: Run Behavior\ParseTemplateBehavior [ RunTime:0.008614s ]
INFO: [ view_parse ] --END-- [ RunTime:0.008646s ]
INFO: [ view_filter ] --START--
INFO: Run Behavior\WriteHtmlCacheBehavior [ RunTime:0.000090s ]
INFO: [ view_filter ] --END-- [ RunTime:0.000114s ]
INFO: [ app_end ] --START--
INFO: Run Behavior\ShowPageTraceBehavior [ RunTime:0.000280s ]
INFO: [ app_end ] --END-- [ RunTime:0.000323s ]

