[ 2018-01-24T10:52:26+08:00 ] 106.11.242.141 /
INFO: [ app_init ] --START--
INFO: Run Behavior\BuildLiteBehavior [ RunTime:0.000009s ]
INFO: [ app_init ] --END-- [ RunTime:0.000050s ]
NOTIC: [8] Use of undefined constant DOC_ROOT - assumed 'DOC_ROOT' /phpstudy/www/bigfinance.yomibank.com/Application/Home/Conf/config.php 第 60 行.
NOTIC: [8] Use of undefined constant DOC_ROOT - assumed 'DOC_ROOT' /phpstudy/www/bigfinance.yomibank.com/Application/Home/Conf/config.php 第 61 行.
NOTIC: [8] Use of undefined constant DOC_ROOT - assumed 'DOC_ROOT' /phpstudy/www/bigfinance.yomibank.com/Application/Home/Conf/config.php 第 70 行.
NOTIC: [8] Use of undefined constant DOC_ROOT - assumed 'DOC_ROOT' /phpstudy/www/bigfinance.yomibank.com/Application/Home/Conf/config.php 第 71 行.
NOTIC: [8] Use of undefined constant DOC_ROOT - assumed 'DOC_ROOT' /phpstudy/www/bigfinance.yomibank.com/Application/Home/Conf/config.php 第 78 行.
NOTIC: [8] Use of undefined constant DOC_ROOT - assumed 'DOC_ROOT' /phpstudy/www/bigfinance.yomibank.com/Application/Home/Conf/config.php 第 79 行.
NOTIC: [8] Use of undefined constant DOC_ROOT - assumed 'DOC_ROOT' /phpstudy/www/bigfinance.yomibank.com/Application/Home/Conf/config.php 第 80 行.
NOTIC: [8] Use of undefined constant DOC_ROOT - assumed 'DOC_ROOT' /phpstudy/www/bigfinance.yomibank.com/Application/Home/Conf/config.php 第 84 行.
INFO: [ app_begin ] --START--
INFO: Run Behavior\ReadHtmlCacheBehavior [ RunTime:0.000270s ]
INFO: [ app_begin ] --END-- [ RunTime:0.000304s ]
NOTIC: [2048] Declaration of Home\Controller\IndexController::success() should be compatible with Think\Controller::success($message = '', $jumpUrl = '', $ajax = false) /phpstudy/www/bigfinance.yomibank.com/Application/Home/Controller/IndexController.class.php 第 344 行.
INFO: [ view_parse ] --START--
INFO: [ template_filter ] --START--
INFO: Run Behavior\ContentReplaceBehavior [ RunTime:0.000097s ]
INFO: [ template_filter ] --END-- [ RunTime:0.000135s ]
INFO: Run Behavior\ParseTemplateBehavior [ RunTime:0.008903s ]
INFO: [ view_parse ] --END-- [ RunTime:0.008937s ]
INFO: [ view_filter ] --START--
INFO: Run Behavior\WriteHtmlCacheBehavior [ RunTime:0.000085s ]
INFO: [ view_filter ] --END-- [ RunTime:0.000111s ]
INFO: [ app_end ] --START--
INFO: Run Behavior\ShowPageTraceBehavior [ RunTime:0.000298s ]
INFO: [ app_end ] --END-- [ RunTime:0.000334s ]

[ 2018-01-24T16:01:47+08:00 ] 223.104.213.118 /?from=singlemessage&isappinstalled=0
INFO: [ app_init ] --START--
INFO: Run Behavior\BuildLiteBehavior [ RunTime:0.000009s ]
INFO: [ app_init ] --END-- [ RunTime:0.000052s ]
NOTIC: [8] Use of undefined constant DOC_ROOT - assumed 'DOC_ROOT' /phpstudy/www/bigfinance.yomibank.com/Application/Home/Conf/config.php 第 60 行.
NOTIC: [8] Use of undefined constant DOC_ROOT - assumed 'DOC_ROOT' /phpstudy/www/bigfinance.yomibank.com/Application/Home/Conf/config.php 第 61 行.
NOTIC: [8] Use of undefined constant DOC_ROOT - assumed 'DOC_ROOT' /phpstudy/www/bigfinance.yomibank.com/Application/Home/Conf/config.php 第 70 行.
NOTIC: [8] Use of undefined constant DOC_ROOT - assumed 'DOC_ROOT' /phpstudy/www/bigfinance.yomibank.com/Application/Home/Conf/config.php 第 71 行.
NOTIC: [8] Use of undefined constant DOC_ROOT - assumed 'DOC_ROOT' /phpstudy/www/bigfinance.yomibank.com/Application/Home/Conf/config.php 第 78 行.
NOTIC: [8] Use of undefined constant DOC_ROOT - assumed 'DOC_ROOT' /phpstudy/www/bigfinance.yomibank.com/Application/Home/Conf/config.php 第 79 行.
NOTIC: [8] Use of undefined constant DOC_ROOT - assumed 'DOC_ROOT' /phpstudy/www/bigfinance.yomibank.com/Application/Home/Conf/config.php 第 80 行.
NOTIC: [8] Use of undefined constant DOC_ROOT - assumed 'DOC_ROOT' /phpstudy/www/bigfinance.yomibank.com/Application/Home/Conf/config.php 第 84 行.
INFO: [ app_begin ] --START--
INFO: Run Behavior\ReadHtmlCacheBehavior [ RunTime:0.000302s ]
INFO: [ app_begin ] --END-- [ RunTime:0.000338s ]
NOTIC: [2048] Declaration of Home\Controller\IndexController::success() should be compatible with Think\Controller::success($message = '', $jumpUrl = '', $ajax = false) /phpstudy/www/bigfinance.yomibank.com/Application/Home/Controller/IndexController.class.php 第 344 行.
INFO: [ view_parse ] --START--
INFO: [ template_filter ] --START--
INFO: Run Behavior\ContentReplaceBehavior [ RunTime:0.000084s ]
INFO: [ template_filter ] --END-- [ RunTime:0.000118s ]
INFO: Run Behavior\ParseTemplateBehavior [ RunTime:0.008838s ]
INFO: [ view_parse ] --END-- [ RunTime:0.008872s ]
INFO: [ view_filter ] --START--
INFO: Run Behavior\WriteHtmlCacheBehavior [ RunTime:0.000083s ]
INFO: [ view_filter ] --END-- [ RunTime:0.000108s ]
INFO: [ app_end ] --START--
INFO: Run Behavior\ShowPageTraceBehavior [ RunTime:0.000279s ]
INFO: [ app_end ] --END-- [ RunTime:0.000336s ]

[ 2018-01-24T16:01:55+08:00 ] 223.104.213.118 /
INFO: [ app_init ] --START--
INFO: Run Behavior\BuildLiteBehavior [ RunTime:0.000010s ]
INFO: [ app_init ] --END-- [ RunTime:0.000072s ]
NOTIC: [8] Use of undefined constant DOC_ROOT - assumed 'DOC_ROOT' /phpstudy/www/bigfinance.yomibank.com/Application/Home/Conf/config.php 第 60 行.
NOTIC: [8] Use of undefined constant DOC_ROOT - assumed 'DOC_ROOT' /phpstudy/www/bigfinance.yomibank.com/Application/Home/Conf/config.php 第 61 行.
NOTIC: [8] Use of undefined constant DOC_ROOT - assumed 'DOC_ROOT' /phpstudy/www/bigfinance.yomibank.com/Application/Home/Conf/config.php 第 70 行.
NOTIC: [8] Use of undefined constant DOC_ROOT - assumed 'DOC_ROOT' /phpstudy/www/bigfinance.yomibank.com/Application/Home/Conf/config.php 第 71 行.
NOTIC: [8] Use of undefined constant DOC_ROOT - assumed 'DOC_ROOT' /phpstudy/www/bigfinance.yomibank.com/Application/Home/Conf/config.php 第 78 行.
NOTIC: [8] Use of undefined constant DOC_ROOT - assumed 'DOC_ROOT' /phpstudy/www/bigfinance.yomibank.com/Application/Home/Conf/config.php 第 79 行.
NOTIC: [8] Use of undefined constant DOC_ROOT - assumed 'DOC_ROOT' /phpstudy/www/bigfinance.yomibank.com/Application/Home/Conf/config.php 第 80 行.
NOTIC: [8] Use of undefined constant DOC_ROOT - assumed 'DOC_ROOT' /phpstudy/www/bigfinance.yomibank.com/Application/Home/Conf/config.php 第 84 行.
INFO: [ app_begin ] --START--
INFO: Run Behavior\ReadHtmlCacheBehavior [ RunTime:0.000303s ]
INFO: [ app_begin ] --END-- [ RunTime:0.000337s ]
NOTIC: [2048] Declaration of Home\Controller\IndexController::success() should be compatible with Think\Controller::success($message = '', $jumpUrl = '', $ajax = false) /phpstudy/www/bigfinance.yomibank.com/Application/Home/Controller/IndexController.class.php 第 344 行.
INFO: [ view_parse ] --START--
INFO: [ template_filter ] --START--
INFO: Run Behavior\ContentReplaceBehavior [ RunTime:0.000100s ]
INFO: [ template_filter ] --END-- [ RunTime:0.000136s ]
INFO: Run Behavior\ParseTemplateBehavior [ RunTime:0.008943s ]
INFO: [ view_parse ] --END-- [ RunTime:0.008975s ]
INFO: [ view_filter ] --START--
INFO: Run Behavior\WriteHtmlCacheBehavior [ RunTime:0.000114s ]
INFO: [ view_filter ] --END-- [ RunTime:0.000140s ]
INFO: [ app_end ] --START--
INFO: Run Behavior\ShowPageTraceBehavior [ RunTime:0.000298s ]
INFO: [ app_end ] --END-- [ RunTime:0.000329s ]

[ 2018-01-24T16:02:45+08:00 ] 120.204.17.69 /?from=singlemessage&isappinstalled=0
INFO: [ app_init ] --START--
INFO: Run Behavior\BuildLiteBehavior [ RunTime:0.000009s ]
INFO: [ app_init ] --END-- [ RunTime:0.000048s ]
NOTIC: [8] Use of undefined constant DOC_ROOT - assumed 'DOC_ROOT' /phpstudy/www/bigfinance.yomibank.com/Application/Home/Conf/config.php 第 60 行.
NOTIC: [8] Use of undefined constant DOC_ROOT - assumed 'DOC_ROOT' /phpstudy/www/bigfinance.yomibank.com/Application/Home/Conf/config.php 第 61 行.
NOTIC: [8] Use of undefined constant DOC_ROOT - assumed 'DOC_ROOT' /phpstudy/www/bigfinance.yomibank.com/Application/Home/Conf/config.php 第 70 行.
NOTIC: [8] Use of undefined constant DOC_ROOT - assumed 'DOC_ROOT' /phpstudy/www/bigfinance.yomibank.com/Application/Home/Conf/config.php 第 71 行.
NOTIC: [8] Use of undefined constant DOC_ROOT - assumed 'DOC_ROOT' /phpstudy/www/bigfinance.yomibank.com/Application/Home/Conf/config.php 第 78 行.
NOTIC: [8] Use of undefined constant DOC_ROOT - assumed 'DOC_ROOT' /phpstudy/www/bigfinance.yomibank.com/Application/Home/Conf/config.php 第 79 行.
NOTIC: [8] Use of undefined constant DOC_ROOT - assumed 'DOC_ROOT' /phpstudy/www/bigfinance.yomibank.com/Application/Home/Conf/config.php 第 80 行.
NOTIC: [8] Use of undefined constant DOC_ROOT - assumed 'DOC_ROOT' /phpstudy/www/bigfinance.yomibank.com/Application/Home/Conf/config.php 第 84 行.
INFO: [ app_begin ] --START--
INFO: Run Behavior\ReadHtmlCacheBehavior [ RunTime:0.000303s ]
INFO: [ app_begin ] --END-- [ RunTime:0.000339s ]
NOTIC: [2048] Declaration of Home\Controller\IndexController::success() should be compatible with Think\Controller::success($message = '', $jumpUrl = '', $ajax = false) /phpstudy/www/bigfinance.yomibank.com/Application/Home/Controller/IndexController.class.php 第 344 行.
INFO: [ view_parse ] --START--
INFO: [ template_filter ] --START--
INFO: Run Behavior\ContentReplaceBehavior [ RunTime:0.000084s ]
INFO: [ template_filter ] --END-- [ RunTime:0.000121s ]
INFO: Run Behavior\ParseTemplateBehavior [ RunTime:0.009532s ]
INFO: [ view_parse ] --END-- [ RunTime:0.009568s ]
INFO: [ view_filter ] --START--
INFO: Run Behavior\WriteHtmlCacheBehavior [ RunTime:0.000091s ]
INFO: [ view_filter ] --END-- [ RunTime:0.000118s ]
INFO: [ app_end ] --START--
INFO: Run Behavior\ShowPageTraceBehavior [ RunTime:0.000292s ]
INFO: [ app_end ] --END-- [ RunTime:0.000326s ]

[ 2018-01-24T16:05:37+08:00 ] 223.104.213.118 /?from=singlemessage&isappinstalled=0
INFO: [ app_init ] --START--
INFO: Run Behavior\BuildLiteBehavior [ RunTime:0.000009s ]
INFO: [ app_init ] --END-- [ RunTime:0.000046s ]
NOTIC: [8] Use of undefined constant DOC_ROOT - assumed 'DOC_ROOT' /phpstudy/www/bigfinance.yomibank.com/Application/Home/Conf/config.php 第 60 行.
NOTIC: [8] Use of undefined constant DOC_ROOT - assumed 'DOC_ROOT' /phpstudy/www/bigfinance.yomibank.com/Application/Home/Conf/config.php 第 61 行.
NOTIC: [8] Use of undefined constant DOC_ROOT - assumed 'DOC_ROOT' /phpstudy/www/bigfinance.yomibank.com/Application/Home/Conf/config.php 第 70 行.
NOTIC: [8] Use of undefined constant DOC_ROOT - assumed 'DOC_ROOT' /phpstudy/www/bigfinance.yomibank.com/Application/Home/Conf/config.php 第 71 行.
NOTIC: [8] Use of undefined constant DOC_ROOT - assumed 'DOC_ROOT' /phpstudy/www/bigfinance.yomibank.com/Application/Home/Conf/config.php 第 78 行.
NOTIC: [8] Use of undefined constant DOC_ROOT - assumed 'DOC_ROOT' /phpstudy/www/bigfinance.yomibank.com/Application/Home/Conf/config.php 第 79 行.
NOTIC: [8] Use of undefined constant DOC_ROOT - assumed 'DOC_ROOT' /phpstudy/www/bigfinance.yomibank.com/Application/Home/Conf/config.php 第 80 行.
NOTIC: [8] Use of undefined constant DOC_ROOT - assumed 'DOC_ROOT' /phpstudy/www/bigfinance.yomibank.com/Application/Home/Conf/config.php 第 84 行.
INFO: [ app_begin ] --START--
INFO: Run Behavior\ReadHtmlCacheBehavior [ RunTime:0.000286s ]
INFO: [ app_begin ] --END-- [ RunTime:0.000321s ]
NOTIC: [2048] Declaration of Home\Controller\IndexController::success() should be compatible with Think\Controller::success($message = '', $jumpUrl = '', $ajax = false) /phpstudy/www/bigfinance.yomibank.com/Application/Home/Controller/IndexController.class.php 第 344 行.
INFO: [ view_parse ] --START--
INFO: [ template_filter ] --START--
INFO: Run Behavior\ContentReplaceBehavior [ RunTime:0.000098s ]
INFO: [ template_filter ] --END-- [ RunTime:0.000133s ]
INFO: Run Behavior\ParseTemplateBehavior [ RunTime:0.008919s ]
INFO: [ view_parse ] --END-- [ RunTime:0.008953s ]
INFO: [ view_filter ] --START--
INFO: Run Behavior\WriteHtmlCacheBehavior [ RunTime:0.000134s ]
INFO: [ view_filter ] --END-- [ RunTime:0.000195s ]
INFO: [ app_end ] --START--
INFO: Run Behavior\ShowPageTraceBehavior [ RunTime:0.000279s ]
INFO: [ app_end ] --END-- [ RunTime:0.000312s ]

[ 2018-01-24T16:05:37+08:00 ] 223.104.213.118 /
INFO: [ app_init ] --START--
INFO: Run Behavior\BuildLiteBehavior [ RunTime:0.000009s ]
INFO: [ app_init ] --END-- [ RunTime:0.000071s ]
NOTIC: [8] Use of undefined constant DOC_ROOT - assumed 'DOC_ROOT' /phpstudy/www/bigfinance.yomibank.com/Application/Home/Conf/config.php 第 60 行.
NOTIC: [8] Use of undefined constant DOC_ROOT - assumed 'DOC_ROOT' /phpstudy/www/bigfinance.yomibank.com/Application/Home/Conf/config.php 第 61 行.
NOTIC: [8] Use of undefined constant DOC_ROOT - assumed 'DOC_ROOT' /phpstudy/www/bigfinance.yomibank.com/Application/Home/Conf/config.php 第 70 行.
NOTIC: [8] Use of undefined constant DOC_ROOT - assumed 'DOC_ROOT' /phpstudy/www/bigfinance.yomibank.com/Application/Home/Conf/config.php 第 71 行.
NOTIC: [8] Use of undefined constant DOC_ROOT - assumed 'DOC_ROOT' /phpstudy/www/bigfinance.yomibank.com/Application/Home/Conf/config.php 第 78 行.
NOTIC: [8] Use of undefined constant DOC_ROOT - assumed 'DOC_ROOT' /phpstudy/www/bigfinance.yomibank.com/Application/Home/Conf/config.php 第 79 行.
NOTIC: [8] Use of undefined constant DOC_ROOT - assumed 'DOC_ROOT' /phpstudy/www/bigfinance.yomibank.com/Application/Home/Conf/config.php 第 80 行.
NOTIC: [8] Use of undefined constant DOC_ROOT - assumed 'DOC_ROOT' /phpstudy/www/bigfinance.yomibank.com/Application/Home/Conf/config.php 第 84 行.
INFO: [ app_begin ] --START--
INFO: Run Behavior\ReadHtmlCacheBehavior [ RunTime:0.000306s ]
INFO: [ app_begin ] --END-- [ RunTime:0.000341s ]
NOTIC: [2048] Declaration of Home\Controller\IndexController::success() should be compatible with Think\Controller::success($message = '', $jumpUrl = '', $ajax = false) /phpstudy/www/bigfinance.yomibank.com/Application/Home/Controller/IndexController.class.php 第 344 行.
INFO: [ view_parse ] --START--
INFO: [ template_filter ] --START--
INFO: Run Behavior\ContentReplaceBehavior [ RunTime:0.000081s ]
INFO: [ template_filter ] --END-- [ RunTime:0.000112s ]
INFO: Run Behavior\ParseTemplateBehavior [ RunTime:0.008814s ]
INFO: [ view_parse ] --END-- [ RunTime:0.008844s ]
INFO: [ view_filter ] --START--
INFO: Run Behavior\WriteHtmlCacheBehavior [ RunTime:0.000133s ]
INFO: [ view_filter ] --END-- [ RunTime:0.000158s ]
INFO: [ app_end ] --START--
INFO: Run Behavior\ShowPageTraceBehavior [ RunTime:0.000271s ]
INFO: [ app_end ] --END-- [ RunTime:0.000301s ]

[ 2018-01-24T16:06:00+08:00 ] 140.206.89.50 /
INFO: [ app_init ] --START--
INFO: Run Behavior\BuildLiteBehavior [ RunTime:0.000011s ]
INFO: [ app_init ] --END-- [ RunTime:0.000053s ]
NOTIC: [8] Use of undefined constant DOC_ROOT - assumed 'DOC_ROOT' /phpstudy/www/bigfinance.yomibank.com/Application/Home/Conf/config.php 第 60 行.
NOTIC: [8] Use of undefined constant DOC_ROOT - assumed 'DOC_ROOT' /phpstudy/www/bigfinance.yomibank.com/Application/Home/Conf/config.php 第 61 行.
NOTIC: [8] Use of undefined constant DOC_ROOT - assumed 'DOC_ROOT' /phpstudy/www/bigfinance.yomibank.com/Application/Home/Conf/config.php 第 70 行.
NOTIC: [8] Use of undefined constant DOC_ROOT - assumed 'DOC_ROOT' /phpstudy/www/bigfinance.yomibank.com/Application/Home/Conf/config.php 第 71 行.
NOTIC: [8] Use of undefined constant DOC_ROOT - assumed 'DOC_ROOT' /phpstudy/www/bigfinance.yomibank.com/Application/Home/Conf/config.php 第 78 行.
NOTIC: [8] Use of undefined constant DOC_ROOT - assumed 'DOC_ROOT' /phpstudy/www/bigfinance.yomibank.com/Application/Home/Conf/config.php 第 79 行.
NOTIC: [8] Use of undefined constant DOC_ROOT - assumed 'DOC_ROOT' /phpstudy/www/bigfinance.yomibank.com/Application/Home/Conf/config.php 第 80 行.
NOTIC: [8] Use of undefined constant DOC_ROOT - assumed 'DOC_ROOT' /phpstudy/www/bigfinance.yomibank.com/Application/Home/Conf/config.php 第 84 行.
INFO: [ app_begin ] --START--
INFO: Run Behavior\ReadHtmlCacheBehavior [ RunTime:0.000266s ]
INFO: [ app_begin ] --END-- [ RunTime:0.000300s ]
NOTIC: [2048] Declaration of Home\Controller\IndexController::success() should be compatible with Think\Controller::success($message = '', $jumpUrl = '', $ajax = false) /phpstudy/www/bigfinance.yomibank.com/Application/Home/Controller/IndexController.class.php 第 344 行.
INFO: [ view_parse ] --START--
INFO: [ template_filter ] --START--
INFO: Run Behavior\ContentReplaceBehavior [ RunTime:0.000084s ]
INFO: [ template_filter ] --END-- [ RunTime:0.000120s ]
INFO: Run Behavior\ParseTemplateBehavior [ RunTime:0.008918s ]
INFO: [ view_parse ] --END-- [ RunTime:0.008952s ]
INFO: [ view_filter ] --START--
INFO: Run Behavior\WriteHtmlCacheBehavior [ RunTime:0.000082s ]
INFO: [ view_filter ] --END-- [ RunTime:0.000107s ]
INFO: [ app_end ] --START--
INFO: Run Behavior\ShowPageTraceBehavior [ RunTime:0.000306s ]
INFO: [ app_end ] --END-- [ RunTime:0.000337s ]

[ 2018-01-24T16:06:09+08:00 ] 140.206.89.50 /
INFO: [ app_init ] --START--
INFO: Run Behavior\BuildLiteBehavior [ RunTime:0.000009s ]
INFO: [ app_init ] --END-- [ RunTime:0.000046s ]
NOTIC: [8] Use of undefined constant DOC_ROOT - assumed 'DOC_ROOT' /phpstudy/www/bigfinance.yomibank.com/Application/Home/Conf/config.php 第 60 行.
NOTIC: [8] Use of undefined constant DOC_ROOT - assumed 'DOC_ROOT' /phpstudy/www/bigfinance.yomibank.com/Application/Home/Conf/config.php 第 61 行.
NOTIC: [8] Use of undefined constant DOC_ROOT - assumed 'DOC_ROOT' /phpstudy/www/bigfinance.yomibank.com/Application/Home/Conf/config.php 第 70 行.
NOTIC: [8] Use of undefined constant DOC_ROOT - assumed 'DOC_ROOT' /phpstudy/www/bigfinance.yomibank.com/Application/Home/Conf/config.php 第 71 行.
NOTIC: [8] Use of undefined constant DOC_ROOT - assumed 'DOC_ROOT' /phpstudy/www/bigfinance.yomibank.com/Application/Home/Conf/config.php 第 78 行.
NOTIC: [8] Use of undefined constant DOC_ROOT - assumed 'DOC_ROOT' /phpstudy/www/bigfinance.yomibank.com/Application/Home/Conf/config.php 第 79 行.
NOTIC: [8] Use of undefined constant DOC_ROOT - assumed 'DOC_ROOT' /phpstudy/www/bigfinance.yomibank.com/Application/Home/Conf/config.php 第 80 行.
NOTIC: [8] Use of undefined constant DOC_ROOT - assumed 'DOC_ROOT' /phpstudy/www/bigfinance.yomibank.com/Application/Home/Conf/config.php 第 84 行.
INFO: [ app_begin ] --START--
INFO: Run Behavior\ReadHtmlCacheBehavior [ RunTime:0.000299s ]
INFO: [ app_begin ] --END-- [ RunTime:0.000332s ]
NOTIC: [2048] Declaration of Home\Controller\IndexController::success() should be compatible with Think\Controller::success($message = '', $jumpUrl = '', $ajax = false) /phpstudy/www/bigfinance.yomibank.com/Application/Home/Controller/IndexController.class.php 第 344 行.
INFO: [ view_parse ] --START--
INFO: [ template_filter ] --START--
INFO: Run Behavior\ContentReplaceBehavior [ RunTime:0.000080s ]
INFO: [ template_filter ] --END-- [ RunTime:0.000111s ]
INFO: Run Behavior\ParseTemplateBehavior [ RunTime:0.008853s ]
INFO: [ view_parse ] --END-- [ RunTime:0.008882s ]
INFO: [ view_filter ] --START--
INFO: Run Behavior\WriteHtmlCacheBehavior [ RunTime:0.000082s ]
INFO: [ view_filter ] --END-- [ RunTime:0.000105s ]
INFO: [ app_end ] --START--
INFO: Run Behavior\ShowPageTraceBehavior [ RunTime:0.000287s ]
INFO: [ app_end ] --END-- [ RunTime:0.000319s ]

[ 2018-01-24T16:18:23+08:00 ] 140.206.89.50 /
INFO: [ app_init ] --START--
INFO: Run Behavior\BuildLiteBehavior [ RunTime:0.000010s ]
INFO: [ app_init ] --END-- [ RunTime:0.000066s ]
NOTIC: [8] Use of undefined constant DOC_ROOT - assumed 'DOC_ROOT' /phpstudy/www/bigfinance.yomibank.com/Application/Home/Conf/config.php 第 60 行.
NOTIC: [8] Use of undefined constant DOC_ROOT - assumed 'DOC_ROOT' /phpstudy/www/bigfinance.yomibank.com/Application/Home/Conf/config.php 第 61 行.
NOTIC: [8] Use of undefined constant DOC_ROOT - assumed 'DOC_ROOT' /phpstudy/www/bigfinance.yomibank.com/Application/Home/Conf/config.php 第 70 行.
NOTIC: [8] Use of undefined constant DOC_ROOT - assumed 'DOC_ROOT' /phpstudy/www/bigfinance.yomibank.com/Application/Home/Conf/config.php 第 71 行.
NOTIC: [8] Use of undefined constant DOC_ROOT - assumed 'DOC_ROOT' /phpstudy/www/bigfinance.yomibank.com/Application/Home/Conf/config.php 第 78 行.
NOTIC: [8] Use of undefined constant DOC_ROOT - assumed 'DOC_ROOT' /phpstudy/www/bigfinance.yomibank.com/Application/Home/Conf/config.php 第 79 行.
NOTIC: [8] Use of undefined constant DOC_ROOT - assumed 'DOC_ROOT' /phpstudy/www/bigfinance.yomibank.com/Application/Home/Conf/config.php 第 80 行.
NOTIC: [8] Use of undefined constant DOC_ROOT - assumed 'DOC_ROOT' /phpstudy/www/bigfinance.yomibank.com/Application/Home/Conf/config.php 第 84 行.
INFO: [ app_begin ] --START--
INFO: Run Behavior\ReadHtmlCacheBehavior [ RunTime:0.000278s ]
INFO: [ app_begin ] --END-- [ RunTime:0.000319s ]
NOTIC: [2048] Declaration of Home\Controller\IndexController::success() should be compatible with Think\Controller::success($message = '', $jumpUrl = '', $ajax = false) /phpstudy/www/bigfinance.yomibank.com/Application/Home/Controller/IndexController.class.php 第 344 行.
INFO: [ view_parse ] --START--
INFO: [ template_filter ] --START--
INFO: Run Behavior\ContentReplaceBehavior [ RunTime:0.000112s ]
INFO: [ template_filter ] --END-- [ RunTime:0.000148s ]
INFO: Run Behavior\ParseTemplateBehavior [ RunTime:0.009086s ]
INFO: [ view_parse ] --END-- [ RunTime:0.009122s ]
INFO: [ view_filter ] --START--
INFO: Run Behavior\WriteHtmlCacheBehavior [ RunTime:0.000081s ]
INFO: [ view_filter ] --END-- [ RunTime:0.000106s ]
INFO: [ app_end ] --START--
INFO: Run Behavior\ShowPageTraceBehavior [ RunTime:0.000289s ]
INFO: [ app_end ] --END-- [ RunTime:0.000335s ]

[ 2018-01-24T16:18:23+08:00 ] 140.206.89.50 /
INFO: [ app_init ] --START--
INFO: Run Behavior\BuildLiteBehavior [ RunTime:0.000008s ]
INFO: [ app_init ] --END-- [ RunTime:0.000048s ]
NOTIC: [8] Use of undefined constant DOC_ROOT - assumed 'DOC_ROOT' /phpstudy/www/bigfinance.yomibank.com/Application/Home/Conf/config.php 第 60 行.
NOTIC: [8] Use of undefined constant DOC_ROOT - assumed 'DOC_ROOT' /phpstudy/www/bigfinance.yomibank.com/Application/Home/Conf/config.php 第 61 行.
NOTIC: [8] Use of undefined constant DOC_ROOT - assumed 'DOC_ROOT' /phpstudy/www/bigfinance.yomibank.com/Application/Home/Conf/config.php 第 70 行.
NOTIC: [8] Use of undefined constant DOC_ROOT - assumed 'DOC_ROOT' /phpstudy/www/bigfinance.yomibank.com/Application/Home/Conf/config.php 第 71 行.
NOTIC: [8] Use of undefined constant DOC_ROOT - assumed 'DOC_ROOT' /phpstudy/www/bigfinance.yomibank.com/Application/Home/Conf/config.php 第 78 行.
NOTIC: [8] Use of undefined constant DOC_ROOT - assumed 'DOC_ROOT' /phpstudy/www/bigfinance.yomibank.com/Application/Home/Conf/config.php 第 79 行.
NOTIC: [8] Use of undefined constant DOC_ROOT - assumed 'DOC_ROOT' /phpstudy/www/bigfinance.yomibank.com/Application/Home/Conf/config.php 第 80 行.
NOTIC: [8] Use of undefined constant DOC_ROOT - assumed 'DOC_ROOT' /phpstudy/www/bigfinance.yomibank.com/Application/Home/Conf/config.php 第 84 行.
INFO: [ app_begin ] --START--
INFO: Run Behavior\ReadHtmlCacheBehavior [ RunTime:0.000271s ]
INFO: [ app_begin ] --END-- [ RunTime:0.000308s ]
NOTIC: [2048] Declaration of Home\Controller\IndexController::success() should be compatible with Think\Controller::success($message = '', $jumpUrl = '', $ajax = false) /phpstudy/www/bigfinance.yomibank.com/Application/Home/Controller/IndexController.class.php 第 344 行.
INFO: [ view_parse ] --START--
INFO: [ template_filter ] --START--
INFO: Run Behavior\ContentReplaceBehavior [ RunTime:0.000109s ]
INFO: [ template_filter ] --END-- [ RunTime:0.000140s ]
INFO: Run Behavior\ParseTemplateBehavior [ RunTime:0.009067s ]
INFO: [ view_parse ] --END-- [ RunTime:0.009096s ]
INFO: [ view_filter ] --START--
INFO: Run Behavior\WriteHtmlCacheBehavior [ RunTime:0.000106s ]
INFO: [ view_filter ] --END-- [ RunTime:0.000131s ]
INFO: [ app_end ] --START--
INFO: Run Behavior\ShowPageTraceBehavior [ RunTime:0.000297s ]
INFO: [ app_end ] --END-- [ RunTime:0.000327s ]

[ 2018-01-24T20:16:23+08:00 ] 180.158.142.211 /
INFO: [ app_init ] --START--
INFO: Run Behavior\BuildLiteBehavior [ RunTime:0.000012s ]
INFO: [ app_init ] --END-- [ RunTime:0.000052s ]
NOTIC: [8] Use of undefined constant DOC_ROOT - assumed 'DOC_ROOT' /phpstudy/www/bigfinance.yomibank.com/Application/Home/Conf/config.php 第 60 行.
NOTIC: [8] Use of undefined constant DOC_ROOT - assumed 'DOC_ROOT' /phpstudy/www/bigfinance.yomibank.com/Application/Home/Conf/config.php 第 61 行.
NOTIC: [8] Use of undefined constant DOC_ROOT - assumed 'DOC_ROOT' /phpstudy/www/bigfinance.yomibank.com/Application/Home/Conf/config.php 第 70 行.
NOTIC: [8] Use of undefined constant DOC_ROOT - assumed 'DOC_ROOT' /phpstudy/www/bigfinance.yomibank.com/Application/Home/Conf/config.php 第 71 行.
NOTIC: [8] Use of undefined constant DOC_ROOT - assumed 'DOC_ROOT' /phpstudy/www/bigfinance.yomibank.com/Application/Home/Conf/config.php 第 78 行.
NOTIC: [8] Use of undefined constant DOC_ROOT - assumed 'DOC_ROOT' /phpstudy/www/bigfinance.yomibank.com/Application/Home/Conf/config.php 第 79 行.
NOTIC: [8] Use of undefined constant DOC_ROOT - assumed 'DOC_ROOT' /phpstudy/www/bigfinance.yomibank.com/Application/Home/Conf/config.php 第 80 行.
NOTIC: [8] Use of undefined constant DOC_ROOT - assumed 'DOC_ROOT' /phpstudy/www/bigfinance.yomibank.com/Application/Home/Conf/config.php 第 84 行.
INFO: [ app_begin ] --START--
INFO: Run Behavior\ReadHtmlCacheBehavior [ RunTime:0.000319s ]
INFO: [ app_begin ] --END-- [ RunTime:0.000355s ]
NOTIC: [2048] Declaration of Home\Controller\IndexController::success() should be compatible with Think\Controller::success($message = '', $jumpUrl = '', $ajax = false) /phpstudy/www/bigfinance.yomibank.com/Application/Home/Controller/IndexController.class.php 第 344 行.
INFO: [ view_parse ] --START--
INFO: [ template_filter ] --START--
INFO: Run Behavior\ContentReplaceBehavior [ RunTime:0.000102s ]
INFO: [ template_filter ] --END-- [ RunTime:0.000149s ]
INFO: Run Behavior\ParseTemplateBehavior [ RunTime:0.009125s ]
INFO: [ view_parse ] --END-- [ RunTime:0.009161s ]
INFO: [ view_filter ] --START--
INFO: Run Behavior\WriteHtmlCacheBehavior [ RunTime:0.000100s ]
INFO: [ view_filter ] --END-- [ RunTime:0.000127s ]
INFO: [ app_end ] --START--
INFO: Run Behavior\ShowPageTraceBehavior [ RunTime:0.000310s ]
INFO: [ app_end ] --END-- [ RunTime:0.000345s ]

[ 2018-01-24T20:16:23+08:00 ] 180.158.142.211 /
INFO: [ app_init ] --START--
INFO: Run Behavior\BuildLiteBehavior [ RunTime:0.000011s ]
INFO: [ app_init ] --END-- [ RunTime:0.000056s ]
NOTIC: [8] Use of undefined constant DOC_ROOT - assumed 'DOC_ROOT' /phpstudy/www/bigfinance.yomibank.com/Application/Home/Conf/config.php 第 60 行.
NOTIC: [8] Use of undefined constant DOC_ROOT - assumed 'DOC_ROOT' /phpstudy/www/bigfinance.yomibank.com/Application/Home/Conf/config.php 第 61 行.
NOTIC: [8] Use of undefined constant DOC_ROOT - assumed 'DOC_ROOT' /phpstudy/www/bigfinance.yomibank.com/Application/Home/Conf/config.php 第 70 行.
NOTIC: [8] Use of undefined constant DOC_ROOT - assumed 'DOC_ROOT' /phpstudy/www/bigfinance.yomibank.com/Application/Home/Conf/config.php 第 71 行.
NOTIC: [8] Use of undefined constant DOC_ROOT - assumed 'DOC_ROOT' /phpstudy/www/bigfinance.yomibank.com/Application/Home/Conf/config.php 第 78 行.
NOTIC: [8] Use of undefined constant DOC_ROOT - assumed 'DOC_ROOT' /phpstudy/www/bigfinance.yomibank.com/Application/Home/Conf/config.php 第 79 行.
NOTIC: [8] Use of undefined constant DOC_ROOT - assumed 'DOC_ROOT' /phpstudy/www/bigfinance.yomibank.com/Application/Home/Conf/config.php 第 80 行.
NOTIC: [8] Use of undefined constant DOC_ROOT - assumed 'DOC_ROOT' /phpstudy/www/bigfinance.yomibank.com/Application/Home/Conf/config.php 第 84 行.
INFO: [ app_begin ] --START--
INFO: Run Behavior\ReadHtmlCacheBehavior [ RunTime:0.000283s ]
INFO: [ app_begin ] --END-- [ RunTime:0.000324s ]
NOTIC: [2048] Declaration of Home\Controller\IndexController::success() should be compatible with Think\Controller::success($message = '', $jumpUrl = '', $ajax = false) /phpstudy/www/bigfinance.yomibank.com/Application/Home/Controller/IndexController.class.php 第 344 行.
INFO: [ view_parse ] --START--
INFO: [ template_filter ] --START--
INFO: Run Behavior\ContentReplaceBehavior [ RunTime:0.000134s ]
INFO: [ template_filter ] --END-- [ RunTime:0.000180s ]
INFO: Run Behavior\ParseTemplateBehavior [ RunTime:0.009304s ]
INFO: [ view_parse ] --END-- [ RunTime:0.009337s ]
INFO: [ view_filter ] --START--
INFO: Run Behavior\WriteHtmlCacheBehavior [ RunTime:0.000101s ]
INFO: [ view_filter ] --END-- [ RunTime:0.000125s ]
INFO: [ app_end ] --START--
INFO: Run Behavior\ShowPageTraceBehavior [ RunTime:0.000331s ]
INFO: [ app_end ] --END-- [ RunTime:0.000364s ]

[ 2018-01-24T20:16:27+08:00 ] 180.158.142.211 /
INFO: [ app_init ] --START--
INFO: Run Behavior\BuildLiteBehavior [ RunTime:0.000013s ]
INFO: [ app_init ] --END-- [ RunTime:0.000055s ]
NOTIC: [8] Use of undefined constant DOC_ROOT - assumed 'DOC_ROOT' /phpstudy/www/bigfinance.yomibank.com/Application/Home/Conf/config.php 第 60 行.
NOTIC: [8] Use of undefined constant DOC_ROOT - assumed 'DOC_ROOT' /phpstudy/www/bigfinance.yomibank.com/Application/Home/Conf/config.php 第 61 行.
NOTIC: [8] Use of undefined constant DOC_ROOT - assumed 'DOC_ROOT' /phpstudy/www/bigfinance.yomibank.com/Application/Home/Conf/config.php 第 70 行.
NOTIC: [8] Use of undefined constant DOC_ROOT - assumed 'DOC_ROOT' /phpstudy/www/bigfinance.yomibank.com/Application/Home/Conf/config.php 第 71 行.
NOTIC: [8] Use of undefined constant DOC_ROOT - assumed 'DOC_ROOT' /phpstudy/www/bigfinance.yomibank.com/Application/Home/Conf/config.php 第 78 行.
NOTIC: [8] Use of undefined constant DOC_ROOT - assumed 'DOC_ROOT' /phpstudy/www/bigfinance.yomibank.com/Application/Home/Conf/config.php 第 79 行.
NOTIC: [8] Use of undefined constant DOC_ROOT - assumed 'DOC_ROOT' /phpstudy/www/bigfinance.yomibank.com/Application/Home/Conf/config.php 第 80 行.
NOTIC: [8] Use of undefined constant DOC_ROOT - assumed 'DOC_ROOT' /phpstudy/www/bigfinance.yomibank.com/Application/Home/Conf/config.php 第 84 行.
INFO: [ app_begin ] --START--
INFO: Run Behavior\ReadHtmlCacheBehavior [ RunTime:0.000326s ]
INFO: [ app_begin ] --END-- [ RunTime:0.000368s ]
NOTIC: [2048] Declaration of Home\Controller\IndexController::success() should be compatible with Think\Controller::success($message = '', $jumpUrl = '', $ajax = false) /phpstudy/www/bigfinance.yomibank.com/Application/Home/Controller/IndexController.class.php 第 344 行.
INFO: [ view_parse ] --START--
INFO: [ template_filter ] --START--
INFO: Run Behavior\ContentReplaceBehavior [ RunTime:0.000122s ]
INFO: [ template_filter ] --END-- [ RunTime:0.000173s ]
INFO: Run Behavior\ParseTemplateBehavior [ RunTime:0.009410s ]
INFO: [ view_parse ] --END-- [ RunTime:0.009448s ]
INFO: [ view_filter ] --START--
INFO: Run Behavior\WriteHtmlCacheBehavior [ RunTime:0.000107s ]
INFO: [ view_filter ] --END-- [ RunTime:0.000135s ]
INFO: [ app_end ] --START--
INFO: Run Behavior\ShowPageTraceBehavior [ RunTime:0.000360s ]
INFO: [ app_end ] --END-- [ RunTime:0.000396s ]

[ 2018-01-24T20:16:27+08:00 ] 180.158.142.211 /
INFO: [ app_init ] --START--
INFO: Run Behavior\BuildLiteBehavior [ RunTime:0.000023s ]
INFO: [ app_init ] --END-- [ RunTime:0.000087s ]
NOTIC: [8] Use of undefined constant DOC_ROOT - assumed 'DOC_ROOT' /phpstudy/www/bigfinance.yomibank.com/Application/Home/Conf/config.php 第 60 行.
NOTIC: [8] Use of undefined constant DOC_ROOT - assumed 'DOC_ROOT' /phpstudy/www/bigfinance.yomibank.com/Application/Home/Conf/config.php 第 61 行.
NOTIC: [8] Use of undefined constant DOC_ROOT - assumed 'DOC_ROOT' /phpstudy/www/bigfinance.yomibank.com/Application/Home/Conf/config.php 第 70 行.
NOTIC: [8] Use of undefined constant DOC_ROOT - assumed 'DOC_ROOT' /phpstudy/www/bigfinance.yomibank.com/Application/Home/Conf/config.php 第 71 行.
NOTIC: [8] Use of undefined constant DOC_ROOT - assumed 'DOC_ROOT' /phpstudy/www/bigfinance.yomibank.com/Application/Home/Conf/config.php 第 78 行.
NOTIC: [8] Use of undefined constant DOC_ROOT - assumed 'DOC_ROOT' /phpstudy/www/bigfinance.yomibank.com/Application/Home/Conf/config.php 第 79 行.
NOTIC: [8] Use of undefined constant DOC_ROOT - assumed 'DOC_ROOT' /phpstudy/www/bigfinance.yomibank.com/Application/Home/Conf/config.php 第 80 行.
NOTIC: [8] Use of undefined constant DOC_ROOT - assumed 'DOC_ROOT' /phpstudy/www/bigfinance.yomibank.com/Application/Home/Conf/config.php 第 84 行.
INFO: [ app_begin ] --START--
INFO: Run Behavior\ReadHtmlCacheBehavior [ RunTime:0.000280s ]
INFO: [ app_begin ] --END-- [ RunTime:0.000320s ]
NOTIC: [2048] Declaration of Home\Controller\IndexController::success() should be compatible with Think\Controller::success($message = '', $jumpUrl = '', $ajax = false) /phpstudy/www/bigfinance.yomibank.com/Application/Home/Controller/IndexController.class.php 第 344 行.
INFO: [ view_parse ] --START--
INFO: [ template_filter ] --START--
INFO: Run Behavior\ContentReplaceBehavior [ RunTime:0.000117s ]
INFO: [ template_filter ] --END-- [ RunTime:0.000159s ]
INFO: Run Behavior\ParseTemplateBehavior [ RunTime:0.009211s ]
INFO: [ view_parse ] --END-- [ RunTime:0.009242s ]
INFO: [ view_filter ] --START--
INFO: Run Behavior\WriteHtmlCacheBehavior [ RunTime:0.000101s ]
INFO: [ view_filter ] --END-- [ RunTime:0.000172s ]
INFO: [ app_end ] --START--
INFO: Run Behavior\ShowPageTraceBehavior [ RunTime:0.000325s ]
INFO: [ app_end ] --END-- [ RunTime:0.000357s ]

