[ 2018-02-20T05:25:58+08:00 ] 106.11.225.153 /
INFO: [ app_init ] --START--
INFO: Run Behavior\BuildLiteBehavior [ RunTime:0.000009s ]
INFO: [ app_init ] --END-- [ RunTime:0.000064s ]
NOTIC: [8] Use of undefined constant DOC_ROOT - assumed 'DOC_ROOT' /phpstudy/www/bigfinance.yomibank.com/Application/Home/Conf/config.php 第 60 行.
NOTIC: [8] Use of undefined constant DOC_ROOT - assumed 'DOC_ROOT' /phpstudy/www/bigfinance.yomibank.com/Application/Home/Conf/config.php 第 61 行.
NOTIC: [8] Use of undefined constant DOC_ROOT - assumed 'DOC_ROOT' /phpstudy/www/bigfinance.yomibank.com/Application/Home/Conf/config.php 第 70 行.
NOTIC: [8] Use of undefined constant DOC_ROOT - assumed 'DOC_ROOT' /phpstudy/www/bigfinance.yomibank.com/Application/Home/Conf/config.php 第 71 行.
NOTIC: [8] Use of undefined constant DOC_ROOT - assumed 'DOC_ROOT' /phpstudy/www/bigfinance.yomibank.com/Application/Home/Conf/config.php 第 78 行.
NOTIC: [8] Use of undefined constant DOC_ROOT - assumed 'DOC_ROOT' /phpstudy/www/bigfinance.yomibank.com/Application/Home/Conf/config.php 第 79 行.
NOTIC: [8] Use of undefined constant DOC_ROOT - assumed 'DOC_ROOT' /phpstudy/www/bigfinance.yomibank.com/Application/Home/Conf/config.php 第 80 行.
NOTIC: [8] Use of undefined constant DOC_ROOT - assumed 'DOC_ROOT' /phpstudy/www/bigfinance.yomibank.com/Application/Home/Conf/config.php 第 84 行.
INFO: [ app_begin ] --START--
INFO: Run Behavior\ReadHtmlCacheBehavior [ RunTime:0.000296s ]
INFO: [ app_begin ] --END-- [ RunTime:0.000330s ]
NOTIC: [2048] Declaration of Home\Controller\IndexController::success() should be compatible with Think\Controller::success($message = '', $jumpUrl = '', $ajax = false) /phpstudy/www/bigfinance.yomibank.com/Application/Home/Controller/IndexController.class.php 第 345 行.
INFO: [ view_parse ] --START--
INFO: [ template_filter ] --START--
INFO: Run Behavior\ContentReplaceBehavior [ RunTime:0.000083s ]
INFO: [ template_filter ] --END-- [ RunTime:0.000118s ]
INFO: Run Behavior\ParseTemplateBehavior [ RunTime:0.008588s ]
INFO: [ view_parse ] --END-- [ RunTime:0.008622s ]
INFO: [ view_filter ] --START--
INFO: Run Behavior\WriteHtmlCacheBehavior [ RunTime:0.000091s ]
INFO: [ view_filter ] --END-- [ RunTime:0.000118s ]
INFO: [ app_end ] --START--
INFO: Run Behavior\ShowPageTraceBehavior [ RunTime:0.000304s ]
INFO: [ app_end ] --END-- [ RunTime:0.000360s ]

[ 2018-02-20T13:43:13+08:00 ] 112.65.62.193 /Home/Luck/act
INFO: [ app_init ] --START--
INFO: Run Behavior\BuildLiteBehavior [ RunTime:0.000009s ]
INFO: [ app_init ] --END-- [ RunTime:0.000048s ]
NOTIC: [8] Use of undefined constant DOC_ROOT - assumed 'DOC_ROOT' /phpstudy/www/bigfinance.yomibank.com/Application/Home/Conf/config.php 第 60 行.
NOTIC: [8] Use of undefined constant DOC_ROOT - assumed 'DOC_ROOT' /phpstudy/www/bigfinance.yomibank.com/Application/Home/Conf/config.php 第 61 行.
NOTIC: [8] Use of undefined constant DOC_ROOT - assumed 'DOC_ROOT' /phpstudy/www/bigfinance.yomibank.com/Application/Home/Conf/config.php 第 70 行.
NOTIC: [8] Use of undefined constant DOC_ROOT - assumed 'DOC_ROOT' /phpstudy/www/bigfinance.yomibank.com/Application/Home/Conf/config.php 第 71 行.
NOTIC: [8] Use of undefined constant DOC_ROOT - assumed 'DOC_ROOT' /phpstudy/www/bigfinance.yomibank.com/Application/Home/Conf/config.php 第 78 行.
NOTIC: [8] Use of undefined constant DOC_ROOT - assumed 'DOC_ROOT' /phpstudy/www/bigfinance.yomibank.com/Application/Home/Conf/config.php 第 79 行.
NOTIC: [8] Use of undefined constant DOC_ROOT - assumed 'DOC_ROOT' /phpstudy/www/bigfinance.yomibank.com/Application/Home/Conf/config.php 第 80 行.
NOTIC: [8] Use of undefined constant DOC_ROOT - assumed 'DOC_ROOT' /phpstudy/www/bigfinance.yomibank.com/Application/Home/Conf/config.php 第 84 行.
INFO: [ app_begin ] --START--
INFO: Run Behavior\ReadHtmlCacheBehavior [ RunTime:0.000303s ]
INFO: [ app_begin ] --END-- [ RunTime:0.000337s ]
NOTIC: [2] mkdir(): File exists /phpstudy/www/bigfinance.yomibank.com/Application/Common/Common/function.php 第 374 行.
SQL: SHOW COLUMNS FROM `a_luck_record` [ RunTime:0.0006s ]
SQL: UPDATE `a_luck_record` SET `PUSH`=PUSH+1 WHERE `MD5` = 'D89F3A35931C386956C1A402A8E09941' [ RunTime:0.0107s ]
NOTIC: [2] mkdir(): File exists /phpstudy/www/bigfinance.yomibank.com/Application/Common/Common/function.php 第 374 行.
NOTIC: [2] mkdir(): File exists /phpstudy/www/bigfinance.yomibank.com/Application/Common/Common/function.php 第 374 行.
INFO: [ app_end ] --START--
INFO: Run Behavior\ShowPageTraceBehavior [ RunTime:0.000365s ]
INFO: [ app_end ] --END-- [ RunTime:0.000398s ]

[ 2018-02-20T13:43:13+08:00 ] 112.65.62.193 /Home/Luck/act?type=MD5&CHANNEL_MAP_ID=D89F3A35931C386956C1A402A8E09941
INFO: [ app_init ] --START--
INFO: Run Behavior\BuildLiteBehavior [ RunTime:0.000009s ]
INFO: [ app_init ] --END-- [ RunTime:0.000048s ]
NOTIC: [8] Use of undefined constant DOC_ROOT - assumed 'DOC_ROOT' /phpstudy/www/bigfinance.yomibank.com/Application/Home/Conf/config.php 第 60 行.
NOTIC: [8] Use of undefined constant DOC_ROOT - assumed 'DOC_ROOT' /phpstudy/www/bigfinance.yomibank.com/Application/Home/Conf/config.php 第 61 行.
NOTIC: [8] Use of undefined constant DOC_ROOT - assumed 'DOC_ROOT' /phpstudy/www/bigfinance.yomibank.com/Application/Home/Conf/config.php 第 70 行.
NOTIC: [8] Use of undefined constant DOC_ROOT - assumed 'DOC_ROOT' /phpstudy/www/bigfinance.yomibank.com/Application/Home/Conf/config.php 第 71 行.
NOTIC: [8] Use of undefined constant DOC_ROOT - assumed 'DOC_ROOT' /phpstudy/www/bigfinance.yomibank.com/Application/Home/Conf/config.php 第 78 行.
NOTIC: [8] Use of undefined constant DOC_ROOT - assumed 'DOC_ROOT' /phpstudy/www/bigfinance.yomibank.com/Application/Home/Conf/config.php 第 79 行.
NOTIC: [8] Use of undefined constant DOC_ROOT - assumed 'DOC_ROOT' /phpstudy/www/bigfinance.yomibank.com/Application/Home/Conf/config.php 第 80 行.
NOTIC: [8] Use of undefined constant DOC_ROOT - assumed 'DOC_ROOT' /phpstudy/www/bigfinance.yomibank.com/Application/Home/Conf/config.php 第 84 行.
INFO: [ app_begin ] --START--
INFO: Run Behavior\ReadHtmlCacheBehavior [ RunTime:0.000296s ]
INFO: [ app_begin ] --END-- [ RunTime:0.000329s ]
NOTIC: [2] mkdir(): File exists /phpstudy/www/bigfinance.yomibank.com/Application/Common/Common/function.php 第 374 行.
SQL: SHOW COLUMNS FROM `a_luck_record` [ RunTime:0.0006s ]
NOTIC: [8] Undefined index: type /phpstudy/www/bigfinance.yomibank.com/Application/Home/Controller/LuckController.class.php 第 19 行.
INFO: [ app_end ] --START--
INFO: Run Behavior\ShowPageTraceBehavior [ RunTime:0.000331s ]
INFO: [ app_end ] --END-- [ RunTime:0.000362s ]

[ 2018-02-20T13:43:22+08:00 ] 112.65.62.193 /Home/Luck/index?channel=D89F3A35931C386956C1A402A8E09941
INFO: [ app_init ] --START--
INFO: Run Behavior\BuildLiteBehavior [ RunTime:0.000009s ]
INFO: [ app_init ] --END-- [ RunTime:0.000047s ]
NOTIC: [8] Use of undefined constant DOC_ROOT - assumed 'DOC_ROOT' /phpstudy/www/bigfinance.yomibank.com/Application/Home/Conf/config.php 第 60 行.
NOTIC: [8] Use of undefined constant DOC_ROOT - assumed 'DOC_ROOT' /phpstudy/www/bigfinance.yomibank.com/Application/Home/Conf/config.php 第 61 行.
NOTIC: [8] Use of undefined constant DOC_ROOT - assumed 'DOC_ROOT' /phpstudy/www/bigfinance.yomibank.com/Application/Home/Conf/config.php 第 70 行.
NOTIC: [8] Use of undefined constant DOC_ROOT - assumed 'DOC_ROOT' /phpstudy/www/bigfinance.yomibank.com/Application/Home/Conf/config.php 第 71 行.
NOTIC: [8] Use of undefined constant DOC_ROOT - assumed 'DOC_ROOT' /phpstudy/www/bigfinance.yomibank.com/Application/Home/Conf/config.php 第 78 行.
NOTIC: [8] Use of undefined constant DOC_ROOT - assumed 'DOC_ROOT' /phpstudy/www/bigfinance.yomibank.com/Application/Home/Conf/config.php 第 79 行.
NOTIC: [8] Use of undefined constant DOC_ROOT - assumed 'DOC_ROOT' /phpstudy/www/bigfinance.yomibank.com/Application/Home/Conf/config.php 第 80 行.
NOTIC: [8] Use of undefined constant DOC_ROOT - assumed 'DOC_ROOT' /phpstudy/www/bigfinance.yomibank.com/Application/Home/Conf/config.php 第 84 行.
INFO: [ app_begin ] --START--
INFO: Run Behavior\ReadHtmlCacheBehavior [ RunTime:0.000275s ]
INFO: [ app_begin ] --END-- [ RunTime:0.000310s ]
INFO: [ view_parse ] --START--
INFO: [ template_filter ] --START--
INFO: Run Behavior\ContentReplaceBehavior [ RunTime:0.000101s ]
INFO: [ template_filter ] --END-- [ RunTime:0.000136s ]
INFO: Run Behavior\ParseTemplateBehavior [ RunTime:0.005830s ]
INFO: [ view_parse ] --END-- [ RunTime:0.005865s ]
INFO: [ view_filter ] --START--
INFO: Run Behavior\WriteHtmlCacheBehavior [ RunTime:0.000092s ]
INFO: [ view_filter ] --END-- [ RunTime:0.000118s ]
INFO: [ app_end ] --START--
INFO: Run Behavior\ShowPageTraceBehavior [ RunTime:0.000280s ]
INFO: [ app_end ] --END-- [ RunTime:0.000312s ]

[ 2018-02-20T13:43:25+08:00 ] 112.65.62.193 /Home/Luck/index?channel=D89F3A35931C386956C1A402A8E09941
INFO: [ app_init ] --START--
INFO: Run Behavior\BuildLiteBehavior [ RunTime:0.000009s ]
INFO: [ app_init ] --END-- [ RunTime:0.000054s ]
NOTIC: [8] Use of undefined constant DOC_ROOT - assumed 'DOC_ROOT' /phpstudy/www/bigfinance.yomibank.com/Application/Home/Conf/config.php 第 60 行.
NOTIC: [8] Use of undefined constant DOC_ROOT - assumed 'DOC_ROOT' /phpstudy/www/bigfinance.yomibank.com/Application/Home/Conf/config.php 第 61 行.
NOTIC: [8] Use of undefined constant DOC_ROOT - assumed 'DOC_ROOT' /phpstudy/www/bigfinance.yomibank.com/Application/Home/Conf/config.php 第 70 行.
NOTIC: [8] Use of undefined constant DOC_ROOT - assumed 'DOC_ROOT' /phpstudy/www/bigfinance.yomibank.com/Application/Home/Conf/config.php 第 71 行.
NOTIC: [8] Use of undefined constant DOC_ROOT - assumed 'DOC_ROOT' /phpstudy/www/bigfinance.yomibank.com/Application/Home/Conf/config.php 第 78 行.
NOTIC: [8] Use of undefined constant DOC_ROOT - assumed 'DOC_ROOT' /phpstudy/www/bigfinance.yomibank.com/Application/Home/Conf/config.php 第 79 行.
NOTIC: [8] Use of undefined constant DOC_ROOT - assumed 'DOC_ROOT' /phpstudy/www/bigfinance.yomibank.com/Application/Home/Conf/config.php 第 80 行.
NOTIC: [8] Use of undefined constant DOC_ROOT - assumed 'DOC_ROOT' /phpstudy/www/bigfinance.yomibank.com/Application/Home/Conf/config.php 第 84 行.
INFO: [ app_begin ] --START--
INFO: Run Behavior\ReadHtmlCacheBehavior [ RunTime:0.000282s ]
INFO: [ app_begin ] --END-- [ RunTime:0.000330s ]
INFO: [ view_parse ] --START--
INFO: [ template_filter ] --START--
INFO: Run Behavior\ContentReplaceBehavior [ RunTime:0.000100s ]
INFO: [ template_filter ] --END-- [ RunTime:0.000135s ]
INFO: Run Behavior\ParseTemplateBehavior [ RunTime:0.005735s ]
INFO: [ view_parse ] --END-- [ RunTime:0.005770s ]
INFO: [ view_filter ] --START--
INFO: Run Behavior\WriteHtmlCacheBehavior [ RunTime:0.000085s ]
INFO: [ view_filter ] --END-- [ RunTime:0.000110s ]
INFO: [ app_end ] --START--
INFO: Run Behavior\ShowPageTraceBehavior [ RunTime:0.000299s ]
INFO: [ app_end ] --END-- [ RunTime:0.000331s ]

[ 2018-02-20T13:43:25+08:00 ] 112.65.62.193 /Home/Luck/act
INFO: [ app_init ] --START--
INFO: Run Behavior\BuildLiteBehavior [ RunTime:0.000010s ]
INFO: [ app_init ] --END-- [ RunTime:0.000051s ]
NOTIC: [8] Use of undefined constant DOC_ROOT - assumed 'DOC_ROOT' /phpstudy/www/bigfinance.yomibank.com/Application/Home/Conf/config.php 第 60 行.
NOTIC: [8] Use of undefined constant DOC_ROOT - assumed 'DOC_ROOT' /phpstudy/www/bigfinance.yomibank.com/Application/Home/Conf/config.php 第 61 行.
NOTIC: [8] Use of undefined constant DOC_ROOT - assumed 'DOC_ROOT' /phpstudy/www/bigfinance.yomibank.com/Application/Home/Conf/config.php 第 70 行.
NOTIC: [8] Use of undefined constant DOC_ROOT - assumed 'DOC_ROOT' /phpstudy/www/bigfinance.yomibank.com/Application/Home/Conf/config.php 第 71 行.
NOTIC: [8] Use of undefined constant DOC_ROOT - assumed 'DOC_ROOT' /phpstudy/www/bigfinance.yomibank.com/Application/Home/Conf/config.php 第 78 行.
NOTIC: [8] Use of undefined constant DOC_ROOT - assumed 'DOC_ROOT' /phpstudy/www/bigfinance.yomibank.com/Application/Home/Conf/config.php 第 79 行.
NOTIC: [8] Use of undefined constant DOC_ROOT - assumed 'DOC_ROOT' /phpstudy/www/bigfinance.yomibank.com/Application/Home/Conf/config.php 第 80 行.
NOTIC: [8] Use of undefined constant DOC_ROOT - assumed 'DOC_ROOT' /phpstudy/www/bigfinance.yomibank.com/Application/Home/Conf/config.php 第 84 行.
INFO: [ app_begin ] --START--
INFO: Run Behavior\ReadHtmlCacheBehavior [ RunTime:0.000268s ]
INFO: [ app_begin ] --END-- [ RunTime:0.000300s ]
NOTIC: [2] mkdir(): File exists /phpstudy/www/bigfinance.yomibank.com/Application/Common/Common/function.php 第 374 行.
SQL: SHOW COLUMNS FROM `a_luck_record` [ RunTime:0.0006s ]
SQL: UPDATE `a_luck_record` SET `PUSH`=PUSH+1 WHERE `MD5` = 'D89F3A35931C386956C1A402A8E09941' [ RunTime:0.0038s ]
NOTIC: [2] mkdir(): File exists /phpstudy/www/bigfinance.yomibank.com/Application/Common/Common/function.php 第 374 行.
NOTIC: [2] mkdir(): File exists /phpstudy/www/bigfinance.yomibank.com/Application/Common/Common/function.php 第 374 行.
INFO: [ app_end ] --START--
INFO: Run Behavior\ShowPageTraceBehavior [ RunTime:0.000326s ]
INFO: [ app_end ] --END-- [ RunTime:0.000365s ]

[ 2018-02-20T13:43:27+08:00 ] 112.65.62.193 /Home/Luck/act
INFO: [ app_init ] --START--
INFO: Run Behavior\BuildLiteBehavior [ RunTime:0.000011s ]
INFO: [ app_init ] --END-- [ RunTime:0.000049s ]
NOTIC: [8] Use of undefined constant DOC_ROOT - assumed 'DOC_ROOT' /phpstudy/www/bigfinance.yomibank.com/Application/Home/Conf/config.php 第 60 行.
NOTIC: [8] Use of undefined constant DOC_ROOT - assumed 'DOC_ROOT' /phpstudy/www/bigfinance.yomibank.com/Application/Home/Conf/config.php 第 61 行.
NOTIC: [8] Use of undefined constant DOC_ROOT - assumed 'DOC_ROOT' /phpstudy/www/bigfinance.yomibank.com/Application/Home/Conf/config.php 第 70 行.
NOTIC: [8] Use of undefined constant DOC_ROOT - assumed 'DOC_ROOT' /phpstudy/www/bigfinance.yomibank.com/Application/Home/Conf/config.php 第 71 行.
NOTIC: [8] Use of undefined constant DOC_ROOT - assumed 'DOC_ROOT' /phpstudy/www/bigfinance.yomibank.com/Application/Home/Conf/config.php 第 78 行.
NOTIC: [8] Use of undefined constant DOC_ROOT - assumed 'DOC_ROOT' /phpstudy/www/bigfinance.yomibank.com/Application/Home/Conf/config.php 第 79 行.
NOTIC: [8] Use of undefined constant DOC_ROOT - assumed 'DOC_ROOT' /phpstudy/www/bigfinance.yomibank.com/Application/Home/Conf/config.php 第 80 行.
NOTIC: [8] Use of undefined constant DOC_ROOT - assumed 'DOC_ROOT' /phpstudy/www/bigfinance.yomibank.com/Application/Home/Conf/config.php 第 84 行.
INFO: [ app_begin ] --START--
INFO: Run Behavior\ReadHtmlCacheBehavior [ RunTime:0.000286s ]
INFO: [ app_begin ] --END-- [ RunTime:0.000330s ]
NOTIC: [2] mkdir(): File exists /phpstudy/www/bigfinance.yomibank.com/Application/Common/Common/function.php 第 374 行.
SQL: SHOW COLUMNS FROM `a_luck_record` [ RunTime:0.0006s ]
SQL: SELECT * FROM `a_luck_record` WHERE `MD5` = 'D89F3A35931C386956C1A402A8E09941' LIMIT 1   [ RunTime:0.0002s ]
NOTIC: [2] mkdir(): File exists /phpstudy/www/bigfinance.yomibank.com/Application/Common/Common/function.php 第 374 行.
NOTIC: [2] mkdir(): File exists /phpstudy/www/bigfinance.yomibank.com/Application/Common/Common/function.php 第 374 行.
SQL: SELECT * FROM `a_luck_record`  [ RunTime:0.0002s ]
SQL: SELECT sum(WEIGHT) as WEIGHT1,sum(OFFER) as OFFER1 FROM `a_luck_record`  [ RunTime:0.0001s ]
NOTIC: [2] mkdir(): File exists /phpstudy/www/bigfinance.yomibank.com/Application/Common/Common/function.php 第 374 行.
NOTIC: [2] mkdir(): File exists /phpstudy/www/bigfinance.yomibank.com/Application/Common/Common/function.php 第 374 行.
NOTIC: [2] mkdir(): File exists /phpstudy/www/bigfinance.yomibank.com/Application/Common/Common/function.php 第 374 行.
NOTIC: [2] mkdir(): File exists /phpstudy/www/bigfinance.yomibank.com/Application/Common/Common/function.php 第 374 行.
NOTIC: [2] mkdir(): File exists /phpstudy/www/bigfinance.yomibank.com/Application/Common/Common/function.php 第 374 行.
NOTIC: [2] mkdir(): File exists /phpstudy/www/bigfinance.yomibank.com/Application/Common/Common/function.php 第 374 行.
NOTIC: [2] mkdir(): File exists /phpstudy/www/bigfinance.yomibank.com/Application/Common/Common/function.php 第 374 行.
NOTIC: [2] mkdir(): File exists /phpstudy/www/bigfinance.yomibank.com/Application/Common/Common/function.php 第 374 行.
NOTIC: [2] mkdir(): File exists /phpstudy/www/bigfinance.yomibank.com/Application/Common/Common/function.php 第 374 行.
SQL: SELECT * FROM `a_luck_record` WHERE `ID` = 6 LIMIT 1   [ RunTime:0.0001s ]
SQL: UPDATE `a_luck_record` SET `LUCK_PUSH`=LUCK_PUSH+1 WHERE `ID` = 6 [ RunTime:0.0042s ]
NOTIC: [2] mkdir(): File exists /phpstudy/www/bigfinance.yomibank.com/Application/Common/Common/function.php 第 374 行.
NOTIC: [2] mkdir(): File exists /phpstudy/www/bigfinance.yomibank.com/Application/Common/Common/function.php 第 374 行.
SQL: UPDATE `a_luck_record` SET `CLICK`=CLICK+1 WHERE ( 1=1 ) [ RunTime:0.0191s ]
NOTIC: [2] mkdir(): File exists /phpstudy/www/bigfinance.yomibank.com/Application/Common/Common/function.php 第 374 行.
SQL: SELECT `LINK_CLICK`,`CLICK`,`LUCK_PUSH`,`OFFER` FROM `a_luck_record` WHERE `ID` = 6 LIMIT 1   [ RunTime:0.0002s ]
NOTIC: [2] mkdir(): File exists /phpstudy/www/bigfinance.yomibank.com/Application/Common/Common/function.php 第 374 行.
NOTIC: [2] mkdir(): File exists /phpstudy/www/bigfinance.yomibank.com/Application/Common/Common/function.php 第 374 行.
SQL: UPDATE `a_luck_record` SET `CLICK_RATE`='33.33' WHERE `ID` = 6 [ RunTime:0.0033s ]
NOTIC: [2] mkdir(): File exists /phpstudy/www/bigfinance.yomibank.com/Application/Common/Common/function.php 第 374 行.
NOTIC: [2] mkdir(): File exists /phpstudy/www/bigfinance.yomibank.com/Application/Common/Common/function.php 第 374 行.
SQL: UPDATE `a_luck_record` SET `TOTAL`='0.01' WHERE `ID` = 6 [ RunTime:0.0032s ]
NOTIC: [2] mkdir(): File exists /phpstudy/www/bigfinance.yomibank.com/Application/Common/Common/function.php 第 374 行.
NOTIC: [2] mkdir(): File exists /phpstudy/www/bigfinance.yomibank.com/Application/Common/Common/function.php 第 374 行.
NOTIC: [2] mkdir(): File exists /phpstudy/www/bigfinance.yomibank.com/Application/Common/Common/function.php 第 374 行.

[ 2018-02-20T13:43:39+08:00 ] 112.65.62.193 /
INFO: [ app_init ] --START--
INFO: Run Behavior\BuildLiteBehavior [ RunTime:0.000011s ]
INFO: [ app_init ] --END-- [ RunTime:0.000065s ]
NOTIC: [8] Use of undefined constant DOC_ROOT - assumed 'DOC_ROOT' /phpstudy/www/bigfinance.yomibank.com/Application/Home/Conf/config.php 第 60 行.
NOTIC: [8] Use of undefined constant DOC_ROOT - assumed 'DOC_ROOT' /phpstudy/www/bigfinance.yomibank.com/Application/Home/Conf/config.php 第 61 行.
NOTIC: [8] Use of undefined constant DOC_ROOT - assumed 'DOC_ROOT' /phpstudy/www/bigfinance.yomibank.com/Application/Home/Conf/config.php 第 70 行.
NOTIC: [8] Use of undefined constant DOC_ROOT - assumed 'DOC_ROOT' /phpstudy/www/bigfinance.yomibank.com/Application/Home/Conf/config.php 第 71 行.
NOTIC: [8] Use of undefined constant DOC_ROOT - assumed 'DOC_ROOT' /phpstudy/www/bigfinance.yomibank.com/Application/Home/Conf/config.php 第 78 行.
NOTIC: [8] Use of undefined constant DOC_ROOT - assumed 'DOC_ROOT' /phpstudy/www/bigfinance.yomibank.com/Application/Home/Conf/config.php 第 79 行.
NOTIC: [8] Use of undefined constant DOC_ROOT - assumed 'DOC_ROOT' /phpstudy/www/bigfinance.yomibank.com/Application/Home/Conf/config.php 第 80 行.
NOTIC: [8] Use of undefined constant DOC_ROOT - assumed 'DOC_ROOT' /phpstudy/www/bigfinance.yomibank.com/Application/Home/Conf/config.php 第 84 行.
INFO: [ app_begin ] --START--
INFO: Run Behavior\ReadHtmlCacheBehavior [ RunTime:0.000281s ]
INFO: [ app_begin ] --END-- [ RunTime:0.000320s ]
NOTIC: [2048] Declaration of Home\Controller\IndexController::success() should be compatible with Think\Controller::success($message = '', $jumpUrl = '', $ajax = false) /phpstudy/www/bigfinance.yomibank.com/Application/Home/Controller/IndexController.class.php 第 345 行.
INFO: [ view_parse ] --START--
INFO: [ template_filter ] --START--
INFO: Run Behavior\ContentReplaceBehavior [ RunTime:0.000114s ]
INFO: [ template_filter ] --END-- [ RunTime:0.000153s ]
INFO: Run Behavior\ParseTemplateBehavior [ RunTime:0.009483s ]
INFO: [ view_parse ] --END-- [ RunTime:0.009519s ]
INFO: [ view_filter ] --START--
INFO: Run Behavior\WriteHtmlCacheBehavior [ RunTime:0.000093s ]
INFO: [ view_filter ] --END-- [ RunTime:0.000119s ]
INFO: [ app_end ] --START--
INFO: Run Behavior\ShowPageTraceBehavior [ RunTime:0.000305s ]
INFO: [ app_end ] --END-- [ RunTime:0.000358s ]

[ 2018-02-20T13:43:40+08:00 ] 112.65.62.193 /
INFO: [ app_init ] --START--
INFO: Run Behavior\BuildLiteBehavior [ RunTime:0.000009s ]
INFO: [ app_init ] --END-- [ RunTime:0.000048s ]
NOTIC: [8] Use of undefined constant DOC_ROOT - assumed 'DOC_ROOT' /phpstudy/www/bigfinance.yomibank.com/Application/Home/Conf/config.php 第 60 行.
NOTIC: [8] Use of undefined constant DOC_ROOT - assumed 'DOC_ROOT' /phpstudy/www/bigfinance.yomibank.com/Application/Home/Conf/config.php 第 61 行.
NOTIC: [8] Use of undefined constant DOC_ROOT - assumed 'DOC_ROOT' /phpstudy/www/bigfinance.yomibank.com/Application/Home/Conf/config.php 第 70 行.
NOTIC: [8] Use of undefined constant DOC_ROOT - assumed 'DOC_ROOT' /phpstudy/www/bigfinance.yomibank.com/Application/Home/Conf/config.php 第 71 行.
NOTIC: [8] Use of undefined constant DOC_ROOT - assumed 'DOC_ROOT' /phpstudy/www/bigfinance.yomibank.com/Application/Home/Conf/config.php 第 78 行.
NOTIC: [8] Use of undefined constant DOC_ROOT - assumed 'DOC_ROOT' /phpstudy/www/bigfinance.yomibank.com/Application/Home/Conf/config.php 第 79 行.
NOTIC: [8] Use of undefined constant DOC_ROOT - assumed 'DOC_ROOT' /phpstudy/www/bigfinance.yomibank.com/Application/Home/Conf/config.php 第 80 行.
NOTIC: [8] Use of undefined constant DOC_ROOT - assumed 'DOC_ROOT' /phpstudy/www/bigfinance.yomibank.com/Application/Home/Conf/config.php 第 84 行.
INFO: [ app_begin ] --START--
INFO: Run Behavior\ReadHtmlCacheBehavior [ RunTime:0.000276s ]
INFO: [ app_begin ] --END-- [ RunTime:0.000313s ]
NOTIC: [2048] Declaration of Home\Controller\IndexController::success() should be compatible with Think\Controller::success($message = '', $jumpUrl = '', $ajax = false) /phpstudy/www/bigfinance.yomibank.com/Application/Home/Controller/IndexController.class.php 第 345 行.
INFO: [ view_parse ] --START--
INFO: [ template_filter ] --START--
INFO: Run Behavior\ContentReplaceBehavior [ RunTime:0.000111s ]
INFO: [ template_filter ] --END-- [ RunTime:0.000142s ]
INFO: Run Behavior\ParseTemplateBehavior [ RunTime:0.008749s ]
INFO: [ view_parse ] --END-- [ RunTime:0.008782s ]
INFO: [ view_filter ] --START--
INFO: Run Behavior\WriteHtmlCacheBehavior [ RunTime:0.000082s ]
INFO: [ view_filter ] --END-- [ RunTime:0.000105s ]
INFO: [ app_end ] --START--
INFO: Run Behavior\ShowPageTraceBehavior [ RunTime:0.000306s ]
INFO: [ app_end ] --END-- [ RunTime:0.000335s ]

[ 2018-02-20T15:46:05+08:00 ] 112.65.62.193 /
INFO: [ app_init ] --START--
INFO: Run Behavior\BuildLiteBehavior [ RunTime:0.000009s ]
INFO: [ app_init ] --END-- [ RunTime:0.000047s ]
NOTIC: [8] Use of undefined constant DOC_ROOT - assumed 'DOC_ROOT' /phpstudy/www/bigfinance.yomibank.com/Application/Home/Conf/config.php 第 60 行.
NOTIC: [8] Use of undefined constant DOC_ROOT - assumed 'DOC_ROOT' /phpstudy/www/bigfinance.yomibank.com/Application/Home/Conf/config.php 第 61 行.
NOTIC: [8] Use of undefined constant DOC_ROOT - assumed 'DOC_ROOT' /phpstudy/www/bigfinance.yomibank.com/Application/Home/Conf/config.php 第 70 行.
NOTIC: [8] Use of undefined constant DOC_ROOT - assumed 'DOC_ROOT' /phpstudy/www/bigfinance.yomibank.com/Application/Home/Conf/config.php 第 71 行.
NOTIC: [8] Use of undefined constant DOC_ROOT - assumed 'DOC_ROOT' /phpstudy/www/bigfinance.yomibank.com/Application/Home/Conf/config.php 第 78 行.
NOTIC: [8] Use of undefined constant DOC_ROOT - assumed 'DOC_ROOT' /phpstudy/www/bigfinance.yomibank.com/Application/Home/Conf/config.php 第 79 行.
NOTIC: [8] Use of undefined constant DOC_ROOT - assumed 'DOC_ROOT' /phpstudy/www/bigfinance.yomibank.com/Application/Home/Conf/config.php 第 80 行.
NOTIC: [8] Use of undefined constant DOC_ROOT - assumed 'DOC_ROOT' /phpstudy/www/bigfinance.yomibank.com/Application/Home/Conf/config.php 第 84 行.
INFO: [ app_begin ] --START--
INFO: Run Behavior\ReadHtmlCacheBehavior [ RunTime:0.000275s ]
INFO: [ app_begin ] --END-- [ RunTime:0.000309s ]
NOTIC: [2048] Declaration of Home\Controller\IndexController::success() should be compatible with Think\Controller::success($message = '', $jumpUrl = '', $ajax = false) /phpstudy/www/bigfinance.yomibank.com/Application/Home/Controller/IndexController.class.php 第 345 行.
INFO: [ view_parse ] --START--
INFO: [ template_filter ] --START--
INFO: Run Behavior\ContentReplaceBehavior [ RunTime:0.000083s ]
INFO: [ template_filter ] --END-- [ RunTime:0.000119s ]
INFO: Run Behavior\ParseTemplateBehavior [ RunTime:0.008627s ]
INFO: [ view_parse ] --END-- [ RunTime:0.008660s ]
INFO: [ view_filter ] --START--
INFO: Run Behavior\WriteHtmlCacheBehavior [ RunTime:0.000097s ]
INFO: [ view_filter ] --END-- [ RunTime:0.000124s ]
INFO: [ app_end ] --START--
INFO: Run Behavior\ShowPageTraceBehavior [ RunTime:0.000286s ]
INFO: [ app_end ] --END-- [ RunTime:0.000319s ]

[ 2018-02-20T19:03:25+08:00 ] 112.65.62.193 /
INFO: [ app_init ] --START--
INFO: Run Behavior\BuildLiteBehavior [ RunTime:0.000010s ]
INFO: [ app_init ] --END-- [ RunTime:0.000052s ]
NOTIC: [8] Use of undefined constant DOC_ROOT - assumed 'DOC_ROOT' /phpstudy/www/bigfinance.yomibank.com/Application/Home/Conf/config.php 第 60 行.
NOTIC: [8] Use of undefined constant DOC_ROOT - assumed 'DOC_ROOT' /phpstudy/www/bigfinance.yomibank.com/Application/Home/Conf/config.php 第 61 行.
NOTIC: [8] Use of undefined constant DOC_ROOT - assumed 'DOC_ROOT' /phpstudy/www/bigfinance.yomibank.com/Application/Home/Conf/config.php 第 70 行.
NOTIC: [8] Use of undefined constant DOC_ROOT - assumed 'DOC_ROOT' /phpstudy/www/bigfinance.yomibank.com/Application/Home/Conf/config.php 第 71 行.
NOTIC: [8] Use of undefined constant DOC_ROOT - assumed 'DOC_ROOT' /phpstudy/www/bigfinance.yomibank.com/Application/Home/Conf/config.php 第 78 行.
NOTIC: [8] Use of undefined constant DOC_ROOT - assumed 'DOC_ROOT' /phpstudy/www/bigfinance.yomibank.com/Application/Home/Conf/config.php 第 79 行.
NOTIC: [8] Use of undefined constant DOC_ROOT - assumed 'DOC_ROOT' /phpstudy/www/bigfinance.yomibank.com/Application/Home/Conf/config.php 第 80 行.
NOTIC: [8] Use of undefined constant DOC_ROOT - assumed 'DOC_ROOT' /phpstudy/www/bigfinance.yomibank.com/Application/Home/Conf/config.php 第 84 行.
INFO: [ app_begin ] --START--
INFO: Run Behavior\ReadHtmlCacheBehavior [ RunTime:0.000267s ]
INFO: [ app_begin ] --END-- [ RunTime:0.000301s ]
NOTIC: [2048] Declaration of Home\Controller\IndexController::success() should be compatible with Think\Controller::success($message = '', $jumpUrl = '', $ajax = false) /phpstudy/www/bigfinance.yomibank.com/Application/Home/Controller/IndexController.class.php 第 345 行.
INFO: [ view_parse ] --START--
INFO: [ template_filter ] --START--
INFO: Run Behavior\ContentReplaceBehavior [ RunTime:0.000080s ]
INFO: [ template_filter ] --END-- [ RunTime:0.000115s ]
INFO: Run Behavior\ParseTemplateBehavior [ RunTime:0.008582s ]
INFO: [ view_parse ] --END-- [ RunTime:0.008615s ]
INFO: [ view_filter ] --START--
INFO: Run Behavior\WriteHtmlCacheBehavior [ RunTime:0.000085s ]
INFO: [ view_filter ] --END-- [ RunTime:0.000110s ]
INFO: [ app_end ] --START--
INFO: Run Behavior\ShowPageTraceBehavior [ RunTime:0.000275s ]
INFO: [ app_end ] --END-- [ RunTime:0.000307s ]

[ 2018-02-20T19:03:27+08:00 ] 112.65.62.193 /
INFO: [ app_init ] --START--
INFO: Run Behavior\BuildLiteBehavior [ RunTime:0.000010s ]
INFO: [ app_init ] --END-- [ RunTime:0.000048s ]
NOTIC: [8] Use of undefined constant DOC_ROOT - assumed 'DOC_ROOT' /phpstudy/www/bigfinance.yomibank.com/Application/Home/Conf/config.php 第 60 行.
NOTIC: [8] Use of undefined constant DOC_ROOT - assumed 'DOC_ROOT' /phpstudy/www/bigfinance.yomibank.com/Application/Home/Conf/config.php 第 61 行.
NOTIC: [8] Use of undefined constant DOC_ROOT - assumed 'DOC_ROOT' /phpstudy/www/bigfinance.yomibank.com/Application/Home/Conf/config.php 第 70 行.
NOTIC: [8] Use of undefined constant DOC_ROOT - assumed 'DOC_ROOT' /phpstudy/www/bigfinance.yomibank.com/Application/Home/Conf/config.php 第 71 行.
NOTIC: [8] Use of undefined constant DOC_ROOT - assumed 'DOC_ROOT' /phpstudy/www/bigfinance.yomibank.com/Application/Home/Conf/config.php 第 78 行.
NOTIC: [8] Use of undefined constant DOC_ROOT - assumed 'DOC_ROOT' /phpstudy/www/bigfinance.yomibank.com/Application/Home/Conf/config.php 第 79 行.
NOTIC: [8] Use of undefined constant DOC_ROOT - assumed 'DOC_ROOT' /phpstudy/www/bigfinance.yomibank.com/Application/Home/Conf/config.php 第 80 行.
NOTIC: [8] Use of undefined constant DOC_ROOT - assumed 'DOC_ROOT' /phpstudy/www/bigfinance.yomibank.com/Application/Home/Conf/config.php 第 84 行.
INFO: [ app_begin ] --START--
INFO: Run Behavior\ReadHtmlCacheBehavior [ RunTime:0.000272s ]
INFO: [ app_begin ] --END-- [ RunTime:0.000306s ]
NOTIC: [2048] Declaration of Home\Controller\IndexController::success() should be compatible with Think\Controller::success($message = '', $jumpUrl = '', $ajax = false) /phpstudy/www/bigfinance.yomibank.com/Application/Home/Controller/IndexController.class.php 第 345 行.
INFO: [ view_parse ] --START--
INFO: [ template_filter ] --START--
INFO: Run Behavior\ContentReplaceBehavior [ RunTime:0.000080s ]
INFO: [ template_filter ] --END-- [ RunTime:0.000113s ]
INFO: Run Behavior\ParseTemplateBehavior [ RunTime:0.008622s ]
INFO: [ view_parse ] --END-- [ RunTime:0.008655s ]
INFO: [ view_filter ] --START--
INFO: Run Behavior\WriteHtmlCacheBehavior [ RunTime:0.000090s ]
INFO: [ view_filter ] --END-- [ RunTime:0.000114s ]
INFO: [ app_end ] --START--
INFO: Run Behavior\ShowPageTraceBehavior [ RunTime:0.000282s ]
INFO: [ app_end ] --END-- [ RunTime:0.000313s ]

[ 2018-02-20T19:03:29+08:00 ] 112.65.62.193 /Home/Luck/act
INFO: [ app_init ] --START--
INFO: Run Behavior\BuildLiteBehavior [ RunTime:0.000009s ]
INFO: [ app_init ] --END-- [ RunTime:0.000046s ]
NOTIC: [8] Use of undefined constant DOC_ROOT - assumed 'DOC_ROOT' /phpstudy/www/bigfinance.yomibank.com/Application/Home/Conf/config.php 第 60 行.
NOTIC: [8] Use of undefined constant DOC_ROOT - assumed 'DOC_ROOT' /phpstudy/www/bigfinance.yomibank.com/Application/Home/Conf/config.php 第 61 行.
NOTIC: [8] Use of undefined constant DOC_ROOT - assumed 'DOC_ROOT' /phpstudy/www/bigfinance.yomibank.com/Application/Home/Conf/config.php 第 70 行.
NOTIC: [8] Use of undefined constant DOC_ROOT - assumed 'DOC_ROOT' /phpstudy/www/bigfinance.yomibank.com/Application/Home/Conf/config.php 第 71 行.
NOTIC: [8] Use of undefined constant DOC_ROOT - assumed 'DOC_ROOT' /phpstudy/www/bigfinance.yomibank.com/Application/Home/Conf/config.php 第 78 行.
NOTIC: [8] Use of undefined constant DOC_ROOT - assumed 'DOC_ROOT' /phpstudy/www/bigfinance.yomibank.com/Application/Home/Conf/config.php 第 79 行.
NOTIC: [8] Use of undefined constant DOC_ROOT - assumed 'DOC_ROOT' /phpstudy/www/bigfinance.yomibank.com/Application/Home/Conf/config.php 第 80 行.
NOTIC: [8] Use of undefined constant DOC_ROOT - assumed 'DOC_ROOT' /phpstudy/www/bigfinance.yomibank.com/Application/Home/Conf/config.php 第 84 行.
INFO: [ app_begin ] --START--
INFO: Run Behavior\ReadHtmlCacheBehavior [ RunTime:0.000290s ]
INFO: [ app_begin ] --END-- [ RunTime:0.000323s ]
NOTIC: [2] mkdir(): File exists /phpstudy/www/bigfinance.yomibank.com/Application/Common/Common/function.php 第 374 行.
SQL: SHOW COLUMNS FROM `a_luck_record` [ RunTime:0.0006s ]
SQL: UPDATE `a_luck_record` SET `PUSH`=PUSH+1 WHERE `MD5` = 'D89F3A35931C386956C1A402A8E09941' [ RunTime:0.0622s ]
NOTIC: [2] mkdir(): File exists /phpstudy/www/bigfinance.yomibank.com/Application/Common/Common/function.php 第 374 行.
NOTIC: [2] mkdir(): File exists /phpstudy/www/bigfinance.yomibank.com/Application/Common/Common/function.php 第 374 行.
INFO: [ app_end ] --START--
INFO: Run Behavior\ShowPageTraceBehavior [ RunTime:0.000453s ]
INFO: [ app_end ] --END-- [ RunTime:0.000490s ]

