[ 2018-01-25T11:36:15+08:00 ] 106.11.226.17 /
INFO: [ app_init ] --START--
INFO: Run Behavior\BuildLiteBehavior [ RunTime:0.000010s ]
INFO: [ app_init ] --END-- [ RunTime:0.000051s ]
NOTIC: [8] Use of undefined constant DOC_ROOT - assumed 'DOC_ROOT' /phpstudy/www/bigfinance.yomibank.com/Application/Home/Conf/config.php 第 60 行.
NOTIC: [8] Use of undefined constant DOC_ROOT - assumed 'DOC_ROOT' /phpstudy/www/bigfinance.yomibank.com/Application/Home/Conf/config.php 第 61 行.
NOTIC: [8] Use of undefined constant DOC_ROOT - assumed 'DOC_ROOT' /phpstudy/www/bigfinance.yomibank.com/Application/Home/Conf/config.php 第 70 行.
NOTIC: [8] Use of undefined constant DOC_ROOT - assumed 'DOC_ROOT' /phpstudy/www/bigfinance.yomibank.com/Application/Home/Conf/config.php 第 71 行.
NOTIC: [8] Use of undefined constant DOC_ROOT - assumed 'DOC_ROOT' /phpstudy/www/bigfinance.yomibank.com/Application/Home/Conf/config.php 第 78 行.
NOTIC: [8] Use of undefined constant DOC_ROOT - assumed 'DOC_ROOT' /phpstudy/www/bigfinance.yomibank.com/Application/Home/Conf/config.php 第 79 行.
NOTIC: [8] Use of undefined constant DOC_ROOT - assumed 'DOC_ROOT' /phpstudy/www/bigfinance.yomibank.com/Application/Home/Conf/config.php 第 80 行.
NOTIC: [8] Use of undefined constant DOC_ROOT - assumed 'DOC_ROOT' /phpstudy/www/bigfinance.yomibank.com/Application/Home/Conf/config.php 第 84 行.
INFO: [ app_begin ] --START--
INFO: Run Behavior\ReadHtmlCacheBehavior [ RunTime:0.000272s ]
INFO: [ app_begin ] --END-- [ RunTime:0.000306s ]
NOTIC: [2048] Declaration of Home\Controller\IndexController::success() should be compatible with Think\Controller::success($message = '', $jumpUrl = '', $ajax = false) /phpstudy/www/bigfinance.yomibank.com/Application/Home/Controller/IndexController.class.php 第 344 行.
INFO: [ view_parse ] --START--
INFO: [ template_filter ] --START--
INFO: Run Behavior\ContentReplaceBehavior [ RunTime:0.000093s ]
INFO: [ template_filter ] --END-- [ RunTime:0.000128s ]
INFO: Run Behavior\ParseTemplateBehavior [ RunTime:0.008910s ]
INFO: [ view_parse ] --END-- [ RunTime:0.008942s ]
INFO: [ view_filter ] --START--
INFO: Run Behavior\WriteHtmlCacheBehavior [ RunTime:0.000085s ]
INFO: [ view_filter ] --END-- [ RunTime:0.000110s ]
INFO: [ app_end ] --START--
INFO: Run Behavior\ShowPageTraceBehavior [ RunTime:0.000447s ]
INFO: [ app_end ] --END-- [ RunTime:0.000480s ]

[ 2018-01-25T20:27:57+08:00 ] 180.158.142.211 /
INFO: [ app_init ] --START--
INFO: Run Behavior\BuildLiteBehavior [ RunTime:0.000013s ]
INFO: [ app_init ] --END-- [ RunTime:0.000055s ]
NOTIC: [8] Use of undefined constant DOC_ROOT - assumed 'DOC_ROOT' /phpstudy/www/bigfinance.yomibank.com/Application/Home/Conf/config.php 第 60 行.
NOTIC: [8] Use of undefined constant DOC_ROOT - assumed 'DOC_ROOT' /phpstudy/www/bigfinance.yomibank.com/Application/Home/Conf/config.php 第 61 行.
NOTIC: [8] Use of undefined constant DOC_ROOT - assumed 'DOC_ROOT' /phpstudy/www/bigfinance.yomibank.com/Application/Home/Conf/config.php 第 70 行.
NOTIC: [8] Use of undefined constant DOC_ROOT - assumed 'DOC_ROOT' /phpstudy/www/bigfinance.yomibank.com/Application/Home/Conf/config.php 第 71 行.
NOTIC: [8] Use of undefined constant DOC_ROOT - assumed 'DOC_ROOT' /phpstudy/www/bigfinance.yomibank.com/Application/Home/Conf/config.php 第 78 行.
NOTIC: [8] Use of undefined constant DOC_ROOT - assumed 'DOC_ROOT' /phpstudy/www/bigfinance.yomibank.com/Application/Home/Conf/config.php 第 79 行.
NOTIC: [8] Use of undefined constant DOC_ROOT - assumed 'DOC_ROOT' /phpstudy/www/bigfinance.yomibank.com/Application/Home/Conf/config.php 第 80 行.
NOTIC: [8] Use of undefined constant DOC_ROOT - assumed 'DOC_ROOT' /phpstudy/www/bigfinance.yomibank.com/Application/Home/Conf/config.php 第 84 行.
INFO: [ app_begin ] --START--
INFO: Run Behavior\ReadHtmlCacheBehavior [ RunTime:0.000313s ]
INFO: [ app_begin ] --END-- [ RunTime:0.000350s ]
NOTIC: [2048] Declaration of Home\Controller\IndexController::success() should be compatible with Think\Controller::success($message = '', $jumpUrl = '', $ajax = false) /phpstudy/www/bigfinance.yomibank.com/Application/Home/Controller/IndexController.class.php 第 344 行.
INFO: [ view_parse ] --START--
INFO: [ template_filter ] --START--
INFO: Run Behavior\ContentReplaceBehavior [ RunTime:0.000093s ]
INFO: [ template_filter ] --END-- [ RunTime:0.000163s ]
INFO: Run Behavior\ParseTemplateBehavior [ RunTime:0.009111s ]
INFO: [ view_parse ] --END-- [ RunTime:0.009148s ]
INFO: [ view_filter ] --START--
INFO: Run Behavior\WriteHtmlCacheBehavior [ RunTime:0.000122s ]
INFO: [ view_filter ] --END-- [ RunTime:0.000151s ]
INFO: [ app_end ] --START--
INFO: Run Behavior\ShowPageTraceBehavior [ RunTime:0.000311s ]
INFO: [ app_end ] --END-- [ RunTime:0.000347s ]

[ 2018-01-25T20:27:58+08:00 ] 180.158.142.211 /
INFO: [ app_init ] --START--
INFO: Run Behavior\BuildLiteBehavior [ RunTime:0.000012s ]
INFO: [ app_init ] --END-- [ RunTime:0.000052s ]
NOTIC: [8] Use of undefined constant DOC_ROOT - assumed 'DOC_ROOT' /phpstudy/www/bigfinance.yomibank.com/Application/Home/Conf/config.php 第 60 行.
NOTIC: [8] Use of undefined constant DOC_ROOT - assumed 'DOC_ROOT' /phpstudy/www/bigfinance.yomibank.com/Application/Home/Conf/config.php 第 61 行.
NOTIC: [8] Use of undefined constant DOC_ROOT - assumed 'DOC_ROOT' /phpstudy/www/bigfinance.yomibank.com/Application/Home/Conf/config.php 第 70 行.
NOTIC: [8] Use of undefined constant DOC_ROOT - assumed 'DOC_ROOT' /phpstudy/www/bigfinance.yomibank.com/Application/Home/Conf/config.php 第 71 行.
NOTIC: [8] Use of undefined constant DOC_ROOT - assumed 'DOC_ROOT' /phpstudy/www/bigfinance.yomibank.com/Application/Home/Conf/config.php 第 78 行.
NOTIC: [8] Use of undefined constant DOC_ROOT - assumed 'DOC_ROOT' /phpstudy/www/bigfinance.yomibank.com/Application/Home/Conf/config.php 第 79 行.
NOTIC: [8] Use of undefined constant DOC_ROOT - assumed 'DOC_ROOT' /phpstudy/www/bigfinance.yomibank.com/Application/Home/Conf/config.php 第 80 行.
NOTIC: [8] Use of undefined constant DOC_ROOT - assumed 'DOC_ROOT' /phpstudy/www/bigfinance.yomibank.com/Application/Home/Conf/config.php 第 84 行.
INFO: [ app_begin ] --START--
INFO: Run Behavior\ReadHtmlCacheBehavior [ RunTime:0.000278s ]
INFO: [ app_begin ] --END-- [ RunTime:0.000312s ]
NOTIC: [2048] Declaration of Home\Controller\IndexController::success() should be compatible with Think\Controller::success($message = '', $jumpUrl = '', $ajax = false) /phpstudy/www/bigfinance.yomibank.com/Application/Home/Controller/IndexController.class.php 第 344 行.
INFO: [ view_parse ] --START--
INFO: [ template_filter ] --START--
INFO: Run Behavior\ContentReplaceBehavior [ RunTime:0.000088s ]
INFO: [ template_filter ] --END-- [ RunTime:0.000133s ]
INFO: Run Behavior\ParseTemplateBehavior [ RunTime:0.009169s ]
INFO: [ view_parse ] --END-- [ RunTime:0.009199s ]
INFO: [ view_filter ] --START--
INFO: Run Behavior\WriteHtmlCacheBehavior [ RunTime:0.000096s ]
INFO: [ view_filter ] --END-- [ RunTime:0.000120s ]
INFO: [ app_end ] --START--
INFO: Run Behavior\ShowPageTraceBehavior [ RunTime:0.000836s ]
INFO: [ app_end ] --END-- [ RunTime:0.000869s ]

