[ 2018-03-07T00:00:45+08:00 ] 223.104.145.41 /favicon.ico
INFO: [ app_init ] --START--
INFO: Run Behavior\BuildLiteBehavior [ RunTime:0.000010s ]
INFO: [ app_init ] --END-- [ RunTime:0.000046s ]
ERR: 无法加载模块:Favicon

[ 2018-03-07T11:14:39+08:00 ] 222.90.86.181 /favicon.ico
INFO: [ app_init ] --START--
INFO: Run Behavior\BuildLiteBehavior [ RunTime:0.000010s ]
INFO: [ app_init ] --END-- [ RunTime:0.000073s ]
ERR: 无法加载模块:Favicon

[ 2018-03-07T12:03:59+08:00 ] 140.206.137.118 /favicon.ico
INFO: [ app_init ] --START--
INFO: Run Behavior\BuildLiteBehavior [ RunTime:0.000009s ]
INFO: [ app_init ] --END-- [ RunTime:0.000045s ]
ERR: 无法加载模块:Favicon

[ 2018-03-07T13:51:27+08:00 ] 210.13.104.137 /favicon.ico
INFO: [ app_init ] --START--
INFO: Run Behavior\BuildLiteBehavior [ RunTime:0.000010s ]
INFO: [ app_init ] --END-- [ RunTime:0.000049s ]
ERR: 无法加载模块:Favicon

[ 2018-03-07T17:02:09+08:00 ] 211.138.116.173 /favicon.ico
INFO: [ app_init ] --START--
INFO: Run Behavior\BuildLiteBehavior [ RunTime:0.000009s ]
INFO: [ app_init ] --END-- [ RunTime:0.000046s ]
ERR: 无法加载模块:Favicon

[ 2018-03-07T17:54:59+08:00 ] 183.194.2.98 /favicon.ico
INFO: [ app_init ] --START--
INFO: Run Behavior\BuildLiteBehavior [ RunTime:0.000010s ]
INFO: [ app_init ] --END-- [ RunTime:0.000052s ]
ERR: 无法加载模块:Favicon

