[ 2018-02-26T01:26:17+08:00 ] 140.205.201.43 /index.php?m=member&c=index&a=register&siteid=1
INFO: [ app_init ] --START--
INFO: Run Behavior\BuildLiteBehavior [ RunTime:0.000010s ]
INFO: [ app_init ] --END-- [ RunTime:0.000046s ]
ERR: 无法加载模块:Member

[ 2018-02-26T01:26:18+08:00 ] 140.205.201.43 /index.php?m=wap&a=index&siteid=1
INFO: [ app_init ] --START--
INFO: Run Behavior\BuildLiteBehavior [ RunTime:0.000010s ]
INFO: [ app_init ] --END-- [ RunTime:0.000051s ]
ERR: 无法加载模块:Wap

[ 2018-02-26T09:06:09+08:00 ] 140.206.137.118 /favicon.ico
INFO: [ app_init ] --START--
INFO: Run Behavior\BuildLiteBehavior [ RunTime:0.000009s ]
INFO: [ app_init ] --END-- [ RunTime:0.000044s ]
ERR: 无法加载模块:Favicon

[ 2018-02-26T10:01:21+08:00 ] 140.205.201.39 /index.php?m=member&c=index&a=register&siteid=1
INFO: [ app_init ] --START--
INFO: Run Behavior\BuildLiteBehavior [ RunTime:0.000010s ]
INFO: [ app_init ] --END-- [ RunTime:0.000047s ]
ERR: 无法加载模块:Member

[ 2018-02-26T10:01:22+08:00 ] 140.205.201.39 /index.php?m=wap&a=index&siteid=1
INFO: [ app_init ] --START--
INFO: Run Behavior\BuildLiteBehavior [ RunTime:0.000009s ]
INFO: [ app_init ] --END-- [ RunTime:0.000046s ]
ERR: 无法加载模块:Wap

[ 2018-02-26T14:46:47+08:00 ] 112.65.62.193 /favicon.ico
INFO: [ app_init ] --START--
INFO: Run Behavior\BuildLiteBehavior [ RunTime:0.000009s ]
INFO: [ app_init ] --END-- [ RunTime:0.000043s ]
ERR: 无法加载模块:Favicon

[ 2018-02-26T18:25:36+08:00 ] 140.205.225.186 /index.php?m=member&c=index&a=register&siteid=1
INFO: [ app_init ] --START--
INFO: Run Behavior\BuildLiteBehavior [ RunTime:0.000009s ]
INFO: [ app_init ] --END-- [ RunTime:0.000047s ]
ERR: 无法加载模块:Member

[ 2018-02-26T18:25:38+08:00 ] 140.205.225.186 /index.php?m=wap&a=index&siteid=1
INFO: [ app_init ] --START--
INFO: Run Behavior\BuildLiteBehavior [ RunTime:0.000009s ]
INFO: [ app_init ] --END-- [ RunTime:0.000052s ]
ERR: 无法加载模块:Wap

[ 2018-02-26T19:47:26+08:00 ] 112.65.62.193 /favicon.ico
INFO: [ app_init ] --START--
INFO: Run Behavior\BuildLiteBehavior [ RunTime:0.000008s ]
INFO: [ app_init ] --END-- [ RunTime:0.000045s ]
ERR: 无法加载模块:Favicon

[ 2018-02-26T22:44:09+08:00 ] 106.11.229.165 /index.php?m=member&c=index&a=register&siteid=1
INFO: [ app_init ] --START--
INFO: Run Behavior\BuildLiteBehavior [ RunTime:0.000009s ]
INFO: [ app_init ] --END-- [ RunTime:0.000049s ]
ERR: 无法加载模块:Member

[ 2018-02-26T22:44:14+08:00 ] 106.11.230.34 /index.php?m=wap&a=index&siteid=1
INFO: [ app_init ] --START--
INFO: Run Behavior\BuildLiteBehavior [ RunTime:0.000009s ]
INFO: [ app_init ] --END-- [ RunTime:0.000047s ]
ERR: 无法加载模块:Wap

