2018-02-12 08:21:51  act 16 =======计算次数开始======：{"draw_num":"3","system":"3","coupon_idlist":"","CHANNEL_MAP_ID":"D89F3A35931C386956C1A402A8E09941"}
2018-02-12 08:21:56  act 16 =======计算次数开始======：{"draw_num":"2","system":"3","coupon_idlist":"","CHANNEL_MAP_ID":"D89F3A35931C386956C1A402A8E09941"}
2018-02-12 08:22:01  act 16 =======计算次数开始======：{"draw_num":"1","system":"3","coupon_idlist":"","CHANNEL_MAP_ID":"D89F3A35931C386956C1A402A8E09941"}
2018-02-12 08:22:22  act 16 =======计算次数开始======：{"draw_num":"3","system":"3","coupon_idlist":"","CHANNEL_MAP_ID":"D89F3A35931C386956C1A402A8E09941"}
2018-02-12 08:22:27  act 16 =======计算次数开始======：{"draw_num":"2","system":"3","coupon_idlist":"","CHANNEL_MAP_ID":"D89F3A35931C386956C1A402A8E09941"}
2018-02-12 08:22:32  act 16 =======计算次数开始======：{"draw_num":"1","system":"3","coupon_idlist":"","CHANNEL_MAP_ID":"D89F3A35931C386956C1A402A8E09941"}
2018-02-12 08:30:44  act 16 =======计算次数开始======：{"draw_num":"3","system":"3","coupon_idlist":"","CHANNEL_MAP_ID":"D89F3A35931C386956C1A402A8E09941"}
2018-02-12 14:41:54  act 16 =======计算次数开始======：{"draw_num":"3","system":"2","coupon_idlist":"","CHANNEL_MAP_ID":"D89F3A35931C386956C1A402A8E09941"}
2018-02-12 14:41:59  act 16 =======计算次数开始======：{"draw_num":"2","system":"2","coupon_idlist":"","CHANNEL_MAP_ID":"D89F3A35931C386956C1A402A8E09941"}
2018-02-12 14:42:09  act 16 =======计算次数开始======：{"draw_num":"1","system":"2","coupon_idlist":"","CHANNEL_MAP_ID":"D89F3A35931C386956C1A402A8E09941"}
2018-02-12 14:42:29  act 16 =======计算次数开始======：{"draw_num":"3","system":"2","coupon_idlist":"","CHANNEL_MAP_ID":"D89F3A35931C386956C1A402A8E09941"}
2018-02-12 14:43:44  act 16 =======计算次数开始======：{"draw_num":"2","system":"2","coupon_idlist":"","CHANNEL_MAP_ID":"D89F3A35931C386956C1A402A8E09941"}
2018-02-12 14:44:07  act 16 =======计算次数开始======：{"draw_num":"1","system":"2","coupon_idlist":"null","CHANNEL_MAP_ID":"D89F3A35931C386956C1A402A8E09941"}
2018-02-12 14:44:35  act 16 =======计算次数开始======：{"draw_num":"3","system":"2","coupon_idlist":"","CHANNEL_MAP_ID":"D89F3A35931C386956C1A402A8E09941"}
2018-02-12 14:45:18  act 16 =======计算次数开始======：{"draw_num":"3","system":"2","coupon_idlist":"","CHANNEL_MAP_ID":"D89F3A35931C386956C1A402A8E09941"}
2018-02-12 14:45:23  act 16 =======计算次数开始======：{"draw_num":"2","system":"2","coupon_idlist":"","CHANNEL_MAP_ID":"D89F3A35931C386956C1A402A8E09941"}
2018-02-12 14:49:16  act 16 =======计算次数开始======：{"draw_num":"1","system":"2","coupon_idlist":"null","CHANNEL_MAP_ID":"D89F3A35931C386956C1A402A8E09941"}
2018-02-12 14:52:00  act 16 =======计算次数开始======：{"CHANNEL_MAP_ID":"D89F3A35931C386956C1A402A8E09941","type":"PUSH"}
2018-02-12 14:52:00  act 101 channelModel UPDATE `a_luck_record` SET `PUSH`=PUSH+1 WHERE `MD5` = 'D89F3A35931C386956C1A402A8E09941'
2018-02-12 14:52:00  act 102 channel_count 10
2018-02-12 14:52:02  act 16 =======计算次数开始======：{"draw_num":"2","system":"3","coupon_idlist":"","CHANNEL_MAP_ID":"D89F3A35931C386956C1A402A8E09941","type":"MD5"}
2018-02-12 14:52:02  act 22 MD5 D89F3A35931C386956C1A402A8E09941
2018-02-12 14:52:02  act 23 channelModel SELECT * FROM `a_luck_record` WHERE `MD5` = 'D89F3A35931C386956C1A402A8E09941' LIMIT 1  
2018-02-12 14:52:02  act 31 channel_select [{"id":"1","user_name":"PPTV\u4f1a\u5458\u514d\u8d39\u9001","image_url":"\/Public\/bigwheel\/images\/image001.png","offer":"0.01","weight":"1","push":"1","click":"0","click_rate":"0","total":"0","channel_map_id":"10001","md5":"D89F3A35931C386956C1A402A8E09941","link_url":"http:\/\/wap.newtank.cn\/wap\/act\/pptv\/index.html?adCode=90c7e686","link_click":"0","luck_push":"0"},{"id":"2","user_name":"PPTV-\u6625\u8282\u7248","image_url":"\/Public\/bigwheel\/images\/image003.png","offer":"0.01","weight":"1","push":"1","click":"0","click_rate":"0","total":"0","channel_map_id":"10001","md5":"D89F3A35931C386956C1A402A8E09941","link_url":"http:\/\/wap.newtank.cn\/newtank\/act\/pptv0118\/index.html?adCode=90c7e686","link_click":"0","luck_push":"0"},{"id":"3","user_name":"\u7231\u5947\u827a","image_url":"\/Public\/bigwheel\/images\/image005.png","offer":"0.01","weight":"1","push":"1","click":"0","click_rate":"0","total":"0","channel_map_id":"10001","md5":"D89F3A35931C386956C1A402A8E09941","link_url":"http:\/\/wap.newtank.cn\/wap\/act\/aiqiyi0104\/index.html?adCode=e9a805d8","link_click":"0","luck_push":"0"},{"id":"4","user_name":"\u7535\u5f71\u7968","image_url":"\/Public\/bigwheel\/images\/image007.png","offer":"0.01","weight":"1","push":"1","click":"0","click_rate":"0","total":"0","channel_map_id":"10001","md5":"D89F3A35931C386956C1A402A8E09941","link_url":"  http:\/\/wap.newtank.cn\/wap\/act\/film1226\/index.html?adCode=1091c78e","link_click":"0","luck_push":"0"},{"id":"5","user_name":"\u53e3\u7ea2\u7248","image_url":"\/Public\/bigwheel\/images\/image009.png","offer":"0.01","weight":"1","push":"1","click":"0","click_rate":"0","total":"0","channel_map_id":"10001","md5":"D89F3A35931C386956C1A402A8E09941","link_url":"http:\/\/wap.newtank.cn\/newtank\/act\/dragonfly\/index.html?adCode=e6996949","link_click":"0","luck_push":"0"},{"id":"6","user_name":"\u6ef4\u6ef4\u7ea2\u5305","image_url":"\/Public\/bigwheel\/images\/image011.png","offer":"0.01","weight":"1","push":"1","click":"0","click_rate":"0","total":"0","channel_map_id":"10001","md5":"D89F3A35931C386956C1A402A8E09941","link_url":"http:\/\/wap.newtank.cn\/wap\/act\/didi\/index.html?adCode=601459d8","link_click":"0","luck_push":"0"},{"id":"7","user_name":"\u901a\u7528\u7248","image_url":"\/Public\/bigwheel\/images\/image015.png","offer":"0.01","weight":"1","push":"1","click":"0","click_rate":"0","total":"0","channel_map_id":"10001","md5":"D89F3A35931C386956C1A402A8E09941","link_url":"http:\/\/wap.newtank.cn\/newtank\/act\/calculate\/index.html?adCode=81ee33e8","link_click":"0","luck_push":"0"},{"id":"8","user_name":"\u53e3\u7f69","image_url":"\/Public\/bigwheel\/images\/image017.png","offer":"0.01","weight":"1","push":"1","click":"0","click_rate":"0","total":"0","channel_map_id":"10001","md5":"D89F3A35931C386956C1A402A8E09941","link_url":"http:\/\/wap.newtank.cn\/newtank\/act\/haze\/index.html?adCode=81ee33e8","link_click":"0","luck_push":"0"},{"id":"9","user_name":"\u56fd\u8d38\u7248","image_url":"\/Public\/bigwheel\/images\/image019.png","offer":"0.01","weight":"1","push":"1","click":"0","click_rate":"0","total":"0","channel_map_id":"10001","md5":"D89F3A35931C386956C1A402A8E09941","link_url":"http:\/\/wap.newtank.cn\/newtank\/act\/aikang\/index.html?adCode=81ee33e8","link_click":"0","luck_push":"0"},{"id":"10","user_name":"OFO\u7248","image_url":"\/Public\/bigwheel\/images\/image013.png","offer":"0.01","weight":"1","push":"1","click":"0","click_rate":"0","total":"0","channel_map_id":"10001","md5":"D89F3A35931C386956C1A402A8E09941","link_url":"http:\/\/wap.newtank.cn\/newtank\/act\/ofo0129\/index.html?adCode=81ee33e8","link_click":"0","luck_push":"0"}]
2018-02-12 14:52:02  act 32 channel_select_sum [{"weight1":"10","offer1":"0.09999999999999999"}]
2018-02-12 14:52:02  act 37 sumWeight=10
2018-02-12 14:52:02  act 38 sumOffer=0.09999999999999999
2018-02-12 14:52:02  act 45 sum=[{"sum":10,"id":"1"},{"sum":10,"id":"2"},{"sum":10,"id":"3"},{"sum":10,"id":"4"},{"sum":10,"id":"5"},{"sum":10,"id":"6"},{"sum":10,"id":"7"},{"sum":10,"id":"8"},{"sum":10,"id":"9"},{"sum":10,"id":"10"}]
2018-02-12 14:52:02  act 57 array=[{"start":0,"end":10,"id":"1"},{"start":10,"end":20,"id":"2"},{"start":20,"end":30,"id":"3"},{"start":30,"end":40,"id":"4"},{"start":40,"end":50,"id":"5"},{"start":50,"end":60,"id":"6"},{"start":60,"end":70,"id":"7"},{"start":70,"end":80,"id":"8"},{"start":80,"end":90,"id":"9"},{"start":90,"end":100,"id":"10"}]
2018-02-12 14:52:02  act 60 round=32
2018-02-12 14:52:02  act 63 end=40
2018-02-12 14:52:02  act 64 start=30
2018-02-12 14:52:02  act 71 id 4
2018-02-12 14:52:02  act 72 luck_record_find={"id":"4","user_name":"\u7535\u5f71\u7968","image_url":"\/Public\/bigwheel\/images\/image007.png","offer":"0.01","weight":"1","push":"1","click":"0","click_rate":"0","total":"0","channel_map_id":"10001","md5":"D89F3A35931C386956C1A402A8E09941","link_url":"  http:\/\/wap.newtank.cn\/wap\/act\/film1226\/index.html?adCode=1091c78e","link_click":"0","luck_push":"0"}
2018-02-12 14:52:02  act 74 channel_count 10
2018-02-12 14:52:02  act 76 channel_find={"link_click":"0","click":"1","luck_push":"1","offer":"0.01"}
2018-02-12 14:52:02  act 79 click_rate=0
2018-02-12 14:52:02  act 85 channelModel UPDATE `a_luck_record` SET `CLICK_RATE`='0' WHERE `ID` = 4
2018-02-12 14:52:02  act 89 total 0.00
2018-02-12 14:52:02  act 91 channelModel UPDATE `a_luck_record` SET `TOTAL`='0.00' WHERE `ID` = 4
2018-02-12 14:52:02  act 92 channel_save_total 1
2018-02-12 14:52:02  act 95 =======计算次数结束======：{"status":"200","imgurl":"\/Public\/bigwheel\/images\/image007.png","link":"  http:\/\/wap.newtank.cn\/wap\/act\/film1226\/index.html?adCode=1091c78e","position":"6","id":"4","title":"\u7535\u5f71\u7968"}
2018-02-12 15:01:39  act 16 =======计算次数开始======：{"CHANNEL_MAP_ID":"D89F3A35931C386956C1A402A8E09941","type":"PUSH"}
2018-02-12 15:01:39  act 101 channelModel UPDATE `a_luck_record` SET `PUSH`=PUSH+1 WHERE `MD5` = 'D89F3A35931C386956C1A402A8E09941'
2018-02-12 15:01:39  act 102 channel_count 10
2018-02-12 15:01:40  act 16 =======计算次数开始======：{"draw_num":"2","system":"2","coupon_idlist":"null","CHANNEL_MAP_ID":"D89F3A35931C386956C1A402A8E09941","type":"MD5"}
2018-02-12 15:01:40  act 22 MD5 D89F3A35931C386956C1A402A8E09941
2018-02-12 15:01:40  act 23 channelModel SELECT * FROM `a_luck_record` WHERE `MD5` = 'D89F3A35931C386956C1A402A8E09941' LIMIT 1  
2018-02-12 15:01:40  act 31 channel_select [{"id":"1","user_name":"PPTV\u4f1a\u5458\u514d\u8d39\u9001","image_url":"\/Public\/bigwheel\/images\/image001.png","offer":"0.01","weight":"1","push":"2","click":"1","click_rate":"0","total":"0","channel_map_id":"10001","md5":"D89F3A35931C386956C1A402A8E09941","link_url":"http:\/\/wap.newtank.cn\/wap\/act\/pptv\/index.html?adCode=90c7e686","link_click":"0","luck_push":"0"},{"id":"2","user_name":"PPTV-\u6625\u8282\u7248","image_url":"\/Public\/bigwheel\/images\/image003.png","offer":"0.01","weight":"1","push":"2","click":"1","click_rate":"0","total":"0","channel_map_id":"10001","md5":"D89F3A35931C386956C1A402A8E09941","link_url":"http:\/\/wap.newtank.cn\/newtank\/act\/pptv0118\/index.html?adCode=90c7e686","link_click":"0","luck_push":"0"},{"id":"3","user_name":"\u7231\u5947\u827a","image_url":"\/Public\/bigwheel\/images\/image005.png","offer":"0.01","weight":"1","push":"2","click":"1","click_rate":"0","total":"0","channel_map_id":"10001","md5":"D89F3A35931C386956C1A402A8E09941","link_url":"http:\/\/wap.newtank.cn\/wap\/act\/aiqiyi0104\/index.html?adCode=e9a805d8","link_click":"0","luck_push":"0"},{"id":"4","user_name":"\u7535\u5f71\u7968","image_url":"\/Public\/bigwheel\/images\/image007.png","offer":"0.01","weight":"1","push":"2","click":"1","click_rate":"0","total":"0.00","channel_map_id":"10001","md5":"D89F3A35931C386956C1A402A8E09941","link_url":"  http:\/\/wap.newtank.cn\/wap\/act\/film1226\/index.html?adCode=1091c78e","link_click":"0","luck_push":"1"},{"id":"5","user_name":"\u53e3\u7ea2\u7248","image_url":"\/Public\/bigwheel\/images\/image009.png","offer":"0.01","weight":"1","push":"2","click":"1","click_rate":"0","total":"0","channel_map_id":"10001","md5":"D89F3A35931C386956C1A402A8E09941","link_url":"http:\/\/wap.newtank.cn\/newtank\/act\/dragonfly\/index.html?adCode=e6996949","link_click":"0","luck_push":"0"},{"id":"6","user_name":"\u6ef4\u6ef4\u7ea2\u5305","image_url":"\/Public\/bigwheel\/images\/image011.png","offer":"0.01","weight":"1","push":"2","click":"1","click_rate":"0","total":"0","channel_map_id":"10001","md5":"D89F3A35931C386956C1A402A8E09941","link_url":"http:\/\/wap.newtank.cn\/wap\/act\/didi\/index.html?adCode=601459d8","link_click":"0","luck_push":"0"},{"id":"7","user_name":"\u901a\u7528\u7248","image_url":"\/Public\/bigwheel\/images\/image015.png","offer":"0.01","weight":"1","push":"2","click":"1","click_rate":"0","total":"0","channel_map_id":"10001","md5":"D89F3A35931C386956C1A402A8E09941","link_url":"http:\/\/wap.newtank.cn\/newtank\/act\/calculate\/index.html?adCode=81ee33e8","link_click":"0","luck_push":"0"},{"id":"8","user_name":"\u53e3\u7f69","image_url":"\/Public\/bigwheel\/images\/image017.png","offer":"0.01","weight":"1","push":"2","click":"1","click_rate":"0","total":"0","channel_map_id":"10001","md5":"D89F3A35931C386956C1A402A8E09941","link_url":"http:\/\/wap.newtank.cn\/newtank\/act\/haze\/index.html?adCode=81ee33e8","link_click":"0","luck_push":"0"},{"id":"9","user_name":"\u56fd\u8d38\u7248","image_url":"\/Public\/bigwheel\/images\/image019.png","offer":"0.01","weight":"1","push":"2","click":"1","click_rate":"0","total":"0","channel_map_id":"10001","md5":"D89F3A35931C386956C1A402A8E09941","link_url":"http:\/\/wap.newtank.cn\/newtank\/act\/aikang\/index.html?adCode=81ee33e8","link_click":"0","luck_push":"0"},{"id":"10","user_name":"OFO\u7248","image_url":"\/Public\/bigwheel\/images\/image013.png","offer":"0.01","weight":"1","push":"2","click":"1","click_rate":"0","total":"0","channel_map_id":"10001","md5":"D89F3A35931C386956C1A402A8E09941","link_url":"http:\/\/wap.newtank.cn\/newtank\/act\/ofo0129\/index.html?adCode=81ee33e8","link_click":"0","luck_push":"0"}]
2018-02-12 15:01:40  act 32 channel_select_sum [{"weight1":"10","offer1":"0.09999999999999999"}]
2018-02-12 15:01:40  act 37 sumWeight=10
2018-02-12 15:01:40  act 38 sumOffer=0.09999999999999999
2018-02-12 15:01:40  act 45 sum=[{"sum":10,"id":"1"},{"sum":10,"id":"2"},{"sum":10,"id":"3"},{"sum":10,"id":"4"},{"sum":10,"id":"5"},{"sum":10,"id":"6"},{"sum":10,"id":"7"},{"sum":10,"id":"8"},{"sum":10,"id":"9"},{"sum":10,"id":"10"}]
2018-02-12 15:01:40  act 57 array=[{"start":0,"end":10,"id":"1"},{"start":10,"end":20,"id":"2"},{"start":20,"end":30,"id":"3"},{"start":30,"end":40,"id":"4"},{"start":40,"end":50,"id":"5"},{"start":50,"end":60,"id":"6"},{"start":60,"end":70,"id":"7"},{"start":70,"end":80,"id":"8"},{"start":80,"end":90,"id":"9"},{"start":90,"end":100,"id":"10"}]
2018-02-12 15:01:40  act 60 round=48
2018-02-12 15:01:40  act 63 end=50
2018-02-12 15:01:40  act 64 start=40
2018-02-12 15:01:40  act 71 id 5
2018-02-12 15:01:40  act 72 luck_record_find={"id":"5","user_name":"\u53e3\u7ea2\u7248","image_url":"\/Public\/bigwheel\/images\/image009.png","offer":"0.01","weight":"1","push":"2","click":"1","click_rate":"0","total":"0","channel_map_id":"10001","md5":"D89F3A35931C386956C1A402A8E09941","link_url":"http:\/\/wap.newtank.cn\/newtank\/act\/dragonfly\/index.html?adCode=e6996949","link_click":"0","luck_push":"0"}
2018-02-12 15:01:40  act 74 channel_count 10
2018-02-12 15:01:40  act 76 channel_find={"link_click":"0","click":"2","luck_push":"1","offer":"0.01"}
2018-02-12 15:01:40  act 79 click_rate=0
2018-02-12 15:01:40  act 85 channelModel UPDATE `a_luck_record` SET `CLICK_RATE`='0' WHERE `ID` = 5
2018-02-12 15:01:40  act 89 total 0.00
2018-02-12 15:01:40  act 91 channelModel UPDATE `a_luck_record` SET `TOTAL`='0.00' WHERE `ID` = 5
2018-02-12 15:01:40  act 92 channel_save_total 1
2018-02-12 15:01:40  act 95 =======计算次数结束======：{"status":"200","imgurl":"\/Public\/bigwheel\/images\/image009.png","link":"http:\/\/wap.newtank.cn\/newtank\/act\/dragonfly\/index.html?adCode=e6996949","position":"6","id":"5","title":"\u53e3\u7ea2\u7248"}
2018-02-12 15:01:46  act 16 =======计算次数开始======：{"CHANNEL_MAP_ID":"D89F3A35931C386956C1A402A8E09941","type":"LINK_CLICK","id":"5"}
2018-02-12 15:01:46  act 106 channelModel UPDATE `a_luck_record` SET `LINK_CLICK`=LINK_CLICK+1 WHERE `ID` = 5
2018-02-12 15:01:46  act 107 channel_count 1
2018-02-12 15:01:46  act 110 channel_find={"link_click":"1","click":"2","offer":"0.01"}
2018-02-12 15:01:46  act 113 click_rate=50
2018-02-12 15:01:46  act 118 channelModel UPDATE `a_luck_record` SET `CLICK_RATE`='50' WHERE `ID` = 5
2018-02-12 15:01:46  act 122 total 0.01
2018-02-12 15:01:46  act 124 channelModel UPDATE `a_luck_record` SET `TOTAL`='0.01' WHERE `ID` = 5
2018-02-12 15:01:46  act 125 channel_save_total 1
2018-02-12 15:01:52  act 16 =======计算次数开始======：{"draw_num":"1","system":"2","coupon_idlist":"5","CHANNEL_MAP_ID":"D89F3A35931C386956C1A402A8E09941","type":"MD5"}
2018-02-12 15:01:52  act 22 MD5 D89F3A35931C386956C1A402A8E09941
2018-02-12 15:01:52  act 23 channelModel SELECT * FROM `a_luck_record` WHERE `MD5` = 'D89F3A35931C386956C1A402A8E09941' LIMIT 1  
2018-02-12 15:01:52  act 31 channel_select [{"id":"1","user_name":"PPTV\u4f1a\u5458\u514d\u8d39\u9001","image_url":"\/Public\/bigwheel\/images\/image001.png","offer":"0.01","weight":"1","push":"2","click":"2","click_rate":"0","total":"0","channel_map_id":"10001","md5":"D89F3A35931C386956C1A402A8E09941","link_url":"http:\/\/wap.newtank.cn\/wap\/act\/pptv\/index.html?adCode=90c7e686","link_click":"0","luck_push":"0"},{"id":"2","user_name":"PPTV-\u6625\u8282\u7248","image_url":"\/Public\/bigwheel\/images\/image003.png","offer":"0.01","weight":"1","push":"2","click":"2","click_rate":"0","total":"0","channel_map_id":"10001","md5":"D89F3A35931C386956C1A402A8E09941","link_url":"http:\/\/wap.newtank.cn\/newtank\/act\/pptv0118\/index.html?adCode=90c7e686","link_click":"0","luck_push":"0"},{"id":"3","user_name":"\u7231\u5947\u827a","image_url":"\/Public\/bigwheel\/images\/image005.png","offer":"0.01","weight":"1","push":"2","click":"2","click_rate":"0","total":"0","channel_map_id":"10001","md5":"D89F3A35931C386956C1A402A8E09941","link_url":"http:\/\/wap.newtank.cn\/wap\/act\/aiqiyi0104\/index.html?adCode=e9a805d8","link_click":"0","luck_push":"0"},{"id":"4","user_name":"\u7535\u5f71\u7968","image_url":"\/Public\/bigwheel\/images\/image007.png","offer":"0.01","weight":"1","push":"2","click":"2","click_rate":"0","total":"0.00","channel_map_id":"10001","md5":"D89F3A35931C386956C1A402A8E09941","link_url":"  http:\/\/wap.newtank.cn\/wap\/act\/film1226\/index.html?adCode=1091c78e","link_click":"0","luck_push":"1"},{"id":"5","user_name":"\u53e3\u7ea2\u7248","image_url":"\/Public\/bigwheel\/images\/image009.png","offer":"0.01","weight":"1","push":"2","click":"2","click_rate":"50","total":"0.01","channel_map_id":"10001","md5":"D89F3A35931C386956C1A402A8E09941","link_url":"http:\/\/wap.newtank.cn\/newtank\/act\/dragonfly\/index.html?adCode=e6996949","link_click":"1","luck_push":"1"},{"id":"6","user_name":"\u6ef4\u6ef4\u7ea2\u5305","image_url":"\/Public\/bigwheel\/images\/image011.png","offer":"0.01","weight":"1","push":"2","click":"2","click_rate":"0","total":"0","channel_map_id":"10001","md5":"D89F3A35931C386956C1A402A8E09941","link_url":"http:\/\/wap.newtank.cn\/wap\/act\/didi\/index.html?adCode=601459d8","link_click":"0","luck_push":"0"},{"id":"7","user_name":"\u901a\u7528\u7248","image_url":"\/Public\/bigwheel\/images\/image015.png","offer":"0.01","weight":"1","push":"2","click":"2","click_rate":"0","total":"0","channel_map_id":"10001","md5":"D89F3A35931C386956C1A402A8E09941","link_url":"http:\/\/wap.newtank.cn\/newtank\/act\/calculate\/index.html?adCode=81ee33e8","link_click":"0","luck_push":"0"},{"id":"8","user_name":"\u53e3\u7f69","image_url":"\/Public\/bigwheel\/images\/image017.png","offer":"0.01","weight":"1","push":"2","click":"2","click_rate":"0","total":"0","channel_map_id":"10001","md5":"D89F3A35931C386956C1A402A8E09941","link_url":"http:\/\/wap.newtank.cn\/newtank\/act\/haze\/index.html?adCode=81ee33e8","link_click":"0","luck_push":"0"},{"id":"9","user_name":"\u56fd\u8d38\u7248","image_url":"\/Public\/bigwheel\/images\/image019.png","offer":"0.01","weight":"1","push":"2","click":"2","click_rate":"0","total":"0","channel_map_id":"10001","md5":"D89F3A35931C386956C1A402A8E09941","link_url":"http:\/\/wap.newtank.cn\/newtank\/act\/aikang\/index.html?adCode=81ee33e8","link_click":"0","luck_push":"0"},{"id":"10","user_name":"OFO\u7248","image_url":"\/Public\/bigwheel\/images\/image013.png","offer":"0.01","weight":"1","push":"2","click":"2","click_rate":"0","total":"0","channel_map_id":"10001","md5":"D89F3A35931C386956C1A402A8E09941","link_url":"http:\/\/wap.newtank.cn\/newtank\/act\/ofo0129\/index.html?adCode=81ee33e8","link_click":"0","luck_push":"0"}]
2018-02-12 15:01:52  act 32 channel_select_sum [{"weight1":"10","offer1":"0.09999999999999999"}]
2018-02-12 15:01:52  act 37 sumWeight=10
2018-02-12 15:01:52  act 38 sumOffer=0.09999999999999999
2018-02-12 15:01:52  act 45 sum=[{"sum":10,"id":"1"},{"sum":10,"id":"2"},{"sum":10,"id":"3"},{"sum":10,"id":"4"},{"sum":10,"id":"5"},{"sum":10,"id":"6"},{"sum":10,"id":"7"},{"sum":10,"id":"8"},{"sum":10,"id":"9"},{"sum":10,"id":"10"}]
2018-02-12 15:01:52  act 57 array=[{"start":0,"end":10,"id":"1"},{"start":10,"end":20,"id":"2"},{"start":20,"end":30,"id":"3"},{"start":30,"end":40,"id":"4"},{"start":40,"end":50,"id":"5"},{"start":50,"end":60,"id":"6"},{"start":60,"end":70,"id":"7"},{"start":70,"end":80,"id":"8"},{"start":80,"end":90,"id":"9"},{"start":90,"end":100,"id":"10"}]
2018-02-12 15:01:52  act 60 round=98
2018-02-12 15:01:52  act 63 end=100
2018-02-12 15:01:52  act 64 start=90
2018-02-12 15:01:52  act 71 id 10
2018-02-12 15:01:52  act 72 luck_record_find={"id":"10","user_name":"OFO\u7248","image_url":"\/Public\/bigwheel\/images\/image013.png","offer":"0.01","weight":"1","push":"2","click":"2","click_rate":"0","total":"0","channel_map_id":"10001","md5":"D89F3A35931C386956C1A402A8E09941","link_url":"http:\/\/wap.newtank.cn\/newtank\/act\/ofo0129\/index.html?adCode=81ee33e8","link_click":"0","luck_push":"0"}
2018-02-12 15:01:52  act 74 channel_count 10
2018-02-12 15:01:52  act 76 channel_find={"link_click":"0","click":"3","luck_push":"1","offer":"0.01"}
2018-02-12 15:01:52  act 79 click_rate=0
2018-02-12 15:01:52  act 85 channelModel UPDATE `a_luck_record` SET `CLICK_RATE`='0' WHERE `ID` = 10
2018-02-12 15:01:52  act 89 total 0.00
2018-02-12 15:01:52  act 91 channelModel UPDATE `a_luck_record` SET `TOTAL`='0.00' WHERE `ID` = 10
2018-02-12 15:01:52  act 92 channel_save_total 1
2018-02-12 15:01:52  act 95 =======计算次数结束======：{"status":"200","imgurl":"\/Public\/bigwheel\/images\/image013.png","link":"http:\/\/wap.newtank.cn\/newtank\/act\/ofo0129\/index.html?adCode=81ee33e8","position":"6","id":"10","title":"OFO\u7248"}
2018-02-12 15:01:57  act 16 =======计算次数开始======：{"CHANNEL_MAP_ID":"D89F3A35931C386956C1A402A8E09941","type":"LINK_CLICK","id":"5"}
2018-02-12 15:01:57  act 106 channelModel UPDATE `a_luck_record` SET `LINK_CLICK`=LINK_CLICK+1 WHERE `ID` = 5
2018-02-12 15:01:57  act 107 channel_count 1
2018-02-12 15:01:57  act 110 channel_find={"link_click":"2","click":"3","offer":"0.01"}
2018-02-12 15:01:57  act 113 click_rate=66.67
2018-02-12 15:01:57  act 118 channelModel UPDATE `a_luck_record` SET `CLICK_RATE`='66.67' WHERE `ID` = 5
2018-02-12 15:01:57  act 122 total 0.02
2018-02-12 15:01:57  act 124 channelModel UPDATE `a_luck_record` SET `TOTAL`='0.02' WHERE `ID` = 5
2018-02-12 15:01:57  act 125 channel_save_total 1
2018-02-12 15:04:30  act 16 =======计算次数开始======：{"CHANNEL_MAP_ID":"D89F3A35931C386956C1A402A8E09941","type":"PUSH"}
2018-02-12 15:04:30  act 101 channelModel UPDATE `a_luck_record` SET `PUSH`=PUSH+1 WHERE `MD5` = 'D89F3A35931C386956C1A402A8E09941'
2018-02-12 15:04:30  act 102 channel_count 10
2018-02-12 15:04:32  act 16 =======计算次数开始======：{"draw_num":"3","system":"3","coupon_idlist":"","CHANNEL_MAP_ID":"D89F3A35931C386956C1A402A8E09941","type":"MD5"}
2018-02-12 15:04:32  act 22 MD5 D89F3A35931C386956C1A402A8E09941
2018-02-12 15:04:32  act 23 channelModel SELECT * FROM `a_luck_record` WHERE `MD5` = 'D89F3A35931C386956C1A402A8E09941' LIMIT 1  
2018-02-12 15:04:32  act 31 channel_select [{"id":"1","user_name":"PPTV\u4f1a\u5458\u514d\u8d39\u9001","image_url":"\/Public\/bigwheel\/images\/image001.png","offer":"0.01","weight":"1","push":"3","click":"3","click_rate":"0","total":"0","channel_map_id":"10001","md5":"D89F3A35931C386956C1A402A8E09941","link_url":"http:\/\/wap.newtank.cn\/wap\/act\/pptv\/index.html?adCode=90c7e686","link_click":"0","luck_push":"0"},{"id":"2","user_name":"PPTV-\u6625\u8282\u7248","image_url":"\/Public\/bigwheel\/images\/image003.png","offer":"0.01","weight":"1","push":"3","click":"3","click_rate":"0","total":"0","channel_map_id":"10001","md5":"D89F3A35931C386956C1A402A8E09941","link_url":"http:\/\/wap.newtank.cn\/newtank\/act\/pptv0118\/index.html?adCode=90c7e686","link_click":"0","luck_push":"0"},{"id":"3","user_name":"\u7231\u5947\u827a","image_url":"\/Public\/bigwheel\/images\/image005.png","offer":"0.01","weight":"1","push":"3","click":"3","click_rate":"0","total":"0","channel_map_id":"10001","md5":"D89F3A35931C386956C1A402A8E09941","link_url":"http:\/\/wap.newtank.cn\/wap\/act\/aiqiyi0104\/index.html?adCode=e9a805d8","link_click":"0","luck_push":"0"},{"id":"4","user_name":"\u7535\u5f71\u7968","image_url":"\/Public\/bigwheel\/images\/image007.png","offer":"0.01","weight":"1","push":"3","click":"3","click_rate":"0","total":"0.00","channel_map_id":"10001","md5":"D89F3A35931C386956C1A402A8E09941","link_url":"  http:\/\/wap.newtank.cn\/wap\/act\/film1226\/index.html?adCode=1091c78e","link_click":"0","luck_push":"1"},{"id":"5","user_name":"\u53e3\u7ea2\u7248","image_url":"\/Public\/bigwheel\/images\/image009.png","offer":"0.01","weight":"1","push":"3","click":"3","click_rate":"66.67","total":"0.02","channel_map_id":"10001","md5":"D89F3A35931C386956C1A402A8E09941","link_url":"http:\/\/wap.newtank.cn\/newtank\/act\/dragonfly\/index.html?adCode=e6996949","link_click":"2","luck_push":"1"},{"id":"6","user_name":"\u6ef4\u6ef4\u7ea2\u5305","image_url":"\/Public\/bigwheel\/images\/image011.png","offer":"0.01","weight":"1","push":"3","click":"3","click_rate":"0","total":"0","channel_map_id":"10001","md5":"D89F3A35931C386956C1A402A8E09941","link_url":"http:\/\/wap.newtank.cn\/wap\/act\/didi\/index.html?adCode=601459d8","link_click":"0","luck_push":"0"},{"id":"7","user_name":"\u901a\u7528\u7248","image_url":"\/Public\/bigwheel\/images\/image015.png","offer":"0.01","weight":"1","push":"3","click":"3","click_rate":"0","total":"0","channel_map_id":"10001","md5":"D89F3A35931C386956C1A402A8E09941","link_url":"http:\/\/wap.newtank.cn\/newtank\/act\/calculate\/index.html?adCode=81ee33e8","link_click":"0","luck_push":"0"},{"id":"8","user_name":"\u53e3\u7f69","image_url":"\/Public\/bigwheel\/images\/image017.png","offer":"0.01","weight":"1","push":"3","click":"3","click_rate":"0","total":"0","channel_map_id":"10001","md5":"D89F3A35931C386956C1A402A8E09941","link_url":"http:\/\/wap.newtank.cn\/newtank\/act\/haze\/index.html?adCode=81ee33e8","link_click":"0","luck_push":"0"},{"id":"9","user_name":"\u56fd\u8d38\u7248","image_url":"\/Public\/bigwheel\/images\/image019.png","offer":"0.01","weight":"1","push":"3","click":"3","click_rate":"0","total":"0","channel_map_id":"10001","md5":"D89F3A35931C386956C1A402A8E09941","link_url":"http:\/\/wap.newtank.cn\/newtank\/act\/aikang\/index.html?adCode=81ee33e8","link_click":"0","luck_push":"0"},{"id":"10","user_name":"OFO\u7248","image_url":"\/Public\/bigwheel\/images\/image013.png","offer":"0.01","weight":"1","push":"3","click":"3","click_rate":"0","total":"0.00","channel_map_id":"10001","md5":"D89F3A35931C386956C1A402A8E09941","link_url":"http:\/\/wap.newtank.cn\/newtank\/act\/ofo0129\/index.html?adCode=81ee33e8","link_click":"0","luck_push":"1"}]
2018-02-12 15:04:32  act 32 channel_select_sum [{"weight1":"10","offer1":"0.09999999999999999"}]
2018-02-12 15:04:32  act 37 sumWeight=10
2018-02-12 15:04:32  act 38 sumOffer=0.09999999999999999
2018-02-12 15:04:32  act 45 sum=[{"sum":10,"id":"1"},{"sum":10,"id":"2"},{"sum":10,"id":"3"},{"sum":10,"id":"4"},{"sum":10,"id":"5"},{"sum":10,"id":"6"},{"sum":10,"id":"7"},{"sum":10,"id":"8"},{"sum":10,"id":"9"},{"sum":10,"id":"10"}]
2018-02-12 15:04:32  act 57 array=[{"start":0,"end":10,"id":"1"},{"start":10,"end":20,"id":"2"},{"start":20,"end":30,"id":"3"},{"start":30,"end":40,"id":"4"},{"start":40,"end":50,"id":"5"},{"start":50,"end":60,"id":"6"},{"start":60,"end":70,"id":"7"},{"start":70,"end":80,"id":"8"},{"start":80,"end":90,"id":"9"},{"start":90,"end":100,"id":"10"}]
2018-02-12 15:04:32  act 60 round=11
2018-02-12 15:04:32  act 63 end=20
2018-02-12 15:04:32  act 64 start=10
2018-02-12 15:04:32  act 71 id 2
2018-02-12 15:04:32  act 72 luck_record_find={"id":"2","user_name":"PPTV-\u6625\u8282\u7248","image_url":"\/Public\/bigwheel\/images\/image003.png","offer":"0.01","weight":"1","push":"3","click":"3","click_rate":"0","total":"0","channel_map_id":"10001","md5":"D89F3A35931C386956C1A402A8E09941","link_url":"http:\/\/wap.newtank.cn\/newtank\/act\/pptv0118\/index.html?adCode=90c7e686","link_click":"0","luck_push":"0"}
2018-02-12 15:04:32  act 74 channel_count 10
2018-02-12 15:04:32  act 76 channel_find={"link_click":"0","click":"4","luck_push":"1","offer":"0.01"}
2018-02-12 15:04:32  act 79 click_rate=0
2018-02-12 15:04:32  act 85 channelModel UPDATE `a_luck_record` SET `CLICK_RATE`='0' WHERE `ID` = 2
2018-02-12 15:04:32  act 89 total 0.00
2018-02-12 15:04:32  act 91 channelModel UPDATE `a_luck_record` SET `TOTAL`='0.00' WHERE `ID` = 2
2018-02-12 15:04:32  act 92 channel_save_total 1
2018-02-12 15:04:32  act 95 =======计算次数结束======：{"status":"200","imgurl":"\/Public\/bigwheel\/images\/image003.png","link":"http:\/\/wap.newtank.cn\/newtank\/act\/pptv0118\/index.html?adCode=90c7e686","position":"6","id":"2","title":"PPTV-\u6625\u8282\u7248"}
2018-02-12 15:04:37  act 16 =======计算次数开始======：{"CHANNEL_MAP_ID":"D89F3A35931C386956C1A402A8E09941","type":"LINK_CLICK","id":"2"}
2018-02-12 15:04:37  act 106 channelModel UPDATE `a_luck_record` SET `LINK_CLICK`=LINK_CLICK+1 WHERE `ID` = 2
2018-02-12 15:04:37  act 107 channel_count 1
2018-02-12 15:04:37  act 110 channel_find={"link_click":"1","click":"4","offer":"0.01"}
2018-02-12 15:04:37  act 113 click_rate=25
2018-02-12 15:04:37  act 118 channelModel UPDATE `a_luck_record` SET `CLICK_RATE`='25' WHERE `ID` = 2
2018-02-12 15:04:37  act 122 total 0.01
2018-02-12 15:04:37  act 124 channelModel UPDATE `a_luck_record` SET `TOTAL`='0.01' WHERE `ID` = 2
2018-02-12 15:04:37  act 125 channel_save_total 1
2018-02-12 15:04:53  act 16 =======计算次数开始======：{"CHANNEL_MAP_ID":"D89F3A35931C386956C1A402A8E09941","type":"PUSH"}
2018-02-12 15:04:53  act 101 channelModel UPDATE `a_luck_record` SET `PUSH`=PUSH+1 WHERE `MD5` = 'D89F3A35931C386956C1A402A8E09941'
2018-02-12 15:04:53  act 102 channel_count 10
2018-02-12 15:04:54  act 16 =======计算次数开始======：{"draw_num":"2","system":"3","coupon_idlist":"2","CHANNEL_MAP_ID":"D89F3A35931C386956C1A402A8E09941","type":"MD5"}
2018-02-12 15:04:54  act 22 MD5 D89F3A35931C386956C1A402A8E09941
2018-02-12 15:04:54  act 23 channelModel SELECT * FROM `a_luck_record` WHERE `MD5` = 'D89F3A35931C386956C1A402A8E09941' LIMIT 1  
2018-02-12 15:04:54  act 31 channel_select [{"id":"1","user_name":"PPTV\u4f1a\u5458\u514d\u8d39\u9001","image_url":"\/Public\/bigwheel\/images\/image001.png","offer":"0.01","weight":"1","push":"4","click":"4","click_rate":"0","total":"0","channel_map_id":"10001","md5":"D89F3A35931C386956C1A402A8E09941","link_url":"http:\/\/wap.newtank.cn\/wap\/act\/pptv\/index.html?adCode=90c7e686","link_click":"0","luck_push":"0"},{"id":"2","user_name":"PPTV-\u6625\u8282\u7248","image_url":"\/Public\/bigwheel\/images\/image003.png","offer":"0.01","weight":"1","push":"4","click":"4","click_rate":"25","total":"0.01","channel_map_id":"10001","md5":"D89F3A35931C386956C1A402A8E09941","link_url":"http:\/\/wap.newtank.cn\/newtank\/act\/pptv0118\/index.html?adCode=90c7e686","link_click":"1","luck_push":"1"},{"id":"3","user_name":"\u7231\u5947\u827a","image_url":"\/Public\/bigwheel\/images\/image005.png","offer":"0.01","weight":"1","push":"4","click":"4","click_rate":"0","total":"0","channel_map_id":"10001","md5":"D89F3A35931C386956C1A402A8E09941","link_url":"http:\/\/wap.newtank.cn\/wap\/act\/aiqiyi0104\/index.html?adCode=e9a805d8","link_click":"0","luck_push":"0"},{"id":"4","user_name":"\u7535\u5f71\u7968","image_url":"\/Public\/bigwheel\/images\/image007.png","offer":"0.01","weight":"1","push":"4","click":"4","click_rate":"0","total":"0.00","channel_map_id":"10001","md5":"D89F3A35931C386956C1A402A8E09941","link_url":"  http:\/\/wap.newtank.cn\/wap\/act\/film1226\/index.html?adCode=1091c78e","link_click":"0","luck_push":"1"},{"id":"5","user_name":"\u53e3\u7ea2\u7248","image_url":"\/Public\/bigwheel\/images\/image009.png","offer":"0.01","weight":"1","push":"4","click":"4","click_rate":"66.67","total":"0.02","channel_map_id":"10001","md5":"D89F3A35931C386956C1A402A8E09941","link_url":"http:\/\/wap.newtank.cn\/newtank\/act\/dragonfly\/index.html?adCode=e6996949","link_click":"2","luck_push":"1"},{"id":"6","user_name":"\u6ef4\u6ef4\u7ea2\u5305","image_url":"\/Public\/bigwheel\/images\/image011.png","offer":"0.01","weight":"1","push":"4","click":"4","click_rate":"0","total":"0","channel_map_id":"10001","md5":"D89F3A35931C386956C1A402A8E09941","link_url":"http:\/\/wap.newtank.cn\/wap\/act\/didi\/index.html?adCode=601459d8","link_click":"0","luck_push":"0"},{"id":"7","user_name":"\u901a\u7528\u7248","image_url":"\/Public\/bigwheel\/images\/image015.png","offer":"0.01","weight":"1","push":"4","click":"4","click_rate":"0","total":"0","channel_map_id":"10001","md5":"D89F3A35931C386956C1A402A8E09941","link_url":"http:\/\/wap.newtank.cn\/newtank\/act\/calculate\/index.html?adCode=81ee33e8","link_click":"0","luck_push":"0"},{"id":"8","user_name":"\u53e3\u7f69","image_url":"\/Public\/bigwheel\/images\/image017.png","offer":"0.01","weight":"1","push":"4","click":"4","click_rate":"0","total":"0","channel_map_id":"10001","md5":"D89F3A35931C386956C1A402A8E09941","link_url":"http:\/\/wap.newtank.cn\/newtank\/act\/haze\/index.html?adCode=81ee33e8","link_click":"0","luck_push":"0"},{"id":"9","user_name":"\u56fd\u8d38\u7248","image_url":"\/Public\/bigwheel\/images\/image019.png","offer":"0.01","weight":"1","push":"4","click":"4","click_rate":"0","total":"0","channel_map_id":"10001","md5":"D89F3A35931C386956C1A402A8E09941","link_url":"http:\/\/wap.newtank.cn\/newtank\/act\/aikang\/index.html?adCode=81ee33e8","link_click":"0","luck_push":"0"},{"id":"10","user_name":"OFO\u7248","image_url":"\/Public\/bigwheel\/images\/image013.png","offer":"0.01","weight":"1","push":"4","click":"4","click_rate":"0","total":"0.00","channel_map_id":"10001","md5":"D89F3A35931C386956C1A402A8E09941","link_url":"http:\/\/wap.newtank.cn\/newtank\/act\/ofo0129\/index.html?adCode=81ee33e8","link_click":"0","luck_push":"1"}]
2018-02-12 15:04:54  act 32 channel_select_sum [{"weight1":"10","offer1":"0.09999999999999999"}]
2018-02-12 15:04:54  act 37 sumWeight=10
2018-02-12 15:04:54  act 38 sumOffer=0.09999999999999999
2018-02-12 15:04:54  act 45 sum=[{"sum":10,"id":"1"},{"sum":10,"id":"2"},{"sum":10,"id":"3"},{"sum":10,"id":"4"},{"sum":10,"id":"5"},{"sum":10,"id":"6"},{"sum":10,"id":"7"},{"sum":10,"id":"8"},{"sum":10,"id":"9"},{"sum":10,"id":"10"}]
2018-02-12 15:04:54  act 57 array=[{"start":0,"end":10,"id":"1"},{"start":10,"end":20,"id":"2"},{"start":20,"end":30,"id":"3"},{"start":30,"end":40,"id":"4"},{"start":40,"end":50,"id":"5"},{"start":50,"end":60,"id":"6"},{"start":60,"end":70,"id":"7"},{"start":70,"end":80,"id":"8"},{"start":80,"end":90,"id":"9"},{"start":90,"end":100,"id":"10"}]
2018-02-12 15:04:54  act 60 round=56
2018-02-12 15:04:54  act 63 end=60
2018-02-12 15:04:54  act 64 start=50
2018-02-12 15:04:54  act 71 id 6
2018-02-12 15:04:54  act 72 luck_record_find={"id":"6","user_name":"\u6ef4\u6ef4\u7ea2\u5305","image_url":"\/Public\/bigwheel\/images\/image011.png","offer":"0.01","weight":"1","push":"4","click":"4","click_rate":"0","total":"0","channel_map_id":"10001","md5":"D89F3A35931C386956C1A402A8E09941","link_url":"http:\/\/wap.newtank.cn\/wap\/act\/didi\/index.html?adCode=601459d8","link_click":"0","luck_push":"0"}
2018-02-12 15:04:54  act 74 channel_count 10
2018-02-12 15:04:54  act 76 channel_find={"link_click":"0","click":"5","luck_push":"1","offer":"0.01"}
2018-02-12 15:04:54  act 79 click_rate=0
2018-02-12 15:04:54  act 85 channelModel UPDATE `a_luck_record` SET `CLICK_RATE`='0' WHERE `ID` = 6
2018-02-12 15:04:54  act 89 total 0.00
2018-02-12 15:04:54  act 91 channelModel UPDATE `a_luck_record` SET `TOTAL`='0.00' WHERE `ID` = 6
2018-02-12 15:04:54  act 92 channel_save_total 1
2018-02-12 15:04:54  act 95 =======计算次数结束======：{"status":"200","imgurl":"\/Public\/bigwheel\/images\/image011.png","link":"http:\/\/wap.newtank.cn\/wap\/act\/didi\/index.html?adCode=601459d8","position":"6","id":"6","title":"\u6ef4\u6ef4\u7ea2\u5305"}
2018-02-12 15:04:58  act 16 =======计算次数开始======：{"CHANNEL_MAP_ID":"D89F3A35931C386956C1A402A8E09941","type":"LINK_CLICK","id":"6"}
2018-02-12 15:04:58  act 106 channelModel UPDATE `a_luck_record` SET `LINK_CLICK`=LINK_CLICK+1 WHERE `ID` = 6
2018-02-12 15:04:58  act 107 channel_count 1
2018-02-12 15:04:58  act 110 channel_find={"link_click":"1","click":"5","offer":"0.01"}
2018-02-12 15:04:58  act 113 click_rate=20
2018-02-12 15:04:58  act 118 channelModel UPDATE `a_luck_record` SET `CLICK_RATE`='20' WHERE `ID` = 6
2018-02-12 15:04:58  act 122 total 0.01
2018-02-12 15:04:58  act 124 channelModel UPDATE `a_luck_record` SET `TOTAL`='0.01' WHERE `ID` = 6
2018-02-12 15:04:58  act 125 channel_save_total 1
2018-02-12 15:05:06  act 16 =======计算次数开始======：{"CHANNEL_MAP_ID":"D89F3A35931C386956C1A402A8E09941","type":"PUSH"}
2018-02-12 15:05:06  act 101 channelModel UPDATE `a_luck_record` SET `PUSH`=PUSH+1 WHERE `MD5` = 'D89F3A35931C386956C1A402A8E09941'
2018-02-12 15:05:06  act 102 channel_count 10
2018-02-12 15:05:07  act 16 =======计算次数开始======：{"draw_num":"1","system":"3","coupon_idlist":"2,6","CHANNEL_MAP_ID":"D89F3A35931C386956C1A402A8E09941","type":"MD5"}
2018-02-12 15:05:07  act 22 MD5 D89F3A35931C386956C1A402A8E09941
2018-02-12 15:05:07  act 23 channelModel SELECT * FROM `a_luck_record` WHERE `MD5` = 'D89F3A35931C386956C1A402A8E09941' LIMIT 1  
2018-02-12 15:05:07  act 31 channel_select [{"id":"1","user_name":"PPTV\u4f1a\u5458\u514d\u8d39\u9001","image_url":"\/Public\/bigwheel\/images\/image001.png","offer":"0.01","weight":"1","push":"5","click":"5","click_rate":"0","total":"0","channel_map_id":"10001","md5":"D89F3A35931C386956C1A402A8E09941","link_url":"http:\/\/wap.newtank.cn\/wap\/act\/pptv\/index.html?adCode=90c7e686","link_click":"0","luck_push":"0"},{"id":"2","user_name":"PPTV-\u6625\u8282\u7248","image_url":"\/Public\/bigwheel\/images\/image003.png","offer":"0.01","weight":"1","push":"5","click":"5","click_rate":"25","total":"0.01","channel_map_id":"10001","md5":"D89F3A35931C386956C1A402A8E09941","link_url":"http:\/\/wap.newtank.cn\/newtank\/act\/pptv0118\/index.html?adCode=90c7e686","link_click":"1","luck_push":"1"},{"id":"3","user_name":"\u7231\u5947\u827a","image_url":"\/Public\/bigwheel\/images\/image005.png","offer":"0.01","weight":"1","push":"5","click":"5","click_rate":"0","total":"0","channel_map_id":"10001","md5":"D89F3A35931C386956C1A402A8E09941","link_url":"http:\/\/wap.newtank.cn\/wap\/act\/aiqiyi0104\/index.html?adCode=e9a805d8","link_click":"0","luck_push":"0"},{"id":"4","user_name":"\u7535\u5f71\u7968","image_url":"\/Public\/bigwheel\/images\/image007.png","offer":"0.01","weight":"1","push":"5","click":"5","click_rate":"0","total":"0.00","channel_map_id":"10001","md5":"D89F3A35931C386956C1A402A8E09941","link_url":"  http:\/\/wap.newtank.cn\/wap\/act\/film1226\/index.html?adCode=1091c78e","link_click":"0","luck_push":"1"},{"id":"5","user_name":"\u53e3\u7ea2\u7248","image_url":"\/Public\/bigwheel\/images\/image009.png","offer":"0.01","weight":"1","push":"5","click":"5","click_rate":"66.67","total":"0.02","channel_map_id":"10001","md5":"D89F3A35931C386956C1A402A8E09941","link_url":"http:\/\/wap.newtank.cn\/newtank\/act\/dragonfly\/index.html?adCode=e6996949","link_click":"2","luck_push":"1"},{"id":"6","user_name":"\u6ef4\u6ef4\u7ea2\u5305","image_url":"\/Public\/bigwheel\/images\/image011.png","offer":"0.01","weight":"1","push":"5","click":"5","click_rate":"20","total":"0.01","channel_map_id":"10001","md5":"D89F3A35931C386956C1A402A8E09941","link_url":"http:\/\/wap.newtank.cn\/wap\/act\/didi\/index.html?adCode=601459d8","link_click":"1","luck_push":"1"},{"id":"7","user_name":"\u901a\u7528\u7248","image_url":"\/Public\/bigwheel\/images\/image015.png","offer":"0.01","weight":"1","push":"5","click":"5","click_rate":"0","total":"0","channel_map_id":"10001","md5":"D89F3A35931C386956C1A402A8E09941","link_url":"http:\/\/wap.newtank.cn\/newtank\/act\/calculate\/index.html?adCode=81ee33e8","link_click":"0","luck_push":"0"},{"id":"8","user_name":"\u53e3\u7f69","image_url":"\/Public\/bigwheel\/images\/image017.png","offer":"0.01","weight":"1","push":"5","click":"5","click_rate":"0","total":"0","channel_map_id":"10001","md5":"D89F3A35931C386956C1A402A8E09941","link_url":"http:\/\/wap.newtank.cn\/newtank\/act\/haze\/index.html?adCode=81ee33e8","link_click":"0","luck_push":"0"},{"id":"9","user_name":"\u56fd\u8d38\u7248","image_url":"\/Public\/bigwheel\/images\/image019.png","offer":"0.01","weight":"1","push":"5","click":"5","click_rate":"0","total":"0","channel_map_id":"10001","md5":"D89F3A35931C386956C1A402A8E09941","link_url":"http:\/\/wap.newtank.cn\/newtank\/act\/aikang\/index.html?adCode=81ee33e8","link_click":"0","luck_push":"0"},{"id":"10","user_name":"OFO\u7248","image_url":"\/Public\/bigwheel\/images\/image013.png","offer":"0.01","weight":"1","push":"5","click":"5","click_rate":"0","total":"0.00","channel_map_id":"10001","md5":"D89F3A35931C386956C1A402A8E09941","link_url":"http:\/\/wap.newtank.cn\/newtank\/act\/ofo0129\/index.html?adCode=81ee33e8","link_click":"0","luck_push":"1"}]
2018-02-12 15:05:07  act 32 channel_select_sum [{"weight1":"10","offer1":"0.09999999999999999"}]
2018-02-12 15:05:07  act 37 sumWeight=10
2018-02-12 15:05:07  act 38 sumOffer=0.09999999999999999
2018-02-12 15:05:07  act 45 sum=[{"sum":10,"id":"1"},{"sum":10,"id":"2"},{"sum":10,"id":"3"},{"sum":10,"id":"4"},{"sum":10,"id":"5"},{"sum":10,"id":"6"},{"sum":10,"id":"7"},{"sum":10,"id":"8"},{"sum":10,"id":"9"},{"sum":10,"id":"10"}]
2018-02-12 15:05:07  act 57 array=[{"start":0,"end":10,"id":"1"},{"start":10,"end":20,"id":"2"},{"start":20,"end":30,"id":"3"},{"start":30,"end":40,"id":"4"},{"start":40,"end":50,"id":"5"},{"start":50,"end":60,"id":"6"},{"start":60,"end":70,"id":"7"},{"start":70,"end":80,"id":"8"},{"start":80,"end":90,"id":"9"},{"start":90,"end":100,"id":"10"}]
2018-02-12 15:05:07  act 60 round=63
2018-02-12 15:05:07  act 63 end=70
2018-02-12 15:05:07  act 64 start=60
2018-02-12 15:05:07  act 71 id 7
2018-02-12 15:05:07  act 72 luck_record_find={"id":"7","user_name":"\u901a\u7528\u7248","image_url":"\/Public\/bigwheel\/images\/image015.png","offer":"0.01","weight":"1","push":"5","click":"5","click_rate":"0","total":"0","channel_map_id":"10001","md5":"D89F3A35931C386956C1A402A8E09941","link_url":"http:\/\/wap.newtank.cn\/newtank\/act\/calculate\/index.html?adCode=81ee33e8","link_click":"0","luck_push":"0"}
2018-02-12 15:05:07  act 74 channel_count 10
2018-02-12 15:05:07  act 76 channel_find={"link_click":"0","click":"6","luck_push":"1","offer":"0.01"}
2018-02-12 15:05:07  act 79 click_rate=0
2018-02-12 15:05:07  act 85 channelModel UPDATE `a_luck_record` SET `CLICK_RATE`='0' WHERE `ID` = 7
2018-02-12 15:05:07  act 89 total 0.00
2018-02-12 15:05:07  act 91 channelModel UPDATE `a_luck_record` SET `TOTAL`='0.00' WHERE `ID` = 7
2018-02-12 15:05:07  act 92 channel_save_total 1
2018-02-12 15:05:07  act 95 =======计算次数结束======：{"status":"200","imgurl":"\/Public\/bigwheel\/images\/image015.png","link":"http:\/\/wap.newtank.cn\/newtank\/act\/calculate\/index.html?adCode=81ee33e8","position":"6","id":"7","title":"\u901a\u7528\u7248"}
2018-02-12 15:05:13  act 16 =======计算次数开始======：{"CHANNEL_MAP_ID":"D89F3A35931C386956C1A402A8E09941","type":"LINK_CLICK","id":"7"}
2018-02-12 15:05:13  act 106 channelModel UPDATE `a_luck_record` SET `LINK_CLICK`=LINK_CLICK+1 WHERE `ID` = 7
2018-02-12 15:05:13  act 107 channel_count 1
2018-02-12 15:05:13  act 110 channel_find={"link_click":"1","click":"6","offer":"0.01"}
2018-02-12 15:05:13  act 113 click_rate=16.67
2018-02-12 15:05:13  act 118 channelModel UPDATE `a_luck_record` SET `CLICK_RATE`='16.67' WHERE `ID` = 7
2018-02-12 15:05:13  act 122 total 0.01
2018-02-12 15:05:13  act 124 channelModel UPDATE `a_luck_record` SET `TOTAL`='0.01' WHERE `ID` = 7
2018-02-12 15:05:13  act 125 channel_save_total 1
2018-02-12 15:05:18  act 16 =======计算次数开始======：{"CHANNEL_MAP_ID":"D89F3A35931C386956C1A402A8E09941","type":"PUSH"}
2018-02-12 15:05:18  act 101 channelModel UPDATE `a_luck_record` SET `PUSH`=PUSH+1 WHERE `MD5` = 'D89F3A35931C386956C1A402A8E09941'
2018-02-12 15:05:18  act 102 channel_count 10
2018-02-12 21:29:08  act 16 =======计算次数开始======：{"CHANNEL_MAP_ID":"D89F3A35931C386956C1A402A8E09941","type":"PUSH"}
2018-02-12 21:29:08  act 101 channelModel UPDATE `a_luck_record` SET `PUSH`=PUSH+1 WHERE `MD5` = 'D89F3A35931C386956C1A402A8E09941'
2018-02-12 21:29:08  act 102 channel_count 10
2018-02-12 21:29:10  act 16 =======计算次数开始======：{"draw_num":"3","system":"2","coupon_idlist":"","CHANNEL_MAP_ID":"D89F3A35931C386956C1A402A8E09941","type":"MD5"}
2018-02-12 21:29:10  act 22 MD5 D89F3A35931C386956C1A402A8E09941
2018-02-12 21:29:10  act 23 channelModel SELECT * FROM `a_luck_record` WHERE `MD5` = 'D89F3A35931C386956C1A402A8E09941' LIMIT 1  
2018-02-12 21:29:10  act 31 channel_select [{"id":"1","user_name":"PPTV\u4f1a\u5458\u514d\u8d39\u9001","image_url":"\/Public\/bigwheel\/images\/image001.png","offer":"0.01","weight":"1","push":"7","click":"6","click_rate":"0","total":"0","channel_map_id":"10001","md5":"D89F3A35931C386956C1A402A8E09941","link_url":"http:\/\/wap.newtank.cn\/wap\/act\/pptv\/index.html?adCode=90c7e686","link_click":"0","luck_push":"0"},{"id":"2","user_name":"PPTV-\u6625\u8282\u7248","image_url":"\/Public\/bigwheel\/images\/image003.png","offer":"0.01","weight":"1","push":"7","click":"6","click_rate":"25","total":"0.01","channel_map_id":"10001","md5":"D89F3A35931C386956C1A402A8E09941","link_url":"http:\/\/wap.newtank.cn\/newtank\/act\/pptv0118\/index.html?adCode=90c7e686","link_click":"1","luck_push":"1"},{"id":"3","user_name":"\u7231\u5947\u827a","image_url":"\/Public\/bigwheel\/images\/image005.png","offer":"0.01","weight":"1","push":"7","click":"6","click_rate":"0","total":"0","channel_map_id":"10001","md5":"D89F3A35931C386956C1A402A8E09941","link_url":"http:\/\/wap.newtank.cn\/wap\/act\/aiqiyi0104\/index.html?adCode=e9a805d8","link_click":"0","luck_push":"0"},{"id":"4","user_name":"\u7535\u5f71\u7968","image_url":"\/Public\/bigwheel\/images\/image007.png","offer":"0.01","weight":"1","push":"7","click":"6","click_rate":"0","total":"0.00","channel_map_id":"10001","md5":"D89F3A35931C386956C1A402A8E09941","link_url":"  http:\/\/wap.newtank.cn\/wap\/act\/film1226\/index.html?adCode=1091c78e","link_click":"0","luck_push":"1"},{"id":"5","user_name":"\u53e3\u7ea2\u7248","image_url":"\/Public\/bigwheel\/images\/image009.png","offer":"0.01","weight":"1","push":"7","click":"6","click_rate":"66.67","total":"0.02","channel_map_id":"10001","md5":"D89F3A35931C386956C1A402A8E09941","link_url":"http:\/\/wap.newtank.cn\/newtank\/act\/dragonfly\/index.html?adCode=e6996949","link_click":"2","luck_push":"1"},{"id":"6","user_name":"\u6ef4\u6ef4\u7ea2\u5305","image_url":"\/Public\/bigwheel\/images\/image011.png","offer":"0.01","weight":"1","push":"7","click":"6","click_rate":"20","total":"0.01","channel_map_id":"10001","md5":"D89F3A35931C386956C1A402A8E09941","link_url":"http:\/\/wap.newtank.cn\/wap\/act\/didi\/index.html?adCode=601459d8","link_click":"1","luck_push":"1"},{"id":"7","user_name":"\u901a\u7528\u7248","image_url":"\/Public\/bigwheel\/images\/image015.png","offer":"0.01","weight":"1","push":"7","click":"6","click_rate":"16.67","total":"0.01","channel_map_id":"10001","md5":"D89F3A35931C386956C1A402A8E09941","link_url":"http:\/\/wap.newtank.cn\/newtank\/act\/calculate\/index.html?adCode=81ee33e8","link_click":"1","luck_push":"1"},{"id":"8","user_name":"\u53e3\u7f69","image_url":"\/Public\/bigwheel\/images\/image017.png","offer":"0.01","weight":"1","push":"7","click":"6","click_rate":"0","total":"0","channel_map_id":"10001","md5":"D89F3A35931C386956C1A402A8E09941","link_url":"http:\/\/wap.newtank.cn\/newtank\/act\/haze\/index.html?adCode=81ee33e8","link_click":"0","luck_push":"0"},{"id":"9","user_name":"\u56fd\u8d38\u7248","image_url":"\/Public\/bigwheel\/images\/image019.png","offer":"0.01","weight":"1","push":"7","click":"6","click_rate":"0","total":"0","channel_map_id":"10001","md5":"D89F3A35931C386956C1A402A8E09941","link_url":"http:\/\/wap.newtank.cn\/newtank\/act\/aikang\/index.html?adCode=81ee33e8","link_click":"0","luck_push":"0"},{"id":"10","user_name":"OFO\u7248","image_url":"\/Public\/bigwheel\/images\/image013.png","offer":"0.01","weight":"1","push":"7","click":"6","click_rate":"0","total":"0.00","channel_map_id":"10001","md5":"D89F3A35931C386956C1A402A8E09941","link_url":"http:\/\/wap.newtank.cn\/newtank\/act\/ofo0129\/index.html?adCode=81ee33e8","link_click":"0","luck_push":"1"}]
2018-02-12 21:29:10  act 32 channel_select_sum [{"weight1":"10","offer1":"0.09999999999999999"}]
2018-02-12 21:29:10  act 37 sumWeight=10
2018-02-12 21:29:10  act 38 sumOffer=0.09999999999999999
2018-02-12 21:29:10  act 45 sum=[{"sum":10,"id":"1"},{"sum":10,"id":"2"},{"sum":10,"id":"3"},{"sum":10,"id":"4"},{"sum":10,"id":"5"},{"sum":10,"id":"6"},{"sum":10,"id":"7"},{"sum":10,"id":"8"},{"sum":10,"id":"9"},{"sum":10,"id":"10"}]
2018-02-12 21:29:10  act 57 array=[{"start":0,"end":10,"id":"1"},{"start":10,"end":20,"id":"2"},{"start":20,"end":30,"id":"3"},{"start":30,"end":40,"id":"4"},{"start":40,"end":50,"id":"5"},{"start":50,"end":60,"id":"6"},{"start":60,"end":70,"id":"7"},{"start":70,"end":80,"id":"8"},{"start":80,"end":90,"id":"9"},{"start":90,"end":100,"id":"10"}]
2018-02-12 21:29:10  act 60 round=87
2018-02-12 21:29:10  act 63 end=90
2018-02-12 21:29:10  act 64 start=80
2018-02-12 21:29:10  act 71 id 9
2018-02-12 21:29:10  act 72 luck_record_find={"id":"9","user_name":"\u56fd\u8d38\u7248","image_url":"\/Public\/bigwheel\/images\/image019.png","offer":"0.01","weight":"1","push":"7","click":"6","click_rate":"0","total":"0","channel_map_id":"10001","md5":"D89F3A35931C386956C1A402A8E09941","link_url":"http:\/\/wap.newtank.cn\/newtank\/act\/aikang\/index.html?adCode=81ee33e8","link_click":"0","luck_push":"0"}
2018-02-12 21:29:10  act 74 channel_count 10
2018-02-12 21:29:10  act 76 channel_find={"link_click":"0","click":"7","luck_push":"1","offer":"0.01"}
2018-02-12 21:29:10  act 79 click_rate=0
2018-02-12 21:29:10  act 85 channelModel UPDATE `a_luck_record` SET `CLICK_RATE`='0' WHERE `ID` = 9
2018-02-12 21:29:10  act 89 total 0.00
2018-02-12 21:29:10  act 91 channelModel UPDATE `a_luck_record` SET `TOTAL`='0.00' WHERE `ID` = 9
2018-02-12 21:29:10  act 92 channel_save_total 1
2018-02-12 21:29:10  act 95 =======计算次数结束======：{"status":"200","imgurl":"\/Public\/bigwheel\/images\/image019.png","link":"http:\/\/wap.newtank.cn\/newtank\/act\/aikang\/index.html?adCode=81ee33e8","position":"6","id":"9","title":"\u56fd\u8d38\u7248"}
2018-02-12 21:29:17  act 16 =======计算次数开始======：{"draw_num":"2","system":"2","coupon_idlist":"9","CHANNEL_MAP_ID":"D89F3A35931C386956C1A402A8E09941","type":"MD5"}
2018-02-12 21:29:17  act 22 MD5 D89F3A35931C386956C1A402A8E09941
2018-02-12 21:29:17  act 23 channelModel SELECT * FROM `a_luck_record` WHERE `MD5` = 'D89F3A35931C386956C1A402A8E09941' LIMIT 1  
2018-02-12 21:29:17  act 31 channel_select [{"id":"1","user_name":"PPTV\u4f1a\u5458\u514d\u8d39\u9001","image_url":"\/Public\/bigwheel\/images\/image001.png","offer":"0.01","weight":"1","push":"7","click":"7","click_rate":"0","total":"0","channel_map_id":"10001","md5":"D89F3A35931C386956C1A402A8E09941","link_url":"http:\/\/wap.newtank.cn\/wap\/act\/pptv\/index.html?adCode=90c7e686","link_click":"0","luck_push":"0"},{"id":"2","user_name":"PPTV-\u6625\u8282\u7248","image_url":"\/Public\/bigwheel\/images\/image003.png","offer":"0.01","weight":"1","push":"7","click":"7","click_rate":"25","total":"0.01","channel_map_id":"10001","md5":"D89F3A35931C386956C1A402A8E09941","link_url":"http:\/\/wap.newtank.cn\/newtank\/act\/pptv0118\/index.html?adCode=90c7e686","link_click":"1","luck_push":"1"},{"id":"3","user_name":"\u7231\u5947\u827a","image_url":"\/Public\/bigwheel\/images\/image005.png","offer":"0.01","weight":"1","push":"7","click":"7","click_rate":"0","total":"0","channel_map_id":"10001","md5":"D89F3A35931C386956C1A402A8E09941","link_url":"http:\/\/wap.newtank.cn\/wap\/act\/aiqiyi0104\/index.html?adCode=e9a805d8","link_click":"0","luck_push":"0"},{"id":"4","user_name":"\u7535\u5f71\u7968","image_url":"\/Public\/bigwheel\/images\/image007.png","offer":"0.01","weight":"1","push":"7","click":"7","click_rate":"0","total":"0.00","channel_map_id":"10001","md5":"D89F3A35931C386956C1A402A8E09941","link_url":"  http:\/\/wap.newtank.cn\/wap\/act\/film1226\/index.html?adCode=1091c78e","link_click":"0","luck_push":"1"},{"id":"5","user_name":"\u53e3\u7ea2\u7248","image_url":"\/Public\/bigwheel\/images\/image009.png","offer":"0.01","weight":"1","push":"7","click":"7","click_rate":"66.67","total":"0.02","channel_map_id":"10001","md5":"D89F3A35931C386956C1A402A8E09941","link_url":"http:\/\/wap.newtank.cn\/newtank\/act\/dragonfly\/index.html?adCode=e6996949","link_click":"2","luck_push":"1"},{"id":"6","user_name":"\u6ef4\u6ef4\u7ea2\u5305","image_url":"\/Public\/bigwheel\/images\/image011.png","offer":"0.01","weight":"1","push":"7","click":"7","click_rate":"20","total":"0.01","channel_map_id":"10001","md5":"D89F3A35931C386956C1A402A8E09941","link_url":"http:\/\/wap.newtank.cn\/wap\/act\/didi\/index.html?adCode=601459d8","link_click":"1","luck_push":"1"},{"id":"7","user_name":"\u901a\u7528\u7248","image_url":"\/Public\/bigwheel\/images\/image015.png","offer":"0.01","weight":"1","push":"7","click":"7","click_rate":"16.67","total":"0.01","channel_map_id":"10001","md5":"D89F3A35931C386956C1A402A8E09941","link_url":"http:\/\/wap.newtank.cn\/newtank\/act\/calculate\/index.html?adCode=81ee33e8","link_click":"1","luck_push":"1"},{"id":"8","user_name":"\u53e3\u7f69","image_url":"\/Public\/bigwheel\/images\/image017.png","offer":"0.01","weight":"1","push":"7","click":"7","click_rate":"0","total":"0","channel_map_id":"10001","md5":"D89F3A35931C386956C1A402A8E09941","link_url":"http:\/\/wap.newtank.cn\/newtank\/act\/haze\/index.html?adCode=81ee33e8","link_click":"0","luck_push":"0"},{"id":"9","user_name":"\u56fd\u8d38\u7248","image_url":"\/Public\/bigwheel\/images\/image019.png","offer":"0.01","weight":"1","push":"7","click":"7","click_rate":"0","total":"0.00","channel_map_id":"10001","md5":"D89F3A35931C386956C1A402A8E09941","link_url":"http:\/\/wap.newtank.cn\/newtank\/act\/aikang\/index.html?adCode=81ee33e8","link_click":"0","luck_push":"1"},{"id":"10","user_name":"OFO\u7248","image_url":"\/Public\/bigwheel\/images\/image013.png","offer":"0.01","weight":"1","push":"7","click":"7","click_rate":"0","total":"0.00","channel_map_id":"10001","md5":"D89F3A35931C386956C1A402A8E09941","link_url":"http:\/\/wap.newtank.cn\/newtank\/act\/ofo0129\/index.html?adCode=81ee33e8","link_click":"0","luck_push":"1"}]
2018-02-12 21:29:17  act 32 channel_select_sum [{"weight1":"10","offer1":"0.09999999999999999"}]
2018-02-12 21:29:17  act 37 sumWeight=10
2018-02-12 21:29:17  act 38 sumOffer=0.09999999999999999
2018-02-12 21:29:17  act 45 sum=[{"sum":10,"id":"1"},{"sum":10,"id":"2"},{"sum":10,"id":"3"},{"sum":10,"id":"4"},{"sum":10,"id":"5"},{"sum":10,"id":"6"},{"sum":10,"id":"7"},{"sum":10,"id":"8"},{"sum":10,"id":"9"},{"sum":10,"id":"10"}]
2018-02-12 21:29:17  act 57 array=[{"start":0,"end":10,"id":"1"},{"start":10,"end":20,"id":"2"},{"start":20,"end":30,"id":"3"},{"start":30,"end":40,"id":"4"},{"start":40,"end":50,"id":"5"},{"start":50,"end":60,"id":"6"},{"start":60,"end":70,"id":"7"},{"start":70,"end":80,"id":"8"},{"start":80,"end":90,"id":"9"},{"start":90,"end":100,"id":"10"}]
2018-02-12 21:29:17  act 60 round=62
2018-02-12 21:29:17  act 63 end=70
2018-02-12 21:29:17  act 64 start=60
2018-02-12 21:29:17  act 71 id 7
2018-02-12 21:29:17  act 72 luck_record_find={"id":"7","user_name":"\u901a\u7528\u7248","image_url":"\/Public\/bigwheel\/images\/image015.png","offer":"0.01","weight":"1","push":"7","click":"7","click_rate":"16.67","total":"0.01","channel_map_id":"10001","md5":"D89F3A35931C386956C1A402A8E09941","link_url":"http:\/\/wap.newtank.cn\/newtank\/act\/calculate\/index.html?adCode=81ee33e8","link_click":"1","luck_push":"1"}
2018-02-12 21:29:17  act 74 channel_count 10
2018-02-12 21:29:17  act 76 channel_find={"link_click":"1","click":"8","luck_push":"2","offer":"0.01"}
2018-02-12 21:29:17  act 79 click_rate=50
2018-02-12 21:29:17  act 85 channelModel UPDATE `a_luck_record` SET `CLICK_RATE`='50' WHERE `ID` = 7
2018-02-12 21:29:17  act 89 total 0.01
2018-02-12 21:29:17  act 91 channelModel UPDATE `a_luck_record` SET `TOTAL`='0.01' WHERE `ID` = 7
2018-02-12 21:29:17  act 92 channel_save_total 0
2018-02-12 21:29:17  act 95 =======计算次数结束======：{"status":"200","imgurl":"\/Public\/bigwheel\/images\/image015.png","link":"http:\/\/wap.newtank.cn\/newtank\/act\/calculate\/index.html?adCode=81ee33e8","position":"6","id":"7","title":"\u901a\u7528\u7248"}
2018-02-12 21:29:22  act 16 =======计算次数开始======：{"draw_num":"1","system":"2","coupon_idlist":"9,7","CHANNEL_MAP_ID":"D89F3A35931C386956C1A402A8E09941","type":"MD5"}
2018-02-12 21:29:22  act 22 MD5 D89F3A35931C386956C1A402A8E09941
2018-02-12 21:29:22  act 23 channelModel SELECT * FROM `a_luck_record` WHERE `MD5` = 'D89F3A35931C386956C1A402A8E09941' LIMIT 1  
2018-02-12 21:29:22  act 31 channel_select [{"id":"1","user_name":"PPTV\u4f1a\u5458\u514d\u8d39\u9001","image_url":"\/Public\/bigwheel\/images\/image001.png","offer":"0.01","weight":"1","push":"7","click":"8","click_rate":"0","total":"0","channel_map_id":"10001","md5":"D89F3A35931C386956C1A402A8E09941","link_url":"http:\/\/wap.newtank.cn\/wap\/act\/pptv\/index.html?adCode=90c7e686","link_click":"0","luck_push":"0"},{"id":"2","user_name":"PPTV-\u6625\u8282\u7248","image_url":"\/Public\/bigwheel\/images\/image003.png","offer":"0.01","weight":"1","push":"7","click":"8","click_rate":"25","total":"0.01","channel_map_id":"10001","md5":"D89F3A35931C386956C1A402A8E09941","link_url":"http:\/\/wap.newtank.cn\/newtank\/act\/pptv0118\/index.html?adCode=90c7e686","link_click":"1","luck_push":"1"},{"id":"3","user_name":"\u7231\u5947\u827a","image_url":"\/Public\/bigwheel\/images\/image005.png","offer":"0.01","weight":"1","push":"7","click":"8","click_rate":"0","total":"0","channel_map_id":"10001","md5":"D89F3A35931C386956C1A402A8E09941","link_url":"http:\/\/wap.newtank.cn\/wap\/act\/aiqiyi0104\/index.html?adCode=e9a805d8","link_click":"0","luck_push":"0"},{"id":"4","user_name":"\u7535\u5f71\u7968","image_url":"\/Public\/bigwheel\/images\/image007.png","offer":"0.01","weight":"1","push":"7","click":"8","click_rate":"0","total":"0.00","channel_map_id":"10001","md5":"D89F3A35931C386956C1A402A8E09941","link_url":"  http:\/\/wap.newtank.cn\/wap\/act\/film1226\/index.html?adCode=1091c78e","link_click":"0","luck_push":"1"},{"id":"5","user_name":"\u53e3\u7ea2\u7248","image_url":"\/Public\/bigwheel\/images\/image009.png","offer":"0.01","weight":"1","push":"7","click":"8","click_rate":"66.67","total":"0.02","channel_map_id":"10001","md5":"D89F3A35931C386956C1A402A8E09941","link_url":"http:\/\/wap.newtank.cn\/newtank\/act\/dragonfly\/index.html?adCode=e6996949","link_click":"2","luck_push":"1"},{"id":"6","user_name":"\u6ef4\u6ef4\u7ea2\u5305","image_url":"\/Public\/bigwheel\/images\/image011.png","offer":"0.01","weight":"1","push":"7","click":"8","click_rate":"20","total":"0.01","channel_map_id":"10001","md5":"D89F3A35931C386956C1A402A8E09941","link_url":"http:\/\/wap.newtank.cn\/wap\/act\/didi\/index.html?adCode=601459d8","link_click":"1","luck_push":"1"},{"id":"7","user_name":"\u901a\u7528\u7248","image_url":"\/Public\/bigwheel\/images\/image015.png","offer":"0.01","weight":"1","push":"7","click":"8","click_rate":"50","total":"0.01","channel_map_id":"10001","md5":"D89F3A35931C386956C1A402A8E09941","link_url":"http:\/\/wap.newtank.cn\/newtank\/act\/calculate\/index.html?adCode=81ee33e8","link_click":"1","luck_push":"2"},{"id":"8","user_name":"\u53e3\u7f69","image_url":"\/Public\/bigwheel\/images\/image017.png","offer":"0.01","weight":"1","push":"7","click":"8","click_rate":"0","total":"0","channel_map_id":"10001","md5":"D89F3A35931C386956C1A402A8E09941","link_url":"http:\/\/wap.newtank.cn\/newtank\/act\/haze\/index.html?adCode=81ee33e8","link_click":"0","luck_push":"0"},{"id":"9","user_name":"\u56fd\u8d38\u7248","image_url":"\/Public\/bigwheel\/images\/image019.png","offer":"0.01","weight":"1","push":"7","click":"8","click_rate":"0","total":"0.00","channel_map_id":"10001","md5":"D89F3A35931C386956C1A402A8E09941","link_url":"http:\/\/wap.newtank.cn\/newtank\/act\/aikang\/index.html?adCode=81ee33e8","link_click":"0","luck_push":"1"},{"id":"10","user_name":"OFO\u7248","image_url":"\/Public\/bigwheel\/images\/image013.png","offer":"0.01","weight":"1","push":"7","click":"8","click_rate":"0","total":"0.00","channel_map_id":"10001","md5":"D89F3A35931C386956C1A402A8E09941","link_url":"http:\/\/wap.newtank.cn\/newtank\/act\/ofo0129\/index.html?adCode=81ee33e8","link_click":"0","luck_push":"1"}]
2018-02-12 21:29:22  act 32 channel_select_sum [{"weight1":"10","offer1":"0.09999999999999999"}]
2018-02-12 21:29:22  act 37 sumWeight=10
2018-02-12 21:29:22  act 38 sumOffer=0.09999999999999999
2018-02-12 21:29:22  act 45 sum=[{"sum":10,"id":"1"},{"sum":10,"id":"2"},{"sum":10,"id":"3"},{"sum":10,"id":"4"},{"sum":10,"id":"5"},{"sum":10,"id":"6"},{"sum":10,"id":"7"},{"sum":10,"id":"8"},{"sum":10,"id":"9"},{"sum":10,"id":"10"}]
2018-02-12 21:29:22  act 57 array=[{"start":0,"end":10,"id":"1"},{"start":10,"end":20,"id":"2"},{"start":20,"end":30,"id":"3"},{"start":30,"end":40,"id":"4"},{"start":40,"end":50,"id":"5"},{"start":50,"end":60,"id":"6"},{"start":60,"end":70,"id":"7"},{"start":70,"end":80,"id":"8"},{"start":80,"end":90,"id":"9"},{"start":90,"end":100,"id":"10"}]
2018-02-12 21:29:22  act 60 round=27
2018-02-12 21:29:22  act 63 end=30
2018-02-12 21:29:22  act 64 start=20
2018-02-12 21:29:22  act 71 id 3
2018-02-12 21:29:22  act 72 luck_record_find={"id":"3","user_name":"\u7231\u5947\u827a","image_url":"\/Public\/bigwheel\/images\/image005.png","offer":"0.01","weight":"1","push":"7","click":"8","click_rate":"0","total":"0","channel_map_id":"10001","md5":"D89F3A35931C386956C1A402A8E09941","link_url":"http:\/\/wap.newtank.cn\/wap\/act\/aiqiyi0104\/index.html?adCode=e9a805d8","link_click":"0","luck_push":"0"}
2018-02-12 21:29:22  act 74 channel_count 10
2018-02-12 21:29:22  act 76 channel_find={"link_click":"0","click":"9","luck_push":"1","offer":"0.01"}
2018-02-12 21:29:22  act 79 click_rate=0
2018-02-12 21:29:22  act 85 channelModel UPDATE `a_luck_record` SET `CLICK_RATE`='0' WHERE `ID` = 3
2018-02-12 21:29:22  act 89 total 0.00
2018-02-12 21:29:22  act 91 channelModel UPDATE `a_luck_record` SET `TOTAL`='0.00' WHERE `ID` = 3
2018-02-12 21:29:22  act 92 channel_save_total 1
2018-02-12 21:29:22  act 95 =======计算次数结束======：{"status":"200","imgurl":"\/Public\/bigwheel\/images\/image005.png","link":"http:\/\/wap.newtank.cn\/wap\/act\/aiqiyi0104\/index.html?adCode=e9a805d8","position":"6","id":"3","title":"\u7231\u5947\u827a"}
2018-02-12 21:29:39  act 16 =======计算次数开始======：{"CHANNEL_MAP_ID":"D89F3A35931C386956C1A402A8E09941","type":"PUSH"}
2018-02-12 21:29:39  act 101 channelModel UPDATE `a_luck_record` SET `PUSH`=PUSH+1 WHERE `MD5` = 'D89F3A35931C386956C1A402A8E09941'
2018-02-12 21:29:39  act 102 channel_count 10
2018-02-12 21:29:40  act 16 =======计算次数开始======：{"draw_num":"3","system":"2","coupon_idlist":"","CHANNEL_MAP_ID":"D89F3A35931C386956C1A402A8E09941","type":"MD5"}
2018-02-12 21:29:40  act 22 MD5 D89F3A35931C386956C1A402A8E09941
2018-02-12 21:29:40  act 23 channelModel SELECT * FROM `a_luck_record` WHERE `MD5` = 'D89F3A35931C386956C1A402A8E09941' LIMIT 1  
2018-02-12 21:29:40  act 31 channel_select [{"id":"1","user_name":"PPTV\u4f1a\u5458\u514d\u8d39\u9001","image_url":"\/Public\/bigwheel\/images\/image001.png","offer":"0.01","weight":"1","push":"8","click":"9","click_rate":"0","total":"0","channel_map_id":"10001","md5":"D89F3A35931C386956C1A402A8E09941","link_url":"http:\/\/wap.newtank.cn\/wap\/act\/pptv\/index.html?adCode=90c7e686","link_click":"0","luck_push":"0"},{"id":"2","user_name":"PPTV-\u6625\u8282\u7248","image_url":"\/Public\/bigwheel\/images\/image003.png","offer":"0.01","weight":"1","push":"8","click":"9","click_rate":"25","total":"0.01","channel_map_id":"10001","md5":"D89F3A35931C386956C1A402A8E09941","link_url":"http:\/\/wap.newtank.cn\/newtank\/act\/pptv0118\/index.html?adCode=90c7e686","link_click":"1","luck_push":"1"},{"id":"3","user_name":"\u7231\u5947\u827a","image_url":"\/Public\/bigwheel\/images\/image005.png","offer":"0.01","weight":"1","push":"8","click":"9","click_rate":"0","total":"0.00","channel_map_id":"10001","md5":"D89F3A35931C386956C1A402A8E09941","link_url":"http:\/\/wap.newtank.cn\/wap\/act\/aiqiyi0104\/index.html?adCode=e9a805d8","link_click":"0","luck_push":"1"},{"id":"4","user_name":"\u7535\u5f71\u7968","image_url":"\/Public\/bigwheel\/images\/image007.png","offer":"0.01","weight":"1","push":"8","click":"9","click_rate":"0","total":"0.00","channel_map_id":"10001","md5":"D89F3A35931C386956C1A402A8E09941","link_url":"  http:\/\/wap.newtank.cn\/wap\/act\/film1226\/index.html?adCode=1091c78e","link_click":"0","luck_push":"1"},{"id":"5","user_name":"\u53e3\u7ea2\u7248","image_url":"\/Public\/bigwheel\/images\/image009.png","offer":"0.01","weight":"1","push":"8","click":"9","click_rate":"66.67","total":"0.02","channel_map_id":"10001","md5":"D89F3A35931C386956C1A402A8E09941","link_url":"http:\/\/wap.newtank.cn\/newtank\/act\/dragonfly\/index.html?adCode=e6996949","link_click":"2","luck_push":"1"},{"id":"6","user_name":"\u6ef4\u6ef4\u7ea2\u5305","image_url":"\/Public\/bigwheel\/images\/image011.png","offer":"0.01","weight":"1","push":"8","click":"9","click_rate":"20","total":"0.01","channel_map_id":"10001","md5":"D89F3A35931C386956C1A402A8E09941","link_url":"http:\/\/wap.newtank.cn\/wap\/act\/didi\/index.html?adCode=601459d8","link_click":"1","luck_push":"1"},{"id":"7","user_name":"\u901a\u7528\u7248","image_url":"\/Public\/bigwheel\/images\/image015.png","offer":"0.01","weight":"1","push":"8","click":"9","click_rate":"50","total":"0.01","channel_map_id":"10001","md5":"D89F3A35931C386956C1A402A8E09941","link_url":"http:\/\/wap.newtank.cn\/newtank\/act\/calculate\/index.html?adCode=81ee33e8","link_click":"1","luck_push":"2"},{"id":"8","user_name":"\u53e3\u7f69","image_url":"\/Public\/bigwheel\/images\/image017.png","offer":"0.01","weight":"1","push":"8","click":"9","click_rate":"0","total":"0","channel_map_id":"10001","md5":"D89F3A35931C386956C1A402A8E09941","link_url":"http:\/\/wap.newtank.cn\/newtank\/act\/haze\/index.html?adCode=81ee33e8","link_click":"0","luck_push":"0"},{"id":"9","user_name":"\u56fd\u8d38\u7248","image_url":"\/Public\/bigwheel\/images\/image019.png","offer":"0.01","weight":"1","push":"8","click":"9","click_rate":"0","total":"0.00","channel_map_id":"10001","md5":"D89F3A35931C386956C1A402A8E09941","link_url":"http:\/\/wap.newtank.cn\/newtank\/act\/aikang\/index.html?adCode=81ee33e8","link_click":"0","luck_push":"1"},{"id":"10","user_name":"OFO\u7248","image_url":"\/Public\/bigwheel\/images\/image013.png","offer":"0.01","weight":"1","push":"8","click":"9","click_rate":"0","total":"0.00","channel_map_id":"10001","md5":"D89F3A35931C386956C1A402A8E09941","link_url":"http:\/\/wap.newtank.cn\/newtank\/act\/ofo0129\/index.html?adCode=81ee33e8","link_click":"0","luck_push":"1"}]
2018-02-12 21:29:40  act 32 channel_select_sum [{"weight1":"10","offer1":"0.09999999999999999"}]
2018-02-12 21:29:40  act 37 sumWeight=10
2018-02-12 21:29:40  act 38 sumOffer=0.09999999999999999
2018-02-12 21:29:40  act 45 sum=[{"sum":10,"id":"1"},{"sum":10,"id":"2"},{"sum":10,"id":"3"},{"sum":10,"id":"4"},{"sum":10,"id":"5"},{"sum":10,"id":"6"},{"sum":10,"id":"7"},{"sum":10,"id":"8"},{"sum":10,"id":"9"},{"sum":10,"id":"10"}]
2018-02-12 21:29:40  act 57 array=[{"start":0,"end":10,"id":"1"},{"start":10,"end":20,"id":"2"},{"start":20,"end":30,"id":"3"},{"start":30,"end":40,"id":"4"},{"start":40,"end":50,"id":"5"},{"start":50,"end":60,"id":"6"},{"start":60,"end":70,"id":"7"},{"start":70,"end":80,"id":"8"},{"start":80,"end":90,"id":"9"},{"start":90,"end":100,"id":"10"}]
2018-02-12 21:29:40  act 60 round=10
2018-02-12 21:29:40  act 63 end=10
2018-02-12 21:29:40  act 64 start=0
2018-02-12 21:29:40  act 71 id 1
2018-02-12 21:29:40  act 72 luck_record_find={"id":"1","user_name":"PPTV\u4f1a\u5458\u514d\u8d39\u9001","image_url":"\/Public\/bigwheel\/images\/image001.png","offer":"0.01","weight":"1","push":"8","click":"9","click_rate":"0","total":"0","channel_map_id":"10001","md5":"D89F3A35931C386956C1A402A8E09941","link_url":"http:\/\/wap.newtank.cn\/wap\/act\/pptv\/index.html?adCode=90c7e686","link_click":"0","luck_push":"0"}
2018-02-12 21:29:40  act 74 channel_count 10
2018-02-12 21:29:40  act 76 channel_find={"link_click":"0","click":"10","luck_push":"1","offer":"0.01"}
2018-02-12 21:29:40  act 79 click_rate=0
2018-02-12 21:29:40  act 85 channelModel UPDATE `a_luck_record` SET `CLICK_RATE`='0' WHERE `ID` = 1
2018-02-12 21:29:40  act 89 total 0.00
2018-02-12 21:29:40  act 91 channelModel UPDATE `a_luck_record` SET `TOTAL`='0.00' WHERE `ID` = 1
2018-02-12 21:29:40  act 92 channel_save_total 1
2018-02-12 21:29:40  act 95 =======计算次数结束======：{"status":"200","imgurl":"\/Public\/bigwheel\/images\/image001.png","link":"http:\/\/wap.newtank.cn\/wap\/act\/pptv\/index.html?adCode=90c7e686","position":"6","id":"1","title":"PPTV\u4f1a\u5458\u514d\u8d39\u9001"}
2018-02-12 21:29:47  act 16 =======计算次数开始======：{"draw_num":"2","system":"2","coupon_idlist":"1","CHANNEL_MAP_ID":"D89F3A35931C386956C1A402A8E09941","type":"MD5"}
2018-02-12 21:29:47  act 22 MD5 D89F3A35931C386956C1A402A8E09941
2018-02-12 21:29:47  act 23 channelModel SELECT * FROM `a_luck_record` WHERE `MD5` = 'D89F3A35931C386956C1A402A8E09941' LIMIT 1  
2018-02-12 21:29:47  act 31 channel_select [{"id":"1","user_name":"PPTV\u4f1a\u5458\u514d\u8d39\u9001","image_url":"\/Public\/bigwheel\/images\/image001.png","offer":"0.01","weight":"1","push":"8","click":"10","click_rate":"0","total":"0.00","channel_map_id":"10001","md5":"D89F3A35931C386956C1A402A8E09941","link_url":"http:\/\/wap.newtank.cn\/wap\/act\/pptv\/index.html?adCode=90c7e686","link_click":"0","luck_push":"1"},{"id":"2","user_name":"PPTV-\u6625\u8282\u7248","image_url":"\/Public\/bigwheel\/images\/image003.png","offer":"0.01","weight":"1","push":"8","click":"10","click_rate":"25","total":"0.01","channel_map_id":"10001","md5":"D89F3A35931C386956C1A402A8E09941","link_url":"http:\/\/wap.newtank.cn\/newtank\/act\/pptv0118\/index.html?adCode=90c7e686","link_click":"1","luck_push":"1"},{"id":"3","user_name":"\u7231\u5947\u827a","image_url":"\/Public\/bigwheel\/images\/image005.png","offer":"0.01","weight":"1","push":"8","click":"10","click_rate":"0","total":"0.00","channel_map_id":"10001","md5":"D89F3A35931C386956C1A402A8E09941","link_url":"http:\/\/wap.newtank.cn\/wap\/act\/aiqiyi0104\/index.html?adCode=e9a805d8","link_click":"0","luck_push":"1"},{"id":"4","user_name":"\u7535\u5f71\u7968","image_url":"\/Public\/bigwheel\/images\/image007.png","offer":"0.01","weight":"1","push":"8","click":"10","click_rate":"0","total":"0.00","channel_map_id":"10001","md5":"D89F3A35931C386956C1A402A8E09941","link_url":"  http:\/\/wap.newtank.cn\/wap\/act\/film1226\/index.html?adCode=1091c78e","link_click":"0","luck_push":"1"},{"id":"5","user_name":"\u53e3\u7ea2\u7248","image_url":"\/Public\/bigwheel\/images\/image009.png","offer":"0.01","weight":"1","push":"8","click":"10","click_rate":"66.67","total":"0.02","channel_map_id":"10001","md5":"D89F3A35931C386956C1A402A8E09941","link_url":"http:\/\/wap.newtank.cn\/newtank\/act\/dragonfly\/index.html?adCode=e6996949","link_click":"2","luck_push":"1"},{"id":"6","user_name":"\u6ef4\u6ef4\u7ea2\u5305","image_url":"\/Public\/bigwheel\/images\/image011.png","offer":"0.01","weight":"1","push":"8","click":"10","click_rate":"20","total":"0.01","channel_map_id":"10001","md5":"D89F3A35931C386956C1A402A8E09941","link_url":"http:\/\/wap.newtank.cn\/wap\/act\/didi\/index.html?adCode=601459d8","link_click":"1","luck_push":"1"},{"id":"7","user_name":"\u901a\u7528\u7248","image_url":"\/Public\/bigwheel\/images\/image015.png","offer":"0.01","weight":"1","push":"8","click":"10","click_rate":"50","total":"0.01","channel_map_id":"10001","md5":"D89F3A35931C386956C1A402A8E09941","link_url":"http:\/\/wap.newtank.cn\/newtank\/act\/calculate\/index.html?adCode=81ee33e8","link_click":"1","luck_push":"2"},{"id":"8","user_name":"\u53e3\u7f69","image_url":"\/Public\/bigwheel\/images\/image017.png","offer":"0.01","weight":"1","push":"8","click":"10","click_rate":"0","total":"0","channel_map_id":"10001","md5":"D89F3A35931C386956C1A402A8E09941","link_url":"http:\/\/wap.newtank.cn\/newtank\/act\/haze\/index.html?adCode=81ee33e8","link_click":"0","luck_push":"0"},{"id":"9","user_name":"\u56fd\u8d38\u7248","image_url":"\/Public\/bigwheel\/images\/image019.png","offer":"0.01","weight":"1","push":"8","click":"10","click_rate":"0","total":"0.00","channel_map_id":"10001","md5":"D89F3A35931C386956C1A402A8E09941","link_url":"http:\/\/wap.newtank.cn\/newtank\/act\/aikang\/index.html?adCode=81ee33e8","link_click":"0","luck_push":"1"},{"id":"10","user_name":"OFO\u7248","image_url":"\/Public\/bigwheel\/images\/image013.png","offer":"0.01","weight":"1","push":"8","click":"10","click_rate":"0","total":"0.00","channel_map_id":"10001","md5":"D89F3A35931C386956C1A402A8E09941","link_url":"http:\/\/wap.newtank.cn\/newtank\/act\/ofo0129\/index.html?adCode=81ee33e8","link_click":"0","luck_push":"1"}]
2018-02-12 21:29:47  act 32 channel_select_sum [{"weight1":"10","offer1":"0.09999999999999999"}]
2018-02-12 21:29:47  act 37 sumWeight=10
2018-02-12 21:29:47  act 38 sumOffer=0.09999999999999999
2018-02-12 21:29:47  act 45 sum=[{"sum":10,"id":"1"},{"sum":10,"id":"2"},{"sum":10,"id":"3"},{"sum":10,"id":"4"},{"sum":10,"id":"5"},{"sum":10,"id":"6"},{"sum":10,"id":"7"},{"sum":10,"id":"8"},{"sum":10,"id":"9"},{"sum":10,"id":"10"}]
2018-02-12 21:29:47  act 57 array=[{"start":0,"end":10,"id":"1"},{"start":10,"end":20,"id":"2"},{"start":20,"end":30,"id":"3"},{"start":30,"end":40,"id":"4"},{"start":40,"end":50,"id":"5"},{"start":50,"end":60,"id":"6"},{"start":60,"end":70,"id":"7"},{"start":70,"end":80,"id":"8"},{"start":80,"end":90,"id":"9"},{"start":90,"end":100,"id":"10"}]
2018-02-12 21:29:47  act 60 round=97
2018-02-12 21:29:47  act 63 end=100
2018-02-12 21:29:47  act 64 start=90
2018-02-12 21:29:47  act 71 id 10
2018-02-12 21:29:47  act 72 luck_record_find={"id":"10","user_name":"OFO\u7248","image_url":"\/Public\/bigwheel\/images\/image013.png","offer":"0.01","weight":"1","push":"8","click":"10","click_rate":"0","total":"0.00","channel_map_id":"10001","md5":"D89F3A35931C386956C1A402A8E09941","link_url":"http:\/\/wap.newtank.cn\/newtank\/act\/ofo0129\/index.html?adCode=81ee33e8","link_click":"0","luck_push":"1"}
2018-02-12 21:29:47  act 74 channel_count 10
2018-02-12 21:29:47  act 76 channel_find={"link_click":"0","click":"11","luck_push":"2","offer":"0.01"}
2018-02-12 21:29:47  act 79 click_rate=0
2018-02-12 21:29:47  act 85 channelModel UPDATE `a_luck_record` SET `CLICK_RATE`='0' WHERE `ID` = 10
2018-02-12 21:29:47  act 89 total 0.00
2018-02-12 21:29:47  act 91 channelModel UPDATE `a_luck_record` SET `TOTAL`='0.00' WHERE `ID` = 10
2018-02-12 21:29:47  act 92 channel_save_total 0
2018-02-12 21:29:47  act 95 =======计算次数结束======：{"status":"200","imgurl":"\/Public\/bigwheel\/images\/image013.png","link":"http:\/\/wap.newtank.cn\/newtank\/act\/ofo0129\/index.html?adCode=81ee33e8","position":"6","id":"10","title":"OFO\u7248"}
2018-02-12 21:54:36  act 16 =======计算次数开始======：{"CHANNEL_MAP_ID":"D89F3A35931C386956C1A402A8E09941","type":"PUSH"}
2018-02-12 21:54:36  act 101 channelModel UPDATE `a_luck_record` SET `PUSH`=PUSH+1 WHERE `MD5` = 'D89F3A35931C386956C1A402A8E09941'
2018-02-12 21:54:36  act 102 channel_count 10
2018-02-12 21:54:44  act 16 =======计算次数开始======：{"draw_num":"3","system":"2","coupon_idlist":"","CHANNEL_MAP_ID":"D89F3A35931C386956C1A402A8E09941","type":"MD5"}
2018-02-12 21:54:44  act 22 MD5 D89F3A35931C386956C1A402A8E09941
2018-02-12 21:54:44  act 23 channelModel SELECT * FROM `a_luck_record` WHERE `MD5` = 'D89F3A35931C386956C1A402A8E09941' LIMIT 1  
2018-02-12 21:54:44  act 31 channel_select [{"id":"1","user_name":"PPTV\u4f1a\u5458\u514d\u8d39\u9001","image_url":"\/Public\/bigwheel\/images\/image001.png","offer":"0.01","weight":"1","push":"9","click":"11","click_rate":"0","total":"0.00","channel_map_id":"10001","md5":"D89F3A35931C386956C1A402A8E09941","link_url":"http:\/\/wap.newtank.cn\/wap\/act\/pptv\/index.html?adCode=90c7e686","link_click":"0","luck_push":"1"},{"id":"2","user_name":"PPTV-\u6625\u8282\u7248","image_url":"\/Public\/bigwheel\/images\/image003.png","offer":"0.01","weight":"1","push":"9","click":"11","click_rate":"25","total":"0.01","channel_map_id":"10001","md5":"D89F3A35931C386956C1A402A8E09941","link_url":"http:\/\/wap.newtank.cn\/newtank\/act\/pptv0118\/index.html?adCode=90c7e686","link_click":"1","luck_push":"1"},{"id":"3","user_name":"\u7231\u5947\u827a","image_url":"\/Public\/bigwheel\/images\/image005.png","offer":"0.01","weight":"1","push":"9","click":"11","click_rate":"0","total":"0.00","channel_map_id":"10001","md5":"D89F3A35931C386956C1A402A8E09941","link_url":"http:\/\/wap.newtank.cn\/wap\/act\/aiqiyi0104\/index.html?adCode=e9a805d8","link_click":"0","luck_push":"1"},{"id":"4","user_name":"\u7535\u5f71\u7968","image_url":"\/Public\/bigwheel\/images\/image007.png","offer":"0.01","weight":"1","push":"9","click":"11","click_rate":"0","total":"0.00","channel_map_id":"10001","md5":"D89F3A35931C386956C1A402A8E09941","link_url":"  http:\/\/wap.newtank.cn\/wap\/act\/film1226\/index.html?adCode=1091c78e","link_click":"0","luck_push":"1"},{"id":"5","user_name":"\u53e3\u7ea2\u7248","image_url":"\/Public\/bigwheel\/images\/image009.png","offer":"0.01","weight":"1","push":"9","click":"11","click_rate":"66.67","total":"0.02","channel_map_id":"10001","md5":"D89F3A35931C386956C1A402A8E09941","link_url":"http:\/\/wap.newtank.cn\/newtank\/act\/dragonfly\/index.html?adCode=e6996949","link_click":"2","luck_push":"1"},{"id":"6","user_name":"\u6ef4\u6ef4\u7ea2\u5305","image_url":"\/Public\/bigwheel\/images\/image011.png","offer":"0.01","weight":"1","push":"9","click":"11","click_rate":"20","total":"0.01","channel_map_id":"10001","md5":"D89F3A35931C386956C1A402A8E09941","link_url":"http:\/\/wap.newtank.cn\/wap\/act\/didi\/index.html?adCode=601459d8","link_click":"1","luck_push":"1"},{"id":"7","user_name":"\u901a\u7528\u7248","image_url":"\/Public\/bigwheel\/images\/image015.png","offer":"0.01","weight":"1","push":"9","click":"11","click_rate":"50","total":"0.01","channel_map_id":"10001","md5":"D89F3A35931C386956C1A402A8E09941","link_url":"http:\/\/wap.newtank.cn\/newtank\/act\/calculate\/index.html?adCode=81ee33e8","link_click":"1","luck_push":"2"},{"id":"8","user_name":"\u53e3\u7f69","image_url":"\/Public\/bigwheel\/images\/image017.png","offer":"0.01","weight":"1","push":"9","click":"11","click_rate":"0","total":"0","channel_map_id":"10001","md5":"D89F3A35931C386956C1A402A8E09941","link_url":"http:\/\/wap.newtank.cn\/newtank\/act\/haze\/index.html?adCode=81ee33e8","link_click":"0","luck_push":"0"},{"id":"9","user_name":"\u56fd\u8d38\u7248","image_url":"\/Public\/bigwheel\/images\/image019.png","offer":"0.01","weight":"1","push":"9","click":"11","click_rate":"0","total":"0.00","channel_map_id":"10001","md5":"D89F3A35931C386956C1A402A8E09941","link_url":"http:\/\/wap.newtank.cn\/newtank\/act\/aikang\/index.html?adCode=81ee33e8","link_click":"0","luck_push":"1"},{"id":"10","user_name":"OFO\u7248","image_url":"\/Public\/bigwheel\/images\/image013.png","offer":"0.01","weight":"1","push":"9","click":"11","click_rate":"0","total":"0.00","channel_map_id":"10001","md5":"D89F3A35931C386956C1A402A8E09941","link_url":"http:\/\/wap.newtank.cn\/newtank\/act\/ofo0129\/index.html?adCode=81ee33e8","link_click":"0","luck_push":"2"}]
2018-02-12 21:54:44  act 32 channel_select_sum [{"weight1":"10","offer1":"0.09999999999999999"}]
2018-02-12 21:54:44  act 37 sumWeight=10
2018-02-12 21:54:44  act 38 sumOffer=0.09999999999999999
2018-02-12 21:54:44  act 45 sum=[{"sum":10,"id":"1"},{"sum":10,"id":"2"},{"sum":10,"id":"3"},{"sum":10,"id":"4"},{"sum":10,"id":"5"},{"sum":10,"id":"6"},{"sum":10,"id":"7"},{"sum":10,"id":"8"},{"sum":10,"id":"9"},{"sum":10,"id":"10"}]
2018-02-12 21:54:44  act 57 array=[{"start":0,"end":10,"id":"1"},{"start":10,"end":20,"id":"2"},{"start":20,"end":30,"id":"3"},{"start":30,"end":40,"id":"4"},{"start":40,"end":50,"id":"5"},{"start":50,"end":60,"id":"6"},{"start":60,"end":70,"id":"7"},{"start":70,"end":80,"id":"8"},{"start":80,"end":90,"id":"9"},{"start":90,"end":100,"id":"10"}]
2018-02-12 21:54:44  act 60 round=70
2018-02-12 21:54:44  act 63 end=70
2018-02-12 21:54:44  act 64 start=60
2018-02-12 21:54:44  act 71 id 7
2018-02-12 21:54:44  act 72 luck_record_find={"id":"7","user_name":"\u901a\u7528\u7248","image_url":"\/Public\/bigwheel\/images\/image015.png","offer":"0.01","weight":"1","push":"9","click":"11","click_rate":"50","total":"0.01","channel_map_id":"10001","md5":"D89F3A35931C386956C1A402A8E09941","link_url":"http:\/\/wap.newtank.cn\/newtank\/act\/calculate\/index.html?adCode=81ee33e8","link_click":"1","luck_push":"2"}
2018-02-12 21:54:44  act 74 channel_count 10
2018-02-12 21:54:44  act 76 channel_find={"link_click":"1","click":"12","luck_push":"3","offer":"0.01"}
2018-02-12 21:54:44  act 79 click_rate=33.33
2018-02-12 21:54:44  act 85 channelModel UPDATE `a_luck_record` SET `CLICK_RATE`='33.33' WHERE `ID` = 7
2018-02-12 21:54:44  act 89 total 0.01
2018-02-12 21:54:44  act 91 channelModel UPDATE `a_luck_record` SET `TOTAL`='0.01' WHERE `ID` = 7
2018-02-12 21:54:44  act 92 channel_save_total 0
2018-02-12 21:54:44  act 95 =======计算次数结束======：{"status":"200","imgurl":"\/Public\/bigwheel\/images\/image015.png","link":"http:\/\/wap.newtank.cn\/newtank\/act\/calculate\/index.html?adCode=81ee33e8","position":"6","id":"7","title":"\u901a\u7528\u7248"}
2018-02-12 21:54:50  act 16 =======计算次数开始======：{"draw_num":"2","system":"2","coupon_idlist":"7","CHANNEL_MAP_ID":"D89F3A35931C386956C1A402A8E09941","type":"MD5"}
2018-02-12 21:54:50  act 22 MD5 D89F3A35931C386956C1A402A8E09941
2018-02-12 21:54:50  act 23 channelModel SELECT * FROM `a_luck_record` WHERE `MD5` = 'D89F3A35931C386956C1A402A8E09941' LIMIT 1  
2018-02-12 21:54:50  act 31 channel_select [{"id":"1","user_name":"PPTV\u4f1a\u5458\u514d\u8d39\u9001","image_url":"\/Public\/bigwheel\/images\/image001.png","offer":"0.01","weight":"1","push":"9","click":"12","click_rate":"0","total":"0.00","channel_map_id":"10001","md5":"D89F3A35931C386956C1A402A8E09941","link_url":"http:\/\/wap.newtank.cn\/wap\/act\/pptv\/index.html?adCode=90c7e686","link_click":"0","luck_push":"1"},{"id":"2","user_name":"PPTV-\u6625\u8282\u7248","image_url":"\/Public\/bigwheel\/images\/image003.png","offer":"0.01","weight":"1","push":"9","click":"12","click_rate":"25","total":"0.01","channel_map_id":"10001","md5":"D89F3A35931C386956C1A402A8E09941","link_url":"http:\/\/wap.newtank.cn\/newtank\/act\/pptv0118\/index.html?adCode=90c7e686","link_click":"1","luck_push":"1"},{"id":"3","user_name":"\u7231\u5947\u827a","image_url":"\/Public\/bigwheel\/images\/image005.png","offer":"0.01","weight":"1","push":"9","click":"12","click_rate":"0","total":"0.00","channel_map_id":"10001","md5":"D89F3A35931C386956C1A402A8E09941","link_url":"http:\/\/wap.newtank.cn\/wap\/act\/aiqiyi0104\/index.html?adCode=e9a805d8","link_click":"0","luck_push":"1"},{"id":"4","user_name":"\u7535\u5f71\u7968","image_url":"\/Public\/bigwheel\/images\/image007.png","offer":"0.01","weight":"1","push":"9","click":"12","click_rate":"0","total":"0.00","channel_map_id":"10001","md5":"D89F3A35931C386956C1A402A8E09941","link_url":"  http:\/\/wap.newtank.cn\/wap\/act\/film1226\/index.html?adCode=1091c78e","link_click":"0","luck_push":"1"},{"id":"5","user_name":"\u53e3\u7ea2\u7248","image_url":"\/Public\/bigwheel\/images\/image009.png","offer":"0.01","weight":"1","push":"9","click":"12","click_rate":"66.67","total":"0.02","channel_map_id":"10001","md5":"D89F3A35931C386956C1A402A8E09941","link_url":"http:\/\/wap.newtank.cn\/newtank\/act\/dragonfly\/index.html?adCode=e6996949","link_click":"2","luck_push":"1"},{"id":"6","user_name":"\u6ef4\u6ef4\u7ea2\u5305","image_url":"\/Public\/bigwheel\/images\/image011.png","offer":"0.01","weight":"1","push":"9","click":"12","click_rate":"20","total":"0.01","channel_map_id":"10001","md5":"D89F3A35931C386956C1A402A8E09941","link_url":"http:\/\/wap.newtank.cn\/wap\/act\/didi\/index.html?adCode=601459d8","link_click":"1","luck_push":"1"},{"id":"7","user_name":"\u901a\u7528\u7248","image_url":"\/Public\/bigwheel\/images\/image015.png","offer":"0.01","weight":"1","push":"9","click":"12","click_rate":"33.33","total":"0.01","channel_map_id":"10001","md5":"D89F3A35931C386956C1A402A8E09941","link_url":"http:\/\/wap.newtank.cn\/newtank\/act\/calculate\/index.html?adCode=81ee33e8","link_click":"1","luck_push":"3"},{"id":"8","user_name":"\u53e3\u7f69","image_url":"\/Public\/bigwheel\/images\/image017.png","offer":"0.01","weight":"1","push":"9","click":"12","click_rate":"0","total":"0","channel_map_id":"10001","md5":"D89F3A35931C386956C1A402A8E09941","link_url":"http:\/\/wap.newtank.cn\/newtank\/act\/haze\/index.html?adCode=81ee33e8","link_click":"0","luck_push":"0"},{"id":"9","user_name":"\u56fd\u8d38\u7248","image_url":"\/Public\/bigwheel\/images\/image019.png","offer":"0.01","weight":"1","push":"9","click":"12","click_rate":"0","total":"0.00","channel_map_id":"10001","md5":"D89F3A35931C386956C1A402A8E09941","link_url":"http:\/\/wap.newtank.cn\/newtank\/act\/aikang\/index.html?adCode=81ee33e8","link_click":"0","luck_push":"1"},{"id":"10","user_name":"OFO\u7248","image_url":"\/Public\/bigwheel\/images\/image013.png","offer":"0.01","weight":"1","push":"9","click":"12","click_rate":"0","total":"0.00","channel_map_id":"10001","md5":"D89F3A35931C386956C1A402A8E09941","link_url":"http:\/\/wap.newtank.cn\/newtank\/act\/ofo0129\/index.html?adCode=81ee33e8","link_click":"0","luck_push":"2"}]
2018-02-12 21:54:50  act 32 channel_select_sum [{"weight1":"10","offer1":"0.09999999999999999"}]
2018-02-12 21:54:50  act 37 sumWeight=10
2018-02-12 21:54:50  act 38 sumOffer=0.09999999999999999
2018-02-12 21:54:50  act 45 sum=[{"sum":10,"id":"1"},{"sum":10,"id":"2"},{"sum":10,"id":"3"},{"sum":10,"id":"4"},{"sum":10,"id":"5"},{"sum":10,"id":"6"},{"sum":10,"id":"7"},{"sum":10,"id":"8"},{"sum":10,"id":"9"},{"sum":10,"id":"10"}]
2018-02-12 21:54:50  act 57 array=[{"start":0,"end":10,"id":"1"},{"start":10,"end":20,"id":"2"},{"start":20,"end":30,"id":"3"},{"start":30,"end":40,"id":"4"},{"start":40,"end":50,"id":"5"},{"start":50,"end":60,"id":"6"},{"start":60,"end":70,"id":"7"},{"start":70,"end":80,"id":"8"},{"start":80,"end":90,"id":"9"},{"start":90,"end":100,"id":"10"}]
2018-02-12 21:54:50  act 60 round=66
2018-02-12 21:54:50  act 63 end=70
2018-02-12 21:54:50  act 64 start=60
2018-02-12 21:54:50  act 71 id 7
2018-02-12 21:54:50  act 72 luck_record_find={"id":"7","user_name":"\u901a\u7528\u7248","image_url":"\/Public\/bigwheel\/images\/image015.png","offer":"0.01","weight":"1","push":"9","click":"12","click_rate":"33.33","total":"0.01","channel_map_id":"10001","md5":"D89F3A35931C386956C1A402A8E09941","link_url":"http:\/\/wap.newtank.cn\/newtank\/act\/calculate\/index.html?adCode=81ee33e8","link_click":"1","luck_push":"3"}
2018-02-12 21:54:50  act 74 channel_count 10
2018-02-12 21:54:50  act 76 channel_find={"link_click":"1","click":"13","luck_push":"4","offer":"0.01"}
2018-02-12 21:54:50  act 79 click_rate=25
2018-02-12 21:54:50  act 85 channelModel UPDATE `a_luck_record` SET `CLICK_RATE`='25' WHERE `ID` = 7
2018-02-12 21:54:50  act 89 total 0.01
2018-02-12 21:54:50  act 91 channelModel UPDATE `a_luck_record` SET `TOTAL`='0.01' WHERE `ID` = 7
2018-02-12 21:54:50  act 92 channel_save_total 0
2018-02-12 21:54:50  act 95 =======计算次数结束======：{"status":"200","imgurl":"\/Public\/bigwheel\/images\/image015.png","link":"http:\/\/wap.newtank.cn\/newtank\/act\/calculate\/index.html?adCode=81ee33e8","position":"6","id":"7","title":"\u901a\u7528\u7248"}
2018-02-12 21:54:55  act 16 =======计算次数开始======：{"draw_num":"1","system":"2","coupon_idlist":"7,7","CHANNEL_MAP_ID":"D89F3A35931C386956C1A402A8E09941","type":"MD5"}
2018-02-12 21:54:55  act 22 MD5 D89F3A35931C386956C1A402A8E09941
2018-02-12 21:54:55  act 23 channelModel SELECT * FROM `a_luck_record` WHERE `MD5` = 'D89F3A35931C386956C1A402A8E09941' LIMIT 1  
2018-02-12 21:54:55  act 31 channel_select [{"id":"1","user_name":"PPTV\u4f1a\u5458\u514d\u8d39\u9001","image_url":"\/Public\/bigwheel\/images\/image001.png","offer":"0.01","weight":"1","push":"9","click":"13","click_rate":"0","total":"0.00","channel_map_id":"10001","md5":"D89F3A35931C386956C1A402A8E09941","link_url":"http:\/\/wap.newtank.cn\/wap\/act\/pptv\/index.html?adCode=90c7e686","link_click":"0","luck_push":"1"},{"id":"2","user_name":"PPTV-\u6625\u8282\u7248","image_url":"\/Public\/bigwheel\/images\/image003.png","offer":"0.01","weight":"1","push":"9","click":"13","click_rate":"25","total":"0.01","channel_map_id":"10001","md5":"D89F3A35931C386956C1A402A8E09941","link_url":"http:\/\/wap.newtank.cn\/newtank\/act\/pptv0118\/index.html?adCode=90c7e686","link_click":"1","luck_push":"1"},{"id":"3","user_name":"\u7231\u5947\u827a","image_url":"\/Public\/bigwheel\/images\/image005.png","offer":"0.01","weight":"1","push":"9","click":"13","click_rate":"0","total":"0.00","channel_map_id":"10001","md5":"D89F3A35931C386956C1A402A8E09941","link_url":"http:\/\/wap.newtank.cn\/wap\/act\/aiqiyi0104\/index.html?adCode=e9a805d8","link_click":"0","luck_push":"1"},{"id":"4","user_name":"\u7535\u5f71\u7968","image_url":"\/Public\/bigwheel\/images\/image007.png","offer":"0.01","weight":"1","push":"9","click":"13","click_rate":"0","total":"0.00","channel_map_id":"10001","md5":"D89F3A35931C386956C1A402A8E09941","link_url":"  http:\/\/wap.newtank.cn\/wap\/act\/film1226\/index.html?adCode=1091c78e","link_click":"0","luck_push":"1"},{"id":"5","user_name":"\u53e3\u7ea2\u7248","image_url":"\/Public\/bigwheel\/images\/image009.png","offer":"0.01","weight":"1","push":"9","click":"13","click_rate":"66.67","total":"0.02","channel_map_id":"10001","md5":"D89F3A35931C386956C1A402A8E09941","link_url":"http:\/\/wap.newtank.cn\/newtank\/act\/dragonfly\/index.html?adCode=e6996949","link_click":"2","luck_push":"1"},{"id":"6","user_name":"\u6ef4\u6ef4\u7ea2\u5305","image_url":"\/Public\/bigwheel\/images\/image011.png","offer":"0.01","weight":"1","push":"9","click":"13","click_rate":"20","total":"0.01","channel_map_id":"10001","md5":"D89F3A35931C386956C1A402A8E09941","link_url":"http:\/\/wap.newtank.cn\/wap\/act\/didi\/index.html?adCode=601459d8","link_click":"1","luck_push":"1"},{"id":"7","user_name":"\u901a\u7528\u7248","image_url":"\/Public\/bigwheel\/images\/image015.png","offer":"0.01","weight":"1","push":"9","click":"13","click_rate":"25","total":"0.01","channel_map_id":"10001","md5":"D89F3A35931C386956C1A402A8E09941","link_url":"http:\/\/wap.newtank.cn\/newtank\/act\/calculate\/index.html?adCode=81ee33e8","link_click":"1","luck_push":"4"},{"id":"8","user_name":"\u53e3\u7f69","image_url":"\/Public\/bigwheel\/images\/image017.png","offer":"0.01","weight":"1","push":"9","click":"13","click_rate":"0","total":"0","channel_map_id":"10001","md5":"D89F3A35931C386956C1A402A8E09941","link_url":"http:\/\/wap.newtank.cn\/newtank\/act\/haze\/index.html?adCode=81ee33e8","link_click":"0","luck_push":"0"},{"id":"9","user_name":"\u56fd\u8d38\u7248","image_url":"\/Public\/bigwheel\/images\/image019.png","offer":"0.01","weight":"1","push":"9","click":"13","click_rate":"0","total":"0.00","channel_map_id":"10001","md5":"D89F3A35931C386956C1A402A8E09941","link_url":"http:\/\/wap.newtank.cn\/newtank\/act\/aikang\/index.html?adCode=81ee33e8","link_click":"0","luck_push":"1"},{"id":"10","user_name":"OFO\u7248","image_url":"\/Public\/bigwheel\/images\/image013.png","offer":"0.01","weight":"1","push":"9","click":"13","click_rate":"0","total":"0.00","channel_map_id":"10001","md5":"D89F3A35931C386956C1A402A8E09941","link_url":"http:\/\/wap.newtank.cn\/newtank\/act\/ofo0129\/index.html?adCode=81ee33e8","link_click":"0","luck_push":"2"}]
2018-02-12 21:54:55  act 32 channel_select_sum [{"weight1":"10","offer1":"0.09999999999999999"}]
2018-02-12 21:54:55  act 37 sumWeight=10
2018-02-12 21:54:55  act 38 sumOffer=0.09999999999999999
2018-02-12 21:54:55  act 45 sum=[{"sum":10,"id":"1"},{"sum":10,"id":"2"},{"sum":10,"id":"3"},{"sum":10,"id":"4"},{"sum":10,"id":"5"},{"sum":10,"id":"6"},{"sum":10,"id":"7"},{"sum":10,"id":"8"},{"sum":10,"id":"9"},{"sum":10,"id":"10"}]
2018-02-12 21:54:55  act 57 array=[{"start":0,"end":10,"id":"1"},{"start":10,"end":20,"id":"2"},{"start":20,"end":30,"id":"3"},{"start":30,"end":40,"id":"4"},{"start":40,"end":50,"id":"5"},{"start":50,"end":60,"id":"6"},{"start":60,"end":70,"id":"7"},{"start":70,"end":80,"id":"8"},{"start":80,"end":90,"id":"9"},{"start":90,"end":100,"id":"10"}]
2018-02-12 21:54:55  act 60 round=97
2018-02-12 21:54:55  act 63 end=100
2018-02-12 21:54:55  act 64 start=90
2018-02-12 21:54:55  act 71 id 10
2018-02-12 21:54:55  act 72 luck_record_find={"id":"10","user_name":"OFO\u7248","image_url":"\/Public\/bigwheel\/images\/image013.png","offer":"0.01","weight":"1","push":"9","click":"13","click_rate":"0","total":"0.00","channel_map_id":"10001","md5":"D89F3A35931C386956C1A402A8E09941","link_url":"http:\/\/wap.newtank.cn\/newtank\/act\/ofo0129\/index.html?adCode=81ee33e8","link_click":"0","luck_push":"2"}
2018-02-12 21:54:55  act 74 channel_count 10
2018-02-12 21:54:55  act 76 channel_find={"link_click":"0","click":"14","luck_push":"3","offer":"0.01"}
2018-02-12 21:54:55  act 79 click_rate=0
2018-02-12 21:54:55  act 85 channelModel UPDATE `a_luck_record` SET `CLICK_RATE`='0' WHERE `ID` = 10
2018-02-12 21:54:55  act 89 total 0.00
2018-02-12 21:54:55  act 91 channelModel UPDATE `a_luck_record` SET `TOTAL`='0.00' WHERE `ID` = 10
2018-02-12 21:54:55  act 92 channel_save_total 0
2018-02-12 21:54:55  act 95 =======计算次数结束======：{"status":"200","imgurl":"\/Public\/bigwheel\/images\/image013.png","link":"http:\/\/wap.newtank.cn\/newtank\/act\/ofo0129\/index.html?adCode=81ee33e8","position":"6","id":"10","title":"OFO\u7248"}
