2018-02-05 15:58:55  act 23 =======第一步提交开始======：
2018-02-05 15:58:55  act 26 json：{"imgurl":"__PUBLIC__\/bigwheel\/images\/LBi9h3jJXg.jpg","link":"http:\/\/www.ef.com.cn\/online\/lp\/cn\/2016yr\/mobile\/newStyle-161203.aspx?ctr=cn&lng=cs&ptn=Ykcn&etag=tc-bluegirl","position":"6","id":"2"}
2018-02-05 15:59:24  act 23 =======第一步提交开始======：
2018-02-05 15:59:24  act 26 json：{"imgurl":"__PUBLIC__\/bigwheel\/images\/LBi9h3jJXg.jpg","link":"http:\/\/www.ef.com.cn\/online\/lp\/cn\/2016yr\/mobile\/newStyle-161203.aspx?ctr=cn&lng=cs&ptn=Ykcn&etag=tc-bluegirl","position":"6","id":"2"}
2018-02-05 16:00:28  act 23 =======第一步提交开始======：
2018-02-05 16:00:28  act 24 =======第一步提交开始======：{"draw_num":"3","system":"2","coupon_idlist":""}
2018-02-05 16:02:27  act 23 =======第一步提交开始======：{"draw_num":"2","system":"2","coupon_idlist":"undefined"}
2018-02-05 16:02:52  act 23 =======第一步提交开始======：{"draw_num":"1","system":"2","coupon_idlist":"undefined,2"}
2018-02-05 16:03:50  act 23 =======第一步提交开始======：{"draw_num":"3","system":"2","coupon_idlist":""}
2018-02-05 16:05:51  act 23 =======第一步提交开始======：{"draw_num":"2","system":"2","coupon_idlist":"2"}
2018-02-05 16:05:55  act 23 =======第一步提交开始======：{"draw_num":"1","system":"2","coupon_idlist":"2,2"}
2018-02-05 16:13:45  act 25 =======第一步提交开始======：{"draw_num":"3","system":"2","coupon_idlist":""}
2018-02-05 16:13:46  act 25 =======第一步提交开始======：{"draw_num":"2","system":"2","coupon_idlist":""}
2018-02-05 16:13:51  act 25 =======第一步提交开始======：{"draw_num":"1","system":"2","coupon_idlist":"2"}
2018-02-05 16:14:32  act 25 =======第一步提交开始======：{"draw_num":"3","system":"2","coupon_idlist":"","CHANNEL_MAP_ID":"202"}
2018-02-05 16:16:51  act 25 =======第一步提交开始======：{"draw_num":"2","system":"2","coupon_idlist":"2","CHANNEL_MAP_ID":"202"}
2018-02-05 16:16:55  act 25 =======第一步提交开始======：{"draw_num":"1","system":"2","coupon_idlist":"2,2","CHANNEL_MAP_ID":"202"}
2018-02-05 16:45:15  act 16 =======第一步提交开始======：{"draw_num":"3","system":"2","coupon_idlist":"","CHANNEL_MAP_ID":"202"}
2018-02-05 16:48:32  act 16 =======第一步提交开始======：{"draw_num":"2","system":"2","coupon_idlist":"2","CHANNEL_MAP_ID":"202"}
2018-02-05 16:48:32  act 17 =======第一步提交开始======：[]
2018-02-05 16:48:51  act 16 =======第一步提交开始======：{"draw_num":"1","system":"2","coupon_idlist":"2,2","CHANNEL_MAP_ID":"202"}
2018-02-05 16:48:52  act 16 =======第一步提交开始======：{"draw_num":"3","system":"2","coupon_idlist":"","CHANNEL_MAP_ID":"202"}
2018-02-05 17:07:22  act 16 =======第一步提交开始======：{"draw_num":"2","system":"2","coupon_idlist":"2","CHANNEL_MAP_ID":"10001"}
2018-02-05 17:09:22  act 16 =======第一步提交开始======：{"draw_num":"1","system":"2","coupon_idlist":"2,2","CHANNEL_MAP_ID":"10003"}
2018-02-05 17:11:40  act 16 =======第一步提交开始======：{"draw_num":"3","system":"2","coupon_idlist":"","CHANNEL_MAP_ID":"10003"}
2018-02-05 17:13:44  act 16 =======第一步提交开始======：{"draw_num":"2","system":"2","coupon_idlist":"undefined","CHANNEL_MAP_ID":"10003"}
2018-02-05 17:13:54  act 16 =======第一步提交开始======：{"draw_num":"1","system":"2","coupon_idlist":"undefined","CHANNEL_MAP_ID":"10003"}
2018-02-05 17:15:42  act 16 =======第一步提交开始======：{"draw_num":"3","system":"2","coupon_idlist":"","CHANNEL_MAP_ID":"10003"}
2018-02-05 17:19:18  act 16 =======第一步提交开始======：{"draw_num":"2","system":"2","coupon_idlist":"","CHANNEL_MAP_ID":"10003"}
2018-02-05 17:19:25  act 16 =======第一步提交开始======：{"draw_num":"1","system":"2","coupon_idlist":"","CHANNEL_MAP_ID":"10001"}
2018-02-05 17:19:41  act 16 =======第一步提交开始======：{"draw_num":"3","system":"2","coupon_idlist":"","CHANNEL_MAP_ID":"10001"}
2018-02-05 17:20:31  act 16 =======第一步提交开始======：{"draw_num":"2","system":"2","coupon_idlist":"","CHANNEL_MAP_ID":"10001"}
2018-02-05 17:20:31  act 20 CHANNEL_MAP_ID10001
2018-02-05 17:20:31  act 21 channel：null
2018-02-05 17:21:01  act 16 =======第一步提交开始======：{"draw_num":"1","system":"2","coupon_idlist":"","CHANNEL_MAP_ID":"10001"}
2018-02-05 17:21:01  act 20 CHANNEL_MAP_ID 10001
2018-02-05 17:21:01  act 21 channel：
2018-02-05 17:22:05  act 16 =======第一步提交开始======：{"draw_num":"3","system":"2","coupon_idlist":"","CHANNEL_MAP_ID":"10001"}
2018-02-05 17:22:05  act 20 CHANNEL_MAP_ID 10001
2018-02-05 17:22:05  act 21 channel：
2018-02-05 17:22:23  act 16 =======第一步提交开始======：{"draw_num":"2","system":"2","coupon_idlist":"","CHANNEL_MAP_ID":"10001"}
2018-02-05 17:22:23  act 20 CHANNEL_MAP_ID 10001
2018-02-05 17:22:23  act 21 channel：
2018-02-05 17:22:56  act 16 =======第一步提交开始======：{"draw_num":"1","system":"2","coupon_idlist":"","CHANNEL_MAP_ID":"10001"}
2018-02-05 17:22:56  act 20 CHANNEL_MAP_ID 10001
2018-02-05 17:22:56  act 21 channel：
2018-02-05 17:23:51  act 16 =======第一步提交开始======：{"draw_num":"3","system":"2","coupon_idlist":"","CHANNEL_MAP_ID":"10001"}
2018-02-05 17:23:51  act 20 CHANNEL_MAP_ID 10001
2018-02-05 17:23:51  act 21 channel：
2018-02-05 17:24:17  act 16 =======第一步提交开始======：{"draw_num":"2","system":"2","coupon_idlist":"","CHANNEL_MAP_ID":"10001"}
2018-02-05 17:24:17  act 20 CHANNEL_MAP_ID 10001
2018-02-05 17:24:17  act 21 channel：
2018-02-05 17:24:49  act 16 =======第一步提交开始======：{"draw_num":"1","system":"2","coupon_idlist":"","CHANNEL_MAP_ID":"10001"}
2018-02-05 17:24:49  act 20 CHANNEL_MAP_ID 10001
2018-02-05 17:24:49  act 21 channel：
2018-02-05 17:25:19  act 16 =======第一步提交开始======：{"draw_num":"3","system":"2","coupon_idlist":"","CHANNEL_MAP_ID":"10001"}
2018-02-05 17:25:19  act 20 CHANNEL_MAP_ID 10001
2018-02-05 17:25:19  act 21 channel：
2018-02-05 17:32:46  act 16 =======第一步提交开始======：{"draw_num":"2","system":"2","coupon_idlist":"2","CHANNEL_MAP_ID":"10001"}
2018-02-05 17:32:46  act 20 CHANNEL_MAP_ID 10001
2018-02-05 17:32:46  act 21 channel：
2018-02-05 17:35:39  act 16 =======第一步提交开始======：{"draw_num":"1","system":"2","coupon_idlist":"2","CHANNEL_MAP_ID":"10001"}
2018-02-05 17:35:39  act 20 CHANNEL_MAP_ID 10001
2018-02-05 17:35:39  act 21 channel：
2018-02-05 17:36:05  act 16 =======第一步提交开始======：{"draw_num":"3","system":"2","coupon_idlist":"","CHANNEL_MAP_ID":"10001"}
2018-02-05 17:36:05  act 20 CHANNEL_MAP_ID 10001
2018-02-05 17:36:05  act 21 channel：
2018-02-05 17:36:12  act 16 =======第一步提交开始======：{"draw_num":"2","system":"2","coupon_idlist":"2","CHANNEL_MAP_ID":"10004"}
2018-02-05 17:36:12  act 20 CHANNEL_MAP_ID 10004
2018-02-05 17:36:12  act 21 channel：
2018-02-05 17:50:31  act 16 =======第一步提交开始======：{"draw_num":"1","system":"2","coupon_idlist":"2","CHANNEL_MAP_ID":"10004"}
2018-02-05 17:50:31  act 20 CHANNEL_MAP_ID 10004
2018-02-05 17:50:31  act 21 channel：
2018-02-05 17:51:24  act 16 =======第一步提交开始======：{"draw_num":"3","system":"2","coupon_idlist":"","CHANNEL_MAP_ID":"10004"}
2018-02-05 17:51:24  act 20 CHANNEL_MAP_ID 10004
2018-02-05 17:51:24  act 21 channel：
2018-02-05 17:51:47  act 16 =======第一步提交开始======：{"draw_num":"2","system":"2","coupon_idlist":"","CHANNEL_MAP_ID":"10001"}
2018-02-05 17:51:47  act 20 CHANNEL_MAP_ID 10001
2018-02-05 17:51:47  act 21 channel：
2018-02-05 17:52:14  act 16 =======第一步提交开始======：{"draw_num":"1","system":"2","coupon_idlist":"2","CHANNEL_MAP_ID":"10001"}
2018-02-05 17:52:14  act 20 CHANNEL_MAP_ID 10001
2018-02-05 17:52:14  act 21 channel：
2018-02-05 17:56:55  act 16 =======第一步提交开始======：{"draw_num":"3","system":"2","coupon_idlist":"","CHANNEL_MAP_ID":"10001"}
2018-02-05 17:56:55  act 20 CHANNEL_MAP_ID 10001
2018-02-05 17:56:55  act 21 channel：
2018-02-05 17:57:01  act 16 =======第一步提交开始======：{"draw_num":"2","system":"2","coupon_idlist":"2","CHANNEL_MAP_ID":"10004"}
2018-02-05 17:57:01  act 20 CHANNEL_MAP_ID 10004
2018-02-05 17:57:01  act 21 channel：
2018-02-05 17:59:45  act 16 =======第一步提交开始======：{"draw_num":"1","system":"2","coupon_idlist":"2","CHANNEL_MAP_ID":"10001"}
2018-02-05 17:59:45  act 20 CHANNEL_MAP_ID 10001
2018-02-05 17:59:45  act 21 channel：
2018-02-05 19:05:14  act 16 =======第一步提交开始======：{"draw_num":"3","system":"2","coupon_idlist":"","CHANNEL_MAP_ID":"10001"}
2018-02-05 19:05:14  act 20 CHANNEL_MAP_ID 10001
2018-02-05 19:06:26  act 16 =======第一步提交开始======：{"draw_num":"2","system":"2","coupon_idlist":"2","CHANNEL_MAP_ID":"10001"}
2018-02-05 19:06:26  act 20 CHANNEL_MAP_ID 10001
2018-02-05 19:06:26  act 25 channel_count 
2018-02-05 19:10:19  act 16 =======第一步提交开始======：{"draw_num":"1","system":"2","coupon_idlist":"2,2","CHANNEL_MAP_ID":"10001"}
2018-02-05 19:10:19  act 20 CHANNEL_MAP_ID 10001
2018-02-05 19:10:19  act 25 channel_count 
2018-02-05 19:11:05  act 16 =======第一步提交开始======：{"draw_num":"3","system":"2","coupon_idlist":"","CHANNEL_MAP_ID":"10001"}
2018-02-05 19:11:05  act 20 CHANNEL_MAP_ID 10001
2018-02-05 19:11:05  act 25 channel_count Array
2018-02-05 19:12:02  act 16 =======第一步提交开始======：{"draw_num":"2","system":"2","coupon_idlist":"2","CHANNEL_MAP_ID":"10001"}
2018-02-05 19:12:02  act 20 CHANNEL_MAP_ID 10001
2018-02-05 19:12:02  act 25 channel_count 
2018-02-05 19:13:28  act 16 =======第一步提交开始======：{"draw_num":"1","system":"2","coupon_idlist":"2,2","CHANNEL_MAP_ID":"10001"}
2018-02-05 19:13:28  act 20 CHANNEL_MAP_ID 10001
2018-02-05 19:13:28  act 25 channel_count 
2018-02-05 19:13:41  act 16 =======第一步提交开始======：{"draw_num":"3","system":"2","coupon_idlist":"","CHANNEL_MAP_ID":"10001"}
2018-02-05 19:13:41  act 20 CHANNEL_MAP_ID 10001
2018-02-05 19:13:41  act 25 channel_count 
2018-02-05 19:14:25  act 16 =======第一步提交开始======：{"draw_num":"2","system":"2","coupon_idlist":"2","CHANNEL_MAP_ID":"10001"}
2018-02-05 19:14:25  act 20 CHANNEL_MAP_ID 10001
2018-02-05 19:14:25  act 25 channel_count 
2018-02-05 19:19:22  act 16 =======第一步提交开始======：{"draw_num":"1","system":"2","coupon_idlist":"2,2","CHANNEL_MAP_ID":"10001"}
2018-02-05 19:19:23  act 20 CHANNEL_MAP_ID 10001
2018-02-05 19:19:23  act 25 channelModel SELECT * FROM `a_channel` WHERE `CHANNEL_MAP_ID` = 10001 LIMIT 1  
2018-02-05 19:19:23  act 26 channel_count 
2018-02-05 19:19:37  act 16 =======第一步提交开始======：{"draw_num":"3","system":"2","coupon_idlist":"","CHANNEL_MAP_ID":"10001"}
2018-02-05 19:19:37  act 20 CHANNEL_MAP_ID 10001
2018-02-05 19:19:37  act 25 channelModel SELECT * FROM `a_channel` WHERE `CHANNEL_MAP_ID` = 10001 LIMIT 1  
2018-02-05 19:19:37  act 26 channel_count 
2018-02-05 19:20:28  act 16 =======第一步提交开始======：{"draw_num":"2","system":"2","coupon_idlist":"2","CHANNEL_MAP_ID":"10001"}
2018-02-05 19:20:28  act 20 CHANNEL_MAP_ID 10001
2018-02-05 19:20:28  act 25 channelModel SELECT * FROM `a_channel` WHERE `CHANNEL_MAP_ID` = 10001 LIMIT 1  
2018-02-05 19:20:28  act 26 channel_count 
2018-02-05 19:20:33  act 16 =======第一步提交开始======：{"draw_num":"1","system":"2","coupon_idlist":"2,2","CHANNEL_MAP_ID":"10001"}
2018-02-05 19:20:33  act 20 CHANNEL_MAP_ID 10001
2018-02-05 19:20:33  act 25 channelModel SELECT * FROM `a_channel` WHERE `CHANNEL_MAP_ID` = 10001 LIMIT 1  
2018-02-05 19:20:33  act 26 channel_count 
2018-02-05 19:20:54  act 16 =======第一步提交开始======：{"draw_num":"3","system":"2","coupon_idlist":"","CHANNEL_MAP_ID":"10001"}
2018-02-05 19:20:54  act 20 CHANNEL_MAP_ID 10001
2018-02-05 19:20:54  act 25 channelModel SELECT * FROM `a_channel` WHERE `CHANNEL_MAP_ID` = 10001 LIMIT 1  
2018-02-05 19:20:54  act 26 channel_count 
2018-02-05 19:26:32  act 16 =======第一步提交开始======：{"draw_num":"2","system":"2","coupon_idlist":"2","CHANNEL_MAP_ID":"10001"}
2018-02-05 19:26:32  act 20 CHANNEL_MAP_ID 10001
2018-02-05 19:26:32  act 25 channelModel SELECT * FROM `a_channel` WHERE `CHANNEL_MAP_ID` = 10001 LIMIT 1  
2018-02-05 19:26:32  act 26 channel_count 
2018-02-05 19:28:28  act 16 =======第一步提交开始======：{"draw_num":"1","system":"2","coupon_idlist":"2,2","CHANNEL_MAP_ID":"10001"}
2018-02-05 19:28:28  act 20 CHANNEL_MAP_ID 10001
2018-02-05 19:28:28  act 25 channelModel SELECT * FROM `a_channel` WHERE `CHANNEL_MAP_ID` = 10001 LIMIT 1  
2018-02-05 19:28:28  act 26 channel_count 
2018-02-05 19:29:05  act 16 =======第一步提交开始======：{"draw_num":"3","system":"2","coupon_idlist":"","CHANNEL_MAP_ID":"10001"}
2018-02-05 19:29:05  act 20 CHANNEL_MAP_ID 10001
2018-02-05 19:29:05  act 26 channelModel SELECT * FROM `a_channel` WHERE `CHANNEL_MAP_ID` = 10001 LIMIT 1  
2018-02-05 19:29:05  act 27 channel_count 
2018-02-05 19:29:21  act 16 =======第一步提交开始======：{"draw_num":"2","system":"2","coupon_idlist":"2","CHANNEL_MAP_ID":"10001"}
2018-02-05 19:29:21  act 20 CHANNEL_MAP_ID 10001
2018-02-05 19:29:21  act 26 channelModel SELECT * FROM `a_channel` WHERE `CHANNEL_MAP_ID` = 10001 LIMIT 1  
2018-02-05 19:29:21  act 27 channel_count 
2018-02-05 19:29:59  act 16 =======第一步提交开始======：{"draw_num":"1","system":"2","coupon_idlist":"2,2","CHANNEL_MAP_ID":"10001"}
2018-02-05 19:29:59  act 20 CHANNEL_MAP_ID 10001
2018-02-05 19:29:59  act 26 channelModel SELECT * FROM `a_channel` WHERE `CHANNEL_MAP_ID` = 10001 LIMIT 1  
2018-02-05 19:29:59  act 27 channel_count 
2018-02-05 19:30:36  act 16 =======第一步提交开始======：{"draw_num":"3","system":"2","coupon_idlist":"","CHANNEL_MAP_ID":"10001"}
2018-02-05 19:30:36  act 20 CHANNEL_MAP_ID 10001
2018-02-05 19:30:36  act 26 channelModel SELECT * FROM `a_channel` WHERE ( CHANNEL_MAP_ID = 10001 ) 
2018-02-05 19:30:36  act 27 channel_count Array
2018-02-05 19:32:36  act 16 =======第一步提交开始======：{"draw_num":"2","system":"2","coupon_idlist":"2","CHANNEL_MAP_ID":"10001"}
2018-02-05 19:32:36  act 20 CHANNEL_MAP_ID 10001
2018-02-05 19:32:36  act 26 channelModel SELECT * FROM `a_channel` WHERE `CHANNEL_MAP_ID` = 10001 LIMIT 1  
2018-02-05 19:32:36  act 27 channel_count 
2018-02-05 19:33:42  act 16 =======第一步提交开始======：{"draw_num":"1","system":"2","coupon_idlist":"2,2","CHANNEL_MAP_ID":"10001"}
2018-02-05 19:33:42  act 20 CHANNEL_MAP_ID 10001
2018-02-05 19:33:42  act 26 channelModel SELECT * FROM `a_channel` WHERE `CHANNEL_MAP_ID` = 10001 LIMIT 1  
2018-02-05 19:33:42  act 27 channel_count 
2018-02-05 19:34:13  act 16 =======第一步提交开始======：{"draw_num":"3","system":"2","coupon_idlist":"","CHANNEL_MAP_ID":"10001"}
2018-02-05 19:34:13  act 20 CHANNEL_MAP_ID 10001
2018-02-05 19:34:13  act 26 channelModel SELECT * FROM `a_channel` WHERE `CHANNEL_MAP_ID` = 10001 LIMIT 1  
2018-02-05 19:34:13  act 27 channel_count 
2018-02-05 19:37:07  act 16 =======第一步提交开始======：{"draw_num":"2","system":"2","coupon_idlist":"2","CHANNEL_MAP_ID":"10001"}
2018-02-05 19:37:07  act 20 CHANNEL_MAP_ID 10001
2018-02-05 19:37:07  act 26 channelModel SELECT * FROM `a_channel` WHERE `CHANNEL_MAP_ID` = 10001 LIMIT 1  
2018-02-05 19:37:07  act 27 channel_count 
2018-02-05 19:37:46  act 16 =======第一步提交开始======：{"draw_num":"1","system":"2","coupon_idlist":"2,2","CHANNEL_MAP_ID":"10001"}
2018-02-05 19:37:46  act 20 CHANNEL_MAP_ID 10001
2018-02-05 19:37:46  act 26 channelModel SELECT * FROM `a_channel` WHERE `CHANNEL_MAP_ID` = 10001 LIMIT 1  
2018-02-05 19:37:46  act 27 channel_count 
