2018-02-17 13:50:18  act 16 =======计算次数开始======：{"CHANNEL_MAP_ID":"D89F3A35931C386956C1A402A8E09941","type":"PUSH"}
2018-02-17 13:50:18  act 101 channelModel UPDATE `a_luck_record` SET `PUSH`=PUSH+1 WHERE `MD5` = 'D89F3A35931C386956C1A402A8E09941'
2018-02-17 13:50:18  act 102 channel_count 10
2018-02-17 13:50:21  act 16 =======计算次数开始======：{"draw_num":"3","system":"2","coupon_idlist":"","CHANNEL_MAP_ID":"D89F3A35931C386956C1A402A8E09941","type":"MD5"}
2018-02-17 13:50:21  act 22 MD5 D89F3A35931C386956C1A402A8E09941
2018-02-17 13:50:21  act 23 channelModel SELECT * FROM `a_luck_record` WHERE `MD5` = 'D89F3A35931C386956C1A402A8E09941' LIMIT 1  
2018-02-17 13:50:21  act 31 channel_select [{"id":"1","user_name":"PPTV\u4f1a\u5458\u514d\u8d39\u9001","image_url":"\/Public\/bigwheel\/images\/image001.png","offer":"0.01","weight":"1","push":"10","click":"14","click_rate":"0","total":"0.00","channel_map_id":"10001","md5":"D89F3A35931C386956C1A402A8E09941","link_url":"http:\/\/wap.newtank.cn\/wap\/act\/pptv\/index.html?adCode=90c7e686","link_click":"0","luck_push":"1"},{"id":"2","user_name":"PPTV-\u6625\u8282\u7248","image_url":"\/Public\/bigwheel\/images\/image003.png","offer":"0.01","weight":"1","push":"10","click":"14","click_rate":"25","total":"0.01","channel_map_id":"10001","md5":"D89F3A35931C386956C1A402A8E09941","link_url":"http:\/\/wap.newtank.cn\/newtank\/act\/pptv0118\/index.html?adCode=90c7e686","link_click":"1","luck_push":"1"},{"id":"3","user_name":"\u7231\u5947\u827a","image_url":"\/Public\/bigwheel\/images\/image005.png","offer":"0.01","weight":"1","push":"10","click":"14","click_rate":"0","total":"0.00","channel_map_id":"10001","md5":"D89F3A35931C386956C1A402A8E09941","link_url":"http:\/\/wap.newtank.cn\/wap\/act\/aiqiyi0104\/index.html?adCode=e9a805d8","link_click":"0","luck_push":"1"},{"id":"4","user_name":"\u7535\u5f71\u7968","image_url":"\/Public\/bigwheel\/images\/image007.png","offer":"0.01","weight":"1","push":"10","click":"14","click_rate":"0","total":"0.00","channel_map_id":"10001","md5":"D89F3A35931C386956C1A402A8E09941","link_url":"  http:\/\/wap.newtank.cn\/wap\/act\/film1226\/index.html?adCode=1091c78e","link_click":"0","luck_push":"1"},{"id":"5","user_name":"\u53e3\u7ea2\u7248","image_url":"\/Public\/bigwheel\/images\/image009.png","offer":"0.01","weight":"1","push":"10","click":"14","click_rate":"66.67","total":"0.02","channel_map_id":"10001","md5":"D89F3A35931C386956C1A402A8E09941","link_url":"http:\/\/wap.newtank.cn\/newtank\/act\/dragonfly\/index.html?adCode=e6996949","link_click":"2","luck_push":"1"},{"id":"6","user_name":"\u6ef4\u6ef4\u7ea2\u5305","image_url":"\/Public\/bigwheel\/images\/image011.png","offer":"0.01","weight":"1","push":"10","click":"14","click_rate":"20","total":"0.01","channel_map_id":"10001","md5":"D89F3A35931C386956C1A402A8E09941","link_url":"http:\/\/wap.newtank.cn\/wap\/act\/didi\/index.html?adCode=601459d8","link_click":"1","luck_push":"1"},{"id":"7","user_name":"\u901a\u7528\u7248","image_url":"\/Public\/bigwheel\/images\/image015.png","offer":"0.01","weight":"1","push":"10","click":"14","click_rate":"25","total":"0.01","channel_map_id":"10001","md5":"D89F3A35931C386956C1A402A8E09941","link_url":"http:\/\/wap.newtank.cn\/newtank\/act\/calculate\/index.html?adCode=81ee33e8","link_click":"1","luck_push":"4"},{"id":"8","user_name":"\u53e3\u7f69","image_url":"\/Public\/bigwheel\/images\/image017.png","offer":"0.01","weight":"1","push":"10","click":"14","click_rate":"0","total":"0","channel_map_id":"10001","md5":"D89F3A35931C386956C1A402A8E09941","link_url":"http:\/\/wap.newtank.cn\/newtank\/act\/haze\/index.html?adCode=81ee33e8","link_click":"0","luck_push":"0"},{"id":"9","user_name":"\u56fd\u8d38\u7248","image_url":"\/Public\/bigwheel\/images\/image019.png","offer":"0.01","weight":"1","push":"10","click":"14","click_rate":"0","total":"0.00","channel_map_id":"10001","md5":"D89F3A35931C386956C1A402A8E09941","link_url":"http:\/\/wap.newtank.cn\/newtank\/act\/aikang\/index.html?adCode=81ee33e8","link_click":"0","luck_push":"1"},{"id":"10","user_name":"OFO\u7248","image_url":"\/Public\/bigwheel\/images\/image013.png","offer":"0.01","weight":"1","push":"10","click":"14","click_rate":"0","total":"0.00","channel_map_id":"10001","md5":"D89F3A35931C386956C1A402A8E09941","link_url":"http:\/\/wap.newtank.cn\/newtank\/act\/ofo0129\/index.html?adCode=81ee33e8","link_click":"0","luck_push":"3"}]
2018-02-17 13:50:21  act 32 channel_select_sum [{"weight1":"10","offer1":"0.09999999999999999"}]
2018-02-17 13:50:21  act 37 sumWeight=10
2018-02-17 13:50:21  act 38 sumOffer=0.09999999999999999
2018-02-17 13:50:21  act 45 sum=[{"sum":10,"id":"1"},{"sum":10,"id":"2"},{"sum":10,"id":"3"},{"sum":10,"id":"4"},{"sum":10,"id":"5"},{"sum":10,"id":"6"},{"sum":10,"id":"7"},{"sum":10,"id":"8"},{"sum":10,"id":"9"},{"sum":10,"id":"10"}]
2018-02-17 13:50:21  act 57 array=[{"start":0,"end":10,"id":"1"},{"start":10,"end":20,"id":"2"},{"start":20,"end":30,"id":"3"},{"start":30,"end":40,"id":"4"},{"start":40,"end":50,"id":"5"},{"start":50,"end":60,"id":"6"},{"start":60,"end":70,"id":"7"},{"start":70,"end":80,"id":"8"},{"start":80,"end":90,"id":"9"},{"start":90,"end":100,"id":"10"}]
2018-02-17 13:50:21  act 60 round=83
2018-02-17 13:50:21  act 63 end=90
2018-02-17 13:50:21  act 64 start=80
2018-02-17 13:50:21  act 71 id 9
2018-02-17 13:50:21  act 72 luck_record_find={"id":"9","user_name":"\u56fd\u8d38\u7248","image_url":"\/Public\/bigwheel\/images\/image019.png","offer":"0.01","weight":"1","push":"10","click":"14","click_rate":"0","total":"0.00","channel_map_id":"10001","md5":"D89F3A35931C386956C1A402A8E09941","link_url":"http:\/\/wap.newtank.cn\/newtank\/act\/aikang\/index.html?adCode=81ee33e8","link_click":"0","luck_push":"1"}
2018-02-17 13:50:21  act 74 channel_count 10
2018-02-17 13:50:21  act 76 channel_find={"link_click":"0","click":"15","luck_push":"2","offer":"0.01"}
2018-02-17 13:50:21  act 79 click_rate=0
2018-02-17 13:50:21  act 85 channelModel UPDATE `a_luck_record` SET `CLICK_RATE`='0' WHERE `ID` = 9
2018-02-17 13:50:21  act 89 total 0.00
2018-02-17 13:50:21  act 91 channelModel UPDATE `a_luck_record` SET `TOTAL`='0.00' WHERE `ID` = 9
2018-02-17 13:50:21  act 92 channel_save_total 0
2018-02-17 13:50:21  act 95 =======计算次数结束======：{"status":"200","imgurl":"\/Public\/bigwheel\/images\/image019.png","link":"http:\/\/wap.newtank.cn\/newtank\/act\/aikang\/index.html?adCode=81ee33e8","position":"6","id":"9","title":"\u56fd\u8d38\u7248"}
2018-02-17 13:50:27  act 16 =======计算次数开始======：{"draw_num":"2","system":"2","coupon_idlist":"9","CHANNEL_MAP_ID":"D89F3A35931C386956C1A402A8E09941","type":"MD5"}
2018-02-17 13:50:27  act 22 MD5 D89F3A35931C386956C1A402A8E09941
2018-02-17 13:50:27  act 23 channelModel SELECT * FROM `a_luck_record` WHERE `MD5` = 'D89F3A35931C386956C1A402A8E09941' LIMIT 1  
2018-02-17 13:50:27  act 31 channel_select [{"id":"1","user_name":"PPTV\u4f1a\u5458\u514d\u8d39\u9001","image_url":"\/Public\/bigwheel\/images\/image001.png","offer":"0.01","weight":"1","push":"10","click":"15","click_rate":"0","total":"0.00","channel_map_id":"10001","md5":"D89F3A35931C386956C1A402A8E09941","link_url":"http:\/\/wap.newtank.cn\/wap\/act\/pptv\/index.html?adCode=90c7e686","link_click":"0","luck_push":"1"},{"id":"2","user_name":"PPTV-\u6625\u8282\u7248","image_url":"\/Public\/bigwheel\/images\/image003.png","offer":"0.01","weight":"1","push":"10","click":"15","click_rate":"25","total":"0.01","channel_map_id":"10001","md5":"D89F3A35931C386956C1A402A8E09941","link_url":"http:\/\/wap.newtank.cn\/newtank\/act\/pptv0118\/index.html?adCode=90c7e686","link_click":"1","luck_push":"1"},{"id":"3","user_name":"\u7231\u5947\u827a","image_url":"\/Public\/bigwheel\/images\/image005.png","offer":"0.01","weight":"1","push":"10","click":"15","click_rate":"0","total":"0.00","channel_map_id":"10001","md5":"D89F3A35931C386956C1A402A8E09941","link_url":"http:\/\/wap.newtank.cn\/wap\/act\/aiqiyi0104\/index.html?adCode=e9a805d8","link_click":"0","luck_push":"1"},{"id":"4","user_name":"\u7535\u5f71\u7968","image_url":"\/Public\/bigwheel\/images\/image007.png","offer":"0.01","weight":"1","push":"10","click":"15","click_rate":"0","total":"0.00","channel_map_id":"10001","md5":"D89F3A35931C386956C1A402A8E09941","link_url":"  http:\/\/wap.newtank.cn\/wap\/act\/film1226\/index.html?adCode=1091c78e","link_click":"0","luck_push":"1"},{"id":"5","user_name":"\u53e3\u7ea2\u7248","image_url":"\/Public\/bigwheel\/images\/image009.png","offer":"0.01","weight":"1","push":"10","click":"15","click_rate":"66.67","total":"0.02","channel_map_id":"10001","md5":"D89F3A35931C386956C1A402A8E09941","link_url":"http:\/\/wap.newtank.cn\/newtank\/act\/dragonfly\/index.html?adCode=e6996949","link_click":"2","luck_push":"1"},{"id":"6","user_name":"\u6ef4\u6ef4\u7ea2\u5305","image_url":"\/Public\/bigwheel\/images\/image011.png","offer":"0.01","weight":"1","push":"10","click":"15","click_rate":"20","total":"0.01","channel_map_id":"10001","md5":"D89F3A35931C386956C1A402A8E09941","link_url":"http:\/\/wap.newtank.cn\/wap\/act\/didi\/index.html?adCode=601459d8","link_click":"1","luck_push":"1"},{"id":"7","user_name":"\u901a\u7528\u7248","image_url":"\/Public\/bigwheel\/images\/image015.png","offer":"0.01","weight":"1","push":"10","click":"15","click_rate":"25","total":"0.01","channel_map_id":"10001","md5":"D89F3A35931C386956C1A402A8E09941","link_url":"http:\/\/wap.newtank.cn\/newtank\/act\/calculate\/index.html?adCode=81ee33e8","link_click":"1","luck_push":"4"},{"id":"8","user_name":"\u53e3\u7f69","image_url":"\/Public\/bigwheel\/images\/image017.png","offer":"0.01","weight":"1","push":"10","click":"15","click_rate":"0","total":"0","channel_map_id":"10001","md5":"D89F3A35931C386956C1A402A8E09941","link_url":"http:\/\/wap.newtank.cn\/newtank\/act\/haze\/index.html?adCode=81ee33e8","link_click":"0","luck_push":"0"},{"id":"9","user_name":"\u56fd\u8d38\u7248","image_url":"\/Public\/bigwheel\/images\/image019.png","offer":"0.01","weight":"1","push":"10","click":"15","click_rate":"0","total":"0.00","channel_map_id":"10001","md5":"D89F3A35931C386956C1A402A8E09941","link_url":"http:\/\/wap.newtank.cn\/newtank\/act\/aikang\/index.html?adCode=81ee33e8","link_click":"0","luck_push":"2"},{"id":"10","user_name":"OFO\u7248","image_url":"\/Public\/bigwheel\/images\/image013.png","offer":"0.01","weight":"1","push":"10","click":"15","click_rate":"0","total":"0.00","channel_map_id":"10001","md5":"D89F3A35931C386956C1A402A8E09941","link_url":"http:\/\/wap.newtank.cn\/newtank\/act\/ofo0129\/index.html?adCode=81ee33e8","link_click":"0","luck_push":"3"}]
2018-02-17 13:50:27  act 32 channel_select_sum [{"weight1":"10","offer1":"0.09999999999999999"}]
2018-02-17 13:50:27  act 37 sumWeight=10
2018-02-17 13:50:27  act 38 sumOffer=0.09999999999999999
2018-02-17 13:50:27  act 45 sum=[{"sum":10,"id":"1"},{"sum":10,"id":"2"},{"sum":10,"id":"3"},{"sum":10,"id":"4"},{"sum":10,"id":"5"},{"sum":10,"id":"6"},{"sum":10,"id":"7"},{"sum":10,"id":"8"},{"sum":10,"id":"9"},{"sum":10,"id":"10"}]
2018-02-17 13:50:27  act 57 array=[{"start":0,"end":10,"id":"1"},{"start":10,"end":20,"id":"2"},{"start":20,"end":30,"id":"3"},{"start":30,"end":40,"id":"4"},{"start":40,"end":50,"id":"5"},{"start":50,"end":60,"id":"6"},{"start":60,"end":70,"id":"7"},{"start":70,"end":80,"id":"8"},{"start":80,"end":90,"id":"9"},{"start":90,"end":100,"id":"10"}]
2018-02-17 13:50:27  act 60 round=50
2018-02-17 13:50:27  act 63 end=50
2018-02-17 13:50:27  act 64 start=40
2018-02-17 13:50:27  act 71 id 5
2018-02-17 13:50:27  act 72 luck_record_find={"id":"5","user_name":"\u53e3\u7ea2\u7248","image_url":"\/Public\/bigwheel\/images\/image009.png","offer":"0.01","weight":"1","push":"10","click":"15","click_rate":"66.67","total":"0.02","channel_map_id":"10001","md5":"D89F3A35931C386956C1A402A8E09941","link_url":"http:\/\/wap.newtank.cn\/newtank\/act\/dragonfly\/index.html?adCode=e6996949","link_click":"2","luck_push":"1"}
2018-02-17 13:50:27  act 74 channel_count 10
2018-02-17 13:50:27  act 76 channel_find={"link_click":"2","click":"16","luck_push":"2","offer":"0.01"}
2018-02-17 13:50:27  act 79 click_rate=100
2018-02-17 13:50:27  act 85 channelModel UPDATE `a_luck_record` SET `CLICK_RATE`='100' WHERE `ID` = 5
2018-02-17 13:50:27  act 89 total 0.02
2018-02-17 13:50:27  act 91 channelModel UPDATE `a_luck_record` SET `TOTAL`='0.02' WHERE `ID` = 5
2018-02-17 13:50:27  act 92 channel_save_total 0
2018-02-17 13:50:27  act 95 =======计算次数结束======：{"status":"200","imgurl":"\/Public\/bigwheel\/images\/image009.png","link":"http:\/\/wap.newtank.cn\/newtank\/act\/dragonfly\/index.html?adCode=e6996949","position":"6","id":"5","title":"\u53e3\u7ea2\u7248"}
2018-02-17 13:50:40  act 16 =======计算次数开始======：{"draw_num":"1","system":"2","coupon_idlist":"9,5","CHANNEL_MAP_ID":"D89F3A35931C386956C1A402A8E09941","type":"MD5"}
2018-02-17 13:50:40  act 22 MD5 D89F3A35931C386956C1A402A8E09941
2018-02-17 13:50:40  act 23 channelModel SELECT * FROM `a_luck_record` WHERE `MD5` = 'D89F3A35931C386956C1A402A8E09941' LIMIT 1  
2018-02-17 13:50:40  act 31 channel_select [{"id":"1","user_name":"PPTV\u4f1a\u5458\u514d\u8d39\u9001","image_url":"\/Public\/bigwheel\/images\/image001.png","offer":"0.01","weight":"1","push":"10","click":"16","click_rate":"0","total":"0.00","channel_map_id":"10001","md5":"D89F3A35931C386956C1A402A8E09941","link_url":"http:\/\/wap.newtank.cn\/wap\/act\/pptv\/index.html?adCode=90c7e686","link_click":"0","luck_push":"1"},{"id":"2","user_name":"PPTV-\u6625\u8282\u7248","image_url":"\/Public\/bigwheel\/images\/image003.png","offer":"0.01","weight":"1","push":"10","click":"16","click_rate":"25","total":"0.01","channel_map_id":"10001","md5":"D89F3A35931C386956C1A402A8E09941","link_url":"http:\/\/wap.newtank.cn\/newtank\/act\/pptv0118\/index.html?adCode=90c7e686","link_click":"1","luck_push":"1"},{"id":"3","user_name":"\u7231\u5947\u827a","image_url":"\/Public\/bigwheel\/images\/image005.png","offer":"0.01","weight":"1","push":"10","click":"16","click_rate":"0","total":"0.00","channel_map_id":"10001","md5":"D89F3A35931C386956C1A402A8E09941","link_url":"http:\/\/wap.newtank.cn\/wap\/act\/aiqiyi0104\/index.html?adCode=e9a805d8","link_click":"0","luck_push":"1"},{"id":"4","user_name":"\u7535\u5f71\u7968","image_url":"\/Public\/bigwheel\/images\/image007.png","offer":"0.01","weight":"1","push":"10","click":"16","click_rate":"0","total":"0.00","channel_map_id":"10001","md5":"D89F3A35931C386956C1A402A8E09941","link_url":"  http:\/\/wap.newtank.cn\/wap\/act\/film1226\/index.html?adCode=1091c78e","link_click":"0","luck_push":"1"},{"id":"5","user_name":"\u53e3\u7ea2\u7248","image_url":"\/Public\/bigwheel\/images\/image009.png","offer":"0.01","weight":"1","push":"10","click":"16","click_rate":"100","total":"0.02","channel_map_id":"10001","md5":"D89F3A35931C386956C1A402A8E09941","link_url":"http:\/\/wap.newtank.cn\/newtank\/act\/dragonfly\/index.html?adCode=e6996949","link_click":"2","luck_push":"2"},{"id":"6","user_name":"\u6ef4\u6ef4\u7ea2\u5305","image_url":"\/Public\/bigwheel\/images\/image011.png","offer":"0.01","weight":"1","push":"10","click":"16","click_rate":"20","total":"0.01","channel_map_id":"10001","md5":"D89F3A35931C386956C1A402A8E09941","link_url":"http:\/\/wap.newtank.cn\/wap\/act\/didi\/index.html?adCode=601459d8","link_click":"1","luck_push":"1"},{"id":"7","user_name":"\u901a\u7528\u7248","image_url":"\/Public\/bigwheel\/images\/image015.png","offer":"0.01","weight":"1","push":"10","click":"16","click_rate":"25","total":"0.01","channel_map_id":"10001","md5":"D89F3A35931C386956C1A402A8E09941","link_url":"http:\/\/wap.newtank.cn\/newtank\/act\/calculate\/index.html?adCode=81ee33e8","link_click":"1","luck_push":"4"},{"id":"8","user_name":"\u53e3\u7f69","image_url":"\/Public\/bigwheel\/images\/image017.png","offer":"0.01","weight":"1","push":"10","click":"16","click_rate":"0","total":"0","channel_map_id":"10001","md5":"D89F3A35931C386956C1A402A8E09941","link_url":"http:\/\/wap.newtank.cn\/newtank\/act\/haze\/index.html?adCode=81ee33e8","link_click":"0","luck_push":"0"},{"id":"9","user_name":"\u56fd\u8d38\u7248","image_url":"\/Public\/bigwheel\/images\/image019.png","offer":"0.01","weight":"1","push":"10","click":"16","click_rate":"0","total":"0.00","channel_map_id":"10001","md5":"D89F3A35931C386956C1A402A8E09941","link_url":"http:\/\/wap.newtank.cn\/newtank\/act\/aikang\/index.html?adCode=81ee33e8","link_click":"0","luck_push":"2"},{"id":"10","user_name":"OFO\u7248","image_url":"\/Public\/bigwheel\/images\/image013.png","offer":"0.01","weight":"1","push":"10","click":"16","click_rate":"0","total":"0.00","channel_map_id":"10001","md5":"D89F3A35931C386956C1A402A8E09941","link_url":"http:\/\/wap.newtank.cn\/newtank\/act\/ofo0129\/index.html?adCode=81ee33e8","link_click":"0","luck_push":"3"}]
2018-02-17 13:50:40  act 32 channel_select_sum [{"weight1":"10","offer1":"0.09999999999999999"}]
2018-02-17 13:50:40  act 37 sumWeight=10
2018-02-17 13:50:40  act 38 sumOffer=0.09999999999999999
2018-02-17 13:50:40  act 45 sum=[{"sum":10,"id":"1"},{"sum":10,"id":"2"},{"sum":10,"id":"3"},{"sum":10,"id":"4"},{"sum":10,"id":"5"},{"sum":10,"id":"6"},{"sum":10,"id":"7"},{"sum":10,"id":"8"},{"sum":10,"id":"9"},{"sum":10,"id":"10"}]
2018-02-17 13:50:40  act 57 array=[{"start":0,"end":10,"id":"1"},{"start":10,"end":20,"id":"2"},{"start":20,"end":30,"id":"3"},{"start":30,"end":40,"id":"4"},{"start":40,"end":50,"id":"5"},{"start":50,"end":60,"id":"6"},{"start":60,"end":70,"id":"7"},{"start":70,"end":80,"id":"8"},{"start":80,"end":90,"id":"9"},{"start":90,"end":100,"id":"10"}]
2018-02-17 13:50:40  act 60 round=59
2018-02-17 13:50:40  act 63 end=60
2018-02-17 13:50:40  act 64 start=50
2018-02-17 13:50:40  act 71 id 6
2018-02-17 13:50:40  act 72 luck_record_find={"id":"6","user_name":"\u6ef4\u6ef4\u7ea2\u5305","image_url":"\/Public\/bigwheel\/images\/image011.png","offer":"0.01","weight":"1","push":"10","click":"16","click_rate":"20","total":"0.01","channel_map_id":"10001","md5":"D89F3A35931C386956C1A402A8E09941","link_url":"http:\/\/wap.newtank.cn\/wap\/act\/didi\/index.html?adCode=601459d8","link_click":"1","luck_push":"1"}
2018-02-17 13:50:40  act 74 channel_count 10
2018-02-17 13:50:40  act 76 channel_find={"link_click":"1","click":"17","luck_push":"2","offer":"0.01"}
2018-02-17 13:50:40  act 79 click_rate=50
2018-02-17 13:50:40  act 85 channelModel UPDATE `a_luck_record` SET `CLICK_RATE`='50' WHERE `ID` = 6
2018-02-17 13:50:40  act 89 total 0.01
2018-02-17 13:50:40  act 91 channelModel UPDATE `a_luck_record` SET `TOTAL`='0.01' WHERE `ID` = 6
2018-02-17 13:50:40  act 92 channel_save_total 0
2018-02-17 13:50:40  act 95 =======计算次数结束======：{"status":"200","imgurl":"\/Public\/bigwheel\/images\/image011.png","link":"http:\/\/wap.newtank.cn\/wap\/act\/didi\/index.html?adCode=601459d8","position":"6","id":"6","title":"\u6ef4\u6ef4\u7ea2\u5305"}
2018-02-17 13:50:57  act 16 =======计算次数开始======：{"CHANNEL_MAP_ID":"D89F3A35931C386956C1A402A8E09941","type":"PUSH"}
2018-02-17 13:50:57  act 101 channelModel UPDATE `a_luck_record` SET `PUSH`=PUSH+1 WHERE `MD5` = 'D89F3A35931C386956C1A402A8E09941'
2018-02-17 13:50:57  act 102 channel_count 10
2018-02-17 13:51:01  act 16 =======计算次数开始======：{"draw_num":"3","system":"2","coupon_idlist":"","CHANNEL_MAP_ID":"D89F3A35931C386956C1A402A8E09941","type":"MD5"}
2018-02-17 13:51:01  act 22 MD5 D89F3A35931C386956C1A402A8E09941
2018-02-17 13:51:01  act 23 channelModel SELECT * FROM `a_luck_record` WHERE `MD5` = 'D89F3A35931C386956C1A402A8E09941' LIMIT 1  
2018-02-17 13:51:01  act 31 channel_select [{"id":"1","user_name":"PPTV\u4f1a\u5458\u514d\u8d39\u9001","image_url":"\/Public\/bigwheel\/images\/image001.png","offer":"0.01","weight":"1","push":"11","click":"17","click_rate":"0","total":"0.00","channel_map_id":"10001","md5":"D89F3A35931C386956C1A402A8E09941","link_url":"http:\/\/wap.newtank.cn\/wap\/act\/pptv\/index.html?adCode=90c7e686","link_click":"0","luck_push":"1"},{"id":"2","user_name":"PPTV-\u6625\u8282\u7248","image_url":"\/Public\/bigwheel\/images\/image003.png","offer":"0.01","weight":"1","push":"11","click":"17","click_rate":"25","total":"0.01","channel_map_id":"10001","md5":"D89F3A35931C386956C1A402A8E09941","link_url":"http:\/\/wap.newtank.cn\/newtank\/act\/pptv0118\/index.html?adCode=90c7e686","link_click":"1","luck_push":"1"},{"id":"3","user_name":"\u7231\u5947\u827a","image_url":"\/Public\/bigwheel\/images\/image005.png","offer":"0.01","weight":"1","push":"11","click":"17","click_rate":"0","total":"0.00","channel_map_id":"10001","md5":"D89F3A35931C386956C1A402A8E09941","link_url":"http:\/\/wap.newtank.cn\/wap\/act\/aiqiyi0104\/index.html?adCode=e9a805d8","link_click":"0","luck_push":"1"},{"id":"4","user_name":"\u7535\u5f71\u7968","image_url":"\/Public\/bigwheel\/images\/image007.png","offer":"0.01","weight":"1","push":"11","click":"17","click_rate":"0","total":"0.00","channel_map_id":"10001","md5":"D89F3A35931C386956C1A402A8E09941","link_url":"  http:\/\/wap.newtank.cn\/wap\/act\/film1226\/index.html?adCode=1091c78e","link_click":"0","luck_push":"1"},{"id":"5","user_name":"\u53e3\u7ea2\u7248","image_url":"\/Public\/bigwheel\/images\/image009.png","offer":"0.01","weight":"1","push":"11","click":"17","click_rate":"100","total":"0.02","channel_map_id":"10001","md5":"D89F3A35931C386956C1A402A8E09941","link_url":"http:\/\/wap.newtank.cn\/newtank\/act\/dragonfly\/index.html?adCode=e6996949","link_click":"2","luck_push":"2"},{"id":"6","user_name":"\u6ef4\u6ef4\u7ea2\u5305","image_url":"\/Public\/bigwheel\/images\/image011.png","offer":"0.01","weight":"1","push":"11","click":"17","click_rate":"50","total":"0.01","channel_map_id":"10001","md5":"D89F3A35931C386956C1A402A8E09941","link_url":"http:\/\/wap.newtank.cn\/wap\/act\/didi\/index.html?adCode=601459d8","link_click":"1","luck_push":"2"},{"id":"7","user_name":"\u901a\u7528\u7248","image_url":"\/Public\/bigwheel\/images\/image015.png","offer":"0.01","weight":"1","push":"11","click":"17","click_rate":"25","total":"0.01","channel_map_id":"10001","md5":"D89F3A35931C386956C1A402A8E09941","link_url":"http:\/\/wap.newtank.cn\/newtank\/act\/calculate\/index.html?adCode=81ee33e8","link_click":"1","luck_push":"4"},{"id":"8","user_name":"\u53e3\u7f69","image_url":"\/Public\/bigwheel\/images\/image017.png","offer":"0.01","weight":"1","push":"11","click":"17","click_rate":"0","total":"0","channel_map_id":"10001","md5":"D89F3A35931C386956C1A402A8E09941","link_url":"http:\/\/wap.newtank.cn\/newtank\/act\/haze\/index.html?adCode=81ee33e8","link_click":"0","luck_push":"0"},{"id":"9","user_name":"\u56fd\u8d38\u7248","image_url":"\/Public\/bigwheel\/images\/image019.png","offer":"0.01","weight":"1","push":"11","click":"17","click_rate":"0","total":"0.00","channel_map_id":"10001","md5":"D89F3A35931C386956C1A402A8E09941","link_url":"http:\/\/wap.newtank.cn\/newtank\/act\/aikang\/index.html?adCode=81ee33e8","link_click":"0","luck_push":"2"},{"id":"10","user_name":"OFO\u7248","image_url":"\/Public\/bigwheel\/images\/image013.png","offer":"0.01","weight":"1","push":"11","click":"17","click_rate":"0","total":"0.00","channel_map_id":"10001","md5":"D89F3A35931C386956C1A402A8E09941","link_url":"http:\/\/wap.newtank.cn\/newtank\/act\/ofo0129\/index.html?adCode=81ee33e8","link_click":"0","luck_push":"3"}]
2018-02-17 13:51:01  act 32 channel_select_sum [{"weight1":"10","offer1":"0.09999999999999999"}]
2018-02-17 13:51:01  act 37 sumWeight=10
2018-02-17 13:51:01  act 38 sumOffer=0.09999999999999999
2018-02-17 13:51:01  act 45 sum=[{"sum":10,"id":"1"},{"sum":10,"id":"2"},{"sum":10,"id":"3"},{"sum":10,"id":"4"},{"sum":10,"id":"5"},{"sum":10,"id":"6"},{"sum":10,"id":"7"},{"sum":10,"id":"8"},{"sum":10,"id":"9"},{"sum":10,"id":"10"}]
2018-02-17 13:51:01  act 57 array=[{"start":0,"end":10,"id":"1"},{"start":10,"end":20,"id":"2"},{"start":20,"end":30,"id":"3"},{"start":30,"end":40,"id":"4"},{"start":40,"end":50,"id":"5"},{"start":50,"end":60,"id":"6"},{"start":60,"end":70,"id":"7"},{"start":70,"end":80,"id":"8"},{"start":80,"end":90,"id":"9"},{"start":90,"end":100,"id":"10"}]
2018-02-17 13:51:01  act 60 round=23
2018-02-17 13:51:01  act 63 end=30
2018-02-17 13:51:01  act 64 start=20
2018-02-17 13:51:01  act 71 id 3
2018-02-17 13:51:01  act 72 luck_record_find={"id":"3","user_name":"\u7231\u5947\u827a","image_url":"\/Public\/bigwheel\/images\/image005.png","offer":"0.01","weight":"1","push":"11","click":"17","click_rate":"0","total":"0.00","channel_map_id":"10001","md5":"D89F3A35931C386956C1A402A8E09941","link_url":"http:\/\/wap.newtank.cn\/wap\/act\/aiqiyi0104\/index.html?adCode=e9a805d8","link_click":"0","luck_push":"1"}
2018-02-17 13:51:01  act 74 channel_count 10
2018-02-17 13:51:01  act 76 channel_find={"link_click":"0","click":"18","luck_push":"2","offer":"0.01"}
2018-02-17 13:51:01  act 79 click_rate=0
2018-02-17 13:51:01  act 85 channelModel UPDATE `a_luck_record` SET `CLICK_RATE`='0' WHERE `ID` = 3
2018-02-17 13:51:01  act 89 total 0.00
2018-02-17 13:51:01  act 91 channelModel UPDATE `a_luck_record` SET `TOTAL`='0.00' WHERE `ID` = 3
2018-02-17 13:51:01  act 92 channel_save_total 0
2018-02-17 13:51:01  act 95 =======计算次数结束======：{"status":"200","imgurl":"\/Public\/bigwheel\/images\/image005.png","link":"http:\/\/wap.newtank.cn\/wap\/act\/aiqiyi0104\/index.html?adCode=e9a805d8","position":"6","id":"3","title":"\u7231\u5947\u827a"}
2018-02-17 13:51:15  act 16 =======计算次数开始======：{"CHANNEL_MAP_ID":"D89F3A35931C386956C1A402A8E09941","type":"LINK_CLICK","id":"3"}
2018-02-17 13:51:15  act 106 channelModel UPDATE `a_luck_record` SET `LINK_CLICK`=LINK_CLICK+1 WHERE `ID` = 3
2018-02-17 13:51:15  act 107 channel_count 1
2018-02-17 13:51:15  act 110 channel_find={"link_click":"1","click":"18","offer":"0.01"}
2018-02-17 13:51:15  act 113 click_rate=5.56
2018-02-17 13:51:15  act 118 channelModel UPDATE `a_luck_record` SET `CLICK_RATE`='5.56' WHERE `ID` = 3
2018-02-17 13:51:15  act 122 total 0.01
2018-02-17 13:51:15  act 124 channelModel UPDATE `a_luck_record` SET `TOTAL`='0.01' WHERE `ID` = 3
2018-02-17 13:51:15  act 125 channel_save_total 1
2018-02-17 13:51:25  act 16 =======计算次数开始======：{"CHANNEL_MAP_ID":"D89F3A35931C386956C1A402A8E09941","type":"LINK_CLICK","id":"3"}
2018-02-17 13:51:25  act 106 channelModel UPDATE `a_luck_record` SET `LINK_CLICK`=LINK_CLICK+1 WHERE `ID` = 3
2018-02-17 13:51:25  act 107 channel_count 1
2018-02-17 13:51:25  act 110 channel_find={"link_click":"2","click":"18","offer":"0.01"}
2018-02-17 13:51:25  act 113 click_rate=11.11
2018-02-17 13:51:25  act 118 channelModel UPDATE `a_luck_record` SET `CLICK_RATE`='11.11' WHERE `ID` = 3
2018-02-17 13:51:25  act 122 total 0.02
2018-02-17 13:51:25  act 124 channelModel UPDATE `a_luck_record` SET `TOTAL`='0.02' WHERE `ID` = 3
2018-02-17 13:51:25  act 125 channel_save_total 1
2018-02-17 13:51:33  act 16 =======计算次数开始======：{"CHANNEL_MAP_ID":"D89F3A35931C386956C1A402A8E09941","type":"LINK_CLICK","id":"3"}
2018-02-17 13:51:33  act 106 channelModel UPDATE `a_luck_record` SET `LINK_CLICK`=LINK_CLICK+1 WHERE `ID` = 3
2018-02-17 13:51:33  act 107 channel_count 1
2018-02-17 13:51:33  act 110 channel_find={"link_click":"3","click":"18","offer":"0.01"}
2018-02-17 13:51:33  act 113 click_rate=16.67
2018-02-17 13:51:33  act 118 channelModel UPDATE `a_luck_record` SET `CLICK_RATE`='16.67' WHERE `ID` = 3
2018-02-17 13:51:33  act 122 total 0.03
2018-02-17 13:51:33  act 124 channelModel UPDATE `a_luck_record` SET `TOTAL`='0.03' WHERE `ID` = 3
2018-02-17 13:51:33  act 125 channel_save_total 1
2018-02-17 13:52:33  act 16 =======计算次数开始======：{"draw_num":"2","system":"2","coupon_idlist":"3","CHANNEL_MAP_ID":"D89F3A35931C386956C1A402A8E09941","type":"MD5"}
2018-02-17 13:52:33  act 22 MD5 D89F3A35931C386956C1A402A8E09941
2018-02-17 13:52:33  act 23 channelModel SELECT * FROM `a_luck_record` WHERE `MD5` = 'D89F3A35931C386956C1A402A8E09941' LIMIT 1  
2018-02-17 13:52:33  act 31 channel_select [{"id":"1","user_name":"PPTV\u4f1a\u5458\u514d\u8d39\u9001","image_url":"\/Public\/bigwheel\/images\/image001.png","offer":"0.01","weight":"1","push":"11","click":"18","click_rate":"0","total":"0.00","channel_map_id":"10001","md5":"D89F3A35931C386956C1A402A8E09941","link_url":"http:\/\/wap.newtank.cn\/wap\/act\/pptv\/index.html?adCode=90c7e686","link_click":"0","luck_push":"1"},{"id":"2","user_name":"PPTV-\u6625\u8282\u7248","image_url":"\/Public\/bigwheel\/images\/image003.png","offer":"0.01","weight":"1","push":"11","click":"18","click_rate":"25","total":"0.01","channel_map_id":"10001","md5":"D89F3A35931C386956C1A402A8E09941","link_url":"http:\/\/wap.newtank.cn\/newtank\/act\/pptv0118\/index.html?adCode=90c7e686","link_click":"1","luck_push":"1"},{"id":"3","user_name":"\u7231\u5947\u827a","image_url":"\/Public\/bigwheel\/images\/image005.png","offer":"0.01","weight":"1","push":"11","click":"18","click_rate":"16.67","total":"0.03","channel_map_id":"10001","md5":"D89F3A35931C386956C1A402A8E09941","link_url":"http:\/\/wap.newtank.cn\/wap\/act\/aiqiyi0104\/index.html?adCode=e9a805d8","link_click":"3","luck_push":"2"},{"id":"4","user_name":"\u7535\u5f71\u7968","image_url":"\/Public\/bigwheel\/images\/image007.png","offer":"0.01","weight":"1","push":"11","click":"18","click_rate":"0","total":"0.00","channel_map_id":"10001","md5":"D89F3A35931C386956C1A402A8E09941","link_url":"  http:\/\/wap.newtank.cn\/wap\/act\/film1226\/index.html?adCode=1091c78e","link_click":"0","luck_push":"1"},{"id":"5","user_name":"\u53e3\u7ea2\u7248","image_url":"\/Public\/bigwheel\/images\/image009.png","offer":"0.01","weight":"1","push":"11","click":"18","click_rate":"100","total":"0.02","channel_map_id":"10001","md5":"D89F3A35931C386956C1A402A8E09941","link_url":"http:\/\/wap.newtank.cn\/newtank\/act\/dragonfly\/index.html?adCode=e6996949","link_click":"2","luck_push":"2"},{"id":"6","user_name":"\u6ef4\u6ef4\u7ea2\u5305","image_url":"\/Public\/bigwheel\/images\/image011.png","offer":"0.01","weight":"1","push":"11","click":"18","click_rate":"50","total":"0.01","channel_map_id":"10001","md5":"D89F3A35931C386956C1A402A8E09941","link_url":"http:\/\/wap.newtank.cn\/wap\/act\/didi\/index.html?adCode=601459d8","link_click":"1","luck_push":"2"},{"id":"7","user_name":"\u901a\u7528\u7248","image_url":"\/Public\/bigwheel\/images\/image015.png","offer":"0.01","weight":"1","push":"11","click":"18","click_rate":"25","total":"0.01","channel_map_id":"10001","md5":"D89F3A35931C386956C1A402A8E09941","link_url":"http:\/\/wap.newtank.cn\/newtank\/act\/calculate\/index.html?adCode=81ee33e8","link_click":"1","luck_push":"4"},{"id":"8","user_name":"\u53e3\u7f69","image_url":"\/Public\/bigwheel\/images\/image017.png","offer":"0.01","weight":"1","push":"11","click":"18","click_rate":"0","total":"0","channel_map_id":"10001","md5":"D89F3A35931C386956C1A402A8E09941","link_url":"http:\/\/wap.newtank.cn\/newtank\/act\/haze\/index.html?adCode=81ee33e8","link_click":"0","luck_push":"0"},{"id":"9","user_name":"\u56fd\u8d38\u7248","image_url":"\/Public\/bigwheel\/images\/image019.png","offer":"0.01","weight":"1","push":"11","click":"18","click_rate":"0","total":"0.00","channel_map_id":"10001","md5":"D89F3A35931C386956C1A402A8E09941","link_url":"http:\/\/wap.newtank.cn\/newtank\/act\/aikang\/index.html?adCode=81ee33e8","link_click":"0","luck_push":"2"},{"id":"10","user_name":"OFO\u7248","image_url":"\/Public\/bigwheel\/images\/image013.png","offer":"0.01","weight":"1","push":"11","click":"18","click_rate":"0","total":"0.00","channel_map_id":"10001","md5":"D89F3A35931C386956C1A402A8E09941","link_url":"http:\/\/wap.newtank.cn\/newtank\/act\/ofo0129\/index.html?adCode=81ee33e8","link_click":"0","luck_push":"3"}]
2018-02-17 13:52:33  act 32 channel_select_sum [{"weight1":"10","offer1":"0.09999999999999999"}]
2018-02-17 13:52:33  act 37 sumWeight=10
2018-02-17 13:52:33  act 38 sumOffer=0.09999999999999999
2018-02-17 13:52:33  act 45 sum=[{"sum":10,"id":"1"},{"sum":10,"id":"2"},{"sum":10,"id":"3"},{"sum":10,"id":"4"},{"sum":10,"id":"5"},{"sum":10,"id":"6"},{"sum":10,"id":"7"},{"sum":10,"id":"8"},{"sum":10,"id":"9"},{"sum":10,"id":"10"}]
2018-02-17 13:52:33  act 57 array=[{"start":0,"end":10,"id":"1"},{"start":10,"end":20,"id":"2"},{"start":20,"end":30,"id":"3"},{"start":30,"end":40,"id":"4"},{"start":40,"end":50,"id":"5"},{"start":50,"end":60,"id":"6"},{"start":60,"end":70,"id":"7"},{"start":70,"end":80,"id":"8"},{"start":80,"end":90,"id":"9"},{"start":90,"end":100,"id":"10"}]
2018-02-17 13:52:33  act 60 round=38
2018-02-17 13:52:33  act 63 end=40
2018-02-17 13:52:33  act 64 start=30
2018-02-17 13:52:33  act 71 id 4
2018-02-17 13:52:33  act 72 luck_record_find={"id":"4","user_name":"\u7535\u5f71\u7968","image_url":"\/Public\/bigwheel\/images\/image007.png","offer":"0.01","weight":"1","push":"11","click":"18","click_rate":"0","total":"0.00","channel_map_id":"10001","md5":"D89F3A35931C386956C1A402A8E09941","link_url":"  http:\/\/wap.newtank.cn\/wap\/act\/film1226\/index.html?adCode=1091c78e","link_click":"0","luck_push":"1"}
2018-02-17 13:52:33  act 74 channel_count 10
2018-02-17 13:52:33  act 76 channel_find={"link_click":"0","click":"19","luck_push":"2","offer":"0.01"}
2018-02-17 13:52:33  act 79 click_rate=0
2018-02-17 13:52:33  act 85 channelModel UPDATE `a_luck_record` SET `CLICK_RATE`='0' WHERE `ID` = 4
2018-02-17 13:52:33  act 89 total 0.00
2018-02-17 13:52:33  act 91 channelModel UPDATE `a_luck_record` SET `TOTAL`='0.00' WHERE `ID` = 4
2018-02-17 13:52:33  act 92 channel_save_total 0
2018-02-17 13:52:33  act 95 =======计算次数结束======：{"status":"200","imgurl":"\/Public\/bigwheel\/images\/image007.png","link":"  http:\/\/wap.newtank.cn\/wap\/act\/film1226\/index.html?adCode=1091c78e","position":"6","id":"4","title":"\u7535\u5f71\u7968"}
2018-02-17 13:53:41  act 16 =======计算次数开始======：{"draw_num":"1","system":"2","coupon_idlist":"3,4","CHANNEL_MAP_ID":"D89F3A35931C386956C1A402A8E09941","type":"MD5"}
2018-02-17 13:53:41  act 22 MD5 D89F3A35931C386956C1A402A8E09941
2018-02-17 13:53:41  act 23 channelModel SELECT * FROM `a_luck_record` WHERE `MD5` = 'D89F3A35931C386956C1A402A8E09941' LIMIT 1  
2018-02-17 13:53:41  act 31 channel_select [{"id":"1","user_name":"PPTV\u4f1a\u5458\u514d\u8d39\u9001","image_url":"\/Public\/bigwheel\/images\/image001.png","offer":"0.01","weight":"1","push":"11","click":"19","click_rate":"0","total":"0.00","channel_map_id":"10001","md5":"D89F3A35931C386956C1A402A8E09941","link_url":"http:\/\/wap.newtank.cn\/wap\/act\/pptv\/index.html?adCode=90c7e686","link_click":"0","luck_push":"1"},{"id":"2","user_name":"PPTV-\u6625\u8282\u7248","image_url":"\/Public\/bigwheel\/images\/image003.png","offer":"0.01","weight":"1","push":"11","click":"19","click_rate":"25","total":"0.01","channel_map_id":"10001","md5":"D89F3A35931C386956C1A402A8E09941","link_url":"http:\/\/wap.newtank.cn\/newtank\/act\/pptv0118\/index.html?adCode=90c7e686","link_click":"1","luck_push":"1"},{"id":"3","user_name":"\u7231\u5947\u827a","image_url":"\/Public\/bigwheel\/images\/image005.png","offer":"0.01","weight":"1","push":"11","click":"19","click_rate":"16.67","total":"0.03","channel_map_id":"10001","md5":"D89F3A35931C386956C1A402A8E09941","link_url":"http:\/\/wap.newtank.cn\/wap\/act\/aiqiyi0104\/index.html?adCode=e9a805d8","link_click":"3","luck_push":"2"},{"id":"4","user_name":"\u7535\u5f71\u7968","image_url":"\/Public\/bigwheel\/images\/image007.png","offer":"0.01","weight":"1","push":"11","click":"19","click_rate":"0","total":"0.00","channel_map_id":"10001","md5":"D89F3A35931C386956C1A402A8E09941","link_url":"  http:\/\/wap.newtank.cn\/wap\/act\/film1226\/index.html?adCode=1091c78e","link_click":"0","luck_push":"2"},{"id":"5","user_name":"\u53e3\u7ea2\u7248","image_url":"\/Public\/bigwheel\/images\/image009.png","offer":"0.01","weight":"1","push":"11","click":"19","click_rate":"100","total":"0.02","channel_map_id":"10001","md5":"D89F3A35931C386956C1A402A8E09941","link_url":"http:\/\/wap.newtank.cn\/newtank\/act\/dragonfly\/index.html?adCode=e6996949","link_click":"2","luck_push":"2"},{"id":"6","user_name":"\u6ef4\u6ef4\u7ea2\u5305","image_url":"\/Public\/bigwheel\/images\/image011.png","offer":"0.01","weight":"1","push":"11","click":"19","click_rate":"50","total":"0.01","channel_map_id":"10001","md5":"D89F3A35931C386956C1A402A8E09941","link_url":"http:\/\/wap.newtank.cn\/wap\/act\/didi\/index.html?adCode=601459d8","link_click":"1","luck_push":"2"},{"id":"7","user_name":"\u901a\u7528\u7248","image_url":"\/Public\/bigwheel\/images\/image015.png","offer":"0.01","weight":"1","push":"11","click":"19","click_rate":"25","total":"0.01","channel_map_id":"10001","md5":"D89F3A35931C386956C1A402A8E09941","link_url":"http:\/\/wap.newtank.cn\/newtank\/act\/calculate\/index.html?adCode=81ee33e8","link_click":"1","luck_push":"4"},{"id":"8","user_name":"\u53e3\u7f69","image_url":"\/Public\/bigwheel\/images\/image017.png","offer":"0.01","weight":"1","push":"11","click":"19","click_rate":"0","total":"0","channel_map_id":"10001","md5":"D89F3A35931C386956C1A402A8E09941","link_url":"http:\/\/wap.newtank.cn\/newtank\/act\/haze\/index.html?adCode=81ee33e8","link_click":"0","luck_push":"0"},{"id":"9","user_name":"\u56fd\u8d38\u7248","image_url":"\/Public\/bigwheel\/images\/image019.png","offer":"0.01","weight":"1","push":"11","click":"19","click_rate":"0","total":"0.00","channel_map_id":"10001","md5":"D89F3A35931C386956C1A402A8E09941","link_url":"http:\/\/wap.newtank.cn\/newtank\/act\/aikang\/index.html?adCode=81ee33e8","link_click":"0","luck_push":"2"},{"id":"10","user_name":"OFO\u7248","image_url":"\/Public\/bigwheel\/images\/image013.png","offer":"0.01","weight":"1","push":"11","click":"19","click_rate":"0","total":"0.00","channel_map_id":"10001","md5":"D89F3A35931C386956C1A402A8E09941","link_url":"http:\/\/wap.newtank.cn\/newtank\/act\/ofo0129\/index.html?adCode=81ee33e8","link_click":"0","luck_push":"3"}]
2018-02-17 13:53:41  act 32 channel_select_sum [{"weight1":"10","offer1":"0.09999999999999999"}]
2018-02-17 13:53:41  act 37 sumWeight=10
2018-02-17 13:53:41  act 38 sumOffer=0.09999999999999999
2018-02-17 13:53:41  act 45 sum=[{"sum":10,"id":"1"},{"sum":10,"id":"2"},{"sum":10,"id":"3"},{"sum":10,"id":"4"},{"sum":10,"id":"5"},{"sum":10,"id":"6"},{"sum":10,"id":"7"},{"sum":10,"id":"8"},{"sum":10,"id":"9"},{"sum":10,"id":"10"}]
2018-02-17 13:53:41  act 57 array=[{"start":0,"end":10,"id":"1"},{"start":10,"end":20,"id":"2"},{"start":20,"end":30,"id":"3"},{"start":30,"end":40,"id":"4"},{"start":40,"end":50,"id":"5"},{"start":50,"end":60,"id":"6"},{"start":60,"end":70,"id":"7"},{"start":70,"end":80,"id":"8"},{"start":80,"end":90,"id":"9"},{"start":90,"end":100,"id":"10"}]
2018-02-17 13:53:41  act 60 round=100
2018-02-17 13:53:41  act 63 end=100
2018-02-17 13:53:41  act 64 start=90
2018-02-17 13:53:41  act 71 id 10
2018-02-17 13:53:41  act 72 luck_record_find={"id":"10","user_name":"OFO\u7248","image_url":"\/Public\/bigwheel\/images\/image013.png","offer":"0.01","weight":"1","push":"11","click":"19","click_rate":"0","total":"0.00","channel_map_id":"10001","md5":"D89F3A35931C386956C1A402A8E09941","link_url":"http:\/\/wap.newtank.cn\/newtank\/act\/ofo0129\/index.html?adCode=81ee33e8","link_click":"0","luck_push":"3"}
2018-02-17 13:53:41  act 74 channel_count 10
2018-02-17 13:53:41  act 76 channel_find={"link_click":"0","click":"20","luck_push":"4","offer":"0.01"}
2018-02-17 13:53:41  act 79 click_rate=0
2018-02-17 13:53:41  act 85 channelModel UPDATE `a_luck_record` SET `CLICK_RATE`='0' WHERE `ID` = 10
2018-02-17 13:53:41  act 89 total 0.00
2018-02-17 13:53:41  act 91 channelModel UPDATE `a_luck_record` SET `TOTAL`='0.00' WHERE `ID` = 10
2018-02-17 13:53:41  act 92 channel_save_total 0
2018-02-17 13:53:41  act 95 =======计算次数结束======：{"status":"200","imgurl":"\/Public\/bigwheel\/images\/image013.png","link":"http:\/\/wap.newtank.cn\/newtank\/act\/ofo0129\/index.html?adCode=81ee33e8","position":"6","id":"10","title":"OFO\u7248"}
2018-02-17 13:53:45  act 16 =======计算次数开始======：{"CHANNEL_MAP_ID":"D89F3A35931C386956C1A402A8E09941","type":"LINK_CLICK","id":"3"}
2018-02-17 13:53:45  act 106 channelModel UPDATE `a_luck_record` SET `LINK_CLICK`=LINK_CLICK+1 WHERE `ID` = 3
2018-02-17 13:53:45  act 107 channel_count 1
2018-02-17 13:53:45  act 110 channel_find={"link_click":"4","click":"20","offer":"0.01"}
2018-02-17 13:53:45  act 113 click_rate=20
2018-02-17 13:53:45  act 118 channelModel UPDATE `a_luck_record` SET `CLICK_RATE`='20' WHERE `ID` = 3
2018-02-17 13:53:45  act 122 total 0.04
2018-02-17 13:53:45  act 124 channelModel UPDATE `a_luck_record` SET `TOTAL`='0.04' WHERE `ID` = 3
2018-02-17 13:53:45  act 125 channel_save_total 1
2018-02-17 13:54:14  act 16 =======计算次数开始======：{"CHANNEL_MAP_ID":"D89F3A35931C386956C1A402A8E09941","type":"LINK_CLICK","id":"3"}
2018-02-17 13:54:14  act 106 channelModel UPDATE `a_luck_record` SET `LINK_CLICK`=LINK_CLICK+1 WHERE `ID` = 3
2018-02-17 13:54:14  act 107 channel_count 1
2018-02-17 13:54:14  act 110 channel_find={"link_click":"5","click":"20","offer":"0.01"}
2018-02-17 13:54:14  act 113 click_rate=25
2018-02-17 13:54:14  act 118 channelModel UPDATE `a_luck_record` SET `CLICK_RATE`='25' WHERE `ID` = 3
2018-02-17 13:54:14  act 122 total 0.05
2018-02-17 13:54:14  act 124 channelModel UPDATE `a_luck_record` SET `TOTAL`='0.05' WHERE `ID` = 3
2018-02-17 13:54:14  act 125 channel_save_total 1
2018-02-17 16:00:40  act 16 =======计算次数开始======：{"CHANNEL_MAP_ID":"D89F3A35931C386956C1A402A8E09941","type":"PUSH"}
2018-02-17 16:00:40  act 101 channelModel UPDATE `a_luck_record` SET `PUSH`=PUSH+1 WHERE `MD5` = 'D89F3A35931C386956C1A402A8E09941'
2018-02-17 16:00:40  act 102 channel_count 10
2018-02-17 16:00:45  act 16 =======计算次数开始======：{"draw_num":"3","system":"3","coupon_idlist":"","CHANNEL_MAP_ID":"D89F3A35931C386956C1A402A8E09941","type":"MD5"}
2018-02-17 16:00:45  act 22 MD5 D89F3A35931C386956C1A402A8E09941
2018-02-17 16:00:45  act 23 channelModel SELECT * FROM `a_luck_record` WHERE `MD5` = 'D89F3A35931C386956C1A402A8E09941' LIMIT 1  
2018-02-17 16:00:45  act 31 channel_select [{"id":"1","user_name":"PPTV\u4f1a\u5458\u514d\u8d39\u9001","image_url":"\/Public\/bigwheel\/images\/image001.png","offer":"0.01","weight":"1","push":"12","click":"20","click_rate":"0","total":"0.00","channel_map_id":"10001","md5":"D89F3A35931C386956C1A402A8E09941","link_url":"http:\/\/wap.newtank.cn\/wap\/act\/pptv\/index.html?adCode=90c7e686","link_click":"0","luck_push":"1"},{"id":"2","user_name":"PPTV-\u6625\u8282\u7248","image_url":"\/Public\/bigwheel\/images\/image003.png","offer":"0.01","weight":"1","push":"12","click":"20","click_rate":"25","total":"0.01","channel_map_id":"10001","md5":"D89F3A35931C386956C1A402A8E09941","link_url":"http:\/\/wap.newtank.cn\/newtank\/act\/pptv0118\/index.html?adCode=90c7e686","link_click":"1","luck_push":"1"},{"id":"3","user_name":"\u7231\u5947\u827a","image_url":"\/Public\/bigwheel\/images\/image005.png","offer":"0.01","weight":"1","push":"12","click":"20","click_rate":"25","total":"0.05","channel_map_id":"10001","md5":"D89F3A35931C386956C1A402A8E09941","link_url":"http:\/\/wap.newtank.cn\/wap\/act\/aiqiyi0104\/index.html?adCode=e9a805d8","link_click":"5","luck_push":"2"},{"id":"4","user_name":"\u7535\u5f71\u7968","image_url":"\/Public\/bigwheel\/images\/image007.png","offer":"0.01","weight":"1","push":"12","click":"20","click_rate":"0","total":"0.00","channel_map_id":"10001","md5":"D89F3A35931C386956C1A402A8E09941","link_url":"  http:\/\/wap.newtank.cn\/wap\/act\/film1226\/index.html?adCode=1091c78e","link_click":"0","luck_push":"2"},{"id":"5","user_name":"\u53e3\u7ea2\u7248","image_url":"\/Public\/bigwheel\/images\/image009.png","offer":"0.01","weight":"1","push":"12","click":"20","click_rate":"100","total":"0.02","channel_map_id":"10001","md5":"D89F3A35931C386956C1A402A8E09941","link_url":"http:\/\/wap.newtank.cn\/newtank\/act\/dragonfly\/index.html?adCode=e6996949","link_click":"2","luck_push":"2"},{"id":"6","user_name":"\u6ef4\u6ef4\u7ea2\u5305","image_url":"\/Public\/bigwheel\/images\/image011.png","offer":"0.01","weight":"1","push":"12","click":"20","click_rate":"50","total":"0.01","channel_map_id":"10001","md5":"D89F3A35931C386956C1A402A8E09941","link_url":"http:\/\/wap.newtank.cn\/wap\/act\/didi\/index.html?adCode=601459d8","link_click":"1","luck_push":"2"},{"id":"7","user_name":"\u901a\u7528\u7248","image_url":"\/Public\/bigwheel\/images\/image015.png","offer":"0.01","weight":"1","push":"12","click":"20","click_rate":"25","total":"0.01","channel_map_id":"10001","md5":"D89F3A35931C386956C1A402A8E09941","link_url":"http:\/\/wap.newtank.cn\/newtank\/act\/calculate\/index.html?adCode=81ee33e8","link_click":"1","luck_push":"4"},{"id":"8","user_name":"\u53e3\u7f69","image_url":"\/Public\/bigwheel\/images\/image017.png","offer":"0.01","weight":"1","push":"12","click":"20","click_rate":"0","total":"0","channel_map_id":"10001","md5":"D89F3A35931C386956C1A402A8E09941","link_url":"http:\/\/wap.newtank.cn\/newtank\/act\/haze\/index.html?adCode=81ee33e8","link_click":"0","luck_push":"0"},{"id":"9","user_name":"\u56fd\u8d38\u7248","image_url":"\/Public\/bigwheel\/images\/image019.png","offer":"0.01","weight":"1","push":"12","click":"20","click_rate":"0","total":"0.00","channel_map_id":"10001","md5":"D89F3A35931C386956C1A402A8E09941","link_url":"http:\/\/wap.newtank.cn\/newtank\/act\/aikang\/index.html?adCode=81ee33e8","link_click":"0","luck_push":"2"},{"id":"10","user_name":"OFO\u7248","image_url":"\/Public\/bigwheel\/images\/image013.png","offer":"0.01","weight":"1","push":"12","click":"20","click_rate":"0","total":"0.00","channel_map_id":"10001","md5":"D89F3A35931C386956C1A402A8E09941","link_url":"http:\/\/wap.newtank.cn\/newtank\/act\/ofo0129\/index.html?adCode=81ee33e8","link_click":"0","luck_push":"4"}]
2018-02-17 16:00:45  act 32 channel_select_sum [{"weight1":"10","offer1":"0.09999999999999999"}]
2018-02-17 16:00:45  act 37 sumWeight=10
2018-02-17 16:00:45  act 38 sumOffer=0.09999999999999999
2018-02-17 16:00:45  act 45 sum=[{"sum":10,"id":"1"},{"sum":10,"id":"2"},{"sum":10,"id":"3"},{"sum":10,"id":"4"},{"sum":10,"id":"5"},{"sum":10,"id":"6"},{"sum":10,"id":"7"},{"sum":10,"id":"8"},{"sum":10,"id":"9"},{"sum":10,"id":"10"}]
2018-02-17 16:00:45  act 57 array=[{"start":0,"end":10,"id":"1"},{"start":10,"end":20,"id":"2"},{"start":20,"end":30,"id":"3"},{"start":30,"end":40,"id":"4"},{"start":40,"end":50,"id":"5"},{"start":50,"end":60,"id":"6"},{"start":60,"end":70,"id":"7"},{"start":70,"end":80,"id":"8"},{"start":80,"end":90,"id":"9"},{"start":90,"end":100,"id":"10"}]
2018-02-17 16:00:45  act 60 round=7
2018-02-17 16:00:45  act 63 end=10
2018-02-17 16:00:45  act 64 start=0
2018-02-17 16:00:45  act 71 id 1
2018-02-17 16:00:45  act 72 luck_record_find={"id":"1","user_name":"PPTV\u4f1a\u5458\u514d\u8d39\u9001","image_url":"\/Public\/bigwheel\/images\/image001.png","offer":"0.01","weight":"1","push":"12","click":"20","click_rate":"0","total":"0.00","channel_map_id":"10001","md5":"D89F3A35931C386956C1A402A8E09941","link_url":"http:\/\/wap.newtank.cn\/wap\/act\/pptv\/index.html?adCode=90c7e686","link_click":"0","luck_push":"1"}
2018-02-17 16:00:45  act 74 channel_count 10
2018-02-17 16:00:45  act 76 channel_find={"link_click":"0","click":"21","luck_push":"2","offer":"0.01"}
2018-02-17 16:00:45  act 79 click_rate=0
2018-02-17 16:00:45  act 85 channelModel UPDATE `a_luck_record` SET `CLICK_RATE`='0' WHERE `ID` = 1
2018-02-17 16:00:45  act 89 total 0.00
2018-02-17 16:00:45  act 91 channelModel UPDATE `a_luck_record` SET `TOTAL`='0.00' WHERE `ID` = 1
2018-02-17 16:00:45  act 92 channel_save_total 0
2018-02-17 16:00:45  act 95 =======计算次数结束======：{"status":"200","imgurl":"\/Public\/bigwheel\/images\/image001.png","link":"http:\/\/wap.newtank.cn\/wap\/act\/pptv\/index.html?adCode=90c7e686","position":"6","id":"1","title":"PPTV\u4f1a\u5458\u514d\u8d39\u9001"}
2018-02-17 16:01:10  act 16 =======计算次数开始======：{"draw_num":"2","system":"3","coupon_idlist":"1","CHANNEL_MAP_ID":"D89F3A35931C386956C1A402A8E09941","type":"MD5"}
2018-02-17 16:01:10  act 22 MD5 D89F3A35931C386956C1A402A8E09941
2018-02-17 16:01:10  act 23 channelModel SELECT * FROM `a_luck_record` WHERE `MD5` = 'D89F3A35931C386956C1A402A8E09941' LIMIT 1  
2018-02-17 16:01:10  act 31 channel_select [{"id":"1","user_name":"PPTV\u4f1a\u5458\u514d\u8d39\u9001","image_url":"\/Public\/bigwheel\/images\/image001.png","offer":"0.01","weight":"1","push":"12","click":"21","click_rate":"0","total":"0.00","channel_map_id":"10001","md5":"D89F3A35931C386956C1A402A8E09941","link_url":"http:\/\/wap.newtank.cn\/wap\/act\/pptv\/index.html?adCode=90c7e686","link_click":"0","luck_push":"2"},{"id":"2","user_name":"PPTV-\u6625\u8282\u7248","image_url":"\/Public\/bigwheel\/images\/image003.png","offer":"0.01","weight":"1","push":"12","click":"21","click_rate":"25","total":"0.01","channel_map_id":"10001","md5":"D89F3A35931C386956C1A402A8E09941","link_url":"http:\/\/wap.newtank.cn\/newtank\/act\/pptv0118\/index.html?adCode=90c7e686","link_click":"1","luck_push":"1"},{"id":"3","user_name":"\u7231\u5947\u827a","image_url":"\/Public\/bigwheel\/images\/image005.png","offer":"0.01","weight":"1","push":"12","click":"21","click_rate":"25","total":"0.05","channel_map_id":"10001","md5":"D89F3A35931C386956C1A402A8E09941","link_url":"http:\/\/wap.newtank.cn\/wap\/act\/aiqiyi0104\/index.html?adCode=e9a805d8","link_click":"5","luck_push":"2"},{"id":"4","user_name":"\u7535\u5f71\u7968","image_url":"\/Public\/bigwheel\/images\/image007.png","offer":"0.01","weight":"1","push":"12","click":"21","click_rate":"0","total":"0.00","channel_map_id":"10001","md5":"D89F3A35931C386956C1A402A8E09941","link_url":"  http:\/\/wap.newtank.cn\/wap\/act\/film1226\/index.html?adCode=1091c78e","link_click":"0","luck_push":"2"},{"id":"5","user_name":"\u53e3\u7ea2\u7248","image_url":"\/Public\/bigwheel\/images\/image009.png","offer":"0.01","weight":"1","push":"12","click":"21","click_rate":"100","total":"0.02","channel_map_id":"10001","md5":"D89F3A35931C386956C1A402A8E09941","link_url":"http:\/\/wap.newtank.cn\/newtank\/act\/dragonfly\/index.html?adCode=e6996949","link_click":"2","luck_push":"2"},{"id":"6","user_name":"\u6ef4\u6ef4\u7ea2\u5305","image_url":"\/Public\/bigwheel\/images\/image011.png","offer":"0.01","weight":"1","push":"12","click":"21","click_rate":"50","total":"0.01","channel_map_id":"10001","md5":"D89F3A35931C386956C1A402A8E09941","link_url":"http:\/\/wap.newtank.cn\/wap\/act\/didi\/index.html?adCode=601459d8","link_click":"1","luck_push":"2"},{"id":"7","user_name":"\u901a\u7528\u7248","image_url":"\/Public\/bigwheel\/images\/image015.png","offer":"0.01","weight":"1","push":"12","click":"21","click_rate":"25","total":"0.01","channel_map_id":"10001","md5":"D89F3A35931C386956C1A402A8E09941","link_url":"http:\/\/wap.newtank.cn\/newtank\/act\/calculate\/index.html?adCode=81ee33e8","link_click":"1","luck_push":"4"},{"id":"8","user_name":"\u53e3\u7f69","image_url":"\/Public\/bigwheel\/images\/image017.png","offer":"0.01","weight":"1","push":"12","click":"21","click_rate":"0","total":"0","channel_map_id":"10001","md5":"D89F3A35931C386956C1A402A8E09941","link_url":"http:\/\/wap.newtank.cn\/newtank\/act\/haze\/index.html?adCode=81ee33e8","link_click":"0","luck_push":"0"},{"id":"9","user_name":"\u56fd\u8d38\u7248","image_url":"\/Public\/bigwheel\/images\/image019.png","offer":"0.01","weight":"1","push":"12","click":"21","click_rate":"0","total":"0.00","channel_map_id":"10001","md5":"D89F3A35931C386956C1A402A8E09941","link_url":"http:\/\/wap.newtank.cn\/newtank\/act\/aikang\/index.html?adCode=81ee33e8","link_click":"0","luck_push":"2"},{"id":"10","user_name":"OFO\u7248","image_url":"\/Public\/bigwheel\/images\/image013.png","offer":"0.01","weight":"1","push":"12","click":"21","click_rate":"0","total":"0.00","channel_map_id":"10001","md5":"D89F3A35931C386956C1A402A8E09941","link_url":"http:\/\/wap.newtank.cn\/newtank\/act\/ofo0129\/index.html?adCode=81ee33e8","link_click":"0","luck_push":"4"}]
2018-02-17 16:01:10  act 32 channel_select_sum [{"weight1":"10","offer1":"0.09999999999999999"}]
2018-02-17 16:01:10  act 37 sumWeight=10
2018-02-17 16:01:10  act 38 sumOffer=0.09999999999999999
2018-02-17 16:01:10  act 45 sum=[{"sum":10,"id":"1"},{"sum":10,"id":"2"},{"sum":10,"id":"3"},{"sum":10,"id":"4"},{"sum":10,"id":"5"},{"sum":10,"id":"6"},{"sum":10,"id":"7"},{"sum":10,"id":"8"},{"sum":10,"id":"9"},{"sum":10,"id":"10"}]
2018-02-17 16:01:10  act 57 array=[{"start":0,"end":10,"id":"1"},{"start":10,"end":20,"id":"2"},{"start":20,"end":30,"id":"3"},{"start":30,"end":40,"id":"4"},{"start":40,"end":50,"id":"5"},{"start":50,"end":60,"id":"6"},{"start":60,"end":70,"id":"7"},{"start":70,"end":80,"id":"8"},{"start":80,"end":90,"id":"9"},{"start":90,"end":100,"id":"10"}]
2018-02-17 16:01:10  act 60 round=99
2018-02-17 16:01:10  act 63 end=100
2018-02-17 16:01:10  act 64 start=90
2018-02-17 16:01:10  act 71 id 10
2018-02-17 16:01:10  act 72 luck_record_find={"id":"10","user_name":"OFO\u7248","image_url":"\/Public\/bigwheel\/images\/image013.png","offer":"0.01","weight":"1","push":"12","click":"21","click_rate":"0","total":"0.00","channel_map_id":"10001","md5":"D89F3A35931C386956C1A402A8E09941","link_url":"http:\/\/wap.newtank.cn\/newtank\/act\/ofo0129\/index.html?adCode=81ee33e8","link_click":"0","luck_push":"4"}
2018-02-17 16:01:10  act 74 channel_count 10
2018-02-17 16:01:10  act 76 channel_find={"link_click":"0","click":"22","luck_push":"5","offer":"0.01"}
2018-02-17 16:01:10  act 79 click_rate=0
2018-02-17 16:01:10  act 85 channelModel UPDATE `a_luck_record` SET `CLICK_RATE`='0' WHERE `ID` = 10
2018-02-17 16:01:10  act 89 total 0.00
2018-02-17 16:01:10  act 91 channelModel UPDATE `a_luck_record` SET `TOTAL`='0.00' WHERE `ID` = 10
2018-02-17 16:01:10  act 92 channel_save_total 0
2018-02-17 16:01:10  act 95 =======计算次数结束======：{"status":"200","imgurl":"\/Public\/bigwheel\/images\/image013.png","link":"http:\/\/wap.newtank.cn\/newtank\/act\/ofo0129\/index.html?adCode=81ee33e8","position":"6","id":"10","title":"OFO\u7248"}
2018-02-17 16:01:16  act 16 =======计算次数开始======：{"draw_num":"1","system":"3","coupon_idlist":"1,10","CHANNEL_MAP_ID":"D89F3A35931C386956C1A402A8E09941","type":"MD5"}
2018-02-17 16:01:16  act 22 MD5 D89F3A35931C386956C1A402A8E09941
2018-02-17 16:01:16  act 23 channelModel SELECT * FROM `a_luck_record` WHERE `MD5` = 'D89F3A35931C386956C1A402A8E09941' LIMIT 1  
2018-02-17 16:01:16  act 31 channel_select [{"id":"1","user_name":"PPTV\u4f1a\u5458\u514d\u8d39\u9001","image_url":"\/Public\/bigwheel\/images\/image001.png","offer":"0.01","weight":"1","push":"12","click":"22","click_rate":"0","total":"0.00","channel_map_id":"10001","md5":"D89F3A35931C386956C1A402A8E09941","link_url":"http:\/\/wap.newtank.cn\/wap\/act\/pptv\/index.html?adCode=90c7e686","link_click":"0","luck_push":"2"},{"id":"2","user_name":"PPTV-\u6625\u8282\u7248","image_url":"\/Public\/bigwheel\/images\/image003.png","offer":"0.01","weight":"1","push":"12","click":"22","click_rate":"25","total":"0.01","channel_map_id":"10001","md5":"D89F3A35931C386956C1A402A8E09941","link_url":"http:\/\/wap.newtank.cn\/newtank\/act\/pptv0118\/index.html?adCode=90c7e686","link_click":"1","luck_push":"1"},{"id":"3","user_name":"\u7231\u5947\u827a","image_url":"\/Public\/bigwheel\/images\/image005.png","offer":"0.01","weight":"1","push":"12","click":"22","click_rate":"25","total":"0.05","channel_map_id":"10001","md5":"D89F3A35931C386956C1A402A8E09941","link_url":"http:\/\/wap.newtank.cn\/wap\/act\/aiqiyi0104\/index.html?adCode=e9a805d8","link_click":"5","luck_push":"2"},{"id":"4","user_name":"\u7535\u5f71\u7968","image_url":"\/Public\/bigwheel\/images\/image007.png","offer":"0.01","weight":"1","push":"12","click":"22","click_rate":"0","total":"0.00","channel_map_id":"10001","md5":"D89F3A35931C386956C1A402A8E09941","link_url":"  http:\/\/wap.newtank.cn\/wap\/act\/film1226\/index.html?adCode=1091c78e","link_click":"0","luck_push":"2"},{"id":"5","user_name":"\u53e3\u7ea2\u7248","image_url":"\/Public\/bigwheel\/images\/image009.png","offer":"0.01","weight":"1","push":"12","click":"22","click_rate":"100","total":"0.02","channel_map_id":"10001","md5":"D89F3A35931C386956C1A402A8E09941","link_url":"http:\/\/wap.newtank.cn\/newtank\/act\/dragonfly\/index.html?adCode=e6996949","link_click":"2","luck_push":"2"},{"id":"6","user_name":"\u6ef4\u6ef4\u7ea2\u5305","image_url":"\/Public\/bigwheel\/images\/image011.png","offer":"0.01","weight":"1","push":"12","click":"22","click_rate":"50","total":"0.01","channel_map_id":"10001","md5":"D89F3A35931C386956C1A402A8E09941","link_url":"http:\/\/wap.newtank.cn\/wap\/act\/didi\/index.html?adCode=601459d8","link_click":"1","luck_push":"2"},{"id":"7","user_name":"\u901a\u7528\u7248","image_url":"\/Public\/bigwheel\/images\/image015.png","offer":"0.01","weight":"1","push":"12","click":"22","click_rate":"25","total":"0.01","channel_map_id":"10001","md5":"D89F3A35931C386956C1A402A8E09941","link_url":"http:\/\/wap.newtank.cn\/newtank\/act\/calculate\/index.html?adCode=81ee33e8","link_click":"1","luck_push":"4"},{"id":"8","user_name":"\u53e3\u7f69","image_url":"\/Public\/bigwheel\/images\/image017.png","offer":"0.01","weight":"1","push":"12","click":"22","click_rate":"0","total":"0","channel_map_id":"10001","md5":"D89F3A35931C386956C1A402A8E09941","link_url":"http:\/\/wap.newtank.cn\/newtank\/act\/haze\/index.html?adCode=81ee33e8","link_click":"0","luck_push":"0"},{"id":"9","user_name":"\u56fd\u8d38\u7248","image_url":"\/Public\/bigwheel\/images\/image019.png","offer":"0.01","weight":"1","push":"12","click":"22","click_rate":"0","total":"0.00","channel_map_id":"10001","md5":"D89F3A35931C386956C1A402A8E09941","link_url":"http:\/\/wap.newtank.cn\/newtank\/act\/aikang\/index.html?adCode=81ee33e8","link_click":"0","luck_push":"2"},{"id":"10","user_name":"OFO\u7248","image_url":"\/Public\/bigwheel\/images\/image013.png","offer":"0.01","weight":"1","push":"12","click":"22","click_rate":"0","total":"0.00","channel_map_id":"10001","md5":"D89F3A35931C386956C1A402A8E09941","link_url":"http:\/\/wap.newtank.cn\/newtank\/act\/ofo0129\/index.html?adCode=81ee33e8","link_click":"0","luck_push":"5"}]
2018-02-17 16:01:16  act 32 channel_select_sum [{"weight1":"10","offer1":"0.09999999999999999"}]
2018-02-17 16:01:16  act 37 sumWeight=10
2018-02-17 16:01:16  act 38 sumOffer=0.09999999999999999
2018-02-17 16:01:16  act 45 sum=[{"sum":10,"id":"1"},{"sum":10,"id":"2"},{"sum":10,"id":"3"},{"sum":10,"id":"4"},{"sum":10,"id":"5"},{"sum":10,"id":"6"},{"sum":10,"id":"7"},{"sum":10,"id":"8"},{"sum":10,"id":"9"},{"sum":10,"id":"10"}]
2018-02-17 16:01:16  act 57 array=[{"start":0,"end":10,"id":"1"},{"start":10,"end":20,"id":"2"},{"start":20,"end":30,"id":"3"},{"start":30,"end":40,"id":"4"},{"start":40,"end":50,"id":"5"},{"start":50,"end":60,"id":"6"},{"start":60,"end":70,"id":"7"},{"start":70,"end":80,"id":"8"},{"start":80,"end":90,"id":"9"},{"start":90,"end":100,"id":"10"}]
2018-02-17 16:01:16  act 60 round=1
2018-02-17 16:01:16  act 63 end=10
2018-02-17 16:01:16  act 64 start=0
2018-02-17 16:01:16  act 71 id 1
2018-02-17 16:01:16  act 72 luck_record_find={"id":"1","user_name":"PPTV\u4f1a\u5458\u514d\u8d39\u9001","image_url":"\/Public\/bigwheel\/images\/image001.png","offer":"0.01","weight":"1","push":"12","click":"22","click_rate":"0","total":"0.00","channel_map_id":"10001","md5":"D89F3A35931C386956C1A402A8E09941","link_url":"http:\/\/wap.newtank.cn\/wap\/act\/pptv\/index.html?adCode=90c7e686","link_click":"0","luck_push":"2"}
2018-02-17 16:01:16  act 74 channel_count 10
2018-02-17 16:01:16  act 76 channel_find={"link_click":"0","click":"23","luck_push":"3","offer":"0.01"}
2018-02-17 16:01:16  act 79 click_rate=0
2018-02-17 16:01:16  act 85 channelModel UPDATE `a_luck_record` SET `CLICK_RATE`='0' WHERE `ID` = 1
2018-02-17 16:01:16  act 89 total 0.00
2018-02-17 16:01:16  act 91 channelModel UPDATE `a_luck_record` SET `TOTAL`='0.00' WHERE `ID` = 1
2018-02-17 16:01:16  act 92 channel_save_total 0
2018-02-17 16:01:16  act 95 =======计算次数结束======：{"status":"200","imgurl":"\/Public\/bigwheel\/images\/image001.png","link":"http:\/\/wap.newtank.cn\/wap\/act\/pptv\/index.html?adCode=90c7e686","position":"6","id":"1","title":"PPTV\u4f1a\u5458\u514d\u8d39\u9001"}
2018-02-17 16:24:26  act 16 =======计算次数开始======：{"CHANNEL_MAP_ID":"D89F3A35931C386956C1A402A8E09941","type":"PUSH"}
2018-02-17 16:24:26  act 101 channelModel UPDATE `a_luck_record` SET `PUSH`=PUSH+1 WHERE `MD5` = 'D89F3A35931C386956C1A402A8E09941'
2018-02-17 16:24:26  act 102 channel_count 10
2018-02-17 16:24:33  act 16 =======计算次数开始======：{"draw_num":"3","system":"3","coupon_idlist":"","CHANNEL_MAP_ID":"D89F3A35931C386956C1A402A8E09941","type":"MD5"}
2018-02-17 16:24:33  act 22 MD5 D89F3A35931C386956C1A402A8E09941
2018-02-17 16:24:33  act 23 channelModel SELECT * FROM `a_luck_record` WHERE `MD5` = 'D89F3A35931C386956C1A402A8E09941' LIMIT 1  
2018-02-17 16:24:33  act 31 channel_select [{"id":"1","user_name":"PPTV\u4f1a\u5458\u514d\u8d39\u9001","image_url":"\/Public\/bigwheel\/images\/image001.png","offer":"0.01","weight":"1","push":"13","click":"23","click_rate":"0","total":"0.00","channel_map_id":"10001","md5":"D89F3A35931C386956C1A402A8E09941","link_url":"http:\/\/wap.newtank.cn\/wap\/act\/pptv\/index.html?adCode=90c7e686","link_click":"0","luck_push":"3"},{"id":"2","user_name":"PPTV-\u6625\u8282\u7248","image_url":"\/Public\/bigwheel\/images\/image003.png","offer":"0.01","weight":"1","push":"13","click":"23","click_rate":"25","total":"0.01","channel_map_id":"10001","md5":"D89F3A35931C386956C1A402A8E09941","link_url":"http:\/\/wap.newtank.cn\/newtank\/act\/pptv0118\/index.html?adCode=90c7e686","link_click":"1","luck_push":"1"},{"id":"3","user_name":"\u7231\u5947\u827a","image_url":"\/Public\/bigwheel\/images\/image005.png","offer":"0.01","weight":"1","push":"13","click":"23","click_rate":"25","total":"0.05","channel_map_id":"10001","md5":"D89F3A35931C386956C1A402A8E09941","link_url":"http:\/\/wap.newtank.cn\/wap\/act\/aiqiyi0104\/index.html?adCode=e9a805d8","link_click":"5","luck_push":"2"},{"id":"4","user_name":"\u7535\u5f71\u7968","image_url":"\/Public\/bigwheel\/images\/image007.png","offer":"0.01","weight":"1","push":"13","click":"23","click_rate":"0","total":"0.00","channel_map_id":"10001","md5":"D89F3A35931C386956C1A402A8E09941","link_url":"  http:\/\/wap.newtank.cn\/wap\/act\/film1226\/index.html?adCode=1091c78e","link_click":"0","luck_push":"2"},{"id":"5","user_name":"\u53e3\u7ea2\u7248","image_url":"\/Public\/bigwheel\/images\/image009.png","offer":"0.01","weight":"1","push":"13","click":"23","click_rate":"100","total":"0.02","channel_map_id":"10001","md5":"D89F3A35931C386956C1A402A8E09941","link_url":"http:\/\/wap.newtank.cn\/newtank\/act\/dragonfly\/index.html?adCode=e6996949","link_click":"2","luck_push":"2"},{"id":"6","user_name":"\u6ef4\u6ef4\u7ea2\u5305","image_url":"\/Public\/bigwheel\/images\/image011.png","offer":"0.01","weight":"1","push":"13","click":"23","click_rate":"50","total":"0.01","channel_map_id":"10001","md5":"D89F3A35931C386956C1A402A8E09941","link_url":"http:\/\/wap.newtank.cn\/wap\/act\/didi\/index.html?adCode=601459d8","link_click":"1","luck_push":"2"},{"id":"7","user_name":"\u901a\u7528\u7248","image_url":"\/Public\/bigwheel\/images\/image015.png","offer":"0.01","weight":"1","push":"13","click":"23","click_rate":"25","total":"0.01","channel_map_id":"10001","md5":"D89F3A35931C386956C1A402A8E09941","link_url":"http:\/\/wap.newtank.cn\/newtank\/act\/calculate\/index.html?adCode=81ee33e8","link_click":"1","luck_push":"4"},{"id":"8","user_name":"\u53e3\u7f69","image_url":"\/Public\/bigwheel\/images\/image017.png","offer":"0.01","weight":"1","push":"13","click":"23","click_rate":"0","total":"0","channel_map_id":"10001","md5":"D89F3A35931C386956C1A402A8E09941","link_url":"http:\/\/wap.newtank.cn\/newtank\/act\/haze\/index.html?adCode=81ee33e8","link_click":"0","luck_push":"0"},{"id":"9","user_name":"\u56fd\u8d38\u7248","image_url":"\/Public\/bigwheel\/images\/image019.png","offer":"0.01","weight":"1","push":"13","click":"23","click_rate":"0","total":"0.00","channel_map_id":"10001","md5":"D89F3A35931C386956C1A402A8E09941","link_url":"http:\/\/wap.newtank.cn\/newtank\/act\/aikang\/index.html?adCode=81ee33e8","link_click":"0","luck_push":"2"},{"id":"10","user_name":"OFO\u7248","image_url":"\/Public\/bigwheel\/images\/image013.png","offer":"0.01","weight":"1","push":"13","click":"23","click_rate":"0","total":"0.00","channel_map_id":"10001","md5":"D89F3A35931C386956C1A402A8E09941","link_url":"http:\/\/wap.newtank.cn\/newtank\/act\/ofo0129\/index.html?adCode=81ee33e8","link_click":"0","luck_push":"5"}]
2018-02-17 16:24:33  act 32 channel_select_sum [{"weight1":"10","offer1":"0.09999999999999999"}]
2018-02-17 16:24:33  act 37 sumWeight=10
2018-02-17 16:24:33  act 38 sumOffer=0.09999999999999999
2018-02-17 16:24:33  act 45 sum=[{"sum":10,"id":"1"},{"sum":10,"id":"2"},{"sum":10,"id":"3"},{"sum":10,"id":"4"},{"sum":10,"id":"5"},{"sum":10,"id":"6"},{"sum":10,"id":"7"},{"sum":10,"id":"8"},{"sum":10,"id":"9"},{"sum":10,"id":"10"}]
2018-02-17 16:24:33  act 57 array=[{"start":0,"end":10,"id":"1"},{"start":10,"end":20,"id":"2"},{"start":20,"end":30,"id":"3"},{"start":30,"end":40,"id":"4"},{"start":40,"end":50,"id":"5"},{"start":50,"end":60,"id":"6"},{"start":60,"end":70,"id":"7"},{"start":70,"end":80,"id":"8"},{"start":80,"end":90,"id":"9"},{"start":90,"end":100,"id":"10"}]
2018-02-17 16:24:33  act 60 round=87
2018-02-17 16:24:33  act 63 end=90
2018-02-17 16:24:33  act 64 start=80
2018-02-17 16:24:33  act 71 id 9
2018-02-17 16:24:33  act 72 luck_record_find={"id":"9","user_name":"\u56fd\u8d38\u7248","image_url":"\/Public\/bigwheel\/images\/image019.png","offer":"0.01","weight":"1","push":"13","click":"23","click_rate":"0","total":"0.00","channel_map_id":"10001","md5":"D89F3A35931C386956C1A402A8E09941","link_url":"http:\/\/wap.newtank.cn\/newtank\/act\/aikang\/index.html?adCode=81ee33e8","link_click":"0","luck_push":"2"}
2018-02-17 16:24:33  act 74 channel_count 10
2018-02-17 16:24:33  act 76 channel_find={"link_click":"0","click":"24","luck_push":"3","offer":"0.01"}
2018-02-17 16:24:33  act 79 click_rate=0
2018-02-17 16:24:33  act 85 channelModel UPDATE `a_luck_record` SET `CLICK_RATE`='0' WHERE `ID` = 9
2018-02-17 16:24:33  act 89 total 0.00
2018-02-17 16:24:33  act 91 channelModel UPDATE `a_luck_record` SET `TOTAL`='0.00' WHERE `ID` = 9
2018-02-17 16:24:33  act 92 channel_save_total 0
2018-02-17 16:24:33  act 95 =======计算次数结束======：{"status":"200","imgurl":"\/Public\/bigwheel\/images\/image019.png","link":"http:\/\/wap.newtank.cn\/newtank\/act\/aikang\/index.html?adCode=81ee33e8","position":"6","id":"9","title":"\u56fd\u8d38\u7248"}
2018-02-17 16:24:50  act 16 =======计算次数开始======：{"draw_num":"2","system":"3","coupon_idlist":"9","CHANNEL_MAP_ID":"D89F3A35931C386956C1A402A8E09941","type":"MD5"}
2018-02-17 16:24:50  act 22 MD5 D89F3A35931C386956C1A402A8E09941
2018-02-17 16:24:50  act 23 channelModel SELECT * FROM `a_luck_record` WHERE `MD5` = 'D89F3A35931C386956C1A402A8E09941' LIMIT 1  
2018-02-17 16:24:50  act 31 channel_select [{"id":"1","user_name":"PPTV\u4f1a\u5458\u514d\u8d39\u9001","image_url":"\/Public\/bigwheel\/images\/image001.png","offer":"0.01","weight":"1","push":"13","click":"24","click_rate":"0","total":"0.00","channel_map_id":"10001","md5":"D89F3A35931C386956C1A402A8E09941","link_url":"http:\/\/wap.newtank.cn\/wap\/act\/pptv\/index.html?adCode=90c7e686","link_click":"0","luck_push":"3"},{"id":"2","user_name":"PPTV-\u6625\u8282\u7248","image_url":"\/Public\/bigwheel\/images\/image003.png","offer":"0.01","weight":"1","push":"13","click":"24","click_rate":"25","total":"0.01","channel_map_id":"10001","md5":"D89F3A35931C386956C1A402A8E09941","link_url":"http:\/\/wap.newtank.cn\/newtank\/act\/pptv0118\/index.html?adCode=90c7e686","link_click":"1","luck_push":"1"},{"id":"3","user_name":"\u7231\u5947\u827a","image_url":"\/Public\/bigwheel\/images\/image005.png","offer":"0.01","weight":"1","push":"13","click":"24","click_rate":"25","total":"0.05","channel_map_id":"10001","md5":"D89F3A35931C386956C1A402A8E09941","link_url":"http:\/\/wap.newtank.cn\/wap\/act\/aiqiyi0104\/index.html?adCode=e9a805d8","link_click":"5","luck_push":"2"},{"id":"4","user_name":"\u7535\u5f71\u7968","image_url":"\/Public\/bigwheel\/images\/image007.png","offer":"0.01","weight":"1","push":"13","click":"24","click_rate":"0","total":"0.00","channel_map_id":"10001","md5":"D89F3A35931C386956C1A402A8E09941","link_url":"  http:\/\/wap.newtank.cn\/wap\/act\/film1226\/index.html?adCode=1091c78e","link_click":"0","luck_push":"2"},{"id":"5","user_name":"\u53e3\u7ea2\u7248","image_url":"\/Public\/bigwheel\/images\/image009.png","offer":"0.01","weight":"1","push":"13","click":"24","click_rate":"100","total":"0.02","channel_map_id":"10001","md5":"D89F3A35931C386956C1A402A8E09941","link_url":"http:\/\/wap.newtank.cn\/newtank\/act\/dragonfly\/index.html?adCode=e6996949","link_click":"2","luck_push":"2"},{"id":"6","user_name":"\u6ef4\u6ef4\u7ea2\u5305","image_url":"\/Public\/bigwheel\/images\/image011.png","offer":"0.01","weight":"1","push":"13","click":"24","click_rate":"50","total":"0.01","channel_map_id":"10001","md5":"D89F3A35931C386956C1A402A8E09941","link_url":"http:\/\/wap.newtank.cn\/wap\/act\/didi\/index.html?adCode=601459d8","link_click":"1","luck_push":"2"},{"id":"7","user_name":"\u901a\u7528\u7248","image_url":"\/Public\/bigwheel\/images\/image015.png","offer":"0.01","weight":"1","push":"13","click":"24","click_rate":"25","total":"0.01","channel_map_id":"10001","md5":"D89F3A35931C386956C1A402A8E09941","link_url":"http:\/\/wap.newtank.cn\/newtank\/act\/calculate\/index.html?adCode=81ee33e8","link_click":"1","luck_push":"4"},{"id":"8","user_name":"\u53e3\u7f69","image_url":"\/Public\/bigwheel\/images\/image017.png","offer":"0.01","weight":"1","push":"13","click":"24","click_rate":"0","total":"0","channel_map_id":"10001","md5":"D89F3A35931C386956C1A402A8E09941","link_url":"http:\/\/wap.newtank.cn\/newtank\/act\/haze\/index.html?adCode=81ee33e8","link_click":"0","luck_push":"0"},{"id":"9","user_name":"\u56fd\u8d38\u7248","image_url":"\/Public\/bigwheel\/images\/image019.png","offer":"0.01","weight":"1","push":"13","click":"24","click_rate":"0","total":"0.00","channel_map_id":"10001","md5":"D89F3A35931C386956C1A402A8E09941","link_url":"http:\/\/wap.newtank.cn\/newtank\/act\/aikang\/index.html?adCode=81ee33e8","link_click":"0","luck_push":"3"},{"id":"10","user_name":"OFO\u7248","image_url":"\/Public\/bigwheel\/images\/image013.png","offer":"0.01","weight":"1","push":"13","click":"24","click_rate":"0","total":"0.00","channel_map_id":"10001","md5":"D89F3A35931C386956C1A402A8E09941","link_url":"http:\/\/wap.newtank.cn\/newtank\/act\/ofo0129\/index.html?adCode=81ee33e8","link_click":"0","luck_push":"5"}]
2018-02-17 16:24:50  act 32 channel_select_sum [{"weight1":"10","offer1":"0.09999999999999999"}]
2018-02-17 16:24:50  act 37 sumWeight=10
2018-02-17 16:24:50  act 38 sumOffer=0.09999999999999999
2018-02-17 16:24:50  act 45 sum=[{"sum":10,"id":"1"},{"sum":10,"id":"2"},{"sum":10,"id":"3"},{"sum":10,"id":"4"},{"sum":10,"id":"5"},{"sum":10,"id":"6"},{"sum":10,"id":"7"},{"sum":10,"id":"8"},{"sum":10,"id":"9"},{"sum":10,"id":"10"}]
2018-02-17 16:24:50  act 57 array=[{"start":0,"end":10,"id":"1"},{"start":10,"end":20,"id":"2"},{"start":20,"end":30,"id":"3"},{"start":30,"end":40,"id":"4"},{"start":40,"end":50,"id":"5"},{"start":50,"end":60,"id":"6"},{"start":60,"end":70,"id":"7"},{"start":70,"end":80,"id":"8"},{"start":80,"end":90,"id":"9"},{"start":90,"end":100,"id":"10"}]
2018-02-17 16:24:50  act 60 round=50
2018-02-17 16:24:50  act 63 end=50
2018-02-17 16:24:50  act 64 start=40
2018-02-17 16:24:50  act 71 id 5
2018-02-17 16:24:50  act 72 luck_record_find={"id":"5","user_name":"\u53e3\u7ea2\u7248","image_url":"\/Public\/bigwheel\/images\/image009.png","offer":"0.01","weight":"1","push":"13","click":"24","click_rate":"100","total":"0.02","channel_map_id":"10001","md5":"D89F3A35931C386956C1A402A8E09941","link_url":"http:\/\/wap.newtank.cn\/newtank\/act\/dragonfly\/index.html?adCode=e6996949","link_click":"2","luck_push":"2"}
2018-02-17 16:24:50  act 74 channel_count 10
2018-02-17 16:24:50  act 76 channel_find={"link_click":"2","click":"25","luck_push":"3","offer":"0.01"}
2018-02-17 16:24:50  act 79 click_rate=66.67
2018-02-17 16:24:50  act 85 channelModel UPDATE `a_luck_record` SET `CLICK_RATE`='66.67' WHERE `ID` = 5
2018-02-17 16:24:50  act 89 total 0.02
2018-02-17 16:24:50  act 91 channelModel UPDATE `a_luck_record` SET `TOTAL`='0.02' WHERE `ID` = 5
2018-02-17 16:24:50  act 92 channel_save_total 0
2018-02-17 16:24:50  act 95 =======计算次数结束======：{"status":"200","imgurl":"\/Public\/bigwheel\/images\/image009.png","link":"http:\/\/wap.newtank.cn\/newtank\/act\/dragonfly\/index.html?adCode=e6996949","position":"6","id":"5","title":"\u53e3\u7ea2\u7248"}
