2018-02-11 00:01:29  act 16 =======计算次数开始======：{"CHANNEL_MAP_ID":"D89F3A35931C386956C1A402A8E09941","type":"PUSH"}
2018-02-11 00:01:29  act 100 channelModel UPDATE `a_luck_record` SET `PUSH`=PUSH+1 WHERE ( 1=1 )
2018-02-11 00:01:29  act 101 channel_count 3
2018-02-11 00:01:36  act 16 =======计算次数开始======：{"draw_num":"3","system":"3","coupon_idlist":"","CHANNEL_MAP_ID":"D89F3A35931C386956C1A402A8E09941","type":"MD5"}
2018-02-11 00:01:36  act 22 MD5 D89F3A35931C386956C1A402A8E09941
2018-02-11 00:01:36  act 23 channelModel SELECT * FROM `a_luck_record` WHERE `MD5` = 'D89F3A35931C386956C1A402A8E09941' LIMIT 1  
2018-02-11 00:01:36  act 31 channel_select [{"id":"1","user_name":"\u83b7\u5f97\u4e07\u5143\u51cf\u606f\u5238","image_url":"\/Public\/bigwheel\/images\/PPcd2Fu7vM.jpg","offer":"0.60","weight":"80","push":"25","click":"38","click_rate":"45.83","total":"6.60","channel_map_id":"10001","md5":"D89F3A35931C386956C1A402A8E09941","link_url":"https:\/\/mkt.360jie.com.cn\/activity\/ch\/tcscxyzp\/lanmu105","link_click":"11","luck_push":"24"},{"id":"2","user_name":"\u83ab\u65af\u5229\u5b89\u9178\u59761\u5143\u4e00\u7bb1","image_url":"\/Public\/bigwheel\/images\/OKtuODCPUs.jpg","offer":"0.60","weight":"40","push":"25","click":"38","click_rate":"25","total":"1.80","channel_map_id":"10001","md5":"","link_url":"http:\/\/passport.fanli.com\/mark?c=v8yj49bb6w","link_click":"3","luck_push":"12"},{"id":"3","user_name":"\u6765\u62a2\u300a\u793e\u4ea4\u82f1\u8bed\u300b","image_url":"\/Public\/bigwheel\/images\/jwHOvllMRK.jpg","offer":"0.01","weight":"10","push":"25","click":"38","click_rate":"5.56","total":"0.02","channel_map_id":"10001","md5":"","link_url":"https:\/\/m.wselearning.com\/Registernetworkj\/pro-1.aspx?winType=TCSC1712SNJ","link_click":"2","luck_push":"2"}]
2018-02-11 00:01:36  act 32 channel_select_sum [{"weight1":"130","offer1":"1.21"}]
2018-02-11 00:01:36  act 37 sumWeight=130
2018-02-11 00:01:36  act 38 sumOffer=1.21
2018-02-11 00:01:36  act 45 sum=[{"sum":61,"id":"1"},{"sum":31,"id":"2"},{"sum":8,"id":"3"}]
2018-02-11 00:01:36  act 57 array=[{"start":0,"end":61,"id":"1"},{"start":61,"end":92,"id":"2"},{"start":92,"end":100,"id":"3"}]
2018-02-11 00:01:36  act 60 round=88
2018-02-11 00:01:36  act 63 end=92
2018-02-11 00:01:36  act 64 start=61
2018-02-11 00:01:36  act 71 id 2
2018-02-11 00:01:36  act 72 luck_record_find={"id":"2","user_name":"\u83ab\u65af\u5229\u5b89\u9178\u59761\u5143\u4e00\u7bb1","image_url":"\/Public\/bigwheel\/images\/OKtuODCPUs.jpg","offer":"0.60","weight":"40","push":"25","click":"38","click_rate":"25","total":"1.80","channel_map_id":"10001","md5":"","link_url":"http:\/\/passport.fanli.com\/mark?c=v8yj49bb6w","link_click":"3","luck_push":"12"}
2018-02-11 00:01:36  act 74 channel_count 3
2018-02-11 00:01:36  act 76 channel_find={"link_click":"3","click":"39","luck_push":"13","offer":"0.60"}
2018-02-11 00:01:36  act 79 click_rate=23.08
2018-02-11 00:01:36  act 85 channelModel UPDATE `a_luck_record` SET `CLICK_RATE`='23.08' WHERE `ID` = 2
2018-02-11 00:01:36  act 89 total 1.80
2018-02-11 00:01:36  act 91 channelModel UPDATE `a_luck_record` SET `TOTAL`='1.80' WHERE `ID` = 2
2018-02-11 00:01:36  act 92 channel_save_total 0
2018-02-11 00:01:36  act 95 =======计算次数结束======：{"status":"200","imgurl":"\/Public\/bigwheel\/images\/OKtuODCPUs.jpg","link":"http:\/\/passport.fanli.com\/mark?c=v8yj49bb6w","position":"6","id":"2","title":"\u83ab\u65af\u5229\u5b89\u9178\u59761\u5143\u4e00\u7bb1"}
2018-02-11 00:01:43  act 16 =======计算次数开始======：{"CHANNEL_MAP_ID":"D89F3A35931C386956C1A402A8E09941","type":"LINK_CLICK","id":"2"}
2018-02-11 00:01:43  act 105 channelModel UPDATE `a_luck_record` SET `LINK_CLICK`=LINK_CLICK+1 WHERE `ID` = 2
2018-02-11 00:01:43  act 106 channel_count 1
2018-02-11 00:01:43  act 109 channel_find={"link_click":"4","click":"39","offer":"0.60"}
2018-02-11 00:01:43  act 112 click_rate=10.26
2018-02-11 00:01:43  act 117 channelModel UPDATE `a_luck_record` SET `CLICK_RATE`='10.26' WHERE `ID` = 2
2018-02-11 00:01:43  act 121 total 2.40
2018-02-11 00:01:43  act 123 channelModel UPDATE `a_luck_record` SET `TOTAL`='2.40' WHERE `ID` = 2
2018-02-11 00:01:43  act 124 channel_save_total 1
2018-02-11 00:01:49  act 16 =======计算次数开始======：{"CHANNEL_MAP_ID":"D89F3A35931C386956C1A402A8E09941","type":"PUSH"}
2018-02-11 00:01:49  act 100 channelModel UPDATE `a_luck_record` SET `PUSH`=PUSH+1 WHERE ( 1=1 )
2018-02-11 00:01:49  act 101 channel_count 3
2018-02-11 00:01:50  act 16 =======计算次数开始======：{"draw_num":"2","system":"3","coupon_idlist":"2","CHANNEL_MAP_ID":"D89F3A35931C386956C1A402A8E09941","type":"MD5"}
2018-02-11 00:01:50  act 22 MD5 D89F3A35931C386956C1A402A8E09941
2018-02-11 00:01:50  act 23 channelModel SELECT * FROM `a_luck_record` WHERE `MD5` = 'D89F3A35931C386956C1A402A8E09941' LIMIT 1  
2018-02-11 00:01:50  act 31 channel_select [{"id":"1","user_name":"\u83b7\u5f97\u4e07\u5143\u51cf\u606f\u5238","image_url":"\/Public\/bigwheel\/images\/PPcd2Fu7vM.jpg","offer":"0.60","weight":"80","push":"26","click":"39","click_rate":"45.83","total":"6.60","channel_map_id":"10001","md5":"D89F3A35931C386956C1A402A8E09941","link_url":"https:\/\/mkt.360jie.com.cn\/activity\/ch\/tcscxyzp\/lanmu105","link_click":"11","luck_push":"24"},{"id":"2","user_name":"\u83ab\u65af\u5229\u5b89\u9178\u59761\u5143\u4e00\u7bb1","image_url":"\/Public\/bigwheel\/images\/OKtuODCPUs.jpg","offer":"0.60","weight":"40","push":"26","click":"39","click_rate":"10.26","total":"2.40","channel_map_id":"10001","md5":"","link_url":"http:\/\/passport.fanli.com\/mark?c=v8yj49bb6w","link_click":"4","luck_push":"13"},{"id":"3","user_name":"\u6765\u62a2\u300a\u793e\u4ea4\u82f1\u8bed\u300b","image_url":"\/Public\/bigwheel\/images\/jwHOvllMRK.jpg","offer":"0.01","weight":"10","push":"26","click":"39","click_rate":"5.56","total":"0.02","channel_map_id":"10001","md5":"","link_url":"https:\/\/m.wselearning.com\/Registernetworkj\/pro-1.aspx?winType=TCSC1712SNJ","link_click":"2","luck_push":"2"}]
2018-02-11 00:01:50  act 32 channel_select_sum [{"weight1":"130","offer1":"1.21"}]
2018-02-11 00:01:50  act 37 sumWeight=130
2018-02-11 00:01:50  act 38 sumOffer=1.21
2018-02-11 00:01:50  act 45 sum=[{"sum":61,"id":"1"},{"sum":31,"id":"2"},{"sum":8,"id":"3"}]
2018-02-11 00:01:50  act 57 array=[{"start":0,"end":61,"id":"1"},{"start":61,"end":92,"id":"2"},{"start":92,"end":100,"id":"3"}]
2018-02-11 00:01:50  act 60 round=88
2018-02-11 00:01:50  act 63 end=92
2018-02-11 00:01:50  act 64 start=61
2018-02-11 00:01:50  act 71 id 2
2018-02-11 00:01:50  act 72 luck_record_find={"id":"2","user_name":"\u83ab\u65af\u5229\u5b89\u9178\u59761\u5143\u4e00\u7bb1","image_url":"\/Public\/bigwheel\/images\/OKtuODCPUs.jpg","offer":"0.60","weight":"40","push":"26","click":"39","click_rate":"10.26","total":"2.40","channel_map_id":"10001","md5":"","link_url":"http:\/\/passport.fanli.com\/mark?c=v8yj49bb6w","link_click":"4","luck_push":"13"}
2018-02-11 00:01:50  act 74 channel_count 3
2018-02-11 00:01:50  act 76 channel_find={"link_click":"4","click":"40","luck_push":"14","offer":"0.60"}
2018-02-11 00:01:50  act 79 click_rate=28.57
2018-02-11 00:01:50  act 85 channelModel UPDATE `a_luck_record` SET `CLICK_RATE`='28.57' WHERE `ID` = 2
2018-02-11 00:01:50  act 89 total 2.40
2018-02-11 00:01:50  act 91 channelModel UPDATE `a_luck_record` SET `TOTAL`='2.40' WHERE `ID` = 2
2018-02-11 00:01:50  act 92 channel_save_total 0
2018-02-11 00:01:50  act 95 =======计算次数结束======：{"status":"200","imgurl":"\/Public\/bigwheel\/images\/OKtuODCPUs.jpg","link":"http:\/\/passport.fanli.com\/mark?c=v8yj49bb6w","position":"6","id":"2","title":"\u83ab\u65af\u5229\u5b89\u9178\u59761\u5143\u4e00\u7bb1"}
2018-02-11 00:01:59  act 16 =======计算次数开始======：{"CHANNEL_MAP_ID":"D89F3A35931C386956C1A402A8E09941","type":"LINK_CLICK","id":"2"}
2018-02-11 00:01:59  act 105 channelModel UPDATE `a_luck_record` SET `LINK_CLICK`=LINK_CLICK+1 WHERE `ID` = 2
2018-02-11 00:01:59  act 106 channel_count 1
2018-02-11 00:01:59  act 109 channel_find={"link_click":"5","click":"40","offer":"0.60"}
2018-02-11 00:01:59  act 112 click_rate=12.5
2018-02-11 00:01:59  act 117 channelModel UPDATE `a_luck_record` SET `CLICK_RATE`='12.5' WHERE `ID` = 2
2018-02-11 00:01:59  act 121 total 3.00
2018-02-11 00:01:59  act 123 channelModel UPDATE `a_luck_record` SET `TOTAL`='3.00' WHERE `ID` = 2
2018-02-11 00:01:59  act 124 channel_save_total 1
2018-02-11 00:02:02  act 16 =======计算次数开始======：{"CHANNEL_MAP_ID":"D89F3A35931C386956C1A402A8E09941","type":"PUSH"}
2018-02-11 00:02:02  act 100 channelModel UPDATE `a_luck_record` SET `PUSH`=PUSH+1 WHERE ( 1=1 )
2018-02-11 00:02:02  act 101 channel_count 3
2018-02-11 00:02:04  act 16 =======计算次数开始======：{"draw_num":"1","system":"3","coupon_idlist":"2,2","CHANNEL_MAP_ID":"D89F3A35931C386956C1A402A8E09941","type":"MD5"}
2018-02-11 00:02:04  act 22 MD5 D89F3A35931C386956C1A402A8E09941
2018-02-11 00:02:04  act 23 channelModel SELECT * FROM `a_luck_record` WHERE `MD5` = 'D89F3A35931C386956C1A402A8E09941' LIMIT 1  
2018-02-11 00:02:04  act 31 channel_select [{"id":"1","user_name":"\u83b7\u5f97\u4e07\u5143\u51cf\u606f\u5238","image_url":"\/Public\/bigwheel\/images\/PPcd2Fu7vM.jpg","offer":"0.60","weight":"80","push":"27","click":"40","click_rate":"45.83","total":"6.60","channel_map_id":"10001","md5":"D89F3A35931C386956C1A402A8E09941","link_url":"https:\/\/mkt.360jie.com.cn\/activity\/ch\/tcscxyzp\/lanmu105","link_click":"11","luck_push":"24"},{"id":"2","user_name":"\u83ab\u65af\u5229\u5b89\u9178\u59761\u5143\u4e00\u7bb1","image_url":"\/Public\/bigwheel\/images\/OKtuODCPUs.jpg","offer":"0.60","weight":"40","push":"27","click":"40","click_rate":"12.5","total":"3.00","channel_map_id":"10001","md5":"","link_url":"http:\/\/passport.fanli.com\/mark?c=v8yj49bb6w","link_click":"5","luck_push":"14"},{"id":"3","user_name":"\u6765\u62a2\u300a\u793e\u4ea4\u82f1\u8bed\u300b","image_url":"\/Public\/bigwheel\/images\/jwHOvllMRK.jpg","offer":"0.01","weight":"10","push":"27","click":"40","click_rate":"5.56","total":"0.02","channel_map_id":"10001","md5":"","link_url":"https:\/\/m.wselearning.com\/Registernetworkj\/pro-1.aspx?winType=TCSC1712SNJ","link_click":"2","luck_push":"2"}]
2018-02-11 00:02:04  act 32 channel_select_sum [{"weight1":"130","offer1":"1.21"}]
2018-02-11 00:02:04  act 37 sumWeight=130
2018-02-11 00:02:04  act 38 sumOffer=1.21
2018-02-11 00:02:04  act 45 sum=[{"sum":61,"id":"1"},{"sum":31,"id":"2"},{"sum":8,"id":"3"}]
2018-02-11 00:02:04  act 57 array=[{"start":0,"end":61,"id":"1"},{"start":61,"end":92,"id":"2"},{"start":92,"end":100,"id":"3"}]
2018-02-11 00:02:04  act 60 round=76
2018-02-11 00:02:04  act 63 end=92
2018-02-11 00:02:04  act 64 start=61
2018-02-11 00:02:04  act 71 id 2
2018-02-11 00:02:04  act 72 luck_record_find={"id":"2","user_name":"\u83ab\u65af\u5229\u5b89\u9178\u59761\u5143\u4e00\u7bb1","image_url":"\/Public\/bigwheel\/images\/OKtuODCPUs.jpg","offer":"0.60","weight":"40","push":"27","click":"40","click_rate":"12.5","total":"3.00","channel_map_id":"10001","md5":"","link_url":"http:\/\/passport.fanli.com\/mark?c=v8yj49bb6w","link_click":"5","luck_push":"14"}
2018-02-11 00:02:04  act 74 channel_count 3
2018-02-11 00:02:04  act 76 channel_find={"link_click":"5","click":"41","luck_push":"15","offer":"0.60"}
2018-02-11 00:02:04  act 79 click_rate=33.33
2018-02-11 00:02:04  act 85 channelModel UPDATE `a_luck_record` SET `CLICK_RATE`='33.33' WHERE `ID` = 2
2018-02-11 00:02:04  act 89 total 3.00
2018-02-11 00:02:04  act 91 channelModel UPDATE `a_luck_record` SET `TOTAL`='3.00' WHERE `ID` = 2
2018-02-11 00:02:04  act 92 channel_save_total 0
2018-02-11 00:02:04  act 95 =======计算次数结束======：{"status":"200","imgurl":"\/Public\/bigwheel\/images\/OKtuODCPUs.jpg","link":"http:\/\/passport.fanli.com\/mark?c=v8yj49bb6w","position":"6","id":"2","title":"\u83ab\u65af\u5229\u5b89\u9178\u59761\u5143\u4e00\u7bb1"}
2018-02-11 00:02:13  act 16 =======计算次数开始======：{"CHANNEL_MAP_ID":"D89F3A35931C386956C1A402A8E09941","type":"PUSH"}
2018-02-11 00:02:13  act 100 channelModel UPDATE `a_luck_record` SET `PUSH`=PUSH+1 WHERE ( 1=1 )
2018-02-11 00:02:13  act 101 channel_count 3
2018-02-11 00:02:14  act 16 =======计算次数开始======：{"draw_num":"3","system":"3","coupon_idlist":"","CHANNEL_MAP_ID":"D89F3A35931C386956C1A402A8E09941","type":"MD5"}
2018-02-11 00:02:14  act 22 MD5 D89F3A35931C386956C1A402A8E09941
2018-02-11 00:02:14  act 23 channelModel SELECT * FROM `a_luck_record` WHERE `MD5` = 'D89F3A35931C386956C1A402A8E09941' LIMIT 1  
2018-02-11 00:02:14  act 31 channel_select [{"id":"1","user_name":"\u83b7\u5f97\u4e07\u5143\u51cf\u606f\u5238","image_url":"\/Public\/bigwheel\/images\/PPcd2Fu7vM.jpg","offer":"0.60","weight":"80","push":"28","click":"41","click_rate":"45.83","total":"6.60","channel_map_id":"10001","md5":"D89F3A35931C386956C1A402A8E09941","link_url":"https:\/\/mkt.360jie.com.cn\/activity\/ch\/tcscxyzp\/lanmu105","link_click":"11","luck_push":"24"},{"id":"2","user_name":"\u83ab\u65af\u5229\u5b89\u9178\u59761\u5143\u4e00\u7bb1","image_url":"\/Public\/bigwheel\/images\/OKtuODCPUs.jpg","offer":"0.60","weight":"40","push":"28","click":"41","click_rate":"33.33","total":"3.00","channel_map_id":"10001","md5":"","link_url":"http:\/\/passport.fanli.com\/mark?c=v8yj49bb6w","link_click":"5","luck_push":"15"},{"id":"3","user_name":"\u6765\u62a2\u300a\u793e\u4ea4\u82f1\u8bed\u300b","image_url":"\/Public\/bigwheel\/images\/jwHOvllMRK.jpg","offer":"0.01","weight":"10","push":"28","click":"41","click_rate":"5.56","total":"0.02","channel_map_id":"10001","md5":"","link_url":"https:\/\/m.wselearning.com\/Registernetworkj\/pro-1.aspx?winType=TCSC1712SNJ","link_click":"2","luck_push":"2"}]
2018-02-11 00:02:14  act 32 channel_select_sum [{"weight1":"130","offer1":"1.21"}]
2018-02-11 00:02:14  act 37 sumWeight=130
2018-02-11 00:02:14  act 38 sumOffer=1.21
2018-02-11 00:02:14  act 45 sum=[{"sum":61,"id":"1"},{"sum":31,"id":"2"},{"sum":8,"id":"3"}]
2018-02-11 00:02:14  act 57 array=[{"start":0,"end":61,"id":"1"},{"start":61,"end":92,"id":"2"},{"start":92,"end":100,"id":"3"}]
2018-02-11 00:02:14  act 60 round=16
2018-02-11 00:02:14  act 63 end=61
2018-02-11 00:02:14  act 64 start=0
2018-02-11 00:02:14  act 71 id 1
2018-02-11 00:02:14  act 72 luck_record_find={"id":"1","user_name":"\u83b7\u5f97\u4e07\u5143\u51cf\u606f\u5238","image_url":"\/Public\/bigwheel\/images\/PPcd2Fu7vM.jpg","offer":"0.60","weight":"80","push":"28","click":"41","click_rate":"45.83","total":"6.60","channel_map_id":"10001","md5":"D89F3A35931C386956C1A402A8E09941","link_url":"https:\/\/mkt.360jie.com.cn\/activity\/ch\/tcscxyzp\/lanmu105","link_click":"11","luck_push":"24"}
2018-02-11 00:02:14  act 74 channel_count 3
2018-02-11 00:02:14  act 76 channel_find={"link_click":"11","click":"42","luck_push":"25","offer":"0.60"}
2018-02-11 00:02:14  act 79 click_rate=44
2018-02-11 00:02:14  act 85 channelModel UPDATE `a_luck_record` SET `CLICK_RATE`='44' WHERE `ID` = 1
2018-02-11 00:02:14  act 89 total 6.60
2018-02-11 00:02:14  act 91 channelModel UPDATE `a_luck_record` SET `TOTAL`='6.60' WHERE `ID` = 1
2018-02-11 00:02:14  act 92 channel_save_total 0
2018-02-11 00:02:14  act 95 =======计算次数结束======：{"status":"200","imgurl":"\/Public\/bigwheel\/images\/PPcd2Fu7vM.jpg","link":"https:\/\/mkt.360jie.com.cn\/activity\/ch\/tcscxyzp\/lanmu105","position":"6","id":"1","title":"\u83b7\u5f97\u4e07\u5143\u51cf\u606f\u5238"}
2018-02-11 00:02:18  act 16 =======计算次数开始======：{"CHANNEL_MAP_ID":"D89F3A35931C386956C1A402A8E09941","type":"LINK_CLICK","id":"1"}
2018-02-11 00:02:18  act 105 channelModel UPDATE `a_luck_record` SET `LINK_CLICK`=LINK_CLICK+1 WHERE `ID` = 1
2018-02-11 00:02:18  act 106 channel_count 1
2018-02-11 00:02:18  act 109 channel_find={"link_click":"12","click":"42","offer":"0.60"}
2018-02-11 00:02:18  act 112 click_rate=28.57
2018-02-11 00:02:18  act 117 channelModel UPDATE `a_luck_record` SET `CLICK_RATE`='28.57' WHERE `ID` = 1
2018-02-11 00:02:18  act 121 total 7.20
2018-02-11 00:02:18  act 123 channelModel UPDATE `a_luck_record` SET `TOTAL`='7.20' WHERE `ID` = 1
2018-02-11 00:02:18  act 124 channel_save_total 1
2018-02-11 00:02:29  act 16 =======计算次数开始======：{"CHANNEL_MAP_ID":"D89F3A35931C386956C1A402A8E09941","type":"PUSH"}
2018-02-11 00:02:29  act 100 channelModel UPDATE `a_luck_record` SET `PUSH`=PUSH+1 WHERE ( 1=1 )
2018-02-11 00:02:29  act 101 channel_count 3
2018-02-11 00:02:35  act 16 =======计算次数开始======：{"draw_num":"2","system":"3","coupon_idlist":"1","CHANNEL_MAP_ID":"D89F3A35931C386956C1A402A8E09941","type":"MD5"}
2018-02-11 00:02:35  act 22 MD5 D89F3A35931C386956C1A402A8E09941
2018-02-11 00:02:35  act 23 channelModel SELECT * FROM `a_luck_record` WHERE `MD5` = 'D89F3A35931C386956C1A402A8E09941' LIMIT 1  
2018-02-11 00:02:35  act 31 channel_select [{"id":"1","user_name":"\u83b7\u5f97\u4e07\u5143\u51cf\u606f\u5238","image_url":"\/Public\/bigwheel\/images\/PPcd2Fu7vM.jpg","offer":"0.60","weight":"80","push":"29","click":"42","click_rate":"28.57","total":"7.20","channel_map_id":"10001","md5":"D89F3A35931C386956C1A402A8E09941","link_url":"https:\/\/mkt.360jie.com.cn\/activity\/ch\/tcscxyzp\/lanmu105","link_click":"12","luck_push":"25"},{"id":"2","user_name":"\u83ab\u65af\u5229\u5b89\u9178\u59761\u5143\u4e00\u7bb1","image_url":"\/Public\/bigwheel\/images\/OKtuODCPUs.jpg","offer":"0.60","weight":"40","push":"29","click":"42","click_rate":"33.33","total":"3.00","channel_map_id":"10001","md5":"","link_url":"http:\/\/passport.fanli.com\/mark?c=v8yj49bb6w","link_click":"5","luck_push":"15"},{"id":"3","user_name":"\u6765\u62a2\u300a\u793e\u4ea4\u82f1\u8bed\u300b","image_url":"\/Public\/bigwheel\/images\/jwHOvllMRK.jpg","offer":"0.01","weight":"10","push":"29","click":"42","click_rate":"5.56","total":"0.02","channel_map_id":"10001","md5":"","link_url":"https:\/\/m.wselearning.com\/Registernetworkj\/pro-1.aspx?winType=TCSC1712SNJ","link_click":"2","luck_push":"2"}]
2018-02-11 00:02:35  act 32 channel_select_sum [{"weight1":"130","offer1":"1.21"}]
2018-02-11 00:02:35  act 37 sumWeight=130
2018-02-11 00:02:35  act 38 sumOffer=1.21
2018-02-11 00:02:35  act 45 sum=[{"sum":61,"id":"1"},{"sum":31,"id":"2"},{"sum":8,"id":"3"}]
2018-02-11 00:02:35  act 57 array=[{"start":0,"end":61,"id":"1"},{"start":61,"end":92,"id":"2"},{"start":92,"end":100,"id":"3"}]
2018-02-11 00:02:35  act 60 round=51
2018-02-11 00:02:35  act 63 end=61
2018-02-11 00:02:35  act 64 start=0
2018-02-11 00:02:35  act 71 id 1
2018-02-11 00:02:35  act 72 luck_record_find={"id":"1","user_name":"\u83b7\u5f97\u4e07\u5143\u51cf\u606f\u5238","image_url":"\/Public\/bigwheel\/images\/PPcd2Fu7vM.jpg","offer":"0.60","weight":"80","push":"29","click":"42","click_rate":"28.57","total":"7.20","channel_map_id":"10001","md5":"D89F3A35931C386956C1A402A8E09941","link_url":"https:\/\/mkt.360jie.com.cn\/activity\/ch\/tcscxyzp\/lanmu105","link_click":"12","luck_push":"25"}
2018-02-11 00:02:35  act 74 channel_count 3
2018-02-11 00:02:35  act 76 channel_find={"link_click":"12","click":"43","luck_push":"26","offer":"0.60"}
2018-02-11 00:02:35  act 79 click_rate=46.15
2018-02-11 00:02:35  act 85 channelModel UPDATE `a_luck_record` SET `CLICK_RATE`='46.15' WHERE `ID` = 1
2018-02-11 00:02:35  act 89 total 7.20
2018-02-11 00:02:35  act 91 channelModel UPDATE `a_luck_record` SET `TOTAL`='7.20' WHERE `ID` = 1
2018-02-11 00:02:35  act 92 channel_save_total 0
2018-02-11 00:02:35  act 95 =======计算次数结束======：{"status":"200","imgurl":"\/Public\/bigwheel\/images\/PPcd2Fu7vM.jpg","link":"https:\/\/mkt.360jie.com.cn\/activity\/ch\/tcscxyzp\/lanmu105","position":"6","id":"1","title":"\u83b7\u5f97\u4e07\u5143\u51cf\u606f\u5238"}
2018-02-11 12:03:06  act 16 =======计算次数开始======：{"CHANNEL_MAP_ID":"D89F3A35931C386956C1A402A8E09941","type":"PUSH"}
2018-02-11 12:03:06  act 100 channelModel UPDATE `a_luck_record` SET `PUSH`=PUSH+1 WHERE ( 1=1 )
2018-02-11 12:03:06  act 101 channel_count 3
2018-02-11 12:03:08  act 16 =======计算次数开始======：{"draw_num":"3","system":"2","coupon_idlist":"","CHANNEL_MAP_ID":"D89F3A35931C386956C1A402A8E09941","type":"MD5"}
2018-02-11 12:03:08  act 22 MD5 D89F3A35931C386956C1A402A8E09941
2018-02-11 12:03:08  act 23 channelModel SELECT * FROM `a_luck_record` WHERE `MD5` = 'D89F3A35931C386956C1A402A8E09941' LIMIT 1  
2018-02-11 12:03:08  act 31 channel_select [{"id":"1","user_name":"\u83b7\u5f97\u4e07\u5143\u51cf\u606f\u5238","image_url":"\/Public\/bigwheel\/images\/PPcd2Fu7vM.jpg","offer":"0.60","weight":"80","push":"30","click":"43","click_rate":"46.15","total":"7.20","channel_map_id":"10001","md5":"D89F3A35931C386956C1A402A8E09941","link_url":"https:\/\/mkt.360jie.com.cn\/activity\/ch\/tcscxyzp\/lanmu105","link_click":"12","luck_push":"26"},{"id":"2","user_name":"\u83ab\u65af\u5229\u5b89\u9178\u59761\u5143\u4e00\u7bb1","image_url":"\/Public\/bigwheel\/images\/OKtuODCPUs.jpg","offer":"0.60","weight":"40","push":"30","click":"43","click_rate":"33.33","total":"3.00","channel_map_id":"10001","md5":"","link_url":"http:\/\/passport.fanli.com\/mark?c=v8yj49bb6w","link_click":"5","luck_push":"15"},{"id":"3","user_name":"\u6765\u62a2\u300a\u793e\u4ea4\u82f1\u8bed\u300b","image_url":"\/Public\/bigwheel\/images\/jwHOvllMRK.jpg","offer":"0.01","weight":"10","push":"30","click":"43","click_rate":"5.56","total":"0.02","channel_map_id":"10001","md5":"","link_url":"https:\/\/m.wselearning.com\/Registernetworkj\/pro-1.aspx?winType=TCSC1712SNJ","link_click":"2","luck_push":"2"}]
2018-02-11 12:03:08  act 32 channel_select_sum [{"weight1":"130","offer1":"1.21"}]
2018-02-11 12:03:08  act 37 sumWeight=130
2018-02-11 12:03:08  act 38 sumOffer=1.21
2018-02-11 12:03:08  act 45 sum=[{"sum":61,"id":"1"},{"sum":31,"id":"2"},{"sum":8,"id":"3"}]
2018-02-11 12:03:08  act 57 array=[{"start":0,"end":61,"id":"1"},{"start":61,"end":92,"id":"2"},{"start":92,"end":100,"id":"3"}]
2018-02-11 12:03:08  act 60 round=23
2018-02-11 12:03:08  act 63 end=61
2018-02-11 12:03:08  act 64 start=0
2018-02-11 12:03:08  act 71 id 1
2018-02-11 12:03:08  act 72 luck_record_find={"id":"1","user_name":"\u83b7\u5f97\u4e07\u5143\u51cf\u606f\u5238","image_url":"\/Public\/bigwheel\/images\/PPcd2Fu7vM.jpg","offer":"0.60","weight":"80","push":"30","click":"43","click_rate":"46.15","total":"7.20","channel_map_id":"10001","md5":"D89F3A35931C386956C1A402A8E09941","link_url":"https:\/\/mkt.360jie.com.cn\/activity\/ch\/tcscxyzp\/lanmu105","link_click":"12","luck_push":"26"}
2018-02-11 12:03:08  act 74 channel_count 3
2018-02-11 12:03:08  act 76 channel_find={"link_click":"12","click":"44","luck_push":"27","offer":"0.60"}
2018-02-11 12:03:08  act 79 click_rate=44.44
2018-02-11 12:03:08  act 85 channelModel UPDATE `a_luck_record` SET `CLICK_RATE`='44.44' WHERE `ID` = 1
2018-02-11 12:03:08  act 89 total 7.20
2018-02-11 12:03:08  act 91 channelModel UPDATE `a_luck_record` SET `TOTAL`='7.20' WHERE `ID` = 1
2018-02-11 12:03:08  act 92 channel_save_total 0
2018-02-11 12:03:08  act 95 =======计算次数结束======：{"status":"200","imgurl":"\/Public\/bigwheel\/images\/PPcd2Fu7vM.jpg","link":"https:\/\/mkt.360jie.com.cn\/activity\/ch\/tcscxyzp\/lanmu105","position":"6","id":"1","title":"\u83b7\u5f97\u4e07\u5143\u51cf\u606f\u5238"}
2018-02-11 12:15:05  act 16 =======计算次数开始======：{"CHANNEL_MAP_ID":"D89F3A35931C386956C1A402A8E09941","type":"PUSH"}
2018-02-11 12:15:05  act 101 channelModel UPDATE `a_luck_record` SET `PUSH`=PUSH+1 WHERE `MD5` = 'D89F3A35931C386956C1A402A8E09941'
2018-02-11 12:15:05  act 102 channel_count 1
2018-02-11 12:15:07  act 16 =======计算次数开始======：{"draw_num":"3","system":"3","coupon_idlist":"","CHANNEL_MAP_ID":"D89F3A35931C386956C1A402A8E09941","type":"MD5"}
2018-02-11 12:15:07  act 22 MD5 D89F3A35931C386956C1A402A8E09941
2018-02-11 12:15:07  act 23 channelModel SELECT * FROM `a_luck_record` WHERE `MD5` = 'D89F3A35931C386956C1A402A8E09941' LIMIT 1  
2018-02-11 12:15:07  act 31 channel_select [{"id":"1","user_name":"\u83b7\u5f97\u4e07\u5143\u51cf\u606f\u5238","image_url":"\/Public\/bigwheel\/images\/PPcd2Fu7vM.jpg","offer":"0.60","weight":"80","push":"31","click":"44","click_rate":"44.44","total":"7.20","channel_map_id":"10001","md5":"D89F3A35931C386956C1A402A8E09941","link_url":"https:\/\/mkt.360jie.com.cn\/activity\/ch\/tcscxyzp\/lanmu105","link_click":"12","luck_push":"27"},{"id":"2","user_name":"\u83ab\u65af\u5229\u5b89\u9178\u59761\u5143\u4e00\u7bb1","image_url":"\/Public\/bigwheel\/images\/OKtuODCPUs.jpg","offer":"0.60","weight":"40","push":"30","click":"44","click_rate":"33.33","total":"3.00","channel_map_id":"10001","md5":"","link_url":"http:\/\/passport.fanli.com\/mark?c=v8yj49bb6w","link_click":"5","luck_push":"15"},{"id":"3","user_name":"\u6765\u62a2\u300a\u793e\u4ea4\u82f1\u8bed\u300b","image_url":"\/Public\/bigwheel\/images\/jwHOvllMRK.jpg","offer":"0.01","weight":"10","push":"30","click":"44","click_rate":"5.56","total":"0.02","channel_map_id":"10001","md5":"","link_url":"https:\/\/m.wselearning.com\/Registernetworkj\/pro-1.aspx?winType=TCSC1712SNJ","link_click":"2","luck_push":"2"}]
2018-02-11 12:15:07  act 32 channel_select_sum [{"weight1":"130","offer1":"1.21"}]
2018-02-11 12:15:07  act 37 sumWeight=130
2018-02-11 12:15:07  act 38 sumOffer=1.21
2018-02-11 12:15:07  act 45 sum=[{"sum":61,"id":"1"},{"sum":31,"id":"2"},{"sum":8,"id":"3"}]
2018-02-11 12:15:07  act 57 array=[{"start":0,"end":61,"id":"1"},{"start":61,"end":92,"id":"2"},{"start":92,"end":100,"id":"3"}]
2018-02-11 12:15:07  act 60 round=84
2018-02-11 12:15:07  act 63 end=92
2018-02-11 12:15:07  act 64 start=61
2018-02-11 12:15:07  act 71 id 2
2018-02-11 12:15:07  act 72 luck_record_find={"id":"2","user_name":"\u83ab\u65af\u5229\u5b89\u9178\u59761\u5143\u4e00\u7bb1","image_url":"\/Public\/bigwheel\/images\/OKtuODCPUs.jpg","offer":"0.60","weight":"40","push":"30","click":"44","click_rate":"33.33","total":"3.00","channel_map_id":"10001","md5":"","link_url":"http:\/\/passport.fanli.com\/mark?c=v8yj49bb6w","link_click":"5","luck_push":"15"}
2018-02-11 12:15:07  act 74 channel_count 3
2018-02-11 12:15:07  act 76 channel_find={"link_click":"5","click":"45","luck_push":"16","offer":"0.60"}
2018-02-11 12:15:07  act 79 click_rate=31.25
2018-02-11 12:15:07  act 85 channelModel UPDATE `a_luck_record` SET `CLICK_RATE`='31.25' WHERE `ID` = 2
2018-02-11 12:15:07  act 89 total 3.00
2018-02-11 12:15:07  act 91 channelModel UPDATE `a_luck_record` SET `TOTAL`='3.00' WHERE `ID` = 2
2018-02-11 12:15:07  act 92 channel_save_total 0
2018-02-11 12:15:07  act 95 =======计算次数结束======：{"status":"200","imgurl":"\/Public\/bigwheel\/images\/OKtuODCPUs.jpg","link":"http:\/\/passport.fanli.com\/mark?c=v8yj49bb6w","position":"6","id":"2","title":"\u83ab\u65af\u5229\u5b89\u9178\u59761\u5143\u4e00\u7bb1"}
2018-02-11 12:15:28  act 16 =======计算次数开始======：{"draw_num":"2","system":"3","coupon_idlist":"2","CHANNEL_MAP_ID":"D89F3A35931C386956C1A402A8E09941","type":"MD5"}
2018-02-11 12:15:28  act 22 MD5 D89F3A35931C386956C1A402A8E09941
2018-02-11 12:15:28  act 23 channelModel SELECT * FROM `a_luck_record` WHERE `MD5` = 'D89F3A35931C386956C1A402A8E09941' LIMIT 1  
2018-02-11 12:15:28  act 31 channel_select [{"id":"1","user_name":"\u83b7\u5f97\u4e07\u5143\u51cf\u606f\u5238","image_url":"\/Public\/bigwheel\/images\/PPcd2Fu7vM.jpg","offer":"0.60","weight":"80","push":"31","click":"45","click_rate":"44.44","total":"7.20","channel_map_id":"10001","md5":"D89F3A35931C386956C1A402A8E09941","link_url":"https:\/\/mkt.360jie.com.cn\/activity\/ch\/tcscxyzp\/lanmu105","link_click":"12","luck_push":"27"},{"id":"2","user_name":"\u83ab\u65af\u5229\u5b89\u9178\u59761\u5143\u4e00\u7bb1","image_url":"\/Public\/bigwheel\/images\/OKtuODCPUs.jpg","offer":"0.60","weight":"40","push":"30","click":"45","click_rate":"31.25","total":"3.00","channel_map_id":"10001","md5":"","link_url":"http:\/\/passport.fanli.com\/mark?c=v8yj49bb6w","link_click":"5","luck_push":"16"},{"id":"3","user_name":"\u6765\u62a2\u300a\u793e\u4ea4\u82f1\u8bed\u300b","image_url":"\/Public\/bigwheel\/images\/jwHOvllMRK.jpg","offer":"0.01","weight":"10","push":"30","click":"45","click_rate":"5.56","total":"0.02","channel_map_id":"10001","md5":"","link_url":"https:\/\/m.wselearning.com\/Registernetworkj\/pro-1.aspx?winType=TCSC1712SNJ","link_click":"2","luck_push":"2"}]
2018-02-11 12:15:28  act 32 channel_select_sum [{"weight1":"130","offer1":"1.21"}]
2018-02-11 12:15:28  act 37 sumWeight=130
2018-02-11 12:15:28  act 38 sumOffer=1.21
2018-02-11 12:15:28  act 45 sum=[{"sum":61,"id":"1"},{"sum":31,"id":"2"},{"sum":8,"id":"3"}]
2018-02-11 12:15:28  act 57 array=[{"start":0,"end":61,"id":"1"},{"start":61,"end":92,"id":"2"},{"start":92,"end":100,"id":"3"}]
2018-02-11 12:15:28  act 60 round=31
2018-02-11 12:15:28  act 63 end=61
2018-02-11 12:15:28  act 64 start=0
2018-02-11 12:15:28  act 71 id 1
2018-02-11 12:15:28  act 72 luck_record_find={"id":"1","user_name":"\u83b7\u5f97\u4e07\u5143\u51cf\u606f\u5238","image_url":"\/Public\/bigwheel\/images\/PPcd2Fu7vM.jpg","offer":"0.60","weight":"80","push":"31","click":"45","click_rate":"44.44","total":"7.20","channel_map_id":"10001","md5":"D89F3A35931C386956C1A402A8E09941","link_url":"https:\/\/mkt.360jie.com.cn\/activity\/ch\/tcscxyzp\/lanmu105","link_click":"12","luck_push":"27"}
2018-02-11 12:15:28  act 74 channel_count 3
2018-02-11 12:15:28  act 76 channel_find={"link_click":"12","click":"46","luck_push":"28","offer":"0.60"}
2018-02-11 12:15:28  act 79 click_rate=42.86
2018-02-11 12:15:28  act 85 channelModel UPDATE `a_luck_record` SET `CLICK_RATE`='42.86' WHERE `ID` = 1
2018-02-11 12:15:28  act 89 total 7.20
2018-02-11 12:15:28  act 91 channelModel UPDATE `a_luck_record` SET `TOTAL`='7.20' WHERE `ID` = 1
2018-02-11 12:15:28  act 92 channel_save_total 0
2018-02-11 12:15:28  act 95 =======计算次数结束======：{"status":"200","imgurl":"\/Public\/bigwheel\/images\/PPcd2Fu7vM.jpg","link":"https:\/\/mkt.360jie.com.cn\/activity\/ch\/tcscxyzp\/lanmu105","position":"6","id":"1","title":"\u83b7\u5f97\u4e07\u5143\u51cf\u606f\u5238"}
2018-02-11 12:15:33  act 16 =======计算次数开始======：{"draw_num":"1","system":"3","coupon_idlist":"2,1","CHANNEL_MAP_ID":"D89F3A35931C386956C1A402A8E09941","type":"MD5"}
2018-02-11 12:15:33  act 22 MD5 D89F3A35931C386956C1A402A8E09941
2018-02-11 12:15:33  act 23 channelModel SELECT * FROM `a_luck_record` WHERE `MD5` = 'D89F3A35931C386956C1A402A8E09941' LIMIT 1  
2018-02-11 12:15:33  act 31 channel_select [{"id":"1","user_name":"\u83b7\u5f97\u4e07\u5143\u51cf\u606f\u5238","image_url":"\/Public\/bigwheel\/images\/PPcd2Fu7vM.jpg","offer":"0.60","weight":"80","push":"31","click":"46","click_rate":"42.86","total":"7.20","channel_map_id":"10001","md5":"D89F3A35931C386956C1A402A8E09941","link_url":"https:\/\/mkt.360jie.com.cn\/activity\/ch\/tcscxyzp\/lanmu105","link_click":"12","luck_push":"28"},{"id":"2","user_name":"\u83ab\u65af\u5229\u5b89\u9178\u59761\u5143\u4e00\u7bb1","image_url":"\/Public\/bigwheel\/images\/OKtuODCPUs.jpg","offer":"0.60","weight":"40","push":"30","click":"46","click_rate":"31.25","total":"3.00","channel_map_id":"10001","md5":"","link_url":"http:\/\/passport.fanli.com\/mark?c=v8yj49bb6w","link_click":"5","luck_push":"16"},{"id":"3","user_name":"\u6765\u62a2\u300a\u793e\u4ea4\u82f1\u8bed\u300b","image_url":"\/Public\/bigwheel\/images\/jwHOvllMRK.jpg","offer":"0.01","weight":"10","push":"30","click":"46","click_rate":"5.56","total":"0.02","channel_map_id":"10001","md5":"","link_url":"https:\/\/m.wselearning.com\/Registernetworkj\/pro-1.aspx?winType=TCSC1712SNJ","link_click":"2","luck_push":"2"}]
2018-02-11 12:15:33  act 32 channel_select_sum [{"weight1":"130","offer1":"1.21"}]
2018-02-11 12:15:33  act 37 sumWeight=130
2018-02-11 12:15:33  act 38 sumOffer=1.21
2018-02-11 12:15:33  act 45 sum=[{"sum":61,"id":"1"},{"sum":31,"id":"2"},{"sum":8,"id":"3"}]
2018-02-11 12:15:33  act 57 array=[{"start":0,"end":61,"id":"1"},{"start":61,"end":92,"id":"2"},{"start":92,"end":100,"id":"3"}]
2018-02-11 12:15:33  act 60 round=85
2018-02-11 12:15:33  act 63 end=92
2018-02-11 12:15:33  act 64 start=61
2018-02-11 12:15:33  act 71 id 2
2018-02-11 12:15:33  act 72 luck_record_find={"id":"2","user_name":"\u83ab\u65af\u5229\u5b89\u9178\u59761\u5143\u4e00\u7bb1","image_url":"\/Public\/bigwheel\/images\/OKtuODCPUs.jpg","offer":"0.60","weight":"40","push":"30","click":"46","click_rate":"31.25","total":"3.00","channel_map_id":"10001","md5":"","link_url":"http:\/\/passport.fanli.com\/mark?c=v8yj49bb6w","link_click":"5","luck_push":"16"}
2018-02-11 12:15:33  act 74 channel_count 3
2018-02-11 12:15:33  act 76 channel_find={"link_click":"5","click":"47","luck_push":"17","offer":"0.60"}
2018-02-11 12:15:33  act 79 click_rate=29.41
2018-02-11 12:15:33  act 85 channelModel UPDATE `a_luck_record` SET `CLICK_RATE`='29.41' WHERE `ID` = 2
2018-02-11 12:15:33  act 89 total 3.00
2018-02-11 12:15:33  act 91 channelModel UPDATE `a_luck_record` SET `TOTAL`='3.00' WHERE `ID` = 2
2018-02-11 12:15:33  act 92 channel_save_total 0
2018-02-11 12:15:33  act 95 =======计算次数结束======：{"status":"200","imgurl":"\/Public\/bigwheel\/images\/OKtuODCPUs.jpg","link":"http:\/\/passport.fanli.com\/mark?c=v8yj49bb6w","position":"6","id":"2","title":"\u83ab\u65af\u5229\u5b89\u9178\u59761\u5143\u4e00\u7bb1"}
2018-02-11 12:15:42  act 16 =======计算次数开始======：{"CHANNEL_MAP_ID":"D89F3A35931C386956C1A402A8E09941","type":"PUSH"}
2018-02-11 12:15:42  act 101 channelModel UPDATE `a_luck_record` SET `PUSH`=PUSH+1 WHERE `MD5` = 'D89F3A35931C386956C1A402A8E09941'
2018-02-11 12:15:42  act 102 channel_count 1
2018-02-11 12:15:45  act 16 =======计算次数开始======：{"draw_num":"3","system":"3","coupon_idlist":"","CHANNEL_MAP_ID":"D89F3A35931C386956C1A402A8E09941","type":"MD5"}
2018-02-11 12:15:45  act 22 MD5 D89F3A35931C386956C1A402A8E09941
2018-02-11 12:15:45  act 23 channelModel SELECT * FROM `a_luck_record` WHERE `MD5` = 'D89F3A35931C386956C1A402A8E09941' LIMIT 1  
2018-02-11 12:15:45  act 31 channel_select [{"id":"1","user_name":"\u83b7\u5f97\u4e07\u5143\u51cf\u606f\u5238","image_url":"\/Public\/bigwheel\/images\/PPcd2Fu7vM.jpg","offer":"0.60","weight":"80","push":"32","click":"47","click_rate":"42.86","total":"7.20","channel_map_id":"10001","md5":"D89F3A35931C386956C1A402A8E09941","link_url":"https:\/\/mkt.360jie.com.cn\/activity\/ch\/tcscxyzp\/lanmu105","link_click":"12","luck_push":"28"},{"id":"2","user_name":"\u83ab\u65af\u5229\u5b89\u9178\u59761\u5143\u4e00\u7bb1","image_url":"\/Public\/bigwheel\/images\/OKtuODCPUs.jpg","offer":"0.60","weight":"40","push":"30","click":"47","click_rate":"29.41","total":"3.00","channel_map_id":"10001","md5":"","link_url":"http:\/\/passport.fanli.com\/mark?c=v8yj49bb6w","link_click":"5","luck_push":"17"},{"id":"3","user_name":"\u6765\u62a2\u300a\u793e\u4ea4\u82f1\u8bed\u300b","image_url":"\/Public\/bigwheel\/images\/jwHOvllMRK.jpg","offer":"0.01","weight":"10","push":"30","click":"47","click_rate":"5.56","total":"0.02","channel_map_id":"10001","md5":"","link_url":"https:\/\/m.wselearning.com\/Registernetworkj\/pro-1.aspx?winType=TCSC1712SNJ","link_click":"2","luck_push":"2"}]
2018-02-11 12:15:45  act 32 channel_select_sum [{"weight1":"130","offer1":"1.21"}]
2018-02-11 12:15:45  act 37 sumWeight=130
2018-02-11 12:15:45  act 38 sumOffer=1.21
2018-02-11 12:15:45  act 45 sum=[{"sum":61,"id":"1"},{"sum":31,"id":"2"},{"sum":8,"id":"3"}]
2018-02-11 12:15:45  act 57 array=[{"start":0,"end":61,"id":"1"},{"start":61,"end":92,"id":"2"},{"start":92,"end":100,"id":"3"}]
2018-02-11 12:15:45  act 60 round=4
2018-02-11 12:15:45  act 63 end=61
2018-02-11 12:15:45  act 64 start=0
2018-02-11 12:15:45  act 71 id 1
2018-02-11 12:15:45  act 72 luck_record_find={"id":"1","user_name":"\u83b7\u5f97\u4e07\u5143\u51cf\u606f\u5238","image_url":"\/Public\/bigwheel\/images\/PPcd2Fu7vM.jpg","offer":"0.60","weight":"80","push":"32","click":"47","click_rate":"42.86","total":"7.20","channel_map_id":"10001","md5":"D89F3A35931C386956C1A402A8E09941","link_url":"https:\/\/mkt.360jie.com.cn\/activity\/ch\/tcscxyzp\/lanmu105","link_click":"12","luck_push":"28"}
2018-02-11 12:15:45  act 74 channel_count 3
2018-02-11 12:15:45  act 76 channel_find={"link_click":"12","click":"48","luck_push":"29","offer":"0.60"}
2018-02-11 12:15:45  act 79 click_rate=41.38
2018-02-11 12:15:45  act 85 channelModel UPDATE `a_luck_record` SET `CLICK_RATE`='41.38' WHERE `ID` = 1
2018-02-11 12:15:45  act 89 total 7.20
2018-02-11 12:15:45  act 91 channelModel UPDATE `a_luck_record` SET `TOTAL`='7.20' WHERE `ID` = 1
2018-02-11 12:15:45  act 92 channel_save_total 0
2018-02-11 12:15:45  act 95 =======计算次数结束======：{"status":"200","imgurl":"\/Public\/bigwheel\/images\/PPcd2Fu7vM.jpg","link":"https:\/\/mkt.360jie.com.cn\/activity\/ch\/tcscxyzp\/lanmu105","position":"6","id":"1","title":"\u83b7\u5f97\u4e07\u5143\u51cf\u606f\u5238"}
2018-02-11 12:15:51  act 16 =======计算次数开始======：{"draw_num":"2","system":"3","coupon_idlist":"1","CHANNEL_MAP_ID":"D89F3A35931C386956C1A402A8E09941","type":"MD5"}
2018-02-11 12:15:51  act 22 MD5 D89F3A35931C386956C1A402A8E09941
2018-02-11 12:15:51  act 23 channelModel SELECT * FROM `a_luck_record` WHERE `MD5` = 'D89F3A35931C386956C1A402A8E09941' LIMIT 1  
2018-02-11 12:15:51  act 31 channel_select [{"id":"1","user_name":"\u83b7\u5f97\u4e07\u5143\u51cf\u606f\u5238","image_url":"\/Public\/bigwheel\/images\/PPcd2Fu7vM.jpg","offer":"0.60","weight":"80","push":"32","click":"48","click_rate":"41.38","total":"7.20","channel_map_id":"10001","md5":"D89F3A35931C386956C1A402A8E09941","link_url":"https:\/\/mkt.360jie.com.cn\/activity\/ch\/tcscxyzp\/lanmu105","link_click":"12","luck_push":"29"},{"id":"2","user_name":"\u83ab\u65af\u5229\u5b89\u9178\u59761\u5143\u4e00\u7bb1","image_url":"\/Public\/bigwheel\/images\/OKtuODCPUs.jpg","offer":"0.60","weight":"40","push":"30","click":"48","click_rate":"29.41","total":"3.00","channel_map_id":"10001","md5":"","link_url":"http:\/\/passport.fanli.com\/mark?c=v8yj49bb6w","link_click":"5","luck_push":"17"},{"id":"3","user_name":"\u6765\u62a2\u300a\u793e\u4ea4\u82f1\u8bed\u300b","image_url":"\/Public\/bigwheel\/images\/jwHOvllMRK.jpg","offer":"0.01","weight":"10","push":"30","click":"48","click_rate":"5.56","total":"0.02","channel_map_id":"10001","md5":"","link_url":"https:\/\/m.wselearning.com\/Registernetworkj\/pro-1.aspx?winType=TCSC1712SNJ","link_click":"2","luck_push":"2"}]
2018-02-11 12:15:51  act 32 channel_select_sum [{"weight1":"130","offer1":"1.21"}]
2018-02-11 12:15:51  act 37 sumWeight=130
2018-02-11 12:15:51  act 38 sumOffer=1.21
2018-02-11 12:15:51  act 45 sum=[{"sum":61,"id":"1"},{"sum":31,"id":"2"},{"sum":8,"id":"3"}]
2018-02-11 12:15:51  act 57 array=[{"start":0,"end":61,"id":"1"},{"start":61,"end":92,"id":"2"},{"start":92,"end":100,"id":"3"}]
2018-02-11 12:15:51  act 60 round=55
2018-02-11 12:15:51  act 63 end=61
2018-02-11 12:15:51  act 64 start=0
2018-02-11 12:15:51  act 71 id 1
2018-02-11 12:15:51  act 72 luck_record_find={"id":"1","user_name":"\u83b7\u5f97\u4e07\u5143\u51cf\u606f\u5238","image_url":"\/Public\/bigwheel\/images\/PPcd2Fu7vM.jpg","offer":"0.60","weight":"80","push":"32","click":"48","click_rate":"41.38","total":"7.20","channel_map_id":"10001","md5":"D89F3A35931C386956C1A402A8E09941","link_url":"https:\/\/mkt.360jie.com.cn\/activity\/ch\/tcscxyzp\/lanmu105","link_click":"12","luck_push":"29"}
2018-02-11 12:15:51  act 74 channel_count 3
2018-02-11 12:15:51  act 76 channel_find={"link_click":"12","click":"49","luck_push":"30","offer":"0.60"}
2018-02-11 12:15:51  act 79 click_rate=40
2018-02-11 12:15:51  act 85 channelModel UPDATE `a_luck_record` SET `CLICK_RATE`='40' WHERE `ID` = 1
2018-02-11 12:15:51  act 89 total 7.20
2018-02-11 12:15:51  act 91 channelModel UPDATE `a_luck_record` SET `TOTAL`='7.20' WHERE `ID` = 1
2018-02-11 12:15:51  act 92 channel_save_total 0
2018-02-11 12:15:51  act 95 =======计算次数结束======：{"status":"200","imgurl":"\/Public\/bigwheel\/images\/PPcd2Fu7vM.jpg","link":"https:\/\/mkt.360jie.com.cn\/activity\/ch\/tcscxyzp\/lanmu105","position":"6","id":"1","title":"\u83b7\u5f97\u4e07\u5143\u51cf\u606f\u5238"}
2018-02-11 12:15:55  act 16 =======计算次数开始======：{"draw_num":"1","system":"3","coupon_idlist":"1,1","CHANNEL_MAP_ID":"D89F3A35931C386956C1A402A8E09941","type":"MD5"}
2018-02-11 12:15:55  act 22 MD5 D89F3A35931C386956C1A402A8E09941
2018-02-11 12:15:55  act 23 channelModel SELECT * FROM `a_luck_record` WHERE `MD5` = 'D89F3A35931C386956C1A402A8E09941' LIMIT 1  
2018-02-11 12:15:55  act 31 channel_select [{"id":"1","user_name":"\u83b7\u5f97\u4e07\u5143\u51cf\u606f\u5238","image_url":"\/Public\/bigwheel\/images\/PPcd2Fu7vM.jpg","offer":"0.60","weight":"80","push":"32","click":"49","click_rate":"40","total":"7.20","channel_map_id":"10001","md5":"D89F3A35931C386956C1A402A8E09941","link_url":"https:\/\/mkt.360jie.com.cn\/activity\/ch\/tcscxyzp\/lanmu105","link_click":"12","luck_push":"30"},{"id":"2","user_name":"\u83ab\u65af\u5229\u5b89\u9178\u59761\u5143\u4e00\u7bb1","image_url":"\/Public\/bigwheel\/images\/OKtuODCPUs.jpg","offer":"0.60","weight":"40","push":"30","click":"49","click_rate":"29.41","total":"3.00","channel_map_id":"10001","md5":"","link_url":"http:\/\/passport.fanli.com\/mark?c=v8yj49bb6w","link_click":"5","luck_push":"17"},{"id":"3","user_name":"\u6765\u62a2\u300a\u793e\u4ea4\u82f1\u8bed\u300b","image_url":"\/Public\/bigwheel\/images\/jwHOvllMRK.jpg","offer":"0.01","weight":"10","push":"30","click":"49","click_rate":"5.56","total":"0.02","channel_map_id":"10001","md5":"","link_url":"https:\/\/m.wselearning.com\/Registernetworkj\/pro-1.aspx?winType=TCSC1712SNJ","link_click":"2","luck_push":"2"}]
2018-02-11 12:15:55  act 32 channel_select_sum [{"weight1":"130","offer1":"1.21"}]
2018-02-11 12:15:55  act 37 sumWeight=130
2018-02-11 12:15:55  act 38 sumOffer=1.21
2018-02-11 12:15:55  act 45 sum=[{"sum":61,"id":"1"},{"sum":31,"id":"2"},{"sum":8,"id":"3"}]
2018-02-11 12:15:55  act 57 array=[{"start":0,"end":61,"id":"1"},{"start":61,"end":92,"id":"2"},{"start":92,"end":100,"id":"3"}]
2018-02-11 12:15:55  act 60 round=27
2018-02-11 12:15:55  act 63 end=61
2018-02-11 12:15:55  act 64 start=0
2018-02-11 12:15:55  act 71 id 1
2018-02-11 12:15:55  act 72 luck_record_find={"id":"1","user_name":"\u83b7\u5f97\u4e07\u5143\u51cf\u606f\u5238","image_url":"\/Public\/bigwheel\/images\/PPcd2Fu7vM.jpg","offer":"0.60","weight":"80","push":"32","click":"49","click_rate":"40","total":"7.20","channel_map_id":"10001","md5":"D89F3A35931C386956C1A402A8E09941","link_url":"https:\/\/mkt.360jie.com.cn\/activity\/ch\/tcscxyzp\/lanmu105","link_click":"12","luck_push":"30"}
2018-02-11 12:15:55  act 74 channel_count 3
2018-02-11 12:15:55  act 76 channel_find={"link_click":"12","click":"50","luck_push":"31","offer":"0.60"}
2018-02-11 12:15:55  act 79 click_rate=38.71
2018-02-11 12:15:55  act 85 channelModel UPDATE `a_luck_record` SET `CLICK_RATE`='38.71' WHERE `ID` = 1
2018-02-11 12:15:55  act 89 total 7.20
2018-02-11 12:15:55  act 91 channelModel UPDATE `a_luck_record` SET `TOTAL`='7.20' WHERE `ID` = 1
2018-02-11 12:15:55  act 92 channel_save_total 0
2018-02-11 12:15:55  act 95 =======计算次数结束======：{"status":"200","imgurl":"\/Public\/bigwheel\/images\/PPcd2Fu7vM.jpg","link":"https:\/\/mkt.360jie.com.cn\/activity\/ch\/tcscxyzp\/lanmu105","position":"6","id":"1","title":"\u83b7\u5f97\u4e07\u5143\u51cf\u606f\u5238"}
2018-02-11 12:16:03  act 16 =======计算次数开始======：{"CHANNEL_MAP_ID":"D89F3A35931C386956C1A402A8E09941","type":"PUSH"}
2018-02-11 12:16:03  act 101 channelModel UPDATE `a_luck_record` SET `PUSH`=PUSH+1 WHERE `MD5` = 'D89F3A35931C386956C1A402A8E09941'
2018-02-11 12:16:03  act 102 channel_count 1
2018-02-11 12:16:06  act 16 =======计算次数开始======：{"draw_num":"3","system":"3","coupon_idlist":"","CHANNEL_MAP_ID":"D89F3A35931C386956C1A402A8E09941","type":"MD5"}
2018-02-11 12:16:06  act 22 MD5 D89F3A35931C386956C1A402A8E09941
2018-02-11 12:16:06  act 23 channelModel SELECT * FROM `a_luck_record` WHERE `MD5` = 'D89F3A35931C386956C1A402A8E09941' LIMIT 1  
2018-02-11 12:16:06  act 31 channel_select [{"id":"1","user_name":"\u83b7\u5f97\u4e07\u5143\u51cf\u606f\u5238","image_url":"\/Public\/bigwheel\/images\/PPcd2Fu7vM.jpg","offer":"0.60","weight":"80","push":"33","click":"50","click_rate":"38.71","total":"7.20","channel_map_id":"10001","md5":"D89F3A35931C386956C1A402A8E09941","link_url":"https:\/\/mkt.360jie.com.cn\/activity\/ch\/tcscxyzp\/lanmu105","link_click":"12","luck_push":"31"},{"id":"2","user_name":"\u83ab\u65af\u5229\u5b89\u9178\u59761\u5143\u4e00\u7bb1","image_url":"\/Public\/bigwheel\/images\/OKtuODCPUs.jpg","offer":"0.60","weight":"40","push":"30","click":"50","click_rate":"29.41","total":"3.00","channel_map_id":"10001","md5":"","link_url":"http:\/\/passport.fanli.com\/mark?c=v8yj49bb6w","link_click":"5","luck_push":"17"},{"id":"3","user_name":"\u6765\u62a2\u300a\u793e\u4ea4\u82f1\u8bed\u300b","image_url":"\/Public\/bigwheel\/images\/jwHOvllMRK.jpg","offer":"0.01","weight":"10","push":"30","click":"50","click_rate":"5.56","total":"0.02","channel_map_id":"10001","md5":"","link_url":"https:\/\/m.wselearning.com\/Registernetworkj\/pro-1.aspx?winType=TCSC1712SNJ","link_click":"2","luck_push":"2"}]
2018-02-11 12:16:06  act 32 channel_select_sum [{"weight1":"130","offer1":"1.21"}]
2018-02-11 12:16:06  act 37 sumWeight=130
2018-02-11 12:16:06  act 38 sumOffer=1.21
2018-02-11 12:16:06  act 45 sum=[{"sum":61,"id":"1"},{"sum":31,"id":"2"},{"sum":8,"id":"3"}]
2018-02-11 12:16:06  act 57 array=[{"start":0,"end":61,"id":"1"},{"start":61,"end":92,"id":"2"},{"start":92,"end":100,"id":"3"}]
2018-02-11 12:16:06  act 60 round=28
2018-02-11 12:16:06  act 63 end=61
2018-02-11 12:16:06  act 64 start=0
2018-02-11 12:16:06  act 71 id 1
2018-02-11 12:16:06  act 72 luck_record_find={"id":"1","user_name":"\u83b7\u5f97\u4e07\u5143\u51cf\u606f\u5238","image_url":"\/Public\/bigwheel\/images\/PPcd2Fu7vM.jpg","offer":"0.60","weight":"80","push":"33","click":"50","click_rate":"38.71","total":"7.20","channel_map_id":"10001","md5":"D89F3A35931C386956C1A402A8E09941","link_url":"https:\/\/mkt.360jie.com.cn\/activity\/ch\/tcscxyzp\/lanmu105","link_click":"12","luck_push":"31"}
2018-02-11 12:16:06  act 74 channel_count 3
2018-02-11 12:16:06  act 76 channel_find={"link_click":"12","click":"51","luck_push":"32","offer":"0.60"}
2018-02-11 12:16:06  act 79 click_rate=37.5
2018-02-11 12:16:06  act 85 channelModel UPDATE `a_luck_record` SET `CLICK_RATE`='37.5' WHERE `ID` = 1
2018-02-11 12:16:06  act 89 total 7.20
2018-02-11 12:16:06  act 91 channelModel UPDATE `a_luck_record` SET `TOTAL`='7.20' WHERE `ID` = 1
2018-02-11 12:16:06  act 92 channel_save_total 0
2018-02-11 12:16:06  act 95 =======计算次数结束======：{"status":"200","imgurl":"\/Public\/bigwheel\/images\/PPcd2Fu7vM.jpg","link":"https:\/\/mkt.360jie.com.cn\/activity\/ch\/tcscxyzp\/lanmu105","position":"6","id":"1","title":"\u83b7\u5f97\u4e07\u5143\u51cf\u606f\u5238"}
2018-02-11 12:16:13  act 16 =======计算次数开始======：{"draw_num":"2","system":"3","coupon_idlist":"1","CHANNEL_MAP_ID":"D89F3A35931C386956C1A402A8E09941","type":"MD5"}
2018-02-11 12:16:13  act 22 MD5 D89F3A35931C386956C1A402A8E09941
2018-02-11 12:16:13  act 23 channelModel SELECT * FROM `a_luck_record` WHERE `MD5` = 'D89F3A35931C386956C1A402A8E09941' LIMIT 1  
2018-02-11 12:16:13  act 31 channel_select [{"id":"1","user_name":"\u83b7\u5f97\u4e07\u5143\u51cf\u606f\u5238","image_url":"\/Public\/bigwheel\/images\/PPcd2Fu7vM.jpg","offer":"0.60","weight":"80","push":"33","click":"51","click_rate":"37.5","total":"7.20","channel_map_id":"10001","md5":"D89F3A35931C386956C1A402A8E09941","link_url":"https:\/\/mkt.360jie.com.cn\/activity\/ch\/tcscxyzp\/lanmu105","link_click":"12","luck_push":"32"},{"id":"2","user_name":"\u83ab\u65af\u5229\u5b89\u9178\u59761\u5143\u4e00\u7bb1","image_url":"\/Public\/bigwheel\/images\/OKtuODCPUs.jpg","offer":"0.60","weight":"40","push":"30","click":"51","click_rate":"29.41","total":"3.00","channel_map_id":"10001","md5":"","link_url":"http:\/\/passport.fanli.com\/mark?c=v8yj49bb6w","link_click":"5","luck_push":"17"},{"id":"3","user_name":"\u6765\u62a2\u300a\u793e\u4ea4\u82f1\u8bed\u300b","image_url":"\/Public\/bigwheel\/images\/jwHOvllMRK.jpg","offer":"0.01","weight":"10","push":"30","click":"51","click_rate":"5.56","total":"0.02","channel_map_id":"10001","md5":"","link_url":"https:\/\/m.wselearning.com\/Registernetworkj\/pro-1.aspx?winType=TCSC1712SNJ","link_click":"2","luck_push":"2"}]
2018-02-11 12:16:13  act 32 channel_select_sum [{"weight1":"130","offer1":"1.21"}]
2018-02-11 12:16:13  act 37 sumWeight=130
2018-02-11 12:16:13  act 38 sumOffer=1.21
2018-02-11 12:16:13  act 45 sum=[{"sum":61,"id":"1"},{"sum":31,"id":"2"},{"sum":8,"id":"3"}]
2018-02-11 12:16:13  act 57 array=[{"start":0,"end":61,"id":"1"},{"start":61,"end":92,"id":"2"},{"start":92,"end":100,"id":"3"}]
2018-02-11 12:16:13  act 60 round=24
2018-02-11 12:16:13  act 63 end=61
2018-02-11 12:16:13  act 64 start=0
2018-02-11 12:16:13  act 71 id 1
2018-02-11 12:16:13  act 72 luck_record_find={"id":"1","user_name":"\u83b7\u5f97\u4e07\u5143\u51cf\u606f\u5238","image_url":"\/Public\/bigwheel\/images\/PPcd2Fu7vM.jpg","offer":"0.60","weight":"80","push":"33","click":"51","click_rate":"37.5","total":"7.20","channel_map_id":"10001","md5":"D89F3A35931C386956C1A402A8E09941","link_url":"https:\/\/mkt.360jie.com.cn\/activity\/ch\/tcscxyzp\/lanmu105","link_click":"12","luck_push":"32"}
2018-02-11 12:16:13  act 74 channel_count 3
2018-02-11 12:16:13  act 76 channel_find={"link_click":"12","click":"52","luck_push":"33","offer":"0.60"}
2018-02-11 12:16:13  act 79 click_rate=36.36
2018-02-11 12:16:13  act 85 channelModel UPDATE `a_luck_record` SET `CLICK_RATE`='36.36' WHERE `ID` = 1
2018-02-11 12:16:13  act 89 total 7.20
2018-02-11 12:16:13  act 91 channelModel UPDATE `a_luck_record` SET `TOTAL`='7.20' WHERE `ID` = 1
2018-02-11 12:16:13  act 92 channel_save_total 0
2018-02-11 12:16:13  act 95 =======计算次数结束======：{"status":"200","imgurl":"\/Public\/bigwheel\/images\/PPcd2Fu7vM.jpg","link":"https:\/\/mkt.360jie.com.cn\/activity\/ch\/tcscxyzp\/lanmu105","position":"6","id":"1","title":"\u83b7\u5f97\u4e07\u5143\u51cf\u606f\u5238"}
2018-02-11 12:16:18  act 16 =======计算次数开始======：{"draw_num":"1","system":"3","coupon_idlist":"1,1","CHANNEL_MAP_ID":"D89F3A35931C386956C1A402A8E09941","type":"MD5"}
2018-02-11 12:16:18  act 22 MD5 D89F3A35931C386956C1A402A8E09941
2018-02-11 12:16:18  act 23 channelModel SELECT * FROM `a_luck_record` WHERE `MD5` = 'D89F3A35931C386956C1A402A8E09941' LIMIT 1  
2018-02-11 12:16:18  act 31 channel_select [{"id":"1","user_name":"\u83b7\u5f97\u4e07\u5143\u51cf\u606f\u5238","image_url":"\/Public\/bigwheel\/images\/PPcd2Fu7vM.jpg","offer":"0.60","weight":"80","push":"33","click":"52","click_rate":"36.36","total":"7.20","channel_map_id":"10001","md5":"D89F3A35931C386956C1A402A8E09941","link_url":"https:\/\/mkt.360jie.com.cn\/activity\/ch\/tcscxyzp\/lanmu105","link_click":"12","luck_push":"33"},{"id":"2","user_name":"\u83ab\u65af\u5229\u5b89\u9178\u59761\u5143\u4e00\u7bb1","image_url":"\/Public\/bigwheel\/images\/OKtuODCPUs.jpg","offer":"0.60","weight":"40","push":"30","click":"52","click_rate":"29.41","total":"3.00","channel_map_id":"10001","md5":"","link_url":"http:\/\/passport.fanli.com\/mark?c=v8yj49bb6w","link_click":"5","luck_push":"17"},{"id":"3","user_name":"\u6765\u62a2\u300a\u793e\u4ea4\u82f1\u8bed\u300b","image_url":"\/Public\/bigwheel\/images\/jwHOvllMRK.jpg","offer":"0.01","weight":"10","push":"30","click":"52","click_rate":"5.56","total":"0.02","channel_map_id":"10001","md5":"","link_url":"https:\/\/m.wselearning.com\/Registernetworkj\/pro-1.aspx?winType=TCSC1712SNJ","link_click":"2","luck_push":"2"}]
2018-02-11 12:16:18  act 32 channel_select_sum [{"weight1":"130","offer1":"1.21"}]
2018-02-11 12:16:18  act 37 sumWeight=130
2018-02-11 12:16:18  act 38 sumOffer=1.21
2018-02-11 12:16:18  act 45 sum=[{"sum":61,"id":"1"},{"sum":31,"id":"2"},{"sum":8,"id":"3"}]
2018-02-11 12:16:18  act 57 array=[{"start":0,"end":61,"id":"1"},{"start":61,"end":92,"id":"2"},{"start":92,"end":100,"id":"3"}]
2018-02-11 12:16:18  act 60 round=64
2018-02-11 12:16:18  act 63 end=92
2018-02-11 12:16:18  act 64 start=61
2018-02-11 12:16:18  act 71 id 2
2018-02-11 12:16:18  act 72 luck_record_find={"id":"2","user_name":"\u83ab\u65af\u5229\u5b89\u9178\u59761\u5143\u4e00\u7bb1","image_url":"\/Public\/bigwheel\/images\/OKtuODCPUs.jpg","offer":"0.60","weight":"40","push":"30","click":"52","click_rate":"29.41","total":"3.00","channel_map_id":"10001","md5":"","link_url":"http:\/\/passport.fanli.com\/mark?c=v8yj49bb6w","link_click":"5","luck_push":"17"}
2018-02-11 12:16:18  act 74 channel_count 3
2018-02-11 12:16:18  act 76 channel_find={"link_click":"5","click":"53","luck_push":"18","offer":"0.60"}
2018-02-11 12:16:18  act 79 click_rate=27.78
2018-02-11 12:16:18  act 85 channelModel UPDATE `a_luck_record` SET `CLICK_RATE`='27.78' WHERE `ID` = 2
2018-02-11 12:16:18  act 89 total 3.00
2018-02-11 12:16:18  act 91 channelModel UPDATE `a_luck_record` SET `TOTAL`='3.00' WHERE `ID` = 2
2018-02-11 12:16:18  act 92 channel_save_total 0
2018-02-11 12:16:18  act 95 =======计算次数结束======：{"status":"200","imgurl":"\/Public\/bigwheel\/images\/OKtuODCPUs.jpg","link":"http:\/\/passport.fanli.com\/mark?c=v8yj49bb6w","position":"6","id":"2","title":"\u83ab\u65af\u5229\u5b89\u9178\u59761\u5143\u4e00\u7bb1"}
2018-02-11 12:22:02  act 16 =======计算次数开始======：{"CHANNEL_MAP_ID":"D89F3A35931C386956C1A402A8E09941","type":"PUSH"}
2018-02-11 12:22:02  act 101 channelModel UPDATE `a_luck_record` SET `PUSH`=PUSH+1 WHERE `MD5` = 'D89F3A35931C386956C1A402A8E09941'
2018-02-11 12:22:02  act 102 channel_count 3
2018-02-11 12:22:08  act 16 =======计算次数开始======：{"draw_num":"3","system":"3","coupon_idlist":"","CHANNEL_MAP_ID":"D89F3A35931C386956C1A402A8E09941","type":"MD5"}
2018-02-11 12:22:08  act 22 MD5 D89F3A35931C386956C1A402A8E09941
2018-02-11 12:22:08  act 23 channelModel SELECT * FROM `a_luck_record` WHERE `MD5` = 'D89F3A35931C386956C1A402A8E09941' LIMIT 1  
2018-02-11 12:22:08  act 31 channel_select [{"id":"1","user_name":"\u83b7\u5f97\u4e07\u5143\u51cf\u606f\u5238","image_url":"\/Public\/bigwheel\/images\/PPcd2Fu7vM.jpg","offer":"0.60","weight":"80","push":"34","click":"53","click_rate":"36.36","total":"7.20","channel_map_id":"10001","md5":"D89F3A35931C386956C1A402A8E09941","link_url":"https:\/\/mkt.360jie.com.cn\/activity\/ch\/tcscxyzp\/lanmu105","link_click":"12","luck_push":"33"},{"id":"2","user_name":"\u83ab\u65af\u5229\u5b89\u9178\u59761\u5143\u4e00\u7bb1","image_url":"\/Public\/bigwheel\/images\/OKtuODCPUs.jpg","offer":"0.60","weight":"40","push":"31","click":"53","click_rate":"27.78","total":"3.00","channel_map_id":"10001","md5":"D89F3A35931C386956C1A402A8E09941","link_url":"http:\/\/passport.fanli.com\/mark?c=v8yj49bb6w","link_click":"5","luck_push":"18"},{"id":"3","user_name":"\u6765\u62a2\u300a\u793e\u4ea4\u82f1\u8bed\u300b","image_url":"\/Public\/bigwheel\/images\/jwHOvllMRK.jpg","offer":"0.01","weight":"10","push":"31","click":"53","click_rate":"5.56","total":"0.02","channel_map_id":"10001","md5":"D89F3A35931C386956C1A402A8E09941","link_url":"https:\/\/m.wselearning.com\/Registernetworkj\/pro-1.aspx?winType=TCSC1712SNJ","link_click":"2","luck_push":"2"}]
2018-02-11 12:22:08  act 32 channel_select_sum [{"weight1":"130","offer1":"1.21"}]
2018-02-11 12:22:08  act 37 sumWeight=130
2018-02-11 12:22:08  act 38 sumOffer=1.21
2018-02-11 12:22:08  act 45 sum=[{"sum":61,"id":"1"},{"sum":31,"id":"2"},{"sum":8,"id":"3"}]
2018-02-11 12:22:08  act 57 array=[{"start":0,"end":61,"id":"1"},{"start":61,"end":92,"id":"2"},{"start":92,"end":100,"id":"3"}]
2018-02-11 12:22:08  act 60 round=30
2018-02-11 12:22:08  act 63 end=61
2018-02-11 12:22:08  act 64 start=0
2018-02-11 12:22:08  act 71 id 1
2018-02-11 12:22:08  act 72 luck_record_find={"id":"1","user_name":"\u83b7\u5f97\u4e07\u5143\u51cf\u606f\u5238","image_url":"\/Public\/bigwheel\/images\/PPcd2Fu7vM.jpg","offer":"0.60","weight":"80","push":"34","click":"53","click_rate":"36.36","total":"7.20","channel_map_id":"10001","md5":"D89F3A35931C386956C1A402A8E09941","link_url":"https:\/\/mkt.360jie.com.cn\/activity\/ch\/tcscxyzp\/lanmu105","link_click":"12","luck_push":"33"}
2018-02-11 12:22:08  act 74 channel_count 3
2018-02-11 12:22:08  act 76 channel_find={"link_click":"12","click":"54","luck_push":"34","offer":"0.60"}
2018-02-11 12:22:08  act 79 click_rate=35.29
2018-02-11 12:22:08  act 85 channelModel UPDATE `a_luck_record` SET `CLICK_RATE`='35.29' WHERE `ID` = 1
2018-02-11 12:22:08  act 89 total 7.20
2018-02-11 12:22:08  act 91 channelModel UPDATE `a_luck_record` SET `TOTAL`='7.20' WHERE `ID` = 1
2018-02-11 12:22:08  act 92 channel_save_total 0
2018-02-11 12:22:08  act 95 =======计算次数结束======：{"status":"200","imgurl":"\/Public\/bigwheel\/images\/PPcd2Fu7vM.jpg","link":"https:\/\/mkt.360jie.com.cn\/activity\/ch\/tcscxyzp\/lanmu105","position":"6","id":"1","title":"\u83b7\u5f97\u4e07\u5143\u51cf\u606f\u5238"}
2018-02-11 12:22:21  act 16 =======计算次数开始======：{"CHANNEL_MAP_ID":"D89F3A35931C386956C1A402A8E09941","type":"LINK_CLICK","id":"1"}
2018-02-11 12:22:21  act 106 channelModel UPDATE `a_luck_record` SET `LINK_CLICK`=LINK_CLICK+1 WHERE `ID` = 1
2018-02-11 12:22:21  act 107 channel_count 1
2018-02-11 12:22:21  act 110 channel_find={"link_click":"13","click":"54","offer":"0.60"}
2018-02-11 12:22:21  act 113 click_rate=24.07
2018-02-11 12:22:21  act 118 channelModel UPDATE `a_luck_record` SET `CLICK_RATE`='24.07' WHERE `ID` = 1
2018-02-11 12:22:21  act 122 total 7.80
2018-02-11 12:22:21  act 124 channelModel UPDATE `a_luck_record` SET `TOTAL`='7.80' WHERE `ID` = 1
2018-02-11 12:22:21  act 125 channel_save_total 1
2018-02-11 12:22:25  act 16 =======计算次数开始======：{"CHANNEL_MAP_ID":"D89F3A35931C386956C1A402A8E09941","type":"PUSH"}
2018-02-11 12:22:25  act 101 channelModel UPDATE `a_luck_record` SET `PUSH`=PUSH+1 WHERE `MD5` = 'D89F3A35931C386956C1A402A8E09941'
2018-02-11 12:22:25  act 102 channel_count 3
2018-02-11 22:07:55  act 16 =======计算次数开始======：{"CHANNEL_MAP_ID":"D89F3A35931C386956C1A402A8E09941","type":"PUSH"}
2018-02-11 22:07:55  act 101 channelModel UPDATE `a_luck_record` SET `PUSH`=PUSH+1 WHERE `MD5` = 'D89F3A35931C386956C1A402A8E09941'
2018-02-11 22:07:55  act 102 channel_count 3
2018-02-11 22:08:47  act 16 =======计算次数开始======：{"draw_num":"3","system":"2","coupon_idlist":"","CHANNEL_MAP_ID":"D89F3A35931C386956C1A402A8E09941","type":"MD5"}
2018-02-11 22:08:47  act 22 MD5 D89F3A35931C386956C1A402A8E09941
2018-02-11 22:08:47  act 23 channelModel SELECT * FROM `a_luck_record` WHERE `MD5` = 'D89F3A35931C386956C1A402A8E09941' LIMIT 1  
2018-02-11 22:08:47  act 31 channel_select [{"id":"1","user_name":"\u83b7\u5f97\u4e07\u5143\u51cf\u606f\u5238","image_url":"\/Public\/bigwheel\/images\/PPcd2Fu7vM.jpg","offer":"0.60","weight":"80","push":"36","click":"54","click_rate":"24.07","total":"7.80","channel_map_id":"10001","md5":"D89F3A35931C386956C1A402A8E09941","link_url":"https:\/\/mkt.360jie.com.cn\/activity\/ch\/tcscxyzp\/lanmu105","link_click":"13","luck_push":"34"},{"id":"2","user_name":"\u83ab\u65af\u5229\u5b89\u9178\u59761\u5143\u4e00\u7bb1","image_url":"\/Public\/bigwheel\/images\/OKtuODCPUs.jpg","offer":"0.60","weight":"40","push":"33","click":"54","click_rate":"27.78","total":"3.00","channel_map_id":"10001","md5":"D89F3A35931C386956C1A402A8E09941","link_url":"http:\/\/passport.fanli.com\/mark?c=v8yj49bb6w","link_click":"5","luck_push":"18"},{"id":"3","user_name":"\u6765\u62a2\u300a\u793e\u4ea4\u82f1\u8bed\u300b","image_url":"\/Public\/bigwheel\/images\/jwHOvllMRK.jpg","offer":"0.01","weight":"10","push":"33","click":"54","click_rate":"5.56","total":"0.02","channel_map_id":"10001","md5":"D89F3A35931C386956C1A402A8E09941","link_url":"https:\/\/m.wselearning.com\/Registernetworkj\/pro-1.aspx?winType=TCSC1712SNJ","link_click":"2","luck_push":"2"}]
2018-02-11 22:08:47  act 32 channel_select_sum [{"weight1":"130","offer1":"1.21"}]
2018-02-11 22:08:47  act 37 sumWeight=130
2018-02-11 22:08:47  act 38 sumOffer=1.21
2018-02-11 22:08:47  act 45 sum=[{"sum":61,"id":"1"},{"sum":31,"id":"2"},{"sum":8,"id":"3"}]
2018-02-11 22:08:47  act 57 array=[{"start":0,"end":61,"id":"1"},{"start":61,"end":92,"id":"2"},{"start":92,"end":100,"id":"3"}]
2018-02-11 22:08:47  act 60 round=9
2018-02-11 22:08:47  act 63 end=61
2018-02-11 22:08:47  act 64 start=0
2018-02-11 22:08:47  act 71 id 1
2018-02-11 22:08:47  act 72 luck_record_find={"id":"1","user_name":"\u83b7\u5f97\u4e07\u5143\u51cf\u606f\u5238","image_url":"\/Public\/bigwheel\/images\/PPcd2Fu7vM.jpg","offer":"0.60","weight":"80","push":"36","click":"54","click_rate":"24.07","total":"7.80","channel_map_id":"10001","md5":"D89F3A35931C386956C1A402A8E09941","link_url":"https:\/\/mkt.360jie.com.cn\/activity\/ch\/tcscxyzp\/lanmu105","link_click":"13","luck_push":"34"}
2018-02-11 22:08:47  act 74 channel_count 3
2018-02-11 22:08:47  act 76 channel_find={"link_click":"13","click":"55","luck_push":"35","offer":"0.60"}
2018-02-11 22:08:47  act 79 click_rate=37.14
2018-02-11 22:08:47  act 85 channelModel UPDATE `a_luck_record` SET `CLICK_RATE`='37.14' WHERE `ID` = 1
2018-02-11 22:08:47  act 89 total 7.80
2018-02-11 22:08:47  act 91 channelModel UPDATE `a_luck_record` SET `TOTAL`='7.80' WHERE `ID` = 1
2018-02-11 22:08:47  act 92 channel_save_total 0
2018-02-11 22:08:47  act 95 =======计算次数结束======：{"status":"200","imgurl":"\/Public\/bigwheel\/images\/PPcd2Fu7vM.jpg","link":"https:\/\/mkt.360jie.com.cn\/activity\/ch\/tcscxyzp\/lanmu105","position":"6","id":"1","title":"\u83b7\u5f97\u4e07\u5143\u51cf\u606f\u5238"}
2018-02-11 22:08:53  act 16 =======计算次数开始======：{"draw_num":"2","system":"2","coupon_idlist":"1","CHANNEL_MAP_ID":"D89F3A35931C386956C1A402A8E09941","type":"MD5"}
2018-02-11 22:08:53  act 22 MD5 D89F3A35931C386956C1A402A8E09941
2018-02-11 22:08:53  act 23 channelModel SELECT * FROM `a_luck_record` WHERE `MD5` = 'D89F3A35931C386956C1A402A8E09941' LIMIT 1  
2018-02-11 22:08:53  act 31 channel_select [{"id":"1","user_name":"\u83b7\u5f97\u4e07\u5143\u51cf\u606f\u5238","image_url":"\/Public\/bigwheel\/images\/PPcd2Fu7vM.jpg","offer":"0.60","weight":"80","push":"36","click":"55","click_rate":"37.14","total":"7.80","channel_map_id":"10001","md5":"D89F3A35931C386956C1A402A8E09941","link_url":"https:\/\/mkt.360jie.com.cn\/activity\/ch\/tcscxyzp\/lanmu105","link_click":"13","luck_push":"35"},{"id":"2","user_name":"\u83ab\u65af\u5229\u5b89\u9178\u59761\u5143\u4e00\u7bb1","image_url":"\/Public\/bigwheel\/images\/OKtuODCPUs.jpg","offer":"0.60","weight":"40","push":"33","click":"55","click_rate":"27.78","total":"3.00","channel_map_id":"10001","md5":"D89F3A35931C386956C1A402A8E09941","link_url":"http:\/\/passport.fanli.com\/mark?c=v8yj49bb6w","link_click":"5","luck_push":"18"},{"id":"3","user_name":"\u6765\u62a2\u300a\u793e\u4ea4\u82f1\u8bed\u300b","image_url":"\/Public\/bigwheel\/images\/jwHOvllMRK.jpg","offer":"0.01","weight":"10","push":"33","click":"55","click_rate":"5.56","total":"0.02","channel_map_id":"10001","md5":"D89F3A35931C386956C1A402A8E09941","link_url":"https:\/\/m.wselearning.com\/Registernetworkj\/pro-1.aspx?winType=TCSC1712SNJ","link_click":"2","luck_push":"2"}]
2018-02-11 22:08:53  act 32 channel_select_sum [{"weight1":"130","offer1":"1.21"}]
2018-02-11 22:08:53  act 37 sumWeight=130
2018-02-11 22:08:53  act 38 sumOffer=1.21
2018-02-11 22:08:53  act 45 sum=[{"sum":61,"id":"1"},{"sum":31,"id":"2"},{"sum":8,"id":"3"}]
2018-02-11 22:08:53  act 57 array=[{"start":0,"end":61,"id":"1"},{"start":61,"end":92,"id":"2"},{"start":92,"end":100,"id":"3"}]
2018-02-11 22:08:53  act 60 round=64
2018-02-11 22:08:53  act 63 end=92
2018-02-11 22:08:53  act 64 start=61
2018-02-11 22:08:53  act 71 id 2
2018-02-11 22:08:53  act 72 luck_record_find={"id":"2","user_name":"\u83ab\u65af\u5229\u5b89\u9178\u59761\u5143\u4e00\u7bb1","image_url":"\/Public\/bigwheel\/images\/OKtuODCPUs.jpg","offer":"0.60","weight":"40","push":"33","click":"55","click_rate":"27.78","total":"3.00","channel_map_id":"10001","md5":"D89F3A35931C386956C1A402A8E09941","link_url":"http:\/\/passport.fanli.com\/mark?c=v8yj49bb6w","link_click":"5","luck_push":"18"}
2018-02-11 22:08:53  act 74 channel_count 3
2018-02-11 22:08:53  act 76 channel_find={"link_click":"5","click":"56","luck_push":"19","offer":"0.60"}
2018-02-11 22:08:53  act 79 click_rate=26.32
2018-02-11 22:08:53  act 85 channelModel UPDATE `a_luck_record` SET `CLICK_RATE`='26.32' WHERE `ID` = 2
2018-02-11 22:08:53  act 89 total 3.00
2018-02-11 22:08:53  act 91 channelModel UPDATE `a_luck_record` SET `TOTAL`='3.00' WHERE `ID` = 2
2018-02-11 22:08:53  act 92 channel_save_total 0
2018-02-11 22:08:53  act 95 =======计算次数结束======：{"status":"200","imgurl":"\/Public\/bigwheel\/images\/OKtuODCPUs.jpg","link":"http:\/\/passport.fanli.com\/mark?c=v8yj49bb6w","position":"6","id":"2","title":"\u83ab\u65af\u5229\u5b89\u9178\u59761\u5143\u4e00\u7bb1"}
2018-02-11 22:08:58  act 16 =======计算次数开始======：{"draw_num":"1","system":"2","coupon_idlist":"1,2","CHANNEL_MAP_ID":"D89F3A35931C386956C1A402A8E09941","type":"MD5"}
2018-02-11 22:08:58  act 22 MD5 D89F3A35931C386956C1A402A8E09941
2018-02-11 22:08:58  act 23 channelModel SELECT * FROM `a_luck_record` WHERE `MD5` = 'D89F3A35931C386956C1A402A8E09941' LIMIT 1  
2018-02-11 22:08:58  act 31 channel_select [{"id":"1","user_name":"\u83b7\u5f97\u4e07\u5143\u51cf\u606f\u5238","image_url":"\/Public\/bigwheel\/images\/PPcd2Fu7vM.jpg","offer":"0.60","weight":"80","push":"36","click":"56","click_rate":"37.14","total":"7.80","channel_map_id":"10001","md5":"D89F3A35931C386956C1A402A8E09941","link_url":"https:\/\/mkt.360jie.com.cn\/activity\/ch\/tcscxyzp\/lanmu105","link_click":"13","luck_push":"35"},{"id":"2","user_name":"\u83ab\u65af\u5229\u5b89\u9178\u59761\u5143\u4e00\u7bb1","image_url":"\/Public\/bigwheel\/images\/OKtuODCPUs.jpg","offer":"0.60","weight":"40","push":"33","click":"56","click_rate":"26.32","total":"3.00","channel_map_id":"10001","md5":"D89F3A35931C386956C1A402A8E09941","link_url":"http:\/\/passport.fanli.com\/mark?c=v8yj49bb6w","link_click":"5","luck_push":"19"},{"id":"3","user_name":"\u6765\u62a2\u300a\u793e\u4ea4\u82f1\u8bed\u300b","image_url":"\/Public\/bigwheel\/images\/jwHOvllMRK.jpg","offer":"0.01","weight":"10","push":"33","click":"56","click_rate":"5.56","total":"0.02","channel_map_id":"10001","md5":"D89F3A35931C386956C1A402A8E09941","link_url":"https:\/\/m.wselearning.com\/Registernetworkj\/pro-1.aspx?winType=TCSC1712SNJ","link_click":"2","luck_push":"2"}]
2018-02-11 22:08:58  act 32 channel_select_sum [{"weight1":"130","offer1":"1.21"}]
2018-02-11 22:08:58  act 37 sumWeight=130
2018-02-11 22:08:58  act 38 sumOffer=1.21
2018-02-11 22:08:58  act 45 sum=[{"sum":61,"id":"1"},{"sum":31,"id":"2"},{"sum":8,"id":"3"}]
2018-02-11 22:08:58  act 57 array=[{"start":0,"end":61,"id":"1"},{"start":61,"end":92,"id":"2"},{"start":92,"end":100,"id":"3"}]
2018-02-11 22:08:58  act 60 round=15
2018-02-11 22:08:58  act 63 end=61
2018-02-11 22:08:58  act 64 start=0
2018-02-11 22:08:58  act 71 id 1
2018-02-11 22:08:58  act 72 luck_record_find={"id":"1","user_name":"\u83b7\u5f97\u4e07\u5143\u51cf\u606f\u5238","image_url":"\/Public\/bigwheel\/images\/PPcd2Fu7vM.jpg","offer":"0.60","weight":"80","push":"36","click":"56","click_rate":"37.14","total":"7.80","channel_map_id":"10001","md5":"D89F3A35931C386956C1A402A8E09941","link_url":"https:\/\/mkt.360jie.com.cn\/activity\/ch\/tcscxyzp\/lanmu105","link_click":"13","luck_push":"35"}
2018-02-11 22:08:58  act 74 channel_count 3
2018-02-11 22:08:58  act 76 channel_find={"link_click":"13","click":"57","luck_push":"36","offer":"0.60"}
2018-02-11 22:08:58  act 79 click_rate=36.11
2018-02-11 22:08:58  act 85 channelModel UPDATE `a_luck_record` SET `CLICK_RATE`='36.11' WHERE `ID` = 1
2018-02-11 22:08:58  act 89 total 7.80
2018-02-11 22:08:58  act 91 channelModel UPDATE `a_luck_record` SET `TOTAL`='7.80' WHERE `ID` = 1
2018-02-11 22:08:58  act 92 channel_save_total 0
2018-02-11 22:08:58  act 95 =======计算次数结束======：{"status":"200","imgurl":"\/Public\/bigwheel\/images\/PPcd2Fu7vM.jpg","link":"https:\/\/mkt.360jie.com.cn\/activity\/ch\/tcscxyzp\/lanmu105","position":"6","id":"1","title":"\u83b7\u5f97\u4e07\u5143\u51cf\u606f\u5238"}
2018-02-11 22:38:14  act 16 =======计算次数开始======：{"CHANNEL_MAP_ID":"D89F3A35931C386956C1A402A8E09941","type":"PUSH"}
2018-02-11 22:38:14  act 101 channelModel UPDATE `a_luck_record` SET `PUSH`=PUSH+1 WHERE `MD5` = 'D89F3A35931C386956C1A402A8E09941'
2018-02-11 22:38:14  act 102 channel_count 3
2018-02-11 22:38:15  act 16 =======计算次数开始======：{"draw_num":"2","system":"3","coupon_idlist":"1","CHANNEL_MAP_ID":"D89F3A35931C386956C1A402A8E09941","type":"MD5"}
2018-02-11 22:38:15  act 22 MD5 D89F3A35931C386956C1A402A8E09941
2018-02-11 22:38:15  act 23 channelModel SELECT * FROM `a_luck_record` WHERE `MD5` = 'D89F3A35931C386956C1A402A8E09941' LIMIT 1  
2018-02-11 22:38:15  act 31 channel_select [{"id":"1","user_name":"PPTV\u4f1a\u5458\u514d\u8d39\u9001","image_url":"\/Public\/bigwheel\/images\/image001.png","offer":"0.01","weight":"1","push":"37","click":"57","click_rate":"36.11","total":"7.80","channel_map_id":"10001","md5":"D89F3A35931C386956C1A402A8E09941","link_url":"http:\/\/wap.newtank.cn\/wap\/act\/pptv\/index.html?adCode=90c7e686","link_click":"13","luck_push":"36"},{"id":"2","user_name":"PPTV-\u6625\u8282\u7248","image_url":"\/Public\/bigwheel\/images\/image003.png","offer":"0.01","weight":"1","push":"34","click":"57","click_rate":"26.32","total":"3.00","channel_map_id":"10001","md5":"D89F3A35931C386956C1A402A8E09941","link_url":"http:\/\/wap.newtank.cn\/newtank\/act\/pptv0118\/index.html?adCode=90c7e686","link_click":"5","luck_push":"19"},{"id":"3","user_name":"\u7231\u5947\u827a","image_url":"\/Public\/bigwheel\/images\/image005.png","offer":"0.00","weight":"1","push":"34","click":"57","click_rate":"5.56","total":"0.02","channel_map_id":"10001","md5":"D89F3A35931C386956C1A402A8E09941","link_url":"http:\/\/wap.newtank.cn\/wap\/act\/aiqiyi0104\/index.html?adCode=e9a805d8","link_click":"2","luck_push":"2"}]
2018-02-11 22:38:15  act 32 channel_select_sum [{"weight1":"3","offer1":"0.02"}]
2018-02-11 22:38:15  act 37 sumWeight=3
2018-02-11 22:38:15  act 38 sumOffer=0.02
2018-02-11 22:38:15  act 45 sum=[{"sum":33,"id":"1"},{"sum":33,"id":"2"},{"sum":33,"id":"3"}]
2018-02-11 22:38:15  act 57 array=[{"start":0,"end":33,"id":"1"},{"start":33,"end":66,"id":"2"},{"start":66,"end":99,"id":"3"}]
2018-02-11 22:38:15  act 60 round=81
2018-02-11 22:38:15  act 63 end=99
2018-02-11 22:38:15  act 64 start=66
2018-02-11 22:38:15  act 71 id 3
2018-02-11 22:38:15  act 72 luck_record_find={"id":"3","user_name":"\u7231\u5947\u827a","image_url":"\/Public\/bigwheel\/images\/image005.png","offer":"0.00","weight":"1","push":"34","click":"57","click_rate":"5.56","total":"0.02","channel_map_id":"10001","md5":"D89F3A35931C386956C1A402A8E09941","link_url":"http:\/\/wap.newtank.cn\/wap\/act\/aiqiyi0104\/index.html?adCode=e9a805d8","link_click":"2","luck_push":"2"}
2018-02-11 22:38:15  act 74 channel_count 3
2018-02-11 22:38:15  act 76 channel_find={"link_click":"2","click":"58","luck_push":"3","offer":"0.00"}
2018-02-11 22:38:15  act 79 click_rate=66.67
2018-02-11 22:38:15  act 85 channelModel UPDATE `a_luck_record` SET `CLICK_RATE`='66.67' WHERE `ID` = 3
2018-02-11 22:38:15  act 89 total 0.00
2018-02-11 22:38:15  act 91 channelModel UPDATE `a_luck_record` SET `TOTAL`='0.00' WHERE `ID` = 3
2018-02-11 22:38:15  act 92 channel_save_total 1
2018-02-11 22:38:15  act 95 =======计算次数结束======：{"status":"200","imgurl":"\/Public\/bigwheel\/images\/image005.png","link":"http:\/\/wap.newtank.cn\/wap\/act\/aiqiyi0104\/index.html?adCode=e9a805d8","position":"6","id":"3","title":"\u7231\u5947\u827a"}
2018-02-11 22:38:19  act 16 =======计算次数开始======：{"CHANNEL_MAP_ID":"D89F3A35931C386956C1A402A8E09941","type":"LINK_CLICK","id":"3"}
2018-02-11 22:38:19  act 106 channelModel UPDATE `a_luck_record` SET `LINK_CLICK`=LINK_CLICK+1 WHERE `ID` = 3
2018-02-11 22:38:19  act 107 channel_count 1
2018-02-11 22:38:19  act 110 channel_find={"link_click":"3","click":"58","offer":"0.00"}
2018-02-11 22:38:19  act 113 click_rate=5.17
2018-02-11 22:38:19  act 118 channelModel UPDATE `a_luck_record` SET `CLICK_RATE`='5.17' WHERE `ID` = 3
2018-02-11 22:38:19  act 122 total 0.00
2018-02-11 22:38:19  act 124 channelModel UPDATE `a_luck_record` SET `TOTAL`='0.00' WHERE `ID` = 3
2018-02-11 22:38:19  act 125 channel_save_total 0
2018-02-11 22:59:53  act 16 =======计算次数开始======：{"CHANNEL_MAP_ID":"D89F3A35931C386956C1A402A8E09941","type":"PUSH"}
2018-02-11 22:59:53  act 101 channelModel UPDATE `a_luck_record` SET `PUSH`=PUSH+1 WHERE `MD5` = 'D89F3A35931C386956C1A402A8E09941'
2018-02-11 22:59:53  act 102 channel_count 10
2018-02-11 22:59:54  act 16 =======计算次数开始======：{"draw_num":"1","system":"3","coupon_idlist":"1,3","CHANNEL_MAP_ID":"D89F3A35931C386956C1A402A8E09941","type":"MD5"}
2018-02-11 22:59:54  act 22 MD5 D89F3A35931C386956C1A402A8E09941
2018-02-11 22:59:54  act 23 channelModel SELECT * FROM `a_luck_record` WHERE `MD5` = 'D89F3A35931C386956C1A402A8E09941' LIMIT 1  
2018-02-11 22:59:54  act 31 channel_select [{"id":"1","user_name":"PPTV\u4f1a\u5458\u514d\u8d39\u9001","image_url":"\/Public\/bigwheel\/images\/image001.png","offer":"0.01","weight":"1","push":"1","click":"0","click_rate":"0","total":"7.80","channel_map_id":"10001","md5":"D89F3A35931C386956C1A402A8E09941","link_url":"http:\/\/wap.newtank.cn\/wap\/act\/pptv\/index.html?adCode=90c7e686","link_click":"0","luck_push":"0"},{"id":"2","user_name":"PPTV-\u6625\u8282\u7248","image_url":"\/Public\/bigwheel\/images\/image003.png","offer":"0.01","weight":"1","push":"1","click":"0","click_rate":"0","total":"3.00","channel_map_id":"10001","md5":"D89F3A35931C386956C1A402A8E09941","link_url":"http:\/\/wap.newtank.cn\/newtank\/act\/pptv0118\/index.html?adCode=90c7e686","link_click":"0","luck_push":"0"},{"id":"3","user_name":"\u7231\u5947\u827a","image_url":"\/Public\/bigwheel\/images\/image005.png","offer":"0.00","weight":"1","push":"1","click":"0","click_rate":"0","total":"0.00","channel_map_id":"10001","md5":"D89F3A35931C386956C1A402A8E09941","link_url":"http:\/\/wap.newtank.cn\/wap\/act\/aiqiyi0104\/index.html?adCode=e9a805d8","link_click":"0","luck_push":"0"},{"id":"4","user_name":"\u7535\u5f71\u7968","image_url":"\/Public\/bigwheel\/images\/image007.png","offer":"0.00","weight":"1","push":"1","click":"0","click_rate":"0","total":"0","channel_map_id":"10001","md5":"D89F3A35931C386956C1A402A8E09941","link_url":"  http:\/\/wap.newtank.cn\/wap\/act\/film1226\/index.html?adCode=1091c78e","link_click":"0","luck_push":"0"},{"id":"5","user_name":"\u53e3\u7ea2\u7248","image_url":"\/Public\/bigwheel\/images\/image009.png","offer":"0.01","weight":"1","push":"1","click":"0","click_rate":"0","total":"0","channel_map_id":"10001","md5":"D89F3A35931C386956C1A402A8E09941","link_url":"http:\/\/wap.newtank.cn\/newtank\/act\/dragonfly\/index.html?adCode=e6996949","link_click":"0","luck_push":"0"},{"id":"6","user_name":"\u6ef4\u6ef4\u7ea2\u5305","image_url":"\/Public\/bigwheel\/images\/image011.png","offer":"0.00","weight":"1","push":"1","click":"0","click_rate":"0","total":"0","channel_map_id":"10001","md5":"D89F3A35931C386956C1A402A8E09941","link_url":"http:\/\/wap.newtank.cn\/wap\/act\/didi\/index.html?adCode=601459d8","link_click":"0","luck_push":"0"},{"id":"7","user_name":"\u901a\u7528\u7248","image_url":"\/Public\/bigwheel\/images\/image015.png","offer":"0.01","weight":"1","push":"1","click":"0","click_rate":"0","total":"0","channel_map_id":"10001","md5":"D89F3A35931C386956C1A402A8E09941","link_url":"http:\/\/wap.newtank.cn\/newtank\/act\/calculate\/index.html?adCode=81ee33e8","link_click":"0","luck_push":"0"},{"id":"8","user_name":"\u53e3\u7f69","image_url":"\/Public\/bigwheel\/images\/image017.png","offer":"0.01","weight":"1","push":"1","click":"0","click_rate":"0","total":"0","channel_map_id":"10001","md5":"D89F3A35931C386956C1A402A8E09941","link_url":"http:\/\/wap.newtank.cn\/newtank\/act\/haze\/index.html?adCode=81ee33e8","link_click":"0","luck_push":"0"},{"id":"9","user_name":"\u56fd\u8d38\u7248","image_url":"\/Public\/bigwheel\/images\/image019.png","offer":"0.01","weight":"1","push":"1","click":"0","click_rate":"0","total":"0","channel_map_id":"10001","md5":"D89F3A35931C386956C1A402A8E09941","link_url":"http:\/\/wap.newtank.cn\/newtank\/act\/aikang\/index.html?adCode=81ee33e8","link_click":"0","luck_push":"0"},{"id":"10","user_name":"OFO\u7248","image_url":"\/Public\/bigwheel\/images\/image013.png","offer":"0.01","weight":"1","push":"1","click":"0","click_rate":"0","total":"0","channel_map_id":"10001","md5":"D89F3A35931C386956C1A402A8E09941","link_url":"http:\/\/wap.newtank.cn\/newtank\/act\/ofo0129\/index.html?adCode=81ee33e8","link_click":"0","luck_push":"0"}]
2018-02-11 22:59:54  act 32 channel_select_sum [{"weight1":"10","offer1":"0.07"}]
2018-02-11 22:59:54  act 37 sumWeight=10
2018-02-11 22:59:54  act 38 sumOffer=0.07
2018-02-11 22:59:54  act 45 sum=[{"sum":10,"id":"1"},{"sum":10,"id":"2"},{"sum":10,"id":"3"},{"sum":10,"id":"4"},{"sum":10,"id":"5"},{"sum":10,"id":"6"},{"sum":10,"id":"7"},{"sum":10,"id":"8"},{"sum":10,"id":"9"},{"sum":10,"id":"10"}]
2018-02-11 22:59:54  act 57 array=[{"start":0,"end":10,"id":"1"},{"start":10,"end":20,"id":"2"},{"start":20,"end":30,"id":"3"},{"start":30,"end":40,"id":"4"},{"start":40,"end":50,"id":"5"},{"start":50,"end":60,"id":"6"},{"start":60,"end":70,"id":"7"},{"start":70,"end":80,"id":"8"},{"start":80,"end":90,"id":"9"},{"start":90,"end":100,"id":"10"}]
2018-02-11 22:59:54  act 60 round=34
2018-02-11 22:59:54  act 63 end=40
2018-02-11 22:59:54  act 64 start=30
2018-02-11 22:59:54  act 71 id 4
2018-02-11 22:59:54  act 72 luck_record_find={"id":"4","user_name":"\u7535\u5f71\u7968","image_url":"\/Public\/bigwheel\/images\/image007.png","offer":"0.00","weight":"1","push":"1","click":"0","click_rate":"0","total":"0","channel_map_id":"10001","md5":"D89F3A35931C386956C1A402A8E09941","link_url":"  http:\/\/wap.newtank.cn\/wap\/act\/film1226\/index.html?adCode=1091c78e","link_click":"0","luck_push":"0"}
2018-02-11 22:59:54  act 74 channel_count 10
2018-02-11 22:59:54  act 76 channel_find={"link_click":"0","click":"1","luck_push":"1","offer":"0.00"}
2018-02-11 22:59:54  act 79 click_rate=0
2018-02-11 22:59:54  act 85 channelModel UPDATE `a_luck_record` SET `CLICK_RATE`='0' WHERE `ID` = 4
2018-02-11 22:59:54  act 89 total 0.00
2018-02-11 22:59:54  act 91 channelModel UPDATE `a_luck_record` SET `TOTAL`='0.00' WHERE `ID` = 4
2018-02-11 22:59:54  act 92 channel_save_total 1
2018-02-11 22:59:54  act 95 =======计算次数结束======：{"status":"200","imgurl":"\/Public\/bigwheel\/images\/image007.png","link":"  http:\/\/wap.newtank.cn\/wap\/act\/film1226\/index.html?adCode=1091c78e","position":"6","id":"4","title":"\u7535\u5f71\u7968"}
2018-02-11 22:59:58  act 16 =======计算次数开始======：{"CHANNEL_MAP_ID":"D89F3A35931C386956C1A402A8E09941","type":"LINK_CLICK","id":"4"}
2018-02-11 22:59:58  act 106 channelModel UPDATE `a_luck_record` SET `LINK_CLICK`=LINK_CLICK+1 WHERE `ID` = 4
2018-02-11 22:59:58  act 107 channel_count 1
2018-02-11 22:59:58  act 110 channel_find={"link_click":"1","click":"1","offer":"0.00"}
2018-02-11 22:59:58  act 113 click_rate=100
2018-02-11 22:59:58  act 118 channelModel UPDATE `a_luck_record` SET `CLICK_RATE`='100' WHERE `ID` = 4
2018-02-11 22:59:58  act 122 total 0.00
2018-02-11 22:59:58  act 124 channelModel UPDATE `a_luck_record` SET `TOTAL`='0.00' WHERE `ID` = 4
2018-02-11 22:59:58  act 125 channel_save_total 0
2018-02-11 23:00:11  act 16 =======计算次数开始======：{"CHANNEL_MAP_ID":"D89F3A35931C386956C1A402A8E09941","type":"PUSH"}
2018-02-11 23:00:11  act 101 channelModel UPDATE `a_luck_record` SET `PUSH`=PUSH+1 WHERE `MD5` = 'D89F3A35931C386956C1A402A8E09941'
2018-02-11 23:00:11  act 102 channel_count 10
2018-02-11 23:00:12  act 16 =======计算次数开始======：{"draw_num":"3","system":"3","coupon_idlist":"","CHANNEL_MAP_ID":"D89F3A35931C386956C1A402A8E09941","type":"MD5"}
2018-02-11 23:00:12  act 22 MD5 D89F3A35931C386956C1A402A8E09941
2018-02-11 23:00:12  act 23 channelModel SELECT * FROM `a_luck_record` WHERE `MD5` = 'D89F3A35931C386956C1A402A8E09941' LIMIT 1  
2018-02-11 23:00:12  act 31 channel_select [{"id":"1","user_name":"PPTV\u4f1a\u5458\u514d\u8d39\u9001","image_url":"\/Public\/bigwheel\/images\/image001.png","offer":"0.01","weight":"1","push":"2","click":"1","click_rate":"0","total":"7.80","channel_map_id":"10001","md5":"D89F3A35931C386956C1A402A8E09941","link_url":"http:\/\/wap.newtank.cn\/wap\/act\/pptv\/index.html?adCode=90c7e686","link_click":"0","luck_push":"0"},{"id":"2","user_name":"PPTV-\u6625\u8282\u7248","image_url":"\/Public\/bigwheel\/images\/image003.png","offer":"0.01","weight":"1","push":"2","click":"1","click_rate":"0","total":"3.00","channel_map_id":"10001","md5":"D89F3A35931C386956C1A402A8E09941","link_url":"http:\/\/wap.newtank.cn\/newtank\/act\/pptv0118\/index.html?adCode=90c7e686","link_click":"0","luck_push":"0"},{"id":"3","user_name":"\u7231\u5947\u827a","image_url":"\/Public\/bigwheel\/images\/image005.png","offer":"0.00","weight":"1","push":"2","click":"1","click_rate":"0","total":"0.00","channel_map_id":"10001","md5":"D89F3A35931C386956C1A402A8E09941","link_url":"http:\/\/wap.newtank.cn\/wap\/act\/aiqiyi0104\/index.html?adCode=e9a805d8","link_click":"0","luck_push":"0"},{"id":"4","user_name":"\u7535\u5f71\u7968","image_url":"\/Public\/bigwheel\/images\/image007.png","offer":"0.00","weight":"1","push":"2","click":"1","click_rate":"100","total":"0.00","channel_map_id":"10001","md5":"D89F3A35931C386956C1A402A8E09941","link_url":"  http:\/\/wap.newtank.cn\/wap\/act\/film1226\/index.html?adCode=1091c78e","link_click":"1","luck_push":"1"},{"id":"5","user_name":"\u53e3\u7ea2\u7248","image_url":"\/Public\/bigwheel\/images\/image009.png","offer":"0.01","weight":"1","push":"2","click":"1","click_rate":"0","total":"0","channel_map_id":"10001","md5":"D89F3A35931C386956C1A402A8E09941","link_url":"http:\/\/wap.newtank.cn\/newtank\/act\/dragonfly\/index.html?adCode=e6996949","link_click":"0","luck_push":"0"},{"id":"6","user_name":"\u6ef4\u6ef4\u7ea2\u5305","image_url":"\/Public\/bigwheel\/images\/image011.png","offer":"0.00","weight":"1","push":"2","click":"1","click_rate":"0","total":"0","channel_map_id":"10001","md5":"D89F3A35931C386956C1A402A8E09941","link_url":"http:\/\/wap.newtank.cn\/wap\/act\/didi\/index.html?adCode=601459d8","link_click":"0","luck_push":"0"},{"id":"7","user_name":"\u901a\u7528\u7248","image_url":"\/Public\/bigwheel\/images\/image015.png","offer":"0.01","weight":"1","push":"2","click":"1","click_rate":"0","total":"0","channel_map_id":"10001","md5":"D89F3A35931C386956C1A402A8E09941","link_url":"http:\/\/wap.newtank.cn\/newtank\/act\/calculate\/index.html?adCode=81ee33e8","link_click":"0","luck_push":"0"},{"id":"8","user_name":"\u53e3\u7f69","image_url":"\/Public\/bigwheel\/images\/image017.png","offer":"0.01","weight":"1","push":"2","click":"1","click_rate":"0","total":"0","channel_map_id":"10001","md5":"D89F3A35931C386956C1A402A8E09941","link_url":"http:\/\/wap.newtank.cn\/newtank\/act\/haze\/index.html?adCode=81ee33e8","link_click":"0","luck_push":"0"},{"id":"9","user_name":"\u56fd\u8d38\u7248","image_url":"\/Public\/bigwheel\/images\/image019.png","offer":"0.01","weight":"1","push":"2","click":"1","click_rate":"0","total":"0","channel_map_id":"10001","md5":"D89F3A35931C386956C1A402A8E09941","link_url":"http:\/\/wap.newtank.cn\/newtank\/act\/aikang\/index.html?adCode=81ee33e8","link_click":"0","luck_push":"0"},{"id":"10","user_name":"OFO\u7248","image_url":"\/Public\/bigwheel\/images\/image013.png","offer":"0.01","weight":"1","push":"2","click":"1","click_rate":"0","total":"0","channel_map_id":"10001","md5":"D89F3A35931C386956C1A402A8E09941","link_url":"http:\/\/wap.newtank.cn\/newtank\/act\/ofo0129\/index.html?adCode=81ee33e8","link_click":"0","luck_push":"0"}]
2018-02-11 23:00:12  act 32 channel_select_sum [{"weight1":"10","offer1":"0.07"}]
2018-02-11 23:00:12  act 37 sumWeight=10
2018-02-11 23:00:12  act 38 sumOffer=0.07
2018-02-11 23:00:12  act 45 sum=[{"sum":10,"id":"1"},{"sum":10,"id":"2"},{"sum":10,"id":"3"},{"sum":10,"id":"4"},{"sum":10,"id":"5"},{"sum":10,"id":"6"},{"sum":10,"id":"7"},{"sum":10,"id":"8"},{"sum":10,"id":"9"},{"sum":10,"id":"10"}]
2018-02-11 23:00:12  act 57 array=[{"start":0,"end":10,"id":"1"},{"start":10,"end":20,"id":"2"},{"start":20,"end":30,"id":"3"},{"start":30,"end":40,"id":"4"},{"start":40,"end":50,"id":"5"},{"start":50,"end":60,"id":"6"},{"start":60,"end":70,"id":"7"},{"start":70,"end":80,"id":"8"},{"start":80,"end":90,"id":"9"},{"start":90,"end":100,"id":"10"}]
2018-02-11 23:00:12  act 60 round=58
2018-02-11 23:00:12  act 63 end=60
2018-02-11 23:00:12  act 64 start=50
2018-02-11 23:00:12  act 71 id 6
2018-02-11 23:00:12  act 72 luck_record_find={"id":"6","user_name":"\u6ef4\u6ef4\u7ea2\u5305","image_url":"\/Public\/bigwheel\/images\/image011.png","offer":"0.00","weight":"1","push":"2","click":"1","click_rate":"0","total":"0","channel_map_id":"10001","md5":"D89F3A35931C386956C1A402A8E09941","link_url":"http:\/\/wap.newtank.cn\/wap\/act\/didi\/index.html?adCode=601459d8","link_click":"0","luck_push":"0"}
2018-02-11 23:00:12  act 74 channel_count 10
2018-02-11 23:00:12  act 76 channel_find={"link_click":"0","click":"2","luck_push":"1","offer":"0.00"}
2018-02-11 23:00:12  act 79 click_rate=0
2018-02-11 23:00:12  act 85 channelModel UPDATE `a_luck_record` SET `CLICK_RATE`='0' WHERE `ID` = 6
2018-02-11 23:00:12  act 89 total 0.00
2018-02-11 23:00:12  act 91 channelModel UPDATE `a_luck_record` SET `TOTAL`='0.00' WHERE `ID` = 6
2018-02-11 23:00:12  act 92 channel_save_total 1
2018-02-11 23:00:12  act 95 =======计算次数结束======：{"status":"200","imgurl":"\/Public\/bigwheel\/images\/image011.png","link":"http:\/\/wap.newtank.cn\/wap\/act\/didi\/index.html?adCode=601459d8","position":"6","id":"6","title":"\u6ef4\u6ef4\u7ea2\u5305"}
2018-02-11 23:00:16  act 16 =======计算次数开始======：{"CHANNEL_MAP_ID":"D89F3A35931C386956C1A402A8E09941","type":"LINK_CLICK","id":"6"}
2018-02-11 23:00:16  act 106 channelModel UPDATE `a_luck_record` SET `LINK_CLICK`=LINK_CLICK+1 WHERE `ID` = 6
2018-02-11 23:00:16  act 107 channel_count 1
2018-02-11 23:00:16  act 110 channel_find={"link_click":"1","click":"2","offer":"0.00"}
2018-02-11 23:00:16  act 113 click_rate=50
2018-02-11 23:00:16  act 118 channelModel UPDATE `a_luck_record` SET `CLICK_RATE`='50' WHERE `ID` = 6
2018-02-11 23:00:16  act 122 total 0.00
2018-02-11 23:00:16  act 124 channelModel UPDATE `a_luck_record` SET `TOTAL`='0.00' WHERE `ID` = 6
2018-02-11 23:00:16  act 125 channel_save_total 0
2018-02-11 23:00:36  act 16 =======计算次数开始======：{"CHANNEL_MAP_ID":"D89F3A35931C386956C1A402A8E09941","type":"PUSH"}
2018-02-11 23:00:36  act 101 channelModel UPDATE `a_luck_record` SET `PUSH`=PUSH+1 WHERE `MD5` = 'D89F3A35931C386956C1A402A8E09941'
2018-02-11 23:00:36  act 102 channel_count 10
2018-02-11 23:01:41  act 16 =======计算次数开始======：{"draw_num":"2","system":"3","coupon_idlist":"6","CHANNEL_MAP_ID":"D89F3A35931C386956C1A402A8E09941","type":"MD5"}
2018-02-11 23:01:41  act 22 MD5 D89F3A35931C386956C1A402A8E09941
2018-02-11 23:01:41  act 23 channelModel SELECT * FROM `a_luck_record` WHERE `MD5` = 'D89F3A35931C386956C1A402A8E09941' LIMIT 1  
2018-02-11 23:01:41  act 31 channel_select [{"id":"1","user_name":"PPTV\u4f1a\u5458\u514d\u8d39\u9001","image_url":"\/Public\/bigwheel\/images\/image001.png","offer":"0.01","weight":"1","push":"3","click":"2","click_rate":"0","total":"7.80","channel_map_id":"10001","md5":"D89F3A35931C386956C1A402A8E09941","link_url":"http:\/\/wap.newtank.cn\/wap\/act\/pptv\/index.html?adCode=90c7e686","link_click":"0","luck_push":"0"},{"id":"2","user_name":"PPTV-\u6625\u8282\u7248","image_url":"\/Public\/bigwheel\/images\/image003.png","offer":"0.01","weight":"1","push":"3","click":"2","click_rate":"0","total":"3.00","channel_map_id":"10001","md5":"D89F3A35931C386956C1A402A8E09941","link_url":"http:\/\/wap.newtank.cn\/newtank\/act\/pptv0118\/index.html?adCode=90c7e686","link_click":"0","luck_push":"0"},{"id":"3","user_name":"\u7231\u5947\u827a","image_url":"\/Public\/bigwheel\/images\/image005.png","offer":"0.01","weight":"1","push":"3","click":"2","click_rate":"0","total":"0.00","channel_map_id":"10001","md5":"D89F3A35931C386956C1A402A8E09941","link_url":"http:\/\/wap.newtank.cn\/wap\/act\/aiqiyi0104\/index.html?adCode=e9a805d8","link_click":"0","luck_push":"0"},{"id":"4","user_name":"\u7535\u5f71\u7968","image_url":"\/Public\/bigwheel\/images\/image007.png","offer":"0.01","weight":"1","push":"3","click":"2","click_rate":"100","total":"0.00","channel_map_id":"10001","md5":"D89F3A35931C386956C1A402A8E09941","link_url":"  http:\/\/wap.newtank.cn\/wap\/act\/film1226\/index.html?adCode=1091c78e","link_click":"1","luck_push":"1"},{"id":"5","user_name":"\u53e3\u7ea2\u7248","image_url":"\/Public\/bigwheel\/images\/image009.png","offer":"0.01","weight":"1","push":"3","click":"2","click_rate":"0","total":"0","channel_map_id":"10001","md5":"D89F3A35931C386956C1A402A8E09941","link_url":"http:\/\/wap.newtank.cn\/newtank\/act\/dragonfly\/index.html?adCode=e6996949","link_click":"0","luck_push":"0"},{"id":"6","user_name":"\u6ef4\u6ef4\u7ea2\u5305","image_url":"\/Public\/bigwheel\/images\/image011.png","offer":"0.01","weight":"1","push":"3","click":"2","click_rate":"50","total":"0.00","channel_map_id":"10001","md5":"D89F3A35931C386956C1A402A8E09941","link_url":"http:\/\/wap.newtank.cn\/wap\/act\/didi\/index.html?adCode=601459d8","link_click":"1","luck_push":"1"},{"id":"7","user_name":"\u901a\u7528\u7248","image_url":"\/Public\/bigwheel\/images\/image015.png","offer":"0.01","weight":"1","push":"3","click":"2","click_rate":"0","total":"0","channel_map_id":"10001","md5":"D89F3A35931C386956C1A402A8E09941","link_url":"http:\/\/wap.newtank.cn\/newtank\/act\/calculate\/index.html?adCode=81ee33e8","link_click":"0","luck_push":"0"},{"id":"8","user_name":"\u53e3\u7f69","image_url":"\/Public\/bigwheel\/images\/image017.png","offer":"0.01","weight":"1","push":"3","click":"2","click_rate":"0","total":"0","channel_map_id":"10001","md5":"D89F3A35931C386956C1A402A8E09941","link_url":"http:\/\/wap.newtank.cn\/newtank\/act\/haze\/index.html?adCode=81ee33e8","link_click":"0","luck_push":"0"},{"id":"9","user_name":"\u56fd\u8d38\u7248","image_url":"\/Public\/bigwheel\/images\/image019.png","offer":"0.01","weight":"1","push":"3","click":"2","click_rate":"0","total":"0","channel_map_id":"10001","md5":"D89F3A35931C386956C1A402A8E09941","link_url":"http:\/\/wap.newtank.cn\/newtank\/act\/aikang\/index.html?adCode=81ee33e8","link_click":"0","luck_push":"0"},{"id":"10","user_name":"OFO\u7248","image_url":"\/Public\/bigwheel\/images\/image013.png","offer":"0.01","weight":"1","push":"3","click":"2","click_rate":"0","total":"0","channel_map_id":"10001","md5":"D89F3A35931C386956C1A402A8E09941","link_url":"http:\/\/wap.newtank.cn\/newtank\/act\/ofo0129\/index.html?adCode=81ee33e8","link_click":"0","luck_push":"0"}]
2018-02-11 23:01:41  act 32 channel_select_sum [{"weight1":"10","offer1":"0.09999999999999999"}]
2018-02-11 23:01:41  act 37 sumWeight=10
2018-02-11 23:01:41  act 38 sumOffer=0.09999999999999999
2018-02-11 23:01:41  act 45 sum=[{"sum":10,"id":"1"},{"sum":10,"id":"2"},{"sum":10,"id":"3"},{"sum":10,"id":"4"},{"sum":10,"id":"5"},{"sum":10,"id":"6"},{"sum":10,"id":"7"},{"sum":10,"id":"8"},{"sum":10,"id":"9"},{"sum":10,"id":"10"}]
2018-02-11 23:01:41  act 57 array=[{"start":0,"end":10,"id":"1"},{"start":10,"end":20,"id":"2"},{"start":20,"end":30,"id":"3"},{"start":30,"end":40,"id":"4"},{"start":40,"end":50,"id":"5"},{"start":50,"end":60,"id":"6"},{"start":60,"end":70,"id":"7"},{"start":70,"end":80,"id":"8"},{"start":80,"end":90,"id":"9"},{"start":90,"end":100,"id":"10"}]
2018-02-11 23:01:41  act 60 round=100
2018-02-11 23:01:41  act 63 end=100
2018-02-11 23:01:41  act 64 start=90
2018-02-11 23:01:41  act 71 id 10
2018-02-11 23:01:41  act 72 luck_record_find={"id":"10","user_name":"OFO\u7248","image_url":"\/Public\/bigwheel\/images\/image013.png","offer":"0.01","weight":"1","push":"3","click":"2","click_rate":"0","total":"0","channel_map_id":"10001","md5":"D89F3A35931C386956C1A402A8E09941","link_url":"http:\/\/wap.newtank.cn\/newtank\/act\/ofo0129\/index.html?adCode=81ee33e8","link_click":"0","luck_push":"0"}
2018-02-11 23:01:41  act 74 channel_count 10
2018-02-11 23:01:41  act 76 channel_find={"link_click":"0","click":"3","luck_push":"1","offer":"0.01"}
2018-02-11 23:01:41  act 79 click_rate=0
2018-02-11 23:01:41  act 85 channelModel UPDATE `a_luck_record` SET `CLICK_RATE`='0' WHERE `ID` = 10
2018-02-11 23:01:41  act 89 total 0.00
2018-02-11 23:01:41  act 91 channelModel UPDATE `a_luck_record` SET `TOTAL`='0.00' WHERE `ID` = 10
2018-02-11 23:01:41  act 92 channel_save_total 1
2018-02-11 23:01:41  act 95 =======计算次数结束======：{"status":"200","imgurl":"\/Public\/bigwheel\/images\/image013.png","link":"http:\/\/wap.newtank.cn\/newtank\/act\/ofo0129\/index.html?adCode=81ee33e8","position":"6","id":"10","title":"OFO\u7248"}
2018-02-11 23:01:46  act 16 =======计算次数开始======：{"CHANNEL_MAP_ID":"D89F3A35931C386956C1A402A8E09941","type":"LINK_CLICK","id":"10"}
2018-02-11 23:01:46  act 106 channelModel UPDATE `a_luck_record` SET `LINK_CLICK`=LINK_CLICK+1 WHERE `ID` = 10
2018-02-11 23:01:46  act 107 channel_count 1
2018-02-11 23:01:46  act 110 channel_find={"link_click":"1","click":"3","offer":"0.01"}
2018-02-11 23:01:46  act 113 click_rate=33.33
2018-02-11 23:01:46  act 118 channelModel UPDATE `a_luck_record` SET `CLICK_RATE`='33.33' WHERE `ID` = 10
2018-02-11 23:01:46  act 122 total 0.01
2018-02-11 23:01:46  act 124 channelModel UPDATE `a_luck_record` SET `TOTAL`='0.01' WHERE `ID` = 10
2018-02-11 23:01:46  act 125 channel_save_total 1
2018-02-11 23:01:47  act 16 =======计算次数开始======：{"CHANNEL_MAP_ID":"D89F3A35931C386956C1A402A8E09941","type":"PUSH"}
2018-02-11 23:01:47  act 101 channelModel UPDATE `a_luck_record` SET `PUSH`=PUSH+1 WHERE `MD5` = 'D89F3A35931C386956C1A402A8E09941'
2018-02-11 23:01:47  act 102 channel_count 10
