2018-02-25 13:30:22  act 16 =======计算次数开始======：{"CHANNEL_MAP_ID":"D89F3A35931C386956C1A402A8E09941","type":"PUSH"}
2018-02-25 13:30:22  act 101 channelModel UPDATE `a_luck_record` SET `PUSH`=PUSH+1 WHERE `MD5` = 'D89F3A35931C386956C1A402A8E09941'
2018-02-25 13:30:22  act 102 channel_count 10
2018-02-25 13:30:28  act 16 =======计算次数开始======：{"draw_num":"3","system":"3","coupon_idlist":"","CHANNEL_MAP_ID":"D89F3A35931C386956C1A402A8E09941","type":"MD5"}
2018-02-25 13:30:28  act 22 MD5 D89F3A35931C386956C1A402A8E09941
2018-02-25 13:30:28  act 23 channelModel SELECT * FROM `a_luck_record` WHERE `MD5` = 'D89F3A35931C386956C1A402A8E09941' LIMIT 1  
2018-02-25 13:30:28  act 31 channel_select [{"id":"1","user_name":"PPTV\u4f1a\u5458\u514d\u8d39\u9001","image_url":"\/Public\/bigwheel\/images\/image001.png","offer":"0.01","weight":"1","push":"17","click":"26","click_rate":"0","total":"0.00","channel_map_id":"10001","md5":"D89F3A35931C386956C1A402A8E09941","link_url":"http:\/\/wap.newtank.cn\/wap\/act\/pptv\/index.html?adCode=90c7e686","link_click":"0","luck_push":"3"},{"id":"2","user_name":"PPTV-\u6625\u8282\u7248","image_url":"\/Public\/bigwheel\/images\/image003.png","offer":"0.01","weight":"1","push":"17","click":"26","click_rate":"25","total":"0.01","channel_map_id":"10001","md5":"D89F3A35931C386956C1A402A8E09941","link_url":"http:\/\/wap.newtank.cn\/newtank\/act\/pptv0118\/index.html?adCode=90c7e686","link_click":"1","luck_push":"1"},{"id":"3","user_name":"\u7231\u5947\u827a","image_url":"\/Public\/bigwheel\/images\/image005.png","offer":"0.01","weight":"1","push":"17","click":"26","click_rate":"25","total":"0.05","channel_map_id":"10001","md5":"D89F3A35931C386956C1A402A8E09941","link_url":"http:\/\/wap.newtank.cn\/wap\/act\/aiqiyi0104\/index.html?adCode=e9a805d8","link_click":"5","luck_push":"2"},{"id":"4","user_name":"\u7535\u5f71\u7968","image_url":"\/Public\/bigwheel\/images\/image007.png","offer":"0.01","weight":"1","push":"17","click":"26","click_rate":"0","total":"0.00","channel_map_id":"10001","md5":"D89F3A35931C386956C1A402A8E09941","link_url":"  http:\/\/wap.newtank.cn\/wap\/act\/film1226\/index.html?adCode=1091c78e","link_click":"0","luck_push":"2"},{"id":"5","user_name":"\u53e3\u7ea2\u7248","image_url":"\/Public\/bigwheel\/images\/image009.png","offer":"0.01","weight":"1","push":"17","click":"26","click_rate":"66.67","total":"0.02","channel_map_id":"10001","md5":"D89F3A35931C386956C1A402A8E09941","link_url":"http:\/\/wap.newtank.cn\/newtank\/act\/dragonfly\/index.html?adCode=e6996949","link_click":"2","luck_push":"3"},{"id":"6","user_name":"\u6ef4\u6ef4\u7ea2\u5305","image_url":"\/Public\/bigwheel\/images\/image011.png","offer":"0.01","weight":"1","push":"17","click":"26","click_rate":"33.33","total":"0.01","channel_map_id":"10001","md5":"D89F3A35931C386956C1A402A8E09941","link_url":"http:\/\/wap.newtank.cn\/wap\/act\/didi\/index.html?adCode=601459d8","link_click":"1","luck_push":"3"},{"id":"7","user_name":"\u901a\u7528\u7248","image_url":"\/Public\/bigwheel\/images\/image015.png","offer":"0.01","weight":"1","push":"17","click":"26","click_rate":"25","total":"0.01","channel_map_id":"10001","md5":"D89F3A35931C386956C1A402A8E09941","link_url":"http:\/\/wap.newtank.cn\/newtank\/act\/calculate\/index.html?adCode=81ee33e8","link_click":"1","luck_push":"4"},{"id":"8","user_name":"\u53e3\u7f69","image_url":"\/Public\/bigwheel\/images\/image017.png","offer":"0.01","weight":"1","push":"17","click":"26","click_rate":"0","total":"0","channel_map_id":"10001","md5":"D89F3A35931C386956C1A402A8E09941","link_url":"http:\/\/wap.newtank.cn\/newtank\/act\/haze\/index.html?adCode=81ee33e8","link_click":"0","luck_push":"0"},{"id":"9","user_name":"\u56fd\u8d38\u7248","image_url":"\/Public\/bigwheel\/images\/image019.png","offer":"0.01","weight":"1","push":"17","click":"26","click_rate":"0","total":"0.00","channel_map_id":"10001","md5":"D89F3A35931C386956C1A402A8E09941","link_url":"http:\/\/wap.newtank.cn\/newtank\/act\/aikang\/index.html?adCode=81ee33e8","link_click":"0","luck_push":"3"},{"id":"10","user_name":"OFO\u7248","image_url":"\/Public\/bigwheel\/images\/image013.png","offer":"0.01","weight":"1","push":"17","click":"26","click_rate":"0","total":"0.00","channel_map_id":"10001","md5":"D89F3A35931C386956C1A402A8E09941","link_url":"http:\/\/wap.newtank.cn\/newtank\/act\/ofo0129\/index.html?adCode=81ee33e8","link_click":"0","luck_push":"5"}]
2018-02-25 13:30:28  act 32 channel_select_sum [{"weight1":"10","offer1":"0.09999999999999999"}]
2018-02-25 13:30:28  act 37 sumWeight=10
2018-02-25 13:30:28  act 38 sumOffer=0.09999999999999999
2018-02-25 13:30:28  act 45 sum=[{"sum":10,"id":"1"},{"sum":10,"id":"2"},{"sum":10,"id":"3"},{"sum":10,"id":"4"},{"sum":10,"id":"5"},{"sum":10,"id":"6"},{"sum":10,"id":"7"},{"sum":10,"id":"8"},{"sum":10,"id":"9"},{"sum":10,"id":"10"}]
2018-02-25 13:30:28  act 57 array=[{"start":0,"end":10,"id":"1"},{"start":10,"end":20,"id":"2"},{"start":20,"end":30,"id":"3"},{"start":30,"end":40,"id":"4"},{"start":40,"end":50,"id":"5"},{"start":50,"end":60,"id":"6"},{"start":60,"end":70,"id":"7"},{"start":70,"end":80,"id":"8"},{"start":80,"end":90,"id":"9"},{"start":90,"end":100,"id":"10"}]
2018-02-25 13:30:28  act 60 round=11
2018-02-25 13:30:28  act 63 end=20
2018-02-25 13:30:28  act 64 start=10
2018-02-25 13:30:28  act 71 id 2
2018-02-25 13:30:28  act 72 luck_record_find={"id":"2","user_name":"PPTV-\u6625\u8282\u7248","image_url":"\/Public\/bigwheel\/images\/image003.png","offer":"0.01","weight":"1","push":"17","click":"26","click_rate":"25","total":"0.01","channel_map_id":"10001","md5":"D89F3A35931C386956C1A402A8E09941","link_url":"http:\/\/wap.newtank.cn\/newtank\/act\/pptv0118\/index.html?adCode=90c7e686","link_click":"1","luck_push":"1"}
2018-02-25 13:30:28  act 74 channel_count 10
2018-02-25 13:30:28  act 76 channel_find={"link_click":"1","click":"27","luck_push":"2","offer":"0.01"}
2018-02-25 13:30:28  act 79 click_rate=50
2018-02-25 13:30:28  act 85 channelModel UPDATE `a_luck_record` SET `CLICK_RATE`='50' WHERE `ID` = 2
2018-02-25 13:30:28  act 89 total 0.01
2018-02-25 13:30:28  act 91 channelModel UPDATE `a_luck_record` SET `TOTAL`='0.01' WHERE `ID` = 2
2018-02-25 13:30:28  act 92 channel_save_total 0
2018-02-25 13:30:28  act 95 =======计算次数结束======：{"status":"200","imgurl":"\/Public\/bigwheel\/images\/image003.png","link":"http:\/\/wap.newtank.cn\/newtank\/act\/pptv0118\/index.html?adCode=90c7e686","position":"6","id":"2","title":"PPTV-\u6625\u8282\u7248"}
2018-02-25 13:30:31  act 16 =======计算次数开始======：{"CHANNEL_MAP_ID":"D89F3A35931C386956C1A402A8E09941","type":"LINK_CLICK","id":"2"}
2018-02-25 13:30:31  act 106 channelModel UPDATE `a_luck_record` SET `LINK_CLICK`=LINK_CLICK+1 WHERE `ID` = 2
2018-02-25 13:30:31  act 107 channel_count 1
2018-02-25 13:30:31  act 110 channel_find={"link_click":"2","click":"27","offer":"0.01"}
2018-02-25 13:30:31  act 113 click_rate=7.41
2018-02-25 13:30:31  act 118 channelModel UPDATE `a_luck_record` SET `CLICK_RATE`='7.41' WHERE `ID` = 2
2018-02-25 13:30:31  act 122 total 0.02
2018-02-25 13:30:31  act 124 channelModel UPDATE `a_luck_record` SET `TOTAL`='0.02' WHERE `ID` = 2
2018-02-25 13:30:31  act 125 channel_save_total 1
2018-02-25 13:30:36  act 16 =======计算次数开始======：{"CHANNEL_MAP_ID":"D89F3A35931C386956C1A402A8E09941","type":"PUSH"}
2018-02-25 13:30:36  act 101 channelModel UPDATE `a_luck_record` SET `PUSH`=PUSH+1 WHERE `MD5` = 'D89F3A35931C386956C1A402A8E09941'
2018-02-25 13:30:36  act 102 channel_count 10
2018-02-25 13:30:37  act 16 =======计算次数开始======：{"draw_num":"2","system":"3","coupon_idlist":"2","CHANNEL_MAP_ID":"D89F3A35931C386956C1A402A8E09941","type":"MD5"}
2018-02-25 13:30:37  act 22 MD5 D89F3A35931C386956C1A402A8E09941
2018-02-25 13:30:37  act 23 channelModel SELECT * FROM `a_luck_record` WHERE `MD5` = 'D89F3A35931C386956C1A402A8E09941' LIMIT 1  
2018-02-25 13:30:37  act 31 channel_select [{"id":"1","user_name":"PPTV\u4f1a\u5458\u514d\u8d39\u9001","image_url":"\/Public\/bigwheel\/images\/image001.png","offer":"0.01","weight":"1","push":"18","click":"27","click_rate":"0","total":"0.00","channel_map_id":"10001","md5":"D89F3A35931C386956C1A402A8E09941","link_url":"http:\/\/wap.newtank.cn\/wap\/act\/pptv\/index.html?adCode=90c7e686","link_click":"0","luck_push":"3"},{"id":"2","user_name":"PPTV-\u6625\u8282\u7248","image_url":"\/Public\/bigwheel\/images\/image003.png","offer":"0.01","weight":"1","push":"18","click":"27","click_rate":"7.41","total":"0.02","channel_map_id":"10001","md5":"D89F3A35931C386956C1A402A8E09941","link_url":"http:\/\/wap.newtank.cn\/newtank\/act\/pptv0118\/index.html?adCode=90c7e686","link_click":"2","luck_push":"2"},{"id":"3","user_name":"\u7231\u5947\u827a","image_url":"\/Public\/bigwheel\/images\/image005.png","offer":"0.01","weight":"1","push":"18","click":"27","click_rate":"25","total":"0.05","channel_map_id":"10001","md5":"D89F3A35931C386956C1A402A8E09941","link_url":"http:\/\/wap.newtank.cn\/wap\/act\/aiqiyi0104\/index.html?adCode=e9a805d8","link_click":"5","luck_push":"2"},{"id":"4","user_name":"\u7535\u5f71\u7968","image_url":"\/Public\/bigwheel\/images\/image007.png","offer":"0.01","weight":"1","push":"18","click":"27","click_rate":"0","total":"0.00","channel_map_id":"10001","md5":"D89F3A35931C386956C1A402A8E09941","link_url":"  http:\/\/wap.newtank.cn\/wap\/act\/film1226\/index.html?adCode=1091c78e","link_click":"0","luck_push":"2"},{"id":"5","user_name":"\u53e3\u7ea2\u7248","image_url":"\/Public\/bigwheel\/images\/image009.png","offer":"0.01","weight":"1","push":"18","click":"27","click_rate":"66.67","total":"0.02","channel_map_id":"10001","md5":"D89F3A35931C386956C1A402A8E09941","link_url":"http:\/\/wap.newtank.cn\/newtank\/act\/dragonfly\/index.html?adCode=e6996949","link_click":"2","luck_push":"3"},{"id":"6","user_name":"\u6ef4\u6ef4\u7ea2\u5305","image_url":"\/Public\/bigwheel\/images\/image011.png","offer":"0.01","weight":"1","push":"18","click":"27","click_rate":"33.33","total":"0.01","channel_map_id":"10001","md5":"D89F3A35931C386956C1A402A8E09941","link_url":"http:\/\/wap.newtank.cn\/wap\/act\/didi\/index.html?adCode=601459d8","link_click":"1","luck_push":"3"},{"id":"7","user_name":"\u901a\u7528\u7248","image_url":"\/Public\/bigwheel\/images\/image015.png","offer":"0.01","weight":"1","push":"18","click":"27","click_rate":"25","total":"0.01","channel_map_id":"10001","md5":"D89F3A35931C386956C1A402A8E09941","link_url":"http:\/\/wap.newtank.cn\/newtank\/act\/calculate\/index.html?adCode=81ee33e8","link_click":"1","luck_push":"4"},{"id":"8","user_name":"\u53e3\u7f69","image_url":"\/Public\/bigwheel\/images\/image017.png","offer":"0.01","weight":"1","push":"18","click":"27","click_rate":"0","total":"0","channel_map_id":"10001","md5":"D89F3A35931C386956C1A402A8E09941","link_url":"http:\/\/wap.newtank.cn\/newtank\/act\/haze\/index.html?adCode=81ee33e8","link_click":"0","luck_push":"0"},{"id":"9","user_name":"\u56fd\u8d38\u7248","image_url":"\/Public\/bigwheel\/images\/image019.png","offer":"0.01","weight":"1","push":"18","click":"27","click_rate":"0","total":"0.00","channel_map_id":"10001","md5":"D89F3A35931C386956C1A402A8E09941","link_url":"http:\/\/wap.newtank.cn\/newtank\/act\/aikang\/index.html?adCode=81ee33e8","link_click":"0","luck_push":"3"},{"id":"10","user_name":"OFO\u7248","image_url":"\/Public\/bigwheel\/images\/image013.png","offer":"0.01","weight":"1","push":"18","click":"27","click_rate":"0","total":"0.00","channel_map_id":"10001","md5":"D89F3A35931C386956C1A402A8E09941","link_url":"http:\/\/wap.newtank.cn\/newtank\/act\/ofo0129\/index.html?adCode=81ee33e8","link_click":"0","luck_push":"5"}]
2018-02-25 13:30:37  act 32 channel_select_sum [{"weight1":"10","offer1":"0.09999999999999999"}]
2018-02-25 13:30:37  act 37 sumWeight=10
2018-02-25 13:30:37  act 38 sumOffer=0.09999999999999999
2018-02-25 13:30:37  act 45 sum=[{"sum":10,"id":"1"},{"sum":10,"id":"2"},{"sum":10,"id":"3"},{"sum":10,"id":"4"},{"sum":10,"id":"5"},{"sum":10,"id":"6"},{"sum":10,"id":"7"},{"sum":10,"id":"8"},{"sum":10,"id":"9"},{"sum":10,"id":"10"}]
2018-02-25 13:30:37  act 57 array=[{"start":0,"end":10,"id":"1"},{"start":10,"end":20,"id":"2"},{"start":20,"end":30,"id":"3"},{"start":30,"end":40,"id":"4"},{"start":40,"end":50,"id":"5"},{"start":50,"end":60,"id":"6"},{"start":60,"end":70,"id":"7"},{"start":70,"end":80,"id":"8"},{"start":80,"end":90,"id":"9"},{"start":90,"end":100,"id":"10"}]
2018-02-25 13:30:37  act 60 round=9
2018-02-25 13:30:37  act 63 end=10
2018-02-25 13:30:37  act 64 start=0
2018-02-25 13:30:37  act 71 id 1
2018-02-25 13:30:37  act 72 luck_record_find={"id":"1","user_name":"PPTV\u4f1a\u5458\u514d\u8d39\u9001","image_url":"\/Public\/bigwheel\/images\/image001.png","offer":"0.01","weight":"1","push":"18","click":"27","click_rate":"0","total":"0.00","channel_map_id":"10001","md5":"D89F3A35931C386956C1A402A8E09941","link_url":"http:\/\/wap.newtank.cn\/wap\/act\/pptv\/index.html?adCode=90c7e686","link_click":"0","luck_push":"3"}
2018-02-25 13:30:37  act 74 channel_count 10
2018-02-25 13:30:37  act 76 channel_find={"link_click":"0","click":"28","luck_push":"4","offer":"0.01"}
2018-02-25 13:30:37  act 79 click_rate=0
2018-02-25 13:30:37  act 85 channelModel UPDATE `a_luck_record` SET `CLICK_RATE`='0' WHERE `ID` = 1
2018-02-25 13:30:37  act 89 total 0.00
2018-02-25 13:30:37  act 91 channelModel UPDATE `a_luck_record` SET `TOTAL`='0.00' WHERE `ID` = 1
2018-02-25 13:30:37  act 92 channel_save_total 0
2018-02-25 13:30:37  act 95 =======计算次数结束======：{"status":"200","imgurl":"\/Public\/bigwheel\/images\/image001.png","link":"http:\/\/wap.newtank.cn\/wap\/act\/pptv\/index.html?adCode=90c7e686","position":"6","id":"1","title":"PPTV\u4f1a\u5458\u514d\u8d39\u9001"}
2018-02-25 13:30:43  act 16 =======计算次数开始======：{"draw_num":"1","system":"3","coupon_idlist":"2,1","CHANNEL_MAP_ID":"D89F3A35931C386956C1A402A8E09941","type":"MD5"}
2018-02-25 13:30:43  act 22 MD5 D89F3A35931C386956C1A402A8E09941
2018-02-25 13:30:43  act 23 channelModel SELECT * FROM `a_luck_record` WHERE `MD5` = 'D89F3A35931C386956C1A402A8E09941' LIMIT 1  
2018-02-25 13:30:43  act 31 channel_select [{"id":"1","user_name":"PPTV\u4f1a\u5458\u514d\u8d39\u9001","image_url":"\/Public\/bigwheel\/images\/image001.png","offer":"0.01","weight":"1","push":"18","click":"28","click_rate":"0","total":"0.00","channel_map_id":"10001","md5":"D89F3A35931C386956C1A402A8E09941","link_url":"http:\/\/wap.newtank.cn\/wap\/act\/pptv\/index.html?adCode=90c7e686","link_click":"0","luck_push":"4"},{"id":"2","user_name":"PPTV-\u6625\u8282\u7248","image_url":"\/Public\/bigwheel\/images\/image003.png","offer":"0.01","weight":"1","push":"18","click":"28","click_rate":"7.41","total":"0.02","channel_map_id":"10001","md5":"D89F3A35931C386956C1A402A8E09941","link_url":"http:\/\/wap.newtank.cn\/newtank\/act\/pptv0118\/index.html?adCode=90c7e686","link_click":"2","luck_push":"2"},{"id":"3","user_name":"\u7231\u5947\u827a","image_url":"\/Public\/bigwheel\/images\/image005.png","offer":"0.01","weight":"1","push":"18","click":"28","click_rate":"25","total":"0.05","channel_map_id":"10001","md5":"D89F3A35931C386956C1A402A8E09941","link_url":"http:\/\/wap.newtank.cn\/wap\/act\/aiqiyi0104\/index.html?adCode=e9a805d8","link_click":"5","luck_push":"2"},{"id":"4","user_name":"\u7535\u5f71\u7968","image_url":"\/Public\/bigwheel\/images\/image007.png","offer":"0.01","weight":"1","push":"18","click":"28","click_rate":"0","total":"0.00","channel_map_id":"10001","md5":"D89F3A35931C386956C1A402A8E09941","link_url":"  http:\/\/wap.newtank.cn\/wap\/act\/film1226\/index.html?adCode=1091c78e","link_click":"0","luck_push":"2"},{"id":"5","user_name":"\u53e3\u7ea2\u7248","image_url":"\/Public\/bigwheel\/images\/image009.png","offer":"0.01","weight":"1","push":"18","click":"28","click_rate":"66.67","total":"0.02","channel_map_id":"10001","md5":"D89F3A35931C386956C1A402A8E09941","link_url":"http:\/\/wap.newtank.cn\/newtank\/act\/dragonfly\/index.html?adCode=e6996949","link_click":"2","luck_push":"3"},{"id":"6","user_name":"\u6ef4\u6ef4\u7ea2\u5305","image_url":"\/Public\/bigwheel\/images\/image011.png","offer":"0.01","weight":"1","push":"18","click":"28","click_rate":"33.33","total":"0.01","channel_map_id":"10001","md5":"D89F3A35931C386956C1A402A8E09941","link_url":"http:\/\/wap.newtank.cn\/wap\/act\/didi\/index.html?adCode=601459d8","link_click":"1","luck_push":"3"},{"id":"7","user_name":"\u901a\u7528\u7248","image_url":"\/Public\/bigwheel\/images\/image015.png","offer":"0.01","weight":"1","push":"18","click":"28","click_rate":"25","total":"0.01","channel_map_id":"10001","md5":"D89F3A35931C386956C1A402A8E09941","link_url":"http:\/\/wap.newtank.cn\/newtank\/act\/calculate\/index.html?adCode=81ee33e8","link_click":"1","luck_push":"4"},{"id":"8","user_name":"\u53e3\u7f69","image_url":"\/Public\/bigwheel\/images\/image017.png","offer":"0.01","weight":"1","push":"18","click":"28","click_rate":"0","total":"0","channel_map_id":"10001","md5":"D89F3A35931C386956C1A402A8E09941","link_url":"http:\/\/wap.newtank.cn\/newtank\/act\/haze\/index.html?adCode=81ee33e8","link_click":"0","luck_push":"0"},{"id":"9","user_name":"\u56fd\u8d38\u7248","image_url":"\/Public\/bigwheel\/images\/image019.png","offer":"0.01","weight":"1","push":"18","click":"28","click_rate":"0","total":"0.00","channel_map_id":"10001","md5":"D89F3A35931C386956C1A402A8E09941","link_url":"http:\/\/wap.newtank.cn\/newtank\/act\/aikang\/index.html?adCode=81ee33e8","link_click":"0","luck_push":"3"},{"id":"10","user_name":"OFO\u7248","image_url":"\/Public\/bigwheel\/images\/image013.png","offer":"0.01","weight":"1","push":"18","click":"28","click_rate":"0","total":"0.00","channel_map_id":"10001","md5":"D89F3A35931C386956C1A402A8E09941","link_url":"http:\/\/wap.newtank.cn\/newtank\/act\/ofo0129\/index.html?adCode=81ee33e8","link_click":"0","luck_push":"5"}]
2018-02-25 13:30:43  act 32 channel_select_sum [{"weight1":"10","offer1":"0.09999999999999999"}]
2018-02-25 13:30:43  act 37 sumWeight=10
2018-02-25 13:30:43  act 38 sumOffer=0.09999999999999999
2018-02-25 13:30:43  act 45 sum=[{"sum":10,"id":"1"},{"sum":10,"id":"2"},{"sum":10,"id":"3"},{"sum":10,"id":"4"},{"sum":10,"id":"5"},{"sum":10,"id":"6"},{"sum":10,"id":"7"},{"sum":10,"id":"8"},{"sum":10,"id":"9"},{"sum":10,"id":"10"}]
2018-02-25 13:30:43  act 57 array=[{"start":0,"end":10,"id":"1"},{"start":10,"end":20,"id":"2"},{"start":20,"end":30,"id":"3"},{"start":30,"end":40,"id":"4"},{"start":40,"end":50,"id":"5"},{"start":50,"end":60,"id":"6"},{"start":60,"end":70,"id":"7"},{"start":70,"end":80,"id":"8"},{"start":80,"end":90,"id":"9"},{"start":90,"end":100,"id":"10"}]
2018-02-25 13:30:43  act 60 round=47
2018-02-25 13:30:43  act 63 end=50
2018-02-25 13:30:43  act 64 start=40
2018-02-25 13:30:43  act 71 id 5
2018-02-25 13:30:43  act 72 luck_record_find={"id":"5","user_name":"\u53e3\u7ea2\u7248","image_url":"\/Public\/bigwheel\/images\/image009.png","offer":"0.01","weight":"1","push":"18","click":"28","click_rate":"66.67","total":"0.02","channel_map_id":"10001","md5":"D89F3A35931C386956C1A402A8E09941","link_url":"http:\/\/wap.newtank.cn\/newtank\/act\/dragonfly\/index.html?adCode=e6996949","link_click":"2","luck_push":"3"}
2018-02-25 13:30:43  act 74 channel_count 10
2018-02-25 13:30:43  act 76 channel_find={"link_click":"2","click":"29","luck_push":"4","offer":"0.01"}
2018-02-25 13:30:43  act 79 click_rate=50
2018-02-25 13:30:43  act 85 channelModel UPDATE `a_luck_record` SET `CLICK_RATE`='50' WHERE `ID` = 5
2018-02-25 13:30:43  act 89 total 0.02
2018-02-25 13:30:43  act 91 channelModel UPDATE `a_luck_record` SET `TOTAL`='0.02' WHERE `ID` = 5
2018-02-25 13:30:43  act 92 channel_save_total 0
2018-02-25 13:30:43  act 95 =======计算次数结束======：{"status":"200","imgurl":"\/Public\/bigwheel\/images\/image009.png","link":"http:\/\/wap.newtank.cn\/newtank\/act\/dragonfly\/index.html?adCode=e6996949","position":"6","id":"5","title":"\u53e3\u7ea2\u7248"}
2018-02-25 20:06:29  act 16 =======计算次数开始======：{"CHANNEL_MAP_ID":"D89F3A35931C386956C1A402A8E09941","type":"PUSH"}
2018-02-25 20:06:29  act 101 channelModel UPDATE `a_luck_record` SET `PUSH`=PUSH+1 WHERE `MD5` = 'D89F3A35931C386956C1A402A8E09941'
2018-02-25 20:06:29  act 102 channel_count 10
2018-02-25 20:28:17  act 16 =======计算次数开始======：{"CHANNEL_MAP_ID":"D89F3A35931C386956C1A402A8E09941","type":"PUSH"}
2018-02-25 20:28:17  act 101 channelModel UPDATE `a_luck_record` SET `PUSH`=PUSH+1 WHERE `MD5` = 'D89F3A35931C386956C1A402A8E09941'
2018-02-25 20:28:17  act 102 channel_count 10
2018-02-25 20:28:18  act 16 =======计算次数开始======：{"CHANNEL_MAP_ID":"D89F3A35931C386956C1A402A8E09941","type":"PUSH"}
2018-02-25 20:28:18  act 101 channelModel UPDATE `a_luck_record` SET `PUSH`=PUSH+1 WHERE `MD5` = 'D89F3A35931C386956C1A402A8E09941'
2018-02-25 20:28:18  act 102 channel_count 10
2018-02-25 20:28:18  act 16 =======计算次数开始======：{"draw_num":"3","system":"2","coupon_idlist":"","CHANNEL_MAP_ID":"D89F3A35931C386956C1A402A8E09941","type":"MD5"}
2018-02-25 20:28:18  act 22 MD5 D89F3A35931C386956C1A402A8E09941
2018-02-25 20:28:18  act 23 channelModel SELECT * FROM `a_luck_record` WHERE `MD5` = 'D89F3A35931C386956C1A402A8E09941' LIMIT 1  
2018-02-25 20:28:18  act 31 channel_select [{"id":"1","user_name":"PPTV\u4f1a\u5458\u514d\u8d39\u9001","image_url":"\/Public\/bigwheel\/images\/image001.png","offer":"0.01","weight":"1","push":"21","click":"29","click_rate":"0","total":"0.00","channel_map_id":"10001","md5":"D89F3A35931C386956C1A402A8E09941","link_url":"http:\/\/wap.newtank.cn\/wap\/act\/pptv\/index.html?adCode=90c7e686","link_click":"0","luck_push":"4"},{"id":"2","user_name":"PPTV-\u6625\u8282\u7248","image_url":"\/Public\/bigwheel\/images\/image003.png","offer":"0.01","weight":"1","push":"21","click":"29","click_rate":"7.41","total":"0.02","channel_map_id":"10001","md5":"D89F3A35931C386956C1A402A8E09941","link_url":"http:\/\/wap.newtank.cn\/newtank\/act\/pptv0118\/index.html?adCode=90c7e686","link_click":"2","luck_push":"2"},{"id":"3","user_name":"\u7231\u5947\u827a","image_url":"\/Public\/bigwheel\/images\/image005.png","offer":"0.01","weight":"1","push":"21","click":"29","click_rate":"25","total":"0.05","channel_map_id":"10001","md5":"D89F3A35931C386956C1A402A8E09941","link_url":"http:\/\/wap.newtank.cn\/wap\/act\/aiqiyi0104\/index.html?adCode=e9a805d8","link_click":"5","luck_push":"2"},{"id":"4","user_name":"\u7535\u5f71\u7968","image_url":"\/Public\/bigwheel\/images\/image007.png","offer":"0.01","weight":"1","push":"21","click":"29","click_rate":"0","total":"0.00","channel_map_id":"10001","md5":"D89F3A35931C386956C1A402A8E09941","link_url":"  http:\/\/wap.newtank.cn\/wap\/act\/film1226\/index.html?adCode=1091c78e","link_click":"0","luck_push":"2"},{"id":"5","user_name":"\u53e3\u7ea2\u7248","image_url":"\/Public\/bigwheel\/images\/image009.png","offer":"0.01","weight":"1","push":"21","click":"29","click_rate":"50","total":"0.02","channel_map_id":"10001","md5":"D89F3A35931C386956C1A402A8E09941","link_url":"http:\/\/wap.newtank.cn\/newtank\/act\/dragonfly\/index.html?adCode=e6996949","link_click":"2","luck_push":"4"},{"id":"6","user_name":"\u6ef4\u6ef4\u7ea2\u5305","image_url":"\/Public\/bigwheel\/images\/image011.png","offer":"0.01","weight":"1","push":"21","click":"29","click_rate":"33.33","total":"0.01","channel_map_id":"10001","md5":"D89F3A35931C386956C1A402A8E09941","link_url":"http:\/\/wap.newtank.cn\/wap\/act\/didi\/index.html?adCode=601459d8","link_click":"1","luck_push":"3"},{"id":"7","user_name":"\u901a\u7528\u7248","image_url":"\/Public\/bigwheel\/images\/image015.png","offer":"0.01","weight":"1","push":"21","click":"29","click_rate":"25","total":"0.01","channel_map_id":"10001","md5":"D89F3A35931C386956C1A402A8E09941","link_url":"http:\/\/wap.newtank.cn\/newtank\/act\/calculate\/index.html?adCode=81ee33e8","link_click":"1","luck_push":"4"},{"id":"8","user_name":"\u53e3\u7f69","image_url":"\/Public\/bigwheel\/images\/image017.png","offer":"0.01","weight":"1","push":"21","click":"29","click_rate":"0","total":"0","channel_map_id":"10001","md5":"D89F3A35931C386956C1A402A8E09941","link_url":"http:\/\/wap.newtank.cn\/newtank\/act\/haze\/index.html?adCode=81ee33e8","link_click":"0","luck_push":"0"},{"id":"9","user_name":"\u56fd\u8d38\u7248","image_url":"\/Public\/bigwheel\/images\/image019.png","offer":"0.01","weight":"1","push":"21","click":"29","click_rate":"0","total":"0.00","channel_map_id":"10001","md5":"D89F3A35931C386956C1A402A8E09941","link_url":"http:\/\/wap.newtank.cn\/newtank\/act\/aikang\/index.html?adCode=81ee33e8","link_click":"0","luck_push":"3"},{"id":"10","user_name":"OFO\u7248","image_url":"\/Public\/bigwheel\/images\/image013.png","offer":"0.01","weight":"1","push":"21","click":"29","click_rate":"0","total":"0.00","channel_map_id":"10001","md5":"D89F3A35931C386956C1A402A8E09941","link_url":"http:\/\/wap.newtank.cn\/newtank\/act\/ofo0129\/index.html?adCode=81ee33e8","link_click":"0","luck_push":"5"}]
2018-02-25 20:28:18  act 32 channel_select_sum [{"weight1":"10","offer1":"0.09999999999999999"}]
2018-02-25 20:28:18  act 37 sumWeight=10
2018-02-25 20:28:18  act 38 sumOffer=0.09999999999999999
2018-02-25 20:28:18  act 45 sum=[{"sum":10,"id":"1"},{"sum":10,"id":"2"},{"sum":10,"id":"3"},{"sum":10,"id":"4"},{"sum":10,"id":"5"},{"sum":10,"id":"6"},{"sum":10,"id":"7"},{"sum":10,"id":"8"},{"sum":10,"id":"9"},{"sum":10,"id":"10"}]
2018-02-25 20:28:18  act 57 array=[{"start":0,"end":10,"id":"1"},{"start":10,"end":20,"id":"2"},{"start":20,"end":30,"id":"3"},{"start":30,"end":40,"id":"4"},{"start":40,"end":50,"id":"5"},{"start":50,"end":60,"id":"6"},{"start":60,"end":70,"id":"7"},{"start":70,"end":80,"id":"8"},{"start":80,"end":90,"id":"9"},{"start":90,"end":100,"id":"10"}]
2018-02-25 20:28:18  act 60 round=57
2018-02-25 20:28:18  act 63 end=60
2018-02-25 20:28:18  act 64 start=50
2018-02-25 20:28:18  act 71 id 6
2018-02-25 20:28:18  act 72 luck_record_find={"id":"6","user_name":"\u6ef4\u6ef4\u7ea2\u5305","image_url":"\/Public\/bigwheel\/images\/image011.png","offer":"0.01","weight":"1","push":"21","click":"29","click_rate":"33.33","total":"0.01","channel_map_id":"10001","md5":"D89F3A35931C386956C1A402A8E09941","link_url":"http:\/\/wap.newtank.cn\/wap\/act\/didi\/index.html?adCode=601459d8","link_click":"1","luck_push":"3"}
2018-02-25 20:28:18  act 74 channel_count 10
2018-02-25 20:28:18  act 76 channel_find={"link_click":"1","click":"30","luck_push":"4","offer":"0.01"}
2018-02-25 20:28:18  act 79 click_rate=25
2018-02-25 20:28:18  act 85 channelModel UPDATE `a_luck_record` SET `CLICK_RATE`='25' WHERE `ID` = 6
2018-02-25 20:28:18  act 89 total 0.01
2018-02-25 20:28:19  act 91 channelModel UPDATE `a_luck_record` SET `TOTAL`='0.01' WHERE `ID` = 6
2018-02-25 20:28:19  act 92 channel_save_total 0
2018-02-25 20:28:19  act 95 =======计算次数结束======：{"status":"200","imgurl":"\/Public\/bigwheel\/images\/image011.png","link":"http:\/\/wap.newtank.cn\/wap\/act\/didi\/index.html?adCode=601459d8","position":"6","id":"6","title":"\u6ef4\u6ef4\u7ea2\u5305"}
2018-02-25 20:28:23  act 16 =======计算次数开始======：{"draw_num":"2","system":"2","coupon_idlist":"6","CHANNEL_MAP_ID":"D89F3A35931C386956C1A402A8E09941","type":"MD5"}
2018-02-25 20:28:23  act 22 MD5 D89F3A35931C386956C1A402A8E09941
2018-02-25 20:28:23  act 23 channelModel SELECT * FROM `a_luck_record` WHERE `MD5` = 'D89F3A35931C386956C1A402A8E09941' LIMIT 1  
2018-02-25 20:28:23  act 31 channel_select [{"id":"1","user_name":"PPTV\u4f1a\u5458\u514d\u8d39\u9001","image_url":"\/Public\/bigwheel\/images\/image001.png","offer":"0.01","weight":"1","push":"21","click":"30","click_rate":"0","total":"0.00","channel_map_id":"10001","md5":"D89F3A35931C386956C1A402A8E09941","link_url":"http:\/\/wap.newtank.cn\/wap\/act\/pptv\/index.html?adCode=90c7e686","link_click":"0","luck_push":"4"},{"id":"2","user_name":"PPTV-\u6625\u8282\u7248","image_url":"\/Public\/bigwheel\/images\/image003.png","offer":"0.01","weight":"1","push":"21","click":"30","click_rate":"7.41","total":"0.02","channel_map_id":"10001","md5":"D89F3A35931C386956C1A402A8E09941","link_url":"http:\/\/wap.newtank.cn\/newtank\/act\/pptv0118\/index.html?adCode=90c7e686","link_click":"2","luck_push":"2"},{"id":"3","user_name":"\u7231\u5947\u827a","image_url":"\/Public\/bigwheel\/images\/image005.png","offer":"0.01","weight":"1","push":"21","click":"30","click_rate":"25","total":"0.05","channel_map_id":"10001","md5":"D89F3A35931C386956C1A402A8E09941","link_url":"http:\/\/wap.newtank.cn\/wap\/act\/aiqiyi0104\/index.html?adCode=e9a805d8","link_click":"5","luck_push":"2"},{"id":"4","user_name":"\u7535\u5f71\u7968","image_url":"\/Public\/bigwheel\/images\/image007.png","offer":"0.01","weight":"1","push":"21","click":"30","click_rate":"0","total":"0.00","channel_map_id":"10001","md5":"D89F3A35931C386956C1A402A8E09941","link_url":"  http:\/\/wap.newtank.cn\/wap\/act\/film1226\/index.html?adCode=1091c78e","link_click":"0","luck_push":"2"},{"id":"5","user_name":"\u53e3\u7ea2\u7248","image_url":"\/Public\/bigwheel\/images\/image009.png","offer":"0.01","weight":"1","push":"21","click":"30","click_rate":"50","total":"0.02","channel_map_id":"10001","md5":"D89F3A35931C386956C1A402A8E09941","link_url":"http:\/\/wap.newtank.cn\/newtank\/act\/dragonfly\/index.html?adCode=e6996949","link_click":"2","luck_push":"4"},{"id":"6","user_name":"\u6ef4\u6ef4\u7ea2\u5305","image_url":"\/Public\/bigwheel\/images\/image011.png","offer":"0.01","weight":"1","push":"21","click":"30","click_rate":"25","total":"0.01","channel_map_id":"10001","md5":"D89F3A35931C386956C1A402A8E09941","link_url":"http:\/\/wap.newtank.cn\/wap\/act\/didi\/index.html?adCode=601459d8","link_click":"1","luck_push":"4"},{"id":"7","user_name":"\u901a\u7528\u7248","image_url":"\/Public\/bigwheel\/images\/image015.png","offer":"0.01","weight":"1","push":"21","click":"30","click_rate":"25","total":"0.01","channel_map_id":"10001","md5":"D89F3A35931C386956C1A402A8E09941","link_url":"http:\/\/wap.newtank.cn\/newtank\/act\/calculate\/index.html?adCode=81ee33e8","link_click":"1","luck_push":"4"},{"id":"8","user_name":"\u53e3\u7f69","image_url":"\/Public\/bigwheel\/images\/image017.png","offer":"0.01","weight":"1","push":"21","click":"30","click_rate":"0","total":"0","channel_map_id":"10001","md5":"D89F3A35931C386956C1A402A8E09941","link_url":"http:\/\/wap.newtank.cn\/newtank\/act\/haze\/index.html?adCode=81ee33e8","link_click":"0","luck_push":"0"},{"id":"9","user_name":"\u56fd\u8d38\u7248","image_url":"\/Public\/bigwheel\/images\/image019.png","offer":"0.01","weight":"1","push":"21","click":"30","click_rate":"0","total":"0.00","channel_map_id":"10001","md5":"D89F3A35931C386956C1A402A8E09941","link_url":"http:\/\/wap.newtank.cn\/newtank\/act\/aikang\/index.html?adCode=81ee33e8","link_click":"0","luck_push":"3"},{"id":"10","user_name":"OFO\u7248","image_url":"\/Public\/bigwheel\/images\/image013.png","offer":"0.01","weight":"1","push":"21","click":"30","click_rate":"0","total":"0.00","channel_map_id":"10001","md5":"D89F3A35931C386956C1A402A8E09941","link_url":"http:\/\/wap.newtank.cn\/newtank\/act\/ofo0129\/index.html?adCode=81ee33e8","link_click":"0","luck_push":"5"}]
2018-02-25 20:28:23  act 32 channel_select_sum [{"weight1":"10","offer1":"0.09999999999999999"}]
2018-02-25 20:28:23  act 37 sumWeight=10
2018-02-25 20:28:23  act 38 sumOffer=0.09999999999999999
2018-02-25 20:28:23  act 45 sum=[{"sum":10,"id":"1"},{"sum":10,"id":"2"},{"sum":10,"id":"3"},{"sum":10,"id":"4"},{"sum":10,"id":"5"},{"sum":10,"id":"6"},{"sum":10,"id":"7"},{"sum":10,"id":"8"},{"sum":10,"id":"9"},{"sum":10,"id":"10"}]
2018-02-25 20:28:23  act 57 array=[{"start":0,"end":10,"id":"1"},{"start":10,"end":20,"id":"2"},{"start":20,"end":30,"id":"3"},{"start":30,"end":40,"id":"4"},{"start":40,"end":50,"id":"5"},{"start":50,"end":60,"id":"6"},{"start":60,"end":70,"id":"7"},{"start":70,"end":80,"id":"8"},{"start":80,"end":90,"id":"9"},{"start":90,"end":100,"id":"10"}]
2018-02-25 20:28:23  act 60 round=2
2018-02-25 20:28:23  act 63 end=10
2018-02-25 20:28:23  act 64 start=0
2018-02-25 20:28:23  act 71 id 1
2018-02-25 20:28:23  act 72 luck_record_find={"id":"1","user_name":"PPTV\u4f1a\u5458\u514d\u8d39\u9001","image_url":"\/Public\/bigwheel\/images\/image001.png","offer":"0.01","weight":"1","push":"21","click":"30","click_rate":"0","total":"0.00","channel_map_id":"10001","md5":"D89F3A35931C386956C1A402A8E09941","link_url":"http:\/\/wap.newtank.cn\/wap\/act\/pptv\/index.html?adCode=90c7e686","link_click":"0","luck_push":"4"}
2018-02-25 20:28:23  act 74 channel_count 10
2018-02-25 20:28:23  act 76 channel_find={"link_click":"0","click":"31","luck_push":"5","offer":"0.01"}
2018-02-25 20:28:23  act 79 click_rate=0
2018-02-25 20:28:23  act 85 channelModel UPDATE `a_luck_record` SET `CLICK_RATE`='0' WHERE `ID` = 1
2018-02-25 20:28:23  act 89 total 0.00
2018-02-25 20:28:23  act 91 channelModel UPDATE `a_luck_record` SET `TOTAL`='0.00' WHERE `ID` = 1
2018-02-25 20:28:23  act 92 channel_save_total 0
2018-02-25 20:28:23  act 95 =======计算次数结束======：{"status":"200","imgurl":"\/Public\/bigwheel\/images\/image001.png","link":"http:\/\/wap.newtank.cn\/wap\/act\/pptv\/index.html?adCode=90c7e686","position":"6","id":"1","title":"PPTV\u4f1a\u5458\u514d\u8d39\u9001"}
2018-02-25 20:28:28  act 16 =======计算次数开始======：{"CHANNEL_MAP_ID":"D89F3A35931C386956C1A402A8E09941","type":"LINK_CLICK","id":"6"}
2018-02-25 20:28:28  act 106 channelModel UPDATE `a_luck_record` SET `LINK_CLICK`=LINK_CLICK+1 WHERE `ID` = 6
2018-02-25 20:28:28  act 107 channel_count 1
2018-02-25 20:28:28  act 110 channel_find={"link_click":"2","click":"31","offer":"0.01"}
2018-02-25 20:28:28  act 113 click_rate=6.45
2018-02-25 20:28:28  act 118 channelModel UPDATE `a_luck_record` SET `CLICK_RATE`='6.45' WHERE `ID` = 6
2018-02-25 20:28:28  act 122 total 0.02
2018-02-25 20:28:28  act 124 channelModel UPDATE `a_luck_record` SET `TOTAL`='0.02' WHERE `ID` = 6
2018-02-25 20:28:28  act 125 channel_save_total 1
2018-02-25 21:39:47  act 16 =======计算次数开始======：{"CHANNEL_MAP_ID":"D89F3A35931C386956C1A402A8E09941","type":"PUSH"}
2018-02-25 21:39:47  act 101 channelModel UPDATE `a_luck_record` SET `PUSH`=PUSH+1 WHERE `MD5` = 'D89F3A35931C386956C1A402A8E09941'
2018-02-25 21:39:47  act 102 channel_count 10
2018-02-25 21:44:10  act 16 =======计算次数开始======：{"CHANNEL_MAP_ID":"D89F3A35931C386956C1A402A8E09941","type":"PUSH"}
2018-02-25 21:44:10  act 101 channelModel UPDATE `a_luck_record` SET `PUSH`=PUSH+1 WHERE `MD5` = 'D89F3A35931C386956C1A402A8E09941'
2018-02-25 21:44:10  act 102 channel_count 10
