2018-02-20 13:43:12  act 16 =======计算次数开始======：{"CHANNEL_MAP_ID":"D89F3A35931C386956C1A402A8E09941","type":"PUSH"}
2018-02-20 13:43:13  act 101 channelModel UPDATE `a_luck_record` SET `PUSH`=PUSH+1 WHERE `MD5` = 'D89F3A35931C386956C1A402A8E09941'
2018-02-20 13:43:13  act 102 channel_count 10
2018-02-20 13:43:13  act 16 =======计算次数开始======：[]
2018-02-20 13:43:25  act 16 =======计算次数开始======：{"CHANNEL_MAP_ID":"D89F3A35931C386956C1A402A8E09941","type":"PUSH"}
2018-02-20 13:43:25  act 101 channelModel UPDATE `a_luck_record` SET `PUSH`=PUSH+1 WHERE `MD5` = 'D89F3A35931C386956C1A402A8E09941'
2018-02-20 13:43:25  act 102 channel_count 10
2018-02-20 13:43:27  act 16 =======计算次数开始======：{"draw_num":"3","system":"2","coupon_idlist":"","CHANNEL_MAP_ID":"D89F3A35931C386956C1A402A8E09941","type":"MD5"}
2018-02-20 13:43:27  act 22 MD5 D89F3A35931C386956C1A402A8E09941
2018-02-20 13:43:27  act 23 channelModel SELECT * FROM `a_luck_record` WHERE `MD5` = 'D89F3A35931C386956C1A402A8E09941' LIMIT 1  
2018-02-20 13:43:27  act 31 channel_select [{"id":"1","user_name":"PPTV\u4f1a\u5458\u514d\u8d39\u9001","image_url":"\/Public\/bigwheel\/images\/image001.png","offer":"0.01","weight":"1","push":"15","click":"25","click_rate":"0","total":"0.00","channel_map_id":"10001","md5":"D89F3A35931C386956C1A402A8E09941","link_url":"http:\/\/wap.newtank.cn\/wap\/act\/pptv\/index.html?adCode=90c7e686","link_click":"0","luck_push":"3"},{"id":"2","user_name":"PPTV-\u6625\u8282\u7248","image_url":"\/Public\/bigwheel\/images\/image003.png","offer":"0.01","weight":"1","push":"15","click":"25","click_rate":"25","total":"0.01","channel_map_id":"10001","md5":"D89F3A35931C386956C1A402A8E09941","link_url":"http:\/\/wap.newtank.cn\/newtank\/act\/pptv0118\/index.html?adCode=90c7e686","link_click":"1","luck_push":"1"},{"id":"3","user_name":"\u7231\u5947\u827a","image_url":"\/Public\/bigwheel\/images\/image005.png","offer":"0.01","weight":"1","push":"15","click":"25","click_rate":"25","total":"0.05","channel_map_id":"10001","md5":"D89F3A35931C386956C1A402A8E09941","link_url":"http:\/\/wap.newtank.cn\/wap\/act\/aiqiyi0104\/index.html?adCode=e9a805d8","link_click":"5","luck_push":"2"},{"id":"4","user_name":"\u7535\u5f71\u7968","image_url":"\/Public\/bigwheel\/images\/image007.png","offer":"0.01","weight":"1","push":"15","click":"25","click_rate":"0","total":"0.00","channel_map_id":"10001","md5":"D89F3A35931C386956C1A402A8E09941","link_url":"  http:\/\/wap.newtank.cn\/wap\/act\/film1226\/index.html?adCode=1091c78e","link_click":"0","luck_push":"2"},{"id":"5","user_name":"\u53e3\u7ea2\u7248","image_url":"\/Public\/bigwheel\/images\/image009.png","offer":"0.01","weight":"1","push":"15","click":"25","click_rate":"66.67","total":"0.02","channel_map_id":"10001","md5":"D89F3A35931C386956C1A402A8E09941","link_url":"http:\/\/wap.newtank.cn\/newtank\/act\/dragonfly\/index.html?adCode=e6996949","link_click":"2","luck_push":"3"},{"id":"6","user_name":"\u6ef4\u6ef4\u7ea2\u5305","image_url":"\/Public\/bigwheel\/images\/image011.png","offer":"0.01","weight":"1","push":"15","click":"25","click_rate":"50","total":"0.01","channel_map_id":"10001","md5":"D89F3A35931C386956C1A402A8E09941","link_url":"http:\/\/wap.newtank.cn\/wap\/act\/didi\/index.html?adCode=601459d8","link_click":"1","luck_push":"2"},{"id":"7","user_name":"\u901a\u7528\u7248","image_url":"\/Public\/bigwheel\/images\/image015.png","offer":"0.01","weight":"1","push":"15","click":"25","click_rate":"25","total":"0.01","channel_map_id":"10001","md5":"D89F3A35931C386956C1A402A8E09941","link_url":"http:\/\/wap.newtank.cn\/newtank\/act\/calculate\/index.html?adCode=81ee33e8","link_click":"1","luck_push":"4"},{"id":"8","user_name":"\u53e3\u7f69","image_url":"\/Public\/bigwheel\/images\/image017.png","offer":"0.01","weight":"1","push":"15","click":"25","click_rate":"0","total":"0","channel_map_id":"10001","md5":"D89F3A35931C386956C1A402A8E09941","link_url":"http:\/\/wap.newtank.cn\/newtank\/act\/haze\/index.html?adCode=81ee33e8","link_click":"0","luck_push":"0"},{"id":"9","user_name":"\u56fd\u8d38\u7248","image_url":"\/Public\/bigwheel\/images\/image019.png","offer":"0.01","weight":"1","push":"15","click":"25","click_rate":"0","total":"0.00","channel_map_id":"10001","md5":"D89F3A35931C386956C1A402A8E09941","link_url":"http:\/\/wap.newtank.cn\/newtank\/act\/aikang\/index.html?adCode=81ee33e8","link_click":"0","luck_push":"3"},{"id":"10","user_name":"OFO\u7248","image_url":"\/Public\/bigwheel\/images\/image013.png","offer":"0.01","weight":"1","push":"15","click":"25","click_rate":"0","total":"0.00","channel_map_id":"10001","md5":"D89F3A35931C386956C1A402A8E09941","link_url":"http:\/\/wap.newtank.cn\/newtank\/act\/ofo0129\/index.html?adCode=81ee33e8","link_click":"0","luck_push":"5"}]
2018-02-20 13:43:27  act 32 channel_select_sum [{"weight1":"10","offer1":"0.09999999999999999"}]
2018-02-20 13:43:27  act 37 sumWeight=10
2018-02-20 13:43:27  act 38 sumOffer=0.09999999999999999
2018-02-20 13:43:27  act 45 sum=[{"sum":10,"id":"1"},{"sum":10,"id":"2"},{"sum":10,"id":"3"},{"sum":10,"id":"4"},{"sum":10,"id":"5"},{"sum":10,"id":"6"},{"sum":10,"id":"7"},{"sum":10,"id":"8"},{"sum":10,"id":"9"},{"sum":10,"id":"10"}]
2018-02-20 13:43:27  act 57 array=[{"start":0,"end":10,"id":"1"},{"start":10,"end":20,"id":"2"},{"start":20,"end":30,"id":"3"},{"start":30,"end":40,"id":"4"},{"start":40,"end":50,"id":"5"},{"start":50,"end":60,"id":"6"},{"start":60,"end":70,"id":"7"},{"start":70,"end":80,"id":"8"},{"start":80,"end":90,"id":"9"},{"start":90,"end":100,"id":"10"}]
2018-02-20 13:43:27  act 60 round=60
2018-02-20 13:43:27  act 63 end=60
2018-02-20 13:43:27  act 64 start=50
2018-02-20 13:43:27  act 71 id 6
2018-02-20 13:43:27  act 72 luck_record_find={"id":"6","user_name":"\u6ef4\u6ef4\u7ea2\u5305","image_url":"\/Public\/bigwheel\/images\/image011.png","offer":"0.01","weight":"1","push":"15","click":"25","click_rate":"50","total":"0.01","channel_map_id":"10001","md5":"D89F3A35931C386956C1A402A8E09941","link_url":"http:\/\/wap.newtank.cn\/wap\/act\/didi\/index.html?adCode=601459d8","link_click":"1","luck_push":"2"}
2018-02-20 13:43:27  act 74 channel_count 10
2018-02-20 13:43:27  act 76 channel_find={"link_click":"1","click":"26","luck_push":"3","offer":"0.01"}
2018-02-20 13:43:27  act 79 click_rate=33.33
2018-02-20 13:43:27  act 85 channelModel UPDATE `a_luck_record` SET `CLICK_RATE`='33.33' WHERE `ID` = 6
2018-02-20 13:43:27  act 89 total 0.01
2018-02-20 13:43:27  act 91 channelModel UPDATE `a_luck_record` SET `TOTAL`='0.01' WHERE `ID` = 6
2018-02-20 13:43:27  act 92 channel_save_total 0
2018-02-20 13:43:27  act 95 =======计算次数结束======：{"status":"200","imgurl":"\/Public\/bigwheel\/images\/image011.png","link":"http:\/\/wap.newtank.cn\/wap\/act\/didi\/index.html?adCode=601459d8","position":"6","id":"6","title":"\u6ef4\u6ef4\u7ea2\u5305"}
2018-02-20 19:03:28  act 16 =======计算次数开始======：{"CHANNEL_MAP_ID":"D89F3A35931C386956C1A402A8E09941","type":"PUSH"}
2018-02-20 19:03:29  act 101 channelModel UPDATE `a_luck_record` SET `PUSH`=PUSH+1 WHERE `MD5` = 'D89F3A35931C386956C1A402A8E09941'
2018-02-20 19:03:29  act 102 channel_count 10
